[2022-12-08T03:37:44.938+0000] {taskinstance.py:1165} INFO - 🤪 Dependencies all met for <TaskInstance: get_raw_data_from_sources.get_raw_data_from_mysql_sources manual__2022-12-08T03:19:26.347472+00:00 [queued]>
[2022-12-08T03:37:44.946+0000] {taskinstance.py:1165} INFO - 🤪 Dependencies all met for <TaskInstance: get_raw_data_from_sources.get_raw_data_from_mysql_sources manual__2022-12-08T03:19:26.347472+00:00 [queued]>
[2022-12-08T03:37:44.946+0000] {taskinstance.py:1362} INFO - 🤪 
--------------------------------------------------------------------------------
[2022-12-08T03:37:44.947+0000] {taskinstance.py:1363} INFO - 🤪 Starting attempt 4 of 4
[2022-12-08T03:37:44.948+0000] {taskinstance.py:1364} INFO - 🤪 
--------------------------------------------------------------------------------
[2022-12-08T03:37:44.962+0000] {taskinstance.py:1383} INFO - 🤪 Executing <Task(PythonOperator): get_raw_data_from_mysql_sources> on 2022-12-08 03:19:26.347472+00:00
[2022-12-08T03:37:44.965+0000] {standard_task_runner.py:55} INFO - 🤪 Started process 235 to run task
[2022-12-08T03:37:44.972+0000] {standard_task_runner.py:82} INFO - 🤪 Running: ['airflow', 'tasks', 'run', 'get_raw_data_from_sources', 'get_raw_data_from_mysql_sources', 'manual__2022-12-08T03:19:26.347472+00:00', '--job-id', '12', '--raw', '--subdir', 'DAGS_FOLDER/ingest_dwh_daily.py', '--cfg-path', '/tmp/tmpa_2ecd0l']
[2022-12-08T03:37:44.974+0000] {standard_task_runner.py:83} INFO - 🤪 Job 12: Subtask get_raw_data_from_mysql_sources
[2022-12-08T03:37:45.045+0000] {task_command.py:376} INFO - 🤪 Running <TaskInstance: get_raw_data_from_sources.get_raw_data_from_mysql_sources manual__2022-12-08T03:19:26.347472+00:00 [running]> on host a249d6482057
[2022-12-08T03:37:45.101+0000] {taskinstance.py:1590} INFO - 🤪 Exporting the following env vars:
AIRFLOW_CTX_DAG_EMAIL=gp.data@galaxy.com.vn
AIRFLOW_CTX_DAG_OWNER=data_team
AIRFLOW_CTX_DAG_ID=get_raw_data_from_sources
AIRFLOW_CTX_TASK_ID=get_raw_data_from_mysql_sources
AIRFLOW_CTX_EXECUTION_DATE=2022-12-08T03:19:26.347472+00:00
AIRFLOW_CTX_TRY_NUMBER=4
AIRFLOW_CTX_DAG_RUN_ID=manual__2022-12-08T03:19:26.347472+00:00
[2022-12-08T03:37:45.114+0000] {taskinstance.py:1851} ERROR - 🤪 Task failed with exception
Traceback (most recent call last):
  File "/opt/bitnami/python/lib/python3.8/site-packages/airflow/operators/python.py", line 175, in execute
    return_value = self.execute_callable()
  File "/opt/bitnami/python/lib/python3.8/site-packages/airflow/operators/python.py", line 193, in execute_callable
    return self.python_callable(*self.op_args, **self.op_kwargs)
  File "/airflow/dags/processing/ingest_mysql_source.py", line 16, in ingest_mysql_source
    for index, table in enumerate(MysqlStatements.list_tables):
AttributeError: type object 'MysqlStatements' has no attribute 'list_tables'
[2022-12-08T03:37:45.122+0000] {taskinstance.py:1401} INFO - 🤪 Marking task as FAILED. dag_id=get_raw_data_from_sources, task_id=get_raw_data_from_mysql_sources, execution_date=20221208T031926, start_date=20221208T033744, end_date=20221208T033745
[2022-12-08T03:37:45.134+0000] {standard_task_runner.py:100} ERROR - 🤪 Failed to execute job 12 for task get_raw_data_from_mysql_sources (type object 'MysqlStatements' has no attribute 'list_tables'; 235)
[2022-12-08T03:37:45.144+0000] {local_task_job.py:159} INFO - 🤪 Task exited with return code 1
[2022-12-08T03:37:45.157+0000] {taskinstance.py:2623} INFO - 🤪 0 downstream tasks scheduled from follow-on schedule check
