[2023-02-28T15:28:41.331+0000] {taskinstance.py:1165} INFO - 🤪 Dependencies all met for <TaskInstance: ingest_bo_voucher_report.ingest_bo_voucher_report scheduled__2023-02-27T02:00:00+00:00 [queued]>
[2023-02-28T15:28:41.351+0000] {taskinstance.py:1165} INFO - 🤪 Dependencies all met for <TaskInstance: ingest_bo_voucher_report.ingest_bo_voucher_report scheduled__2023-02-27T02:00:00+00:00 [queued]>
[2023-02-28T15:28:41.353+0000] {taskinstance.py:1362} INFO - 🤪 
--------------------------------------------------------------------------------
[2023-02-28T15:28:41.354+0000] {taskinstance.py:1363} INFO - 🤪 Starting attempt 1 of 4
[2023-02-28T15:28:41.356+0000] {taskinstance.py:1364} INFO - 🤪 
--------------------------------------------------------------------------------
[2023-02-28T15:28:41.388+0000] {taskinstance.py:1383} INFO - 🤪 Executing <Task(PythonOperator): ingest_bo_voucher_report> on 2023-02-27 02:00:00+00:00
[2023-02-28T15:28:41.396+0000] {standard_task_runner.py:55} INFO - 🤪 Started process 134 to run task
[2023-02-28T15:28:41.408+0000] {standard_task_runner.py:82} INFO - 🤪 Running: ['airflow', 'tasks', 'run', 'ingest_bo_voucher_report', 'ingest_bo_voucher_report', 'scheduled__2023-02-27T02:00:00+00:00', '--job-id', '4', '--raw', '--subdir', 'DAGS_FOLDER/ingest_bo_voucher_report.py', '--cfg-path', '/tmp/tmpod2mtlta']
[2023-02-28T15:28:41.413+0000] {standard_task_runner.py:83} INFO - 🤪 Job 4: Subtask ingest_bo_voucher_report
[2023-02-28T15:28:41.573+0000] {task_command.py:376} INFO - 🤪 Running <TaskInstance: ingest_bo_voucher_report.ingest_bo_voucher_report scheduled__2023-02-27T02:00:00+00:00 [running]> on host cb426d137a6e
[2023-02-28T15:28:41.711+0000] {taskinstance.py:1590} INFO - 🤪 Exporting the following env vars:
AIRFLOW_CTX_DAG_EMAIL=gp.data@galaxy.com.vn
AIRFLOW_CTX_DAG_OWNER=data_team
AIRFLOW_CTX_DAG_ID=ingest_bo_voucher_report
AIRFLOW_CTX_TASK_ID=ingest_bo_voucher_report
AIRFLOW_CTX_EXECUTION_DATE=2023-02-27T02:00:00+00:00
AIRFLOW_CTX_TRY_NUMBER=1
AIRFLOW_CTX_DAG_RUN_ID=scheduled__2023-02-27T02:00:00+00:00
[2023-02-28T15:28:41.730+0000] {logging_mixin.py:137} WARNING - 🤪 /opt/bitnami/python/lib/python3.8/site-packages/airflow/utils/context.py:297 AirflowContextDeprecationWarning: Accessing 'execution_date' from the template is deprecated and will be removed in a future version. Please use 'data_interval_start' or 'logical_date' instead.
[2023-02-28T15:28:41.736+0000] {logging_mixin.py:137} WARNING - 🤪 /opt/bitnami/python/lib/python3.8/site-packages/airflow/utils/context.py:297 AirflowContextDeprecationWarning: Accessing 'next_execution_date' from the template is deprecated and will be removed in a future version. Please use 'data_interval_end' instead.
[2023-02-28T15:28:41.768+0000] {logging_mixin.py:137} INFO - 🤪 execution_date: 2023-02-27
[2023-02-28T15:28:41.770+0000] {logging_mixin.py:137} INFO - 🤪 day_before: 2023-02-26
[2023-02-28T15:28:41.772+0000] {logging_mixin.py:137} INFO - 🤪 next_execution_day 2023-02-28
[2023-02-28T15:28:41.774+0000] {logging_mixin.py:137} INFO - 🤪 pathhh /airflow/dags/config/
[2023-02-28T15:28:46.428+0000] {logging_mixin.py:137} INFO - 🤪 the dataframe is inserted
[2023-02-28T15:28:46.435+0000] {python.py:177} INFO - 🤪 Done. Returned value was: None
[2023-02-28T15:28:46.470+0000] {taskinstance.py:1401} INFO - 🤪 Marking task as SUCCESS. dag_id=ingest_bo_voucher_report, task_id=ingest_bo_voucher_report, execution_date=20230227T020000, start_date=20230228T152841, end_date=20230228T152846
[2023-02-28T15:28:46.559+0000] {local_task_job.py:159} INFO - 🤪 Task exited with return code 0
[2023-02-28T15:28:46.613+0000] {taskinstance.py:2623} INFO - 🤪 0 downstream tasks scheduled from follow-on schedule check
