[2022-12-10T11:39:52.127+0000] {taskinstance.py:1165} INFO - 🤪 Dependencies all met for <TaskInstance: update_dwh_daily.check_update_psql_source manual__2022-12-10T11:33:27.962853+00:00 [queued]>
[2022-12-10T11:39:52.137+0000] {taskinstance.py:1165} INFO - 🤪 Dependencies all met for <TaskInstance: update_dwh_daily.check_update_psql_source manual__2022-12-10T11:33:27.962853+00:00 [queued]>
[2022-12-10T11:39:52.138+0000] {taskinstance.py:1362} INFO - 🤪 
--------------------------------------------------------------------------------
[2022-12-10T11:39:52.139+0000] {taskinstance.py:1363} INFO - 🤪 Starting attempt 1 of 4
[2022-12-10T11:39:52.139+0000] {taskinstance.py:1364} INFO - 🤪 
--------------------------------------------------------------------------------
[2022-12-10T11:39:52.159+0000] {taskinstance.py:1383} INFO - 🤪 Executing <Task(PythonOperator): check_update_psql_source> on 2022-12-10 11:33:27.962853+00:00
[2022-12-10T11:39:52.166+0000] {standard_task_runner.py:55} INFO - 🤪 Started process 1122 to run task
[2022-12-10T11:39:52.172+0000] {standard_task_runner.py:82} INFO - 🤪 Running: ['airflow', 'tasks', 'run', 'update_dwh_daily', 'check_update_psql_source', 'manual__2022-12-10T11:33:27.962853+00:00', '--job-id', '8', '--raw', '--subdir', 'DAGS_FOLDER/update_dwh_daily.py', '--cfg-path', '/tmp/tmpys49a5ha']
[2022-12-10T11:39:52.174+0000] {standard_task_runner.py:83} INFO - 🤪 Job 8: Subtask check_update_psql_source
[2022-12-10T11:39:52.239+0000] {task_command.py:376} INFO - 🤪 Running <TaskInstance: update_dwh_daily.check_update_psql_source manual__2022-12-10T11:33:27.962853+00:00 [running]> on host f9163ca376ce
[2022-12-10T11:39:52.309+0000] {taskinstance.py:1590} INFO - 🤪 Exporting the following env vars:
AIRFLOW_CTX_DAG_EMAIL=gp.data@galaxy.com.vn
AIRFLOW_CTX_DAG_OWNER=data_team
AIRFLOW_CTX_DAG_ID=update_dwh_daily
AIRFLOW_CTX_TASK_ID=check_update_psql_source
AIRFLOW_CTX_EXECUTION_DATE=2022-12-10T11:33:27.962853+00:00
AIRFLOW_CTX_TRY_NUMBER=1
AIRFLOW_CTX_DAG_RUN_ID=manual__2022-12-10T11:33:27.962853+00:00
[2022-12-10T11:39:52.323+0000] {logging_mixin.py:137} INFO - 🤪 Start checking for updated data from source Postgres - Table: users
[2022-12-10T11:39:52.329+0000] {logging_mixin.py:137} INFO - 🤪 Found 1 updated records
[2022-12-10T11:39:52.330+0000] {logging_mixin.py:137} INFO - 🤪 Start updating DWH data - Table: users
[2022-12-10T11:39:52.335+0000] {logging_mixin.py:137} INFO - 🤪 Finished update DWH data - Table: users
[2022-12-10T11:39:52.336+0000] {logging_mixin.py:137} INFO - 🤪 Start checking for updated data from source Postgres - Table: orders
[2022-12-10T11:39:52.341+0000] {logging_mixin.py:137} INFO - 🤪 Found 0 updated records
[2022-12-10T11:39:52.342+0000] {logging_mixin.py:137} INFO - 🤪 Start updating DWH data - Table: orders
[2022-12-10T11:39:52.343+0000] {logging_mixin.py:137} INFO - 🤪 Finished update DWH data - Table: orders
[2022-12-10T11:39:52.343+0000] {logging_mixin.py:137} INFO - 🤪 Start checking for updated data from source Postgres - Table: transactions
[2022-12-10T11:39:52.349+0000] {logging_mixin.py:137} INFO - 🤪 Found 0 updated records
[2022-12-10T11:39:52.350+0000] {logging_mixin.py:137} INFO - 🤪 Start updating DWH data - Table: transactions
[2022-12-10T11:39:52.351+0000] {logging_mixin.py:137} INFO - 🤪 Finished update DWH data - Table: transactions
[2022-12-10T11:39:52.352+0000] {logging_mixin.py:137} INFO - 🤪 Start checking for updated data from source Postgres - Table: menus
[2022-12-10T11:39:52.355+0000] {logging_mixin.py:137} INFO - 🤪 Found 0 updated records
[2022-12-10T11:39:52.356+0000] {logging_mixin.py:137} INFO - 🤪 Start updating DWH data - Table: menus
[2022-12-10T11:39:52.357+0000] {logging_mixin.py:137} INFO - 🤪 Finished update DWH data - Table: menus
[2022-12-10T11:39:52.358+0000] {python.py:177} INFO - 🤪 Done. Returned value was: None
[2022-12-10T11:39:52.365+0000] {taskinstance.py:1401} INFO - 🤪 Marking task as SUCCESS. dag_id=update_dwh_daily, task_id=check_update_psql_source, execution_date=20221210T113327, start_date=20221210T113952, end_date=20221210T113952
[2022-12-10T11:39:52.385+0000] {local_task_job.py:159} INFO - 🤪 Task exited with return code 0
[2022-12-10T11:39:52.402+0000] {taskinstance.py:2623} INFO - 🤪 0 downstream tasks scheduled from follow-on schedule check
