[2022-12-03T12:13:34.444+0000] {taskinstance.py:1165} INFO - 🤪 Dependencies all met for <TaskInstance: get_raw_data_from_sources.get_raw_data_from_postgres_sources manual__2022-12-03T12:13:30.879293+00:00 [queued]>
[2022-12-03T12:13:34.453+0000] {taskinstance.py:1165} INFO - 🤪 Dependencies all met for <TaskInstance: get_raw_data_from_sources.get_raw_data_from_postgres_sources manual__2022-12-03T12:13:30.879293+00:00 [queued]>
[2022-12-03T12:13:34.454+0000] {taskinstance.py:1362} INFO - 🤪 
--------------------------------------------------------------------------------
[2022-12-03T12:13:34.454+0000] {taskinstance.py:1363} INFO - 🤪 Starting attempt 1 of 4
[2022-12-03T12:13:34.455+0000] {taskinstance.py:1364} INFO - 🤪 
--------------------------------------------------------------------------------
[2022-12-03T12:13:34.471+0000] {taskinstance.py:1383} INFO - 🤪 Executing <Task(PythonOperator): get_raw_data_from_postgres_sources> on 2022-12-03 12:13:30.879293+00:00
[2022-12-03T12:13:34.475+0000] {standard_task_runner.py:55} INFO - 🤪 Started process 260 to run task
[2022-12-03T12:13:34.480+0000] {standard_task_runner.py:82} INFO - 🤪 Running: ['airflow', 'tasks', 'run', 'get_raw_data_from_sources', 'get_raw_data_from_postgres_sources', 'manual__2022-12-03T12:13:30.879293+00:00', '--job-id', '7', '--raw', '--subdir', 'DAGS_FOLDER/get_data_from_sources.py', '--cfg-path', '/tmp/tmpyzw37jwo']
[2022-12-03T12:13:34.482+0000] {standard_task_runner.py:83} INFO - 🤪 Job 7: Subtask get_raw_data_from_postgres_sources
[2022-12-03T12:13:34.536+0000] {task_command.py:376} INFO - 🤪 Running <TaskInstance: get_raw_data_from_sources.get_raw_data_from_postgres_sources manual__2022-12-03T12:13:30.879293+00:00 [running]> on host d5f31096a69d
[2022-12-03T12:13:34.600+0000] {taskinstance.py:1590} INFO - 🤪 Exporting the following env vars:
AIRFLOW_CTX_DAG_EMAIL=gp.data@galaxy.com.vn
AIRFLOW_CTX_DAG_OWNER=data_team
AIRFLOW_CTX_DAG_ID=get_raw_data_from_sources
AIRFLOW_CTX_TASK_ID=get_raw_data_from_postgres_sources
AIRFLOW_CTX_EXECUTION_DATE=2022-12-03T12:13:30.879293+00:00
AIRFLOW_CTX_TRY_NUMBER=1
AIRFLOW_CTX_DAG_RUN_ID=manual__2022-12-03T12:13:30.879293+00:00
[2022-12-03T12:13:34.604+0000] {logging_mixin.py:137} INFO - 🤪 Connecting to the PostgreSQL database...
[2022-12-03T12:13:34.623+0000] {logging_mixin.py:137} INFO - 🤪 Database connection closed.
[2022-12-03T12:13:34.658+0000] {logging_mixin.py:137} INFO - 🤪 the dataframe is inserted
[2022-12-03T12:13:34.661+0000] {python.py:177} INFO - 🤪 Done. Returned value was: None
[2022-12-03T12:13:34.677+0000] {taskinstance.py:1401} INFO - 🤪 Marking task as SUCCESS. dag_id=get_raw_data_from_sources, task_id=get_raw_data_from_postgres_sources, execution_date=20221203T121330, start_date=20221203T121334, end_date=20221203T121334
[2022-12-03T12:13:34.734+0000] {local_task_job.py:159} INFO - 🤪 Task exited with return code 0
[2022-12-03T12:13:34.755+0000] {taskinstance.py:2623} INFO - 🤪 0 downstream tasks scheduled from follow-on schedule check
