[2023-02-28T02:56:19.189+0000] {taskinstance.py:1165} INFO - 🤪 Dependencies all met for <TaskInstance: ingest_bo_voucher_report.ingest_bo_voucher_report manual__2023-02-28T02:54:12.510580+00:00 [queued]>
[2023-02-28T02:56:19.198+0000] {taskinstance.py:1165} INFO - 🤪 Dependencies all met for <TaskInstance: ingest_bo_voucher_report.ingest_bo_voucher_report manual__2023-02-28T02:54:12.510580+00:00 [queued]>
[2023-02-28T02:56:19.199+0000] {taskinstance.py:1362} INFO - 🤪 
--------------------------------------------------------------------------------
[2023-02-28T02:56:19.200+0000] {taskinstance.py:1363} INFO - 🤪 Starting attempt 1 of 4
[2023-02-28T02:56:19.200+0000] {taskinstance.py:1364} INFO - 🤪 
--------------------------------------------------------------------------------
[2023-02-28T02:56:19.216+0000] {taskinstance.py:1383} INFO - 🤪 Executing <Task(PythonOperator): ingest_bo_voucher_report> on 2023-02-28 02:54:12.510580+00:00
[2023-02-28T02:56:19.220+0000] {standard_task_runner.py:55} INFO - 🤪 Started process 536 to run task
[2023-02-28T02:56:19.225+0000] {standard_task_runner.py:82} INFO - 🤪 Running: ['airflow', 'tasks', 'run', 'ingest_bo_voucher_report', 'ingest_bo_voucher_report', 'manual__2023-02-28T02:54:12.510580+00:00', '--job-id', '4', '--raw', '--subdir', 'DAGS_FOLDER/ingest_bo_voucher_report.py', '--cfg-path', '/tmp/tmpm7st6hzh']
[2023-02-28T02:56:19.230+0000] {standard_task_runner.py:83} INFO - 🤪 Job 4: Subtask ingest_bo_voucher_report
[2023-02-28T02:56:19.290+0000] {task_command.py:376} INFO - 🤪 Running <TaskInstance: ingest_bo_voucher_report.ingest_bo_voucher_report manual__2023-02-28T02:54:12.510580+00:00 [running]> on host 4be6b16c5ee0
[2023-02-28T02:56:19.352+0000] {taskinstance.py:1590} INFO - 🤪 Exporting the following env vars:
AIRFLOW_CTX_DAG_EMAIL=gp.data@galaxy.com.vn
AIRFLOW_CTX_DAG_OWNER=data_team
AIRFLOW_CTX_DAG_ID=ingest_bo_voucher_report
AIRFLOW_CTX_TASK_ID=ingest_bo_voucher_report
AIRFLOW_CTX_EXECUTION_DATE=2023-02-28T02:54:12.510580+00:00
AIRFLOW_CTX_TRY_NUMBER=1
AIRFLOW_CTX_DAG_RUN_ID=manual__2023-02-28T02:54:12.510580+00:00
[2023-02-28T02:56:19.361+0000] {logging_mixin.py:137} WARNING - 🤪 /opt/bitnami/python/lib/python3.8/site-packages/airflow/utils/context.py:297 AirflowContextDeprecationWarning: Accessing 'execution_date' from the template is deprecated and will be removed in a future version. Please use 'data_interval_start' or 'logical_date' instead.
[2023-02-28T02:56:19.376+0000] {logging_mixin.py:137} INFO - 🤪 pathhh /airflow/dags/config/
[2023-02-28T02:56:23.663+0000] {logging_mixin.py:137} INFO - 🤪 Error: invalid input syntax for type integer: "2023CHÚ01"
LINE 1: ...1','20231231','202312','total_sold','daily',0,0),('2023CHÚ01...
                                                             ^
[2023-02-28T02:56:23.665+0000] {python.py:177} INFO - 🤪 Done. Returned value was: None
[2023-02-28T02:56:23.674+0000] {taskinstance.py:1401} INFO - 🤪 Marking task as SUCCESS. dag_id=ingest_bo_voucher_report, task_id=ingest_bo_voucher_report, execution_date=20230228T025412, start_date=20230228T025619, end_date=20230228T025623
[2023-02-28T02:56:23.700+0000] {local_task_job.py:159} INFO - 🤪 Task exited with return code 0
[2023-02-28T02:56:23.721+0000] {taskinstance.py:2623} INFO - 🤪 0 downstream tasks scheduled from follow-on schedule check
