[2022-12-05T09:06:26.200+0000] {taskinstance.py:1165} INFO - 🤪 Dependencies all met for <TaskInstance: get_raw_data_from_sources.get_raw_data_from_mysql_sources manual__2022-12-05T09:06:20.006250+00:00 [queued]>
[2022-12-05T09:06:26.207+0000] {taskinstance.py:1165} INFO - 🤪 Dependencies all met for <TaskInstance: get_raw_data_from_sources.get_raw_data_from_mysql_sources manual__2022-12-05T09:06:20.006250+00:00 [queued]>
[2022-12-05T09:06:26.208+0000] {taskinstance.py:1362} INFO - 🤪 
--------------------------------------------------------------------------------
[2022-12-05T09:06:26.209+0000] {taskinstance.py:1363} INFO - 🤪 Starting attempt 1 of 4
[2022-12-05T09:06:26.210+0000] {taskinstance.py:1364} INFO - 🤪 
--------------------------------------------------------------------------------
[2022-12-05T09:06:26.224+0000] {taskinstance.py:1383} INFO - 🤪 Executing <Task(PythonOperator): get_raw_data_from_mysql_sources> on 2022-12-05 09:06:20.006250+00:00
[2022-12-05T09:06:26.228+0000] {standard_task_runner.py:55} INFO - 🤪 Started process 1273 to run task
[2022-12-05T09:06:26.232+0000] {standard_task_runner.py:82} INFO - 🤪 Running: ['airflow', 'tasks', 'run', 'get_raw_data_from_sources', 'get_raw_data_from_mysql_sources', 'manual__2022-12-05T09:06:20.006250+00:00', '--job-id', '38', '--raw', '--subdir', 'DAGS_FOLDER/ingest_dwh_daily.py', '--cfg-path', '/tmp/tmpv_o32qkk']
[2022-12-05T09:06:26.234+0000] {standard_task_runner.py:83} INFO - 🤪 Job 38: Subtask get_raw_data_from_mysql_sources
[2022-12-05T09:06:26.282+0000] {task_command.py:376} INFO - 🤪 Running <TaskInstance: get_raw_data_from_sources.get_raw_data_from_mysql_sources manual__2022-12-05T09:06:20.006250+00:00 [running]> on host 2387a8df1781
[2022-12-05T09:06:26.334+0000] {taskinstance.py:1590} INFO - 🤪 Exporting the following env vars:
AIRFLOW_CTX_DAG_EMAIL=gp.data@galaxy.com.vn
AIRFLOW_CTX_DAG_OWNER=data_team
AIRFLOW_CTX_DAG_ID=get_raw_data_from_sources
AIRFLOW_CTX_TASK_ID=get_raw_data_from_mysql_sources
AIRFLOW_CTX_EXECUTION_DATE=2022-12-05T09:06:20.006250+00:00
AIRFLOW_CTX_TRY_NUMBER=1
AIRFLOW_CTX_DAG_RUN_ID=manual__2022-12-05T09:06:20.006250+00:00
[2022-12-05T09:06:26.344+0000] {logging_mixin.py:137} INFO - 🤪 Start getting data from source - Table: users
[2022-12-05T09:06:26.349+0000] {logging_mixin.py:137} INFO - 🤪 Found 100 records need to be inserted
[2022-12-05T09:06:26.353+0000] {logging_mixin.py:137} INFO - 🤪 Start ingesting data from source to DW - Table: users
[2022-12-05T09:06:26.361+0000] {logging_mixin.py:137} INFO - 🤪 the dataframe is inserted
[2022-12-05T09:06:26.362+0000] {logging_mixin.py:137} INFO - 🤪 Finished ingesting data from source to DW - Table: users
[2022-12-05T09:06:26.363+0000] {python.py:177} INFO - 🤪 Done. Returned value was: None
[2022-12-05T09:06:26.370+0000] {taskinstance.py:1401} INFO - 🤪 Marking task as SUCCESS. dag_id=get_raw_data_from_sources, task_id=get_raw_data_from_mysql_sources, execution_date=20221205T090620, start_date=20221205T090626, end_date=20221205T090626
[2022-12-05T09:06:26.405+0000] {local_task_job.py:159} INFO - 🤪 Task exited with return code 0
[2022-12-05T09:06:26.421+0000] {taskinstance.py:2623} INFO - 🤪 0 downstream tasks scheduled from follow-on schedule check
