[2022-12-03T12:08:20.619+0000] {taskinstance.py:1165} INFO - 🤪 Dependencies all met for <TaskInstance: get_raw_data_from_sources.get_raw_data_from_mysql_sources manual__2022-12-03T12:05:06.062655+00:00 [queued]>
[2022-12-03T12:08:20.634+0000] {taskinstance.py:1165} INFO - 🤪 Dependencies all met for <TaskInstance: get_raw_data_from_sources.get_raw_data_from_mysql_sources manual__2022-12-03T12:05:06.062655+00:00 [queued]>
[2022-12-03T12:08:20.635+0000] {taskinstance.py:1362} INFO - 🤪 
--------------------------------------------------------------------------------
[2022-12-03T12:08:20.636+0000] {taskinstance.py:1363} INFO - 🤪 Starting attempt 1 of 4
[2022-12-03T12:08:20.637+0000] {taskinstance.py:1364} INFO - 🤪 
--------------------------------------------------------------------------------
[2022-12-03T12:08:20.658+0000] {taskinstance.py:1383} INFO - 🤪 Executing <Task(PythonOperator): get_raw_data_from_mysql_sources> on 2022-12-03 12:05:06.062655+00:00
[2022-12-03T12:08:20.664+0000] {standard_task_runner.py:55} INFO - 🤪 Started process 232 to run task
[2022-12-03T12:08:20.669+0000] {standard_task_runner.py:82} INFO - 🤪 Running: ['airflow', 'tasks', 'run', 'get_raw_data_from_sources', 'get_raw_data_from_mysql_sources', 'manual__2022-12-03T12:05:06.062655+00:00', '--job-id', '6', '--raw', '--subdir', 'DAGS_FOLDER/get_data_from_sources.py', '--cfg-path', '/tmp/tmpggfr8zx8']
[2022-12-03T12:08:20.671+0000] {standard_task_runner.py:83} INFO - 🤪 Job 6: Subtask get_raw_data_from_mysql_sources
[2022-12-03T12:08:20.741+0000] {task_command.py:376} INFO - 🤪 Running <TaskInstance: get_raw_data_from_sources.get_raw_data_from_mysql_sources manual__2022-12-03T12:05:06.062655+00:00 [running]> on host d5f31096a69d
[2022-12-03T12:08:20.832+0000] {taskinstance.py:1590} INFO - 🤪 Exporting the following env vars:
AIRFLOW_CTX_DAG_EMAIL=gp.data@galaxy.com.vn
AIRFLOW_CTX_DAG_OWNER=data_team
AIRFLOW_CTX_DAG_ID=get_raw_data_from_sources
AIRFLOW_CTX_TASK_ID=get_raw_data_from_mysql_sources
AIRFLOW_CTX_EXECUTION_DATE=2022-12-03T12:05:06.062655+00:00
AIRFLOW_CTX_TRY_NUMBER=1
AIRFLOW_CTX_DAG_RUN_ID=manual__2022-12-03T12:05:06.062655+00:00
[2022-12-03T12:08:20.835+0000] {logging_mixin.py:137} INFO - 🤪 Connecting to the MySQL database...
[2022-12-03T12:08:20.849+0000] {logging_mixin.py:137} INFO - 🤪 Database connection closed.
[2022-12-03T12:08:20.856+0000] {logging_mixin.py:137} INFO - 🤪 the dataframe is inserted
[2022-12-03T12:08:20.858+0000] {python.py:177} INFO - 🤪 Done. Returned value was: None
[2022-12-03T12:08:20.867+0000] {taskinstance.py:1401} INFO - 🤪 Marking task as SUCCESS. dag_id=get_raw_data_from_sources, task_id=get_raw_data_from_mysql_sources, execution_date=20221203T120506, start_date=20221203T120820, end_date=20221203T120820
[2022-12-03T12:08:20.922+0000] {local_task_job.py:159} INFO - 🤪 Task exited with return code 0
[2022-12-03T12:08:20.941+0000] {taskinstance.py:2623} INFO - 🤪 0 downstream tasks scheduled from follow-on schedule check
