[2022-12-05T07:24:26.146+0000] {taskinstance.py:1165} INFO - 🤪 Dependencies all met for <TaskInstance: get_raw_data_from_sources.get_raw_data_from_postgres_sources scheduled__2022-12-03T19:00:00+00:00 [queued]>
[2022-12-05T07:24:26.156+0000] {taskinstance.py:1165} INFO - 🤪 Dependencies all met for <TaskInstance: get_raw_data_from_sources.get_raw_data_from_postgres_sources scheduled__2022-12-03T19:00:00+00:00 [queued]>
[2022-12-05T07:24:26.157+0000] {taskinstance.py:1362} INFO - 🤪 
--------------------------------------------------------------------------------
[2022-12-05T07:24:26.157+0000] {taskinstance.py:1363} INFO - 🤪 Starting attempt 1 of 4
[2022-12-05T07:24:26.158+0000] {taskinstance.py:1364} INFO - 🤪 
--------------------------------------------------------------------------------
[2022-12-05T07:24:26.175+0000] {taskinstance.py:1383} INFO - 🤪 Executing <Task(PythonOperator): get_raw_data_from_postgres_sources> on 2022-12-03 19:00:00+00:00
[2022-12-05T07:24:26.180+0000] {standard_task_runner.py:55} INFO - 🤪 Started process 665 to run task
[2022-12-05T07:24:26.184+0000] {standard_task_runner.py:82} INFO - 🤪 Running: ['airflow', 'tasks', 'run', 'get_raw_data_from_sources', 'get_raw_data_from_postgres_sources', 'scheduled__2022-12-03T19:00:00+00:00', '--job-id', '3', '--raw', '--subdir', 'DAGS_FOLDER/ingest_dwh_daily.py', '--cfg-path', '/tmp/tmpferkrfz9']
[2022-12-05T07:24:26.186+0000] {standard_task_runner.py:83} INFO - 🤪 Job 3: Subtask get_raw_data_from_postgres_sources
[2022-12-05T07:24:26.249+0000] {task_command.py:376} INFO - 🤪 Running <TaskInstance: get_raw_data_from_sources.get_raw_data_from_postgres_sources scheduled__2022-12-03T19:00:00+00:00 [running]> on host 2387a8df1781
[2022-12-05T07:24:26.311+0000] {taskinstance.py:1590} INFO - 🤪 Exporting the following env vars:
AIRFLOW_CTX_DAG_EMAIL=gp.data@galaxy.com.vn
AIRFLOW_CTX_DAG_OWNER=data_team
AIRFLOW_CTX_DAG_ID=get_raw_data_from_sources
AIRFLOW_CTX_TASK_ID=get_raw_data_from_postgres_sources
AIRFLOW_CTX_EXECUTION_DATE=2022-12-03T19:00:00+00:00
AIRFLOW_CTX_TRY_NUMBER=1
AIRFLOW_CTX_DAG_RUN_ID=scheduled__2022-12-03T19:00:00+00:00
[2022-12-05T07:24:26.324+0000] {logging_mixin.py:137} INFO - 🤪 Start getting data from source - Table: users
[2022-12-05T07:24:26.330+0000] {logging_mixin.py:137} INFO - 🤪 Start ingesting data from source to DW - Table: users
[2022-12-05T07:24:26.332+0000] {taskinstance.py:1851} ERROR - 🤪 Task failed with exception
Traceback (most recent call last):
  File "/opt/bitnami/python/lib/python3.8/site-packages/airflow/operators/python.py", line 175, in execute
    return_value = self.execute_callable()
  File "/opt/bitnami/python/lib/python3.8/site-packages/airflow/operators/python.py", line 193, in execute_callable
    return self.python_callable(*self.op_args, **self.op_kwargs)
  File "/airflow/dags/processing/ingest_psql_source.py", line 26, in ingest_psql_source
    postgres_handler.action_db('insert', df, table)
  File "/airflow/dags/db_handler/postgres_handler.py", line 86, in action_db
    if action == 'select':
  File "/opt/bitnami/python/lib/python3.8/site-packages/pandas/core/generic.py", line 1527, in __nonzero__
    raise ValueError(
ValueError: The truth value of a DataFrame is ambiguous. Use a.empty, a.bool(), a.item(), a.any() or a.all().
[2022-12-05T07:24:26.346+0000] {taskinstance.py:1401} INFO - 🤪 Marking task as UP_FOR_RETRY. dag_id=get_raw_data_from_sources, task_id=get_raw_data_from_postgres_sources, execution_date=20221203T190000, start_date=20221205T072426, end_date=20221205T072426
[2022-12-05T07:24:26.357+0000] {standard_task_runner.py:100} ERROR - 🤪 Failed to execute job 3 for task get_raw_data_from_postgres_sources (The truth value of a DataFrame is ambiguous. Use a.empty, a.bool(), a.item(), a.any() or a.all().; 665)
[2022-12-05T07:24:26.398+0000] {local_task_job.py:159} INFO - 🤪 Task exited with return code 1
[2022-12-05T07:24:26.413+0000] {taskinstance.py:2623} INFO - 🤪 0 downstream tasks scheduled from follow-on schedule check
[2022-12-05T09:25:33.433+0000] {taskinstance.py:1165} INFO - 🤪 Dependencies all met for <TaskInstance: get_raw_data_from_sources.get_raw_data_from_postgres_sources scheduled__2022-12-03T19:00:00+00:00 [queued]>
[2022-12-05T09:25:33.444+0000] {taskinstance.py:1165} INFO - 🤪 Dependencies all met for <TaskInstance: get_raw_data_from_sources.get_raw_data_from_postgres_sources scheduled__2022-12-03T19:00:00+00:00 [queued]>
[2022-12-05T09:25:33.446+0000] {taskinstance.py:1362} INFO - 🤪 
--------------------------------------------------------------------------------
[2022-12-05T09:25:33.447+0000] {taskinstance.py:1363} INFO - 🤪 Starting attempt 1 of 4
[2022-12-05T09:25:33.448+0000] {taskinstance.py:1364} INFO - 🤪 
--------------------------------------------------------------------------------
[2022-12-05T09:25:33.462+0000] {taskinstance.py:1383} INFO - 🤪 Executing <Task(PythonOperator): get_raw_data_from_postgres_sources> on 2022-12-03 19:00:00+00:00
[2022-12-05T09:25:33.467+0000] {standard_task_runner.py:55} INFO - 🤪 Started process 95 to run task
[2022-12-05T09:25:33.476+0000] {standard_task_runner.py:82} INFO - 🤪 Running: ['airflow', 'tasks', 'run', 'get_raw_data_from_sources', 'get_raw_data_from_postgres_sources', 'scheduled__2022-12-03T19:00:00+00:00', '--job-id', '2', '--raw', '--subdir', 'DAGS_FOLDER/ingest_dwh_daily.py', '--cfg-path', '/tmp/tmp8cg4vjfv']
[2022-12-05T09:25:33.478+0000] {standard_task_runner.py:83} INFO - 🤪 Job 2: Subtask get_raw_data_from_postgres_sources
[2022-12-05T09:25:33.554+0000] {task_command.py:376} INFO - 🤪 Running <TaskInstance: get_raw_data_from_sources.get_raw_data_from_postgres_sources scheduled__2022-12-03T19:00:00+00:00 [running]> on host 97416e2a1062
[2022-12-05T09:25:33.620+0000] {taskinstance.py:1590} INFO - 🤪 Exporting the following env vars:
AIRFLOW_CTX_DAG_EMAIL=gp.data@galaxy.com.vn
AIRFLOW_CTX_DAG_OWNER=data_team
AIRFLOW_CTX_DAG_ID=get_raw_data_from_sources
AIRFLOW_CTX_TASK_ID=get_raw_data_from_postgres_sources
AIRFLOW_CTX_EXECUTION_DATE=2022-12-03T19:00:00+00:00
AIRFLOW_CTX_TRY_NUMBER=1
AIRFLOW_CTX_DAG_RUN_ID=scheduled__2022-12-03T19:00:00+00:00
[2022-12-05T09:25:33.633+0000] {logging_mixin.py:137} INFO - 🤪 Start getting data from source Postgres - Table: users
[2022-12-05T09:25:33.636+0000] {logging_mixin.py:137} INFO - 🤪 Found 0 records need to be inserted
[2022-12-05T09:25:33.643+0000] {logging_mixin.py:137} INFO - 🤪 Start ingesting data from source Postgres to DW - Table: users
[2022-12-05T09:25:33.647+0000] {logging_mixin.py:137} INFO - 🤪 the dataframe is inserted
[2022-12-05T09:25:33.648+0000] {logging_mixin.py:137} INFO - 🤪 Finished ingesting data from source to DW - Table: users
[2022-12-05T09:25:33.650+0000] {python.py:177} INFO - 🤪 Done. Returned value was: None
[2022-12-05T09:25:33.658+0000] {taskinstance.py:1401} INFO - 🤪 Marking task as SUCCESS. dag_id=get_raw_data_from_sources, task_id=get_raw_data_from_postgres_sources, execution_date=20221203T190000, start_date=20221205T092533, end_date=20221205T092533
[2022-12-05T09:25:33.687+0000] {local_task_job.py:159} INFO - 🤪 Task exited with return code 0
[2022-12-05T09:25:33.707+0000] {taskinstance.py:2623} INFO - 🤪 0 downstream tasks scheduled from follow-on schedule check
