[2022-11-30T04:26:49.247+0000] {taskinstance.py:1165} INFO - 🤪 Dependencies all met for <TaskInstance: get_raw_data_from_sources.get_raw_data_from_mysql_sources manual__2022-11-30T04:20:42.887840+00:00 [queued]>
[2022-11-30T04:26:49.255+0000] {taskinstance.py:1165} INFO - 🤪 Dependencies all met for <TaskInstance: get_raw_data_from_sources.get_raw_data_from_mysql_sources manual__2022-11-30T04:20:42.887840+00:00 [queued]>
[2022-11-30T04:26:49.256+0000] {taskinstance.py:1362} INFO - 🤪 
--------------------------------------------------------------------------------
[2022-11-30T04:26:49.257+0000] {taskinstance.py:1363} INFO - 🤪 Starting attempt 3 of 4
[2022-11-30T04:26:49.257+0000] {taskinstance.py:1364} INFO - 🤪 
--------------------------------------------------------------------------------
[2022-11-30T04:26:49.270+0000] {taskinstance.py:1383} INFO - 🤪 Executing <Task(PythonOperator): get_raw_data_from_mysql_sources> on 2022-11-30 04:20:42.887840+00:00
[2022-11-30T04:26:49.273+0000] {standard_task_runner.py:55} INFO - 🤪 Started process 387 to run task
[2022-11-30T04:26:49.277+0000] {standard_task_runner.py:82} INFO - 🤪 Running: ['airflow', 'tasks', 'run', 'get_raw_data_from_sources', 'get_raw_data_from_mysql_sources', 'manual__2022-11-30T04:20:42.887840+00:00', '--job-id', '30', '--raw', '--subdir', 'DAGS_FOLDER/get_data_from_sources.py', '--cfg-path', '/tmp/tmp143ol59j']
[2022-11-30T04:26:49.278+0000] {standard_task_runner.py:83} INFO - 🤪 Job 30: Subtask get_raw_data_from_mysql_sources
[2022-11-30T04:26:49.322+0000] {task_command.py:376} INFO - 🤪 Running <TaskInstance: get_raw_data_from_sources.get_raw_data_from_mysql_sources manual__2022-11-30T04:20:42.887840+00:00 [running]> on host 298e6b8d1257
[2022-11-30T04:26:49.368+0000] {taskinstance.py:1590} INFO - 🤪 Exporting the following env vars:
AIRFLOW_CTX_DAG_EMAIL=gp.data@galaxy.com.vn
AIRFLOW_CTX_DAG_OWNER=data_team
AIRFLOW_CTX_DAG_ID=get_raw_data_from_sources
AIRFLOW_CTX_TASK_ID=get_raw_data_from_mysql_sources
AIRFLOW_CTX_EXECUTION_DATE=2022-11-30T04:20:42.887840+00:00
AIRFLOW_CTX_TRY_NUMBER=3
AIRFLOW_CTX_DAG_RUN_ID=manual__2022-11-30T04:20:42.887840+00:00
[2022-11-30T04:26:49.371+0000] {taskinstance.py:1851} ERROR - 🤪 Task failed with exception
Traceback (most recent call last):
  File "/opt/bitnami/python/lib/python3.8/site-packages/pymysql/connections.py", line 613, in connect
    sock = socket.create_connection(
  File "/opt/bitnami/python/lib/python3.8/socket.py", line 808, in create_connection
    raise err
  File "/opt/bitnami/python/lib/python3.8/socket.py", line 796, in create_connection
    sock.connect(sa)
OSError: [Errno 99] Cannot assign requested address

During handling of the above exception, another exception occurred:

Traceback (most recent call last):
  File "/opt/bitnami/python/lib/python3.8/site-packages/airflow/operators/python.py", line 175, in execute
    return_value = self.execute_callable()
  File "/opt/bitnami/python/lib/python3.8/site-packages/airflow/operators/python.py", line 193, in execute_callable
    return self.python_callable(*self.op_args, **self.op_kwargs)
  File "/airflow/dags/controller/get_raw_data_from_mysql_source.py", line 8, in get_raw_data_from_mysql_source
    conn = pymysql.connect(host='localhost',
  File "/opt/bitnami/python/lib/python3.8/site-packages/pymysql/connections.py", line 353, in __init__
    self.connect()
  File "/opt/bitnami/python/lib/python3.8/site-packages/pymysql/connections.py", line 664, in connect
    raise exc
pymysql.err.OperationalError: (2003, "Can't connect to MySQL server on 'localhost' ([Errno 99] Cannot assign requested address)")
[2022-11-30T04:26:49.376+0000] {taskinstance.py:1401} INFO - 🤪 Marking task as UP_FOR_RETRY. dag_id=get_raw_data_from_sources, task_id=get_raw_data_from_mysql_sources, execution_date=20221130T042042, start_date=20221130T042649, end_date=20221130T042649
[2022-11-30T04:26:49.386+0000] {standard_task_runner.py:100} ERROR - 🤪 Failed to execute job 30 for task get_raw_data_from_mysql_sources ((2003, "Can't connect to MySQL server on 'localhost' ([Errno 99] Cannot assign requested address)"); 387)
[2022-11-30T04:26:49.409+0000] {local_task_job.py:159} INFO - 🤪 Task exited with return code 1
[2022-11-30T04:26:49.421+0000] {taskinstance.py:2623} INFO - 🤪 0 downstream tasks scheduled from follow-on schedule check
