[2023-02-25T19:00:03.994+0000] {taskinstance.py:1165} INFO - 🤪 Dependencies all met for <TaskInstance: ingest_bo_voucher_report.ingest_bo_voucher_report scheduled__2023-02-24T19:00:00+00:00 [queued]>
[2023-02-25T19:00:04.004+0000] {taskinstance.py:1165} INFO - 🤪 Dependencies all met for <TaskInstance: ingest_bo_voucher_report.ingest_bo_voucher_report scheduled__2023-02-24T19:00:00+00:00 [queued]>
[2023-02-25T19:00:04.005+0000] {taskinstance.py:1362} INFO - 🤪 
--------------------------------------------------------------------------------
[2023-02-25T19:00:04.006+0000] {taskinstance.py:1363} INFO - 🤪 Starting attempt 1 of 4
[2023-02-25T19:00:04.007+0000] {taskinstance.py:1364} INFO - 🤪 
--------------------------------------------------------------------------------
[2023-02-25T19:00:04.022+0000] {taskinstance.py:1383} INFO - 🤪 Executing <Task(PythonOperator): ingest_bo_voucher_report> on 2023-02-24 19:00:00+00:00
[2023-02-25T19:00:04.027+0000] {standard_task_runner.py:55} INFO - 🤪 Started process 1671 to run task
[2023-02-25T19:00:04.031+0000] {standard_task_runner.py:82} INFO - 🤪 Running: ['airflow', 'tasks', 'run', 'ingest_bo_voucher_report', 'ingest_bo_voucher_report', 'scheduled__2023-02-24T19:00:00+00:00', '--job-id', '10', '--raw', '--subdir', 'DAGS_FOLDER/ingest_bo_voucher_report.py', '--cfg-path', '/tmp/tmplkpf93oh']
[2023-02-25T19:00:04.033+0000] {standard_task_runner.py:83} INFO - 🤪 Job 10: Subtask ingest_bo_voucher_report
[2023-02-25T19:00:04.082+0000] {task_command.py:376} INFO - 🤪 Running <TaskInstance: ingest_bo_voucher_report.ingest_bo_voucher_report scheduled__2023-02-24T19:00:00+00:00 [running]> on host 6854c1cbd5eb
[2023-02-25T19:00:04.135+0000] {taskinstance.py:1590} INFO - 🤪 Exporting the following env vars:
AIRFLOW_CTX_DAG_EMAIL=gp.data@galaxy.com.vn
AIRFLOW_CTX_DAG_OWNER=data_team
AIRFLOW_CTX_DAG_ID=ingest_bo_voucher_report
AIRFLOW_CTX_TASK_ID=ingest_bo_voucher_report
AIRFLOW_CTX_EXECUTION_DATE=2023-02-24T19:00:00+00:00
AIRFLOW_CTX_TRY_NUMBER=1
AIRFLOW_CTX_DAG_RUN_ID=scheduled__2023-02-24T19:00:00+00:00
[2023-02-25T19:00:04.147+0000] {logging_mixin.py:137} INFO - 🤪 pathhh /airflow/dags/config/
[2023-02-25T19:00:09.168+0000] {logging_mixin.py:137} INFO - 🤪 Error: invalid input syntax for type integer: "2.420"
LINE 1: ...0230122','20230122','202301','total_sold','daily','2.420',0)...
                                                             ^
[2023-02-25T19:00:09.170+0000] {python.py:177} INFO - 🤪 Done. Returned value was: None
[2023-02-25T19:00:09.176+0000] {taskinstance.py:1401} INFO - 🤪 Marking task as SUCCESS. dag_id=ingest_bo_voucher_report, task_id=ingest_bo_voucher_report, execution_date=20230224T190000, start_date=20230225T190003, end_date=20230225T190009
[2023-02-25T19:00:09.231+0000] {local_task_job.py:159} INFO - 🤪 Task exited with return code 0
[2023-02-25T19:00:09.247+0000] {taskinstance.py:2623} INFO - 🤪 0 downstream tasks scheduled from follow-on schedule check
