[2022-12-10T14:03:40.356+0000] {taskinstance.py:1165} INFO - 🤪 Dependencies all met for <TaskInstance: update_dwh_daily.check_update_psql_source scheduled__2022-12-08T19:30:00+00:00 [queued]>
[2022-12-10T14:03:40.364+0000] {taskinstance.py:1165} INFO - 🤪 Dependencies all met for <TaskInstance: update_dwh_daily.check_update_psql_source scheduled__2022-12-08T19:30:00+00:00 [queued]>
[2022-12-10T14:03:40.365+0000] {taskinstance.py:1362} INFO - 🤪 
--------------------------------------------------------------------------------
[2022-12-10T14:03:40.365+0000] {taskinstance.py:1363} INFO - 🤪 Starting attempt 7 of 10
[2022-12-10T14:03:40.366+0000] {taskinstance.py:1364} INFO - 🤪 
--------------------------------------------------------------------------------
[2022-12-10T14:03:40.380+0000] {taskinstance.py:1383} INFO - 🤪 Executing <Task(PythonOperator): check_update_psql_source> on 2022-12-08 19:30:00+00:00
[2022-12-10T14:03:40.384+0000] {standard_task_runner.py:55} INFO - 🤪 Started process 480 to run task
[2022-12-10T14:03:40.388+0000] {standard_task_runner.py:82} INFO - 🤪 Running: ['airflow', 'tasks', 'run', 'update_dwh_daily', 'check_update_psql_source', 'scheduled__2022-12-08T19:30:00+00:00', '--job-id', '15', '--raw', '--subdir', 'DAGS_FOLDER/update_dwh_daily.py', '--cfg-path', '/tmp/tmpa0gkuw8c']
[2022-12-10T14:03:40.390+0000] {standard_task_runner.py:83} INFO - 🤪 Job 15: Subtask check_update_psql_source
[2022-12-10T14:03:40.444+0000] {task_command.py:376} INFO - 🤪 Running <TaskInstance: update_dwh_daily.check_update_psql_source scheduled__2022-12-08T19:30:00+00:00 [running]> on host 06f648095881
[2022-12-10T14:03:40.497+0000] {taskinstance.py:1590} INFO - 🤪 Exporting the following env vars:
AIRFLOW_CTX_DAG_EMAIL=gp.data@galaxy.com.vn
AIRFLOW_CTX_DAG_OWNER=data_team
AIRFLOW_CTX_DAG_ID=update_dwh_daily
AIRFLOW_CTX_TASK_ID=check_update_psql_source
AIRFLOW_CTX_EXECUTION_DATE=2022-12-08T19:30:00+00:00
AIRFLOW_CTX_TRY_NUMBER=7
AIRFLOW_CTX_DAG_RUN_ID=scheduled__2022-12-08T19:30:00+00:00
[2022-12-10T14:03:40.509+0000] {logging_mixin.py:137} INFO - 🤪 Start checking for updated data from source Postgres - Table: users
[2022-12-10T14:03:40.515+0000] {logging_mixin.py:137} INFO - 🤪 Found 1 updated records
[2022-12-10T14:03:40.516+0000] {logging_mixin.py:137} INFO - 🤪 Start updating DWH data - Table: users
[2022-12-10T14:03:40.525+0000] {taskinstance.py:1851} ERROR - 🤪 Task failed with exception
Traceback (most recent call last):
  File "/opt/bitnami/python/lib/python3.8/site-packages/airflow/operators/python.py", line 175, in execute
    return_value = self.execute_callable()
  File "/opt/bitnami/python/lib/python3.8/site-packages/airflow/operators/python.py", line 193, in execute_callable
    return self.python_callable(*self.op_args, **self.op_kwargs)
  File "/airflow/dags/processing/check_update_psql_source.py", line 59, in check_update_psql_source
    update_dwh_data(postgres_handler=postgres_handler, data=data, table=table['table'])
  File "/airflow/dags/processing/check_update_psql_source.py", line 34, in update_dwh_data
    cur.commit()
AttributeError: 'psycopg2.extensions.cursor' object has no attribute 'commit'
[2022-12-10T14:03:40.532+0000] {taskinstance.py:1401} INFO - 🤪 Marking task as UP_FOR_RETRY. dag_id=update_dwh_daily, task_id=check_update_psql_source, execution_date=20221208T193000, start_date=20221210T140340, end_date=20221210T140340
[2022-12-10T14:03:40.542+0000] {standard_task_runner.py:100} ERROR - 🤪 Failed to execute job 15 for task check_update_psql_source ('psycopg2.extensions.cursor' object has no attribute 'commit'; 480)
[2022-12-10T14:03:40.562+0000] {local_task_job.py:159} INFO - 🤪 Task exited with return code 1
[2022-12-10T14:03:40.576+0000] {taskinstance.py:2623} INFO - 🤪 0 downstream tasks scheduled from follow-on schedule check
