[2022-12-10T11:39:45.732+0000] {taskinstance.py:1165} INFO - 🤪 Dependencies all met for <TaskInstance: update_dwh_daily.check_update_psql_source scheduled__2022-12-08T19:30:00+00:00 [queued]>
[2022-12-10T11:39:45.746+0000] {taskinstance.py:1165} INFO - 🤪 Dependencies all met for <TaskInstance: update_dwh_daily.check_update_psql_source scheduled__2022-12-08T19:30:00+00:00 [queued]>
[2022-12-10T11:39:45.748+0000] {taskinstance.py:1362} INFO - 🤪 
--------------------------------------------------------------------------------
[2022-12-10T11:39:45.749+0000] {taskinstance.py:1363} INFO - 🤪 Starting attempt 4 of 6
[2022-12-10T11:39:45.750+0000] {taskinstance.py:1364} INFO - 🤪 
--------------------------------------------------------------------------------
[2022-12-10T11:39:45.769+0000] {taskinstance.py:1383} INFO - 🤪 Executing <Task(PythonOperator): check_update_psql_source> on 2022-12-08 19:30:00+00:00
[2022-12-10T11:39:45.773+0000] {standard_task_runner.py:55} INFO - 🤪 Started process 1109 to run task
[2022-12-10T11:39:45.778+0000] {standard_task_runner.py:82} INFO - 🤪 Running: ['airflow', 'tasks', 'run', 'update_dwh_daily', 'check_update_psql_source', 'scheduled__2022-12-08T19:30:00+00:00', '--job-id', '6', '--raw', '--subdir', 'DAGS_FOLDER/update_dwh_daily.py', '--cfg-path', '/tmp/tmp4u04unqr']
[2022-12-10T11:39:45.780+0000] {standard_task_runner.py:83} INFO - 🤪 Job 6: Subtask check_update_psql_source
[2022-12-10T11:39:45.840+0000] {task_command.py:376} INFO - 🤪 Running <TaskInstance: update_dwh_daily.check_update_psql_source scheduled__2022-12-08T19:30:00+00:00 [running]> on host f9163ca376ce
[2022-12-10T11:39:45.908+0000] {taskinstance.py:1590} INFO - 🤪 Exporting the following env vars:
AIRFLOW_CTX_DAG_EMAIL=gp.data@galaxy.com.vn
AIRFLOW_CTX_DAG_OWNER=data_team
AIRFLOW_CTX_DAG_ID=update_dwh_daily
AIRFLOW_CTX_TASK_ID=check_update_psql_source
AIRFLOW_CTX_EXECUTION_DATE=2022-12-08T19:30:00+00:00
AIRFLOW_CTX_TRY_NUMBER=4
AIRFLOW_CTX_DAG_RUN_ID=scheduled__2022-12-08T19:30:00+00:00
[2022-12-10T11:39:45.923+0000] {logging_mixin.py:137} INFO - 🤪 Start checking for updated data from source Postgres - Table: users
[2022-12-10T11:39:45.930+0000] {logging_mixin.py:137} INFO - 🤪 Found 1 updated records
[2022-12-10T11:39:45.931+0000] {logging_mixin.py:137} INFO - 🤪 Start updating DWH data - Table: users
[2022-12-10T11:39:45.946+0000] {logging_mixin.py:137} INFO - 🤪 Finished update DWH data - Table: users
[2022-12-10T11:39:45.947+0000] {logging_mixin.py:137} INFO - 🤪 Start checking for updated data from source Postgres - Table: orders
[2022-12-10T11:39:45.956+0000] {logging_mixin.py:137} INFO - 🤪 Found 0 updated records
[2022-12-10T11:39:45.957+0000] {logging_mixin.py:137} INFO - 🤪 Start updating DWH data - Table: orders
[2022-12-10T11:39:45.958+0000] {logging_mixin.py:137} INFO - 🤪 Finished update DWH data - Table: orders
[2022-12-10T11:39:45.959+0000] {logging_mixin.py:137} INFO - 🤪 Start checking for updated data from source Postgres - Table: transactions
[2022-12-10T11:39:45.963+0000] {logging_mixin.py:137} INFO - 🤪 Found 0 updated records
[2022-12-10T11:39:45.964+0000] {logging_mixin.py:137} INFO - 🤪 Start updating DWH data - Table: transactions
[2022-12-10T11:39:45.965+0000] {logging_mixin.py:137} INFO - 🤪 Finished update DWH data - Table: transactions
[2022-12-10T11:39:45.966+0000] {logging_mixin.py:137} INFO - 🤪 Start checking for updated data from source Postgres - Table: menus
[2022-12-10T11:39:45.969+0000] {logging_mixin.py:137} INFO - 🤪 Found 0 updated records
[2022-12-10T11:39:45.970+0000] {logging_mixin.py:137} INFO - 🤪 Start updating DWH data - Table: menus
[2022-12-10T11:39:45.971+0000] {logging_mixin.py:137} INFO - 🤪 Finished update DWH data - Table: menus
[2022-12-10T11:39:45.976+0000] {python.py:177} INFO - 🤪 Done. Returned value was: None
[2022-12-10T11:39:45.984+0000] {taskinstance.py:1401} INFO - 🤪 Marking task as SUCCESS. dag_id=update_dwh_daily, task_id=check_update_psql_source, execution_date=20221208T193000, start_date=20221210T113945, end_date=20221210T113945
[2022-12-10T11:39:46.033+0000] {local_task_job.py:159} INFO - 🤪 Task exited with return code 0
[2022-12-10T11:39:46.053+0000] {taskinstance.py:2623} INFO - 🤪 0 downstream tasks scheduled from follow-on schedule check
[2022-12-10T12:14:49.748+0000] {taskinstance.py:1165} INFO - 🤪 Dependencies all met for <TaskInstance: update_dwh_daily.check_update_psql_source scheduled__2022-12-08T19:30:00+00:00 [queued]>
[2022-12-10T12:14:49.758+0000] {taskinstance.py:1165} INFO - 🤪 Dependencies all met for <TaskInstance: update_dwh_daily.check_update_psql_source scheduled__2022-12-08T19:30:00+00:00 [queued]>
[2022-12-10T12:14:49.759+0000] {taskinstance.py:1362} INFO - 🤪 
--------------------------------------------------------------------------------
[2022-12-10T12:14:49.760+0000] {taskinstance.py:1363} INFO - 🤪 Starting attempt 4 of 7
[2022-12-10T12:14:49.761+0000] {taskinstance.py:1364} INFO - 🤪 
--------------------------------------------------------------------------------
[2022-12-10T12:14:49.775+0000] {taskinstance.py:1383} INFO - 🤪 Executing <Task(PythonOperator): check_update_psql_source> on 2022-12-08 19:30:00+00:00
[2022-12-10T12:14:49.779+0000] {standard_task_runner.py:55} INFO - 🤪 Started process 233 to run task
[2022-12-10T12:14:49.783+0000] {standard_task_runner.py:82} INFO - 🤪 Running: ['airflow', 'tasks', 'run', 'update_dwh_daily', 'check_update_psql_source', 'scheduled__2022-12-08T19:30:00+00:00', '--job-id', '12', '--raw', '--subdir', 'DAGS_FOLDER/update_dwh_daily.py', '--cfg-path', '/tmp/tmp4iniljcq']
[2022-12-10T12:14:49.785+0000] {standard_task_runner.py:83} INFO - 🤪 Job 12: Subtask check_update_psql_source
[2022-12-10T12:14:49.838+0000] {task_command.py:376} INFO - 🤪 Running <TaskInstance: update_dwh_daily.check_update_psql_source scheduled__2022-12-08T19:30:00+00:00 [running]> on host 06f648095881
[2022-12-10T12:14:49.894+0000] {taskinstance.py:1590} INFO - 🤪 Exporting the following env vars:
AIRFLOW_CTX_DAG_EMAIL=gp.data@galaxy.com.vn
AIRFLOW_CTX_DAG_OWNER=data_team
AIRFLOW_CTX_DAG_ID=update_dwh_daily
AIRFLOW_CTX_TASK_ID=check_update_psql_source
AIRFLOW_CTX_EXECUTION_DATE=2022-12-08T19:30:00+00:00
AIRFLOW_CTX_TRY_NUMBER=4
AIRFLOW_CTX_DAG_RUN_ID=scheduled__2022-12-08T19:30:00+00:00
[2022-12-10T12:14:49.907+0000] {logging_mixin.py:137} INFO - 🤪 Start checking for updated data from source Postgres - Table: users
[2022-12-10T12:14:49.914+0000] {logging_mixin.py:137} INFO - 🤪 Found 1 updated records
[2022-12-10T12:14:49.915+0000] {logging_mixin.py:137} INFO - 🤪 Start updating DWH data - Table: users
[2022-12-10T12:14:49.916+0000] {logging_mixin.py:137} INFO - 🤪 <cursor object at 0x7f7934ca67c0; closed: 0>
[2022-12-10T12:14:49.921+0000] {logging_mixin.py:137} INFO - 🤪 Finished update DWH data - Table: users
[2022-12-10T12:14:49.923+0000] {logging_mixin.py:137} INFO - 🤪 Start checking for updated data from source Postgres - Table: orders
[2022-12-10T12:14:49.928+0000] {logging_mixin.py:137} INFO - 🤪 Found 0 updated records
[2022-12-10T12:14:49.930+0000] {logging_mixin.py:137} INFO - 🤪 Start updating DWH data - Table: orders
[2022-12-10T12:14:49.931+0000] {logging_mixin.py:137} INFO - 🤪 <cursor object at 0x7f7934ca67c0; closed: 0>
[2022-12-10T12:14:49.932+0000] {logging_mixin.py:137} INFO - 🤪 Finished update DWH data - Table: orders
[2022-12-10T12:14:49.932+0000] {logging_mixin.py:137} INFO - 🤪 Start checking for updated data from source Postgres - Table: transactions
[2022-12-10T12:14:49.935+0000] {logging_mixin.py:137} INFO - 🤪 Found 0 updated records
[2022-12-10T12:14:49.936+0000] {logging_mixin.py:137} INFO - 🤪 Start updating DWH data - Table: transactions
[2022-12-10T12:14:49.937+0000] {logging_mixin.py:137} INFO - 🤪 <cursor object at 0x7f7934ca67c0; closed: 0>
[2022-12-10T12:14:49.939+0000] {logging_mixin.py:137} INFO - 🤪 Finished update DWH data - Table: transactions
[2022-12-10T12:14:49.940+0000] {logging_mixin.py:137} INFO - 🤪 Start checking for updated data from source Postgres - Table: menus
[2022-12-10T12:14:49.943+0000] {logging_mixin.py:137} INFO - 🤪 Found 0 updated records
[2022-12-10T12:14:49.944+0000] {logging_mixin.py:137} INFO - 🤪 Start updating DWH data - Table: menus
[2022-12-10T12:14:49.945+0000] {logging_mixin.py:137} INFO - 🤪 <cursor object at 0x7f7934ca67c0; closed: 0>
[2022-12-10T12:14:49.946+0000] {logging_mixin.py:137} INFO - 🤪 Finished update DWH data - Table: menus
[2022-12-10T12:14:49.949+0000] {python.py:177} INFO - 🤪 Done. Returned value was: None
[2022-12-10T12:14:49.957+0000] {taskinstance.py:1401} INFO - 🤪 Marking task as SUCCESS. dag_id=update_dwh_daily, task_id=check_update_psql_source, execution_date=20221208T193000, start_date=20221210T121449, end_date=20221210T121449
[2022-12-10T12:14:49.997+0000] {local_task_job.py:159} INFO - 🤪 Task exited with return code 0
[2022-12-10T12:14:50.015+0000] {taskinstance.py:2623} INFO - 🤪 0 downstream tasks scheduled from follow-on schedule check
