[2022-12-10T14:09:03.753+0000] {taskinstance.py:1165} INFO - 🤪 Dependencies all met for <TaskInstance: update_dwh_daily.check_update_psql_source scheduled__2022-12-08T19:30:00+00:00 [queued]>
[2022-12-10T14:09:03.761+0000] {taskinstance.py:1165} INFO - 🤪 Dependencies all met for <TaskInstance: update_dwh_daily.check_update_psql_source scheduled__2022-12-08T19:30:00+00:00 [queued]>
[2022-12-10T14:09:03.762+0000] {taskinstance.py:1362} INFO - 🤪 
--------------------------------------------------------------------------------
[2022-12-10T14:09:03.763+0000] {taskinstance.py:1363} INFO - 🤪 Starting attempt 9 of 12
[2022-12-10T14:09:03.764+0000] {taskinstance.py:1364} INFO - 🤪 
--------------------------------------------------------------------------------
[2022-12-10T14:09:03.780+0000] {taskinstance.py:1383} INFO - 🤪 Executing <Task(PythonOperator): check_update_psql_source> on 2022-12-08 19:30:00+00:00
[2022-12-10T14:09:03.784+0000] {standard_task_runner.py:55} INFO - 🤪 Started process 524 to run task
[2022-12-10T14:09:03.789+0000] {standard_task_runner.py:82} INFO - 🤪 Running: ['airflow', 'tasks', 'run', 'update_dwh_daily', 'check_update_psql_source', 'scheduled__2022-12-08T19:30:00+00:00', '--job-id', '17', '--raw', '--subdir', 'DAGS_FOLDER/update_dwh_daily.py', '--cfg-path', '/tmp/tmpte7jxl1m']
[2022-12-10T14:09:03.790+0000] {standard_task_runner.py:83} INFO - 🤪 Job 17: Subtask check_update_psql_source
[2022-12-10T14:09:03.851+0000] {task_command.py:376} INFO - 🤪 Running <TaskInstance: update_dwh_daily.check_update_psql_source scheduled__2022-12-08T19:30:00+00:00 [running]> on host 06f648095881
[2022-12-10T14:09:03.907+0000] {taskinstance.py:1590} INFO - 🤪 Exporting the following env vars:
AIRFLOW_CTX_DAG_EMAIL=gp.data@galaxy.com.vn
AIRFLOW_CTX_DAG_OWNER=data_team
AIRFLOW_CTX_DAG_ID=update_dwh_daily
AIRFLOW_CTX_TASK_ID=check_update_psql_source
AIRFLOW_CTX_EXECUTION_DATE=2022-12-08T19:30:00+00:00
AIRFLOW_CTX_TRY_NUMBER=9
AIRFLOW_CTX_DAG_RUN_ID=scheduled__2022-12-08T19:30:00+00:00
[2022-12-10T14:09:03.920+0000] {logging_mixin.py:137} INFO - 🤪 Start checking for updated data from source Postgres - Table: users
[2022-12-10T14:09:03.927+0000] {logging_mixin.py:137} INFO - 🤪 Found 1 updated records
[2022-12-10T14:09:03.927+0000] {logging_mixin.py:137} INFO - 🤪 Start updating DWH data - Table: users
[2022-12-10T14:09:03.935+0000] {logging_mixin.py:137} INFO - 🤪 Finished update DWH data - Table: users
[2022-12-10T14:09:03.936+0000] {python.py:177} INFO - 🤪 Done. Returned value was: None
[2022-12-10T14:09:03.942+0000] {taskinstance.py:1401} INFO - 🤪 Marking task as SUCCESS. dag_id=update_dwh_daily, task_id=check_update_psql_source, execution_date=20221208T193000, start_date=20221210T140903, end_date=20221210T140903
[2022-12-10T14:09:03.962+0000] {local_task_job.py:159} INFO - 🤪 Task exited with return code 0
[2022-12-10T14:09:03.978+0000] {taskinstance.py:2623} INFO - 🤪 0 downstream tasks scheduled from follow-on schedule check
