[2022-12-10T11:36:43.384+0000] {taskinstance.py:1165} INFO - 🤪 Dependencies all met for <TaskInstance: update_dwh_daily.check_update_psql_source scheduled__2022-12-08T19:30:00+00:00 [queued]>
[2022-12-10T11:36:43.392+0000] {taskinstance.py:1165} INFO - 🤪 Dependencies all met for <TaskInstance: update_dwh_daily.check_update_psql_source scheduled__2022-12-08T19:30:00+00:00 [queued]>
[2022-12-10T11:36:43.393+0000] {taskinstance.py:1362} INFO - 🤪 
--------------------------------------------------------------------------------
[2022-12-10T11:36:43.394+0000] {taskinstance.py:1363} INFO - 🤪 Starting attempt 3 of 6
[2022-12-10T11:36:43.394+0000] {taskinstance.py:1364} INFO - 🤪 
--------------------------------------------------------------------------------
[2022-12-10T11:36:43.409+0000] {taskinstance.py:1383} INFO - 🤪 Executing <Task(PythonOperator): check_update_psql_source> on 2022-12-08 19:30:00+00:00
[2022-12-10T11:36:43.414+0000] {standard_task_runner.py:55} INFO - 🤪 Started process 1085 to run task
[2022-12-10T11:36:43.419+0000] {standard_task_runner.py:82} INFO - 🤪 Running: ['airflow', 'tasks', 'run', 'update_dwh_daily', 'check_update_psql_source', 'scheduled__2022-12-08T19:30:00+00:00', '--job-id', '5', '--raw', '--subdir', 'DAGS_FOLDER/update_dwh_daily.py', '--cfg-path', '/tmp/tmp9xfw_s6f']
[2022-12-10T11:36:43.422+0000] {standard_task_runner.py:83} INFO - 🤪 Job 5: Subtask check_update_psql_source
[2022-12-10T11:36:43.484+0000] {task_command.py:376} INFO - 🤪 Running <TaskInstance: update_dwh_daily.check_update_psql_source scheduled__2022-12-08T19:30:00+00:00 [running]> on host f9163ca376ce
[2022-12-10T11:36:43.548+0000] {taskinstance.py:1590} INFO - 🤪 Exporting the following env vars:
AIRFLOW_CTX_DAG_EMAIL=gp.data@galaxy.com.vn
AIRFLOW_CTX_DAG_OWNER=data_team
AIRFLOW_CTX_DAG_ID=update_dwh_daily
AIRFLOW_CTX_TASK_ID=check_update_psql_source
AIRFLOW_CTX_EXECUTION_DATE=2022-12-08T19:30:00+00:00
AIRFLOW_CTX_TRY_NUMBER=3
AIRFLOW_CTX_DAG_RUN_ID=scheduled__2022-12-08T19:30:00+00:00
[2022-12-10T11:36:43.562+0000] {logging_mixin.py:137} INFO - 🤪 Start checking for updated data from source Postgres - Table: users
[2022-12-10T11:36:43.570+0000] {logging_mixin.py:137} INFO - 🤪 Found 1 updated records
[2022-12-10T11:36:43.570+0000] {logging_mixin.py:137} INFO - 🤪 Start updating DWH data - Table: users
[2022-12-10T11:36:43.579+0000] {taskinstance.py:1851} ERROR - 🤪 Task failed with exception
Traceback (most recent call last):
  File "/opt/bitnami/python/lib/python3.8/site-packages/airflow/operators/python.py", line 175, in execute
    return_value = self.execute_callable()
  File "/opt/bitnami/python/lib/python3.8/site-packages/airflow/operators/python.py", line 193, in execute_callable
    return self.python_callable(*self.op_args, **self.op_kwargs)
  File "/airflow/dags/processing/check_update_psql_source.py", line 56, in check_update_psql_source
    update_dwh_data(postgres_handler=postgres_handler, data=data, table=table['table'])
  File "/airflow/dags/processing/check_update_psql_source.py", line 32, in update_dwh_data
    cur.execute(query_str)
psycopg2.errors.UndefinedColumn: column "bao" does not exist
LINE 3:             SET name = Bao, email = j.rivera24@hotmail.com, ...
                               ^

[2022-12-10T11:36:43.586+0000] {taskinstance.py:1401} INFO - 🤪 Marking task as UP_FOR_RETRY. dag_id=update_dwh_daily, task_id=check_update_psql_source, execution_date=20221208T193000, start_date=20221210T113643, end_date=20221210T113643
[2022-12-10T11:36:43.596+0000] {standard_task_runner.py:100} ERROR - 🤪 Failed to execute job 5 for task check_update_psql_source (column "bao" does not exist
LINE 3:             SET name = Bao, email = j.rivera24@hotmail.com, ...
                               ^
; 1085)
[2022-12-10T11:36:43.634+0000] {local_task_job.py:159} INFO - 🤪 Task exited with return code 1
[2022-12-10T11:36:43.653+0000] {taskinstance.py:2623} INFO - 🤪 0 downstream tasks scheduled from follow-on schedule check
[2022-12-10T12:10:19.868+0000] {taskinstance.py:1165} INFO - 🤪 Dependencies all met for <TaskInstance: update_dwh_daily.check_update_psql_source scheduled__2022-12-08T19:30:00+00:00 [queued]>
[2022-12-10T12:10:19.879+0000] {taskinstance.py:1165} INFO - 🤪 Dependencies all met for <TaskInstance: update_dwh_daily.check_update_psql_source scheduled__2022-12-08T19:30:00+00:00 [queued]>
[2022-12-10T12:10:19.880+0000] {taskinstance.py:1362} INFO - 🤪 
--------------------------------------------------------------------------------
[2022-12-10T12:10:19.881+0000] {taskinstance.py:1363} INFO - 🤪 Starting attempt 3 of 6
[2022-12-10T12:10:19.882+0000] {taskinstance.py:1364} INFO - 🤪 
--------------------------------------------------------------------------------
[2022-12-10T12:10:19.894+0000] {taskinstance.py:1383} INFO - 🤪 Executing <Task(PythonOperator): check_update_psql_source> on 2022-12-08 19:30:00+00:00
[2022-12-10T12:10:19.898+0000] {standard_task_runner.py:55} INFO - 🤪 Started process 202 to run task
[2022-12-10T12:10:19.901+0000] {standard_task_runner.py:82} INFO - 🤪 Running: ['airflow', 'tasks', 'run', 'update_dwh_daily', 'check_update_psql_source', 'scheduled__2022-12-08T19:30:00+00:00', '--job-id', '11', '--raw', '--subdir', 'DAGS_FOLDER/update_dwh_daily.py', '--cfg-path', '/tmp/tmpkqd3t2v7']
[2022-12-10T12:10:19.903+0000] {standard_task_runner.py:83} INFO - 🤪 Job 11: Subtask check_update_psql_source
[2022-12-10T12:10:19.951+0000] {task_command.py:376} INFO - 🤪 Running <TaskInstance: update_dwh_daily.check_update_psql_source scheduled__2022-12-08T19:30:00+00:00 [running]> on host 06f648095881
[2022-12-10T12:10:20.007+0000] {taskinstance.py:1590} INFO - 🤪 Exporting the following env vars:
AIRFLOW_CTX_DAG_EMAIL=gp.data@galaxy.com.vn
AIRFLOW_CTX_DAG_OWNER=data_team
AIRFLOW_CTX_DAG_ID=update_dwh_daily
AIRFLOW_CTX_TASK_ID=check_update_psql_source
AIRFLOW_CTX_EXECUTION_DATE=2022-12-08T19:30:00+00:00
AIRFLOW_CTX_TRY_NUMBER=3
AIRFLOW_CTX_DAG_RUN_ID=scheduled__2022-12-08T19:30:00+00:00
[2022-12-10T12:10:20.020+0000] {logging_mixin.py:137} INFO - 🤪 Start checking for updated data from source Postgres - Table: users
[2022-12-10T12:10:20.027+0000] {logging_mixin.py:137} INFO - 🤪 Found 1 updated records
[2022-12-10T12:10:20.028+0000] {logging_mixin.py:137} INFO - 🤪 Start updating DWH data - Table: users
[2022-12-10T12:10:20.030+0000] {logging_mixin.py:137} INFO - 🤪 
            UPDATE raw_data.users
            SET name = 'Rivera', email = 'Bao', mobile = '360-245-6987', location = 'ThaiLand',  updated_at = now() + INTERVAL '7 hours'
            WHERE user_id = 101 AND location = 'ThaiLand'
        
[2022-12-10T12:10:20.033+0000] {logging_mixin.py:137} INFO - 🤪 Finished update DWH data - Table: users
[2022-12-10T12:10:20.034+0000] {logging_mixin.py:137} INFO - 🤪 Start checking for updated data from source Postgres - Table: orders
[2022-12-10T12:10:20.038+0000] {logging_mixin.py:137} INFO - 🤪 Found 0 updated records
[2022-12-10T12:10:20.039+0000] {logging_mixin.py:137} INFO - 🤪 Start updating DWH data - Table: orders
[2022-12-10T12:10:20.041+0000] {logging_mixin.py:137} INFO - 🤪 Finished update DWH data - Table: orders
[2022-12-10T12:10:20.041+0000] {logging_mixin.py:137} INFO - 🤪 Start checking for updated data from source Postgres - Table: transactions
[2022-12-10T12:10:20.044+0000] {logging_mixin.py:137} INFO - 🤪 Found 0 updated records
[2022-12-10T12:10:20.045+0000] {logging_mixin.py:137} INFO - 🤪 Start updating DWH data - Table: transactions
[2022-12-10T12:10:20.046+0000] {logging_mixin.py:137} INFO - 🤪 Finished update DWH data - Table: transactions
[2022-12-10T12:10:20.047+0000] {logging_mixin.py:137} INFO - 🤪 Start checking for updated data from source Postgres - Table: menus
[2022-12-10T12:10:20.049+0000] {logging_mixin.py:137} INFO - 🤪 Found 0 updated records
[2022-12-10T12:10:20.050+0000] {logging_mixin.py:137} INFO - 🤪 Start updating DWH data - Table: menus
[2022-12-10T12:10:20.051+0000] {logging_mixin.py:137} INFO - 🤪 Finished update DWH data - Table: menus
[2022-12-10T12:10:20.052+0000] {python.py:177} INFO - 🤪 Done. Returned value was: None
[2022-12-10T12:10:20.059+0000] {taskinstance.py:1401} INFO - 🤪 Marking task as SUCCESS. dag_id=update_dwh_daily, task_id=check_update_psql_source, execution_date=20221208T193000, start_date=20221210T121019, end_date=20221210T121020
[2022-12-10T12:10:20.115+0000] {local_task_job.py:159} INFO - 🤪 Task exited with return code 0
[2022-12-10T12:10:20.132+0000] {taskinstance.py:2623} INFO - 🤪 0 downstream tasks scheduled from follow-on schedule check
