[2022-12-10T11:35:43.722+0000] {taskinstance.py:1165} INFO - 🤪 Dependencies all met for <TaskInstance: update_dwh_daily.check_update_psql_source scheduled__2022-12-08T19:30:00+00:00 [queued]>
[2022-12-10T11:35:43.733+0000] {taskinstance.py:1165} INFO - 🤪 Dependencies all met for <TaskInstance: update_dwh_daily.check_update_psql_source scheduled__2022-12-08T19:30:00+00:00 [queued]>
[2022-12-10T11:35:43.734+0000] {taskinstance.py:1362} INFO - 🤪 
--------------------------------------------------------------------------------
[2022-12-10T11:35:43.735+0000] {taskinstance.py:1363} INFO - 🤪 Starting attempt 2 of 5
[2022-12-10T11:35:43.736+0000] {taskinstance.py:1364} INFO - 🤪 
--------------------------------------------------------------------------------
[2022-12-10T11:35:43.752+0000] {taskinstance.py:1383} INFO - 🤪 Executing <Task(PythonOperator): check_update_psql_source> on 2022-12-08 19:30:00+00:00
[2022-12-10T11:35:43.756+0000] {standard_task_runner.py:55} INFO - 🤪 Started process 1074 to run task
[2022-12-10T11:35:43.762+0000] {standard_task_runner.py:82} INFO - 🤪 Running: ['airflow', 'tasks', 'run', 'update_dwh_daily', 'check_update_psql_source', 'scheduled__2022-12-08T19:30:00+00:00', '--job-id', '4', '--raw', '--subdir', 'DAGS_FOLDER/update_dwh_daily.py', '--cfg-path', '/tmp/tmp_rsjrgb4']
[2022-12-10T11:35:43.764+0000] {standard_task_runner.py:83} INFO - 🤪 Job 4: Subtask check_update_psql_source
[2022-12-10T11:35:43.820+0000] {task_command.py:376} INFO - 🤪 Running <TaskInstance: update_dwh_daily.check_update_psql_source scheduled__2022-12-08T19:30:00+00:00 [running]> on host f9163ca376ce
[2022-12-10T11:35:43.877+0000] {taskinstance.py:1590} INFO - 🤪 Exporting the following env vars:
AIRFLOW_CTX_DAG_EMAIL=gp.data@galaxy.com.vn
AIRFLOW_CTX_DAG_OWNER=data_team
AIRFLOW_CTX_DAG_ID=update_dwh_daily
AIRFLOW_CTX_TASK_ID=check_update_psql_source
AIRFLOW_CTX_EXECUTION_DATE=2022-12-08T19:30:00+00:00
AIRFLOW_CTX_TRY_NUMBER=2
AIRFLOW_CTX_DAG_RUN_ID=scheduled__2022-12-08T19:30:00+00:00
[2022-12-10T11:35:43.892+0000] {logging_mixin.py:137} INFO - 🤪 Start checking for updated data from source Postgres - Table: users
[2022-12-10T11:35:43.916+0000] {logging_mixin.py:137} INFO - 🤪 Found 1 updated records
[2022-12-10T11:35:43.918+0000] {logging_mixin.py:137} INFO - 🤪 Start updating DWH data - Table: users
[2022-12-10T11:35:43.930+0000] {taskinstance.py:1851} ERROR - 🤪 Task failed with exception
Traceback (most recent call last):
  File "/opt/bitnami/python/lib/python3.8/site-packages/airflow/operators/python.py", line 175, in execute
    return_value = self.execute_callable()
  File "/opt/bitnami/python/lib/python3.8/site-packages/airflow/operators/python.py", line 193, in execute_callable
    return self.python_callable(*self.op_args, **self.op_kwargs)
  File "/airflow/dags/processing/check_update_psql_source.py", line 56, in check_update_psql_source
    update_dwh_data(postgres_handler=postgres_handler, data=data, table=table['table'])
  File "/airflow/dags/processing/check_update_psql_source.py", line 32, in update_dwh_data
    cur.execute(query_str)
psycopg2.errors.UndefinedColumn: column "thailand" does not exist
LINE 4:             WHERE user_id = 1 AND location = ThaiLand
                                                     ^

[2022-12-10T11:35:43.939+0000] {taskinstance.py:1401} INFO - 🤪 Marking task as UP_FOR_RETRY. dag_id=update_dwh_daily, task_id=check_update_psql_source, execution_date=20221208T193000, start_date=20221210T113543, end_date=20221210T113543
[2022-12-10T11:35:43.948+0000] {standard_task_runner.py:100} ERROR - 🤪 Failed to execute job 4 for task check_update_psql_source (column "thailand" does not exist
LINE 4:             WHERE user_id = 1 AND location = ThaiLand
                                                     ^
; 1074)
[2022-12-10T11:35:43.977+0000] {local_task_job.py:159} INFO - 🤪 Task exited with return code 1
[2022-12-10T11:35:43.995+0000] {taskinstance.py:2623} INFO - 🤪 0 downstream tasks scheduled from follow-on schedule check
[2022-12-10T12:05:06.480+0000] {taskinstance.py:1165} INFO - 🤪 Dependencies all met for <TaskInstance: update_dwh_daily.check_update_psql_source scheduled__2022-12-08T19:30:00+00:00 [queued]>
[2022-12-10T12:05:06.488+0000] {taskinstance.py:1165} INFO - 🤪 Dependencies all met for <TaskInstance: update_dwh_daily.check_update_psql_source scheduled__2022-12-08T19:30:00+00:00 [queued]>
[2022-12-10T12:05:06.489+0000] {taskinstance.py:1362} INFO - 🤪 
--------------------------------------------------------------------------------
[2022-12-10T12:05:06.490+0000] {taskinstance.py:1363} INFO - 🤪 Starting attempt 2 of 5
[2022-12-10T12:05:06.490+0000] {taskinstance.py:1364} INFO - 🤪 
--------------------------------------------------------------------------------
[2022-12-10T12:05:06.502+0000] {taskinstance.py:1383} INFO - 🤪 Executing <Task(PythonOperator): check_update_psql_source> on 2022-12-08 19:30:00+00:00
[2022-12-10T12:05:06.506+0000] {standard_task_runner.py:55} INFO - 🤪 Started process 166 to run task
[2022-12-10T12:05:06.514+0000] {standard_task_runner.py:82} INFO - 🤪 Running: ['airflow', 'tasks', 'run', 'update_dwh_daily', 'check_update_psql_source', 'scheduled__2022-12-08T19:30:00+00:00', '--job-id', '10', '--raw', '--subdir', 'DAGS_FOLDER/update_dwh_daily.py', '--cfg-path', '/tmp/tmporcev5x0']
[2022-12-10T12:05:06.517+0000] {standard_task_runner.py:83} INFO - 🤪 Job 10: Subtask check_update_psql_source
[2022-12-10T12:05:06.625+0000] {task_command.py:376} INFO - 🤪 Running <TaskInstance: update_dwh_daily.check_update_psql_source scheduled__2022-12-08T19:30:00+00:00 [running]> on host 06f648095881
[2022-12-10T12:05:06.718+0000] {taskinstance.py:1590} INFO - 🤪 Exporting the following env vars:
AIRFLOW_CTX_DAG_EMAIL=gp.data@galaxy.com.vn
AIRFLOW_CTX_DAG_OWNER=data_team
AIRFLOW_CTX_DAG_ID=update_dwh_daily
AIRFLOW_CTX_TASK_ID=check_update_psql_source
AIRFLOW_CTX_EXECUTION_DATE=2022-12-08T19:30:00+00:00
AIRFLOW_CTX_TRY_NUMBER=2
AIRFLOW_CTX_DAG_RUN_ID=scheduled__2022-12-08T19:30:00+00:00
[2022-12-10T12:05:06.742+0000] {logging_mixin.py:137} INFO - 🤪 Start checking for updated data from source Postgres - Table: users
[2022-12-10T12:05:06.758+0000] {logging_mixin.py:137} INFO - 🤪 Found 1 updated records
[2022-12-10T12:05:06.759+0000] {logging_mixin.py:137} INFO - 🤪 Start updating DWH data - Table: users
[2022-12-10T12:05:06.768+0000] {logging_mixin.py:137} INFO - 🤪 Finished update DWH data - Table: users
[2022-12-10T12:05:06.769+0000] {logging_mixin.py:137} INFO - 🤪 Start checking for updated data from source Postgres - Table: orders
[2022-12-10T12:05:06.774+0000] {logging_mixin.py:137} INFO - 🤪 Found 0 updated records
[2022-12-10T12:05:06.775+0000] {logging_mixin.py:137} INFO - 🤪 Start updating DWH data - Table: orders
[2022-12-10T12:05:06.776+0000] {logging_mixin.py:137} INFO - 🤪 Finished update DWH data - Table: orders
[2022-12-10T12:05:06.777+0000] {logging_mixin.py:137} INFO - 🤪 Start checking for updated data from source Postgres - Table: transactions
[2022-12-10T12:05:06.781+0000] {logging_mixin.py:137} INFO - 🤪 Found 0 updated records
[2022-12-10T12:05:06.783+0000] {logging_mixin.py:137} INFO - 🤪 Start updating DWH data - Table: transactions
[2022-12-10T12:05:06.784+0000] {logging_mixin.py:137} INFO - 🤪 Finished update DWH data - Table: transactions
[2022-12-10T12:05:06.785+0000] {logging_mixin.py:137} INFO - 🤪 Start checking for updated data from source Postgres - Table: menus
[2022-12-10T12:05:06.789+0000] {logging_mixin.py:137} INFO - 🤪 Found 0 updated records
[2022-12-10T12:05:06.792+0000] {logging_mixin.py:137} INFO - 🤪 Start updating DWH data - Table: menus
[2022-12-10T12:05:06.793+0000] {logging_mixin.py:137} INFO - 🤪 Finished update DWH data - Table: menus
[2022-12-10T12:05:06.794+0000] {python.py:177} INFO - 🤪 Done. Returned value was: None
[2022-12-10T12:05:06.804+0000] {taskinstance.py:1401} INFO - 🤪 Marking task as SUCCESS. dag_id=update_dwh_daily, task_id=check_update_psql_source, execution_date=20221208T193000, start_date=20221210T120506, end_date=20221210T120506
[2022-12-10T12:05:06.846+0000] {local_task_job.py:159} INFO - 🤪 Task exited with return code 0
[2022-12-10T12:05:06.861+0000] {taskinstance.py:2623} INFO - 🤪 0 downstream tasks scheduled from follow-on schedule check
