[2023-02-24T03:59:49.499+0000] {taskinstance.py:1165} INFO - 🤪 Dependencies all met for <TaskInstance: ingest_bo_voucher_report.ingest_bo_voucher_report scheduled__2023-02-22T19:00:00+00:00 [queued]>
[2023-02-24T03:59:49.513+0000] {taskinstance.py:1165} INFO - 🤪 Dependencies all met for <TaskInstance: ingest_bo_voucher_report.ingest_bo_voucher_report scheduled__2023-02-22T19:00:00+00:00 [queued]>
[2023-02-24T03:59:49.514+0000] {taskinstance.py:1362} INFO - 🤪 
--------------------------------------------------------------------------------
[2023-02-24T03:59:49.515+0000] {taskinstance.py:1363} INFO - 🤪 Starting attempt 5 of 8
[2023-02-24T03:59:49.516+0000] {taskinstance.py:1364} INFO - 🤪 
--------------------------------------------------------------------------------
[2023-02-24T03:59:49.537+0000] {taskinstance.py:1383} INFO - 🤪 Executing <Task(PythonOperator): ingest_bo_voucher_report> on 2023-02-22 19:00:00+00:00
[2023-02-24T03:59:49.543+0000] {standard_task_runner.py:55} INFO - 🤪 Started process 493 to run task
[2023-02-24T03:59:49.547+0000] {standard_task_runner.py:82} INFO - 🤪 Running: ['airflow', 'tasks', 'run', 'ingest_bo_voucher_report', 'ingest_bo_voucher_report', 'scheduled__2023-02-22T19:00:00+00:00', '--job-id', '6', '--raw', '--subdir', 'DAGS_FOLDER/ingest_bo_voucher_report.py', '--cfg-path', '/tmp/tmp_rb3kn72']
[2023-02-24T03:59:49.549+0000] {standard_task_runner.py:83} INFO - 🤪 Job 6: Subtask ingest_bo_voucher_report
[2023-02-24T03:59:49.616+0000] {task_command.py:376} INFO - 🤪 Running <TaskInstance: ingest_bo_voucher_report.ingest_bo_voucher_report scheduled__2023-02-22T19:00:00+00:00 [running]> on host 8d8c6b853c06
[2023-02-24T03:59:49.740+0000] {taskinstance.py:1590} INFO - 🤪 Exporting the following env vars:
AIRFLOW_CTX_DAG_EMAIL=gp.data@galaxy.com.vn
AIRFLOW_CTX_DAG_OWNER=data_team
AIRFLOW_CTX_DAG_ID=ingest_bo_voucher_report
AIRFLOW_CTX_TASK_ID=ingest_bo_voucher_report
AIRFLOW_CTX_EXECUTION_DATE=2023-02-22T19:00:00+00:00
AIRFLOW_CTX_TRY_NUMBER=5
AIRFLOW_CTX_DAG_RUN_ID=scheduled__2023-02-22T19:00:00+00:00
[2023-02-24T03:59:49.770+0000] {logging_mixin.py:137} INFO - 🤪 pathhh /airflow
[2023-02-24T03:59:49.776+0000] {taskinstance.py:1851} ERROR - 🤪 Task failed with exception
Traceback (most recent call last):
  File "/opt/bitnami/python/lib/python3.8/site-packages/airflow/operators/python.py", line 175, in execute
    return_value = self.execute_callable()
  File "/opt/bitnami/python/lib/python3.8/site-packages/airflow/operators/python.py", line 193, in execute_callable
    return self.python_callable(*self.op_args, **self.op_kwargs)
  File "/airflow/dags/processing/ingest_bo_voucher_report.py", line 65, in ingest_bo_voucher_report
    spread = config_gg_sheet()
  File "/airflow/dags/processing/ingest_bo_voucher_report.py", line 16, in config_gg_sheet
    c = conf.get_config(path, "credentials.json")
  File "/opt/bitnami/python/lib/python3.8/site-packages/gspread_pandas/conf.py", line 88, in get_config
    raise IOError(
OSError: No Google client config found.
Please download json from https://console.developers.google.com/apis/credentials and save as /airflow/credentials.json
[2023-02-24T03:59:49.794+0000] {taskinstance.py:1401} INFO - 🤪 Marking task as UP_FOR_RETRY. dag_id=ingest_bo_voucher_report, task_id=ingest_bo_voucher_report, execution_date=20230222T190000, start_date=20230224T035949, end_date=20230224T035949
[2023-02-24T03:59:49.809+0000] {standard_task_runner.py:100} ERROR - 🤪 Failed to execute job 6 for task ingest_bo_voucher_report (No Google client config found.
Please download json from https://console.developers.google.com/apis/credentials and save as /airflow/credentials.json; 493)
[2023-02-24T03:59:49.846+0000] {local_task_job.py:159} INFO - 🤪 Task exited with return code 1
[2023-02-24T03:59:49.861+0000] {taskinstance.py:2623} INFO - 🤪 0 downstream tasks scheduled from follow-on schedule check
