[2023-02-27T03:18:06.664+0000] {processor.py:154} INFO - 🤪 Started process (PID=4774) to work on /airflow/dags/ingest_dwh_daily.py
[2023-02-27T03:18:06.674+0000] {processor.py:756} INFO - 🤪 Processing file /airflow/dags/ingest_dwh_daily.py for tasks to queue
[2023-02-27T03:18:06.687+0000] {logging_mixin.py:137} INFO - 🤪 [2023-02-27T03:18:06.685+0000] {dagbag.py:537} INFO - 🤪 Filling up the DagBag from /airflow/dags/ingest_dwh_daily.py
[2023-02-27T03:18:09.499+0000] {processor.py:766} INFO - 🤪 DAG(s) dict_keys(['get_raw_data_from_sources']) retrieved from /airflow/dags/ingest_dwh_daily.py
[2023-02-27T03:18:09.751+0000] {logging_mixin.py:137} INFO - 🤪 [2023-02-27T03:18:09.749+0000] {dag.py:2585} INFO - 🤪 Sync 1 DAGs
[2023-02-27T03:18:10.059+0000] {logging_mixin.py:137} INFO - 🤪 [2023-02-27T03:18:10.057+0000] {dag.py:3336} INFO - 🤪 Setting next_dagrun for get_raw_data_from_sources to 2023-02-25T19:00:00+00:00, run_after=2023-02-26T19:00:00+00:00
[2023-02-27T03:18:10.213+0000] {processor.py:176} INFO - 🤪 Processing /airflow/dags/ingest_dwh_daily.py took 3.569 seconds
[2023-02-27T03:18:41.153+0000] {processor.py:154} INFO - 🤪 Started process (PID=4778) to work on /airflow/dags/ingest_dwh_daily.py
[2023-02-27T03:18:41.163+0000] {processor.py:756} INFO - 🤪 Processing file /airflow/dags/ingest_dwh_daily.py for tasks to queue
[2023-02-27T03:18:41.175+0000] {logging_mixin.py:137} INFO - 🤪 [2023-02-27T03:18:41.173+0000] {dagbag.py:537} INFO - 🤪 Filling up the DagBag from /airflow/dags/ingest_dwh_daily.py
[2023-02-27T03:18:45.044+0000] {processor.py:766} INFO - 🤪 DAG(s) dict_keys(['get_raw_data_from_sources']) retrieved from /airflow/dags/ingest_dwh_daily.py
[2023-02-27T03:18:45.183+0000] {logging_mixin.py:137} INFO - 🤪 [2023-02-27T03:18:45.182+0000] {dag.py:2585} INFO - 🤪 Sync 1 DAGs
[2023-02-27T03:18:45.348+0000] {logging_mixin.py:137} INFO - 🤪 [2023-02-27T03:18:45.347+0000] {dag.py:3336} INFO - 🤪 Setting next_dagrun for get_raw_data_from_sources to 2023-02-25T19:00:00+00:00, run_after=2023-02-26T19:00:00+00:00
[2023-02-27T03:18:45.496+0000] {processor.py:176} INFO - 🤪 Processing /airflow/dags/ingest_dwh_daily.py took 4.377 seconds
[2023-02-27T03:19:15.650+0000] {processor.py:154} INFO - 🤪 Started process (PID=4782) to work on /airflow/dags/ingest_dwh_daily.py
[2023-02-27T03:19:15.659+0000] {processor.py:756} INFO - 🤪 Processing file /airflow/dags/ingest_dwh_daily.py for tasks to queue
[2023-02-27T03:19:15.666+0000] {logging_mixin.py:137} INFO - 🤪 [2023-02-27T03:19:15.665+0000] {dagbag.py:537} INFO - 🤪 Filling up the DagBag from /airflow/dags/ingest_dwh_daily.py
[2023-02-27T03:19:17.519+0000] {processor.py:766} INFO - 🤪 DAG(s) dict_keys(['get_raw_data_from_sources']) retrieved from /airflow/dags/ingest_dwh_daily.py
[2023-02-27T03:19:17.619+0000] {logging_mixin.py:137} INFO - 🤪 [2023-02-27T03:19:17.618+0000] {dag.py:2585} INFO - 🤪 Sync 1 DAGs
[2023-02-27T03:19:17.731+0000] {logging_mixin.py:137} INFO - 🤪 [2023-02-27T03:19:17.730+0000] {dag.py:3336} INFO - 🤪 Setting next_dagrun for get_raw_data_from_sources to 2023-02-25T19:00:00+00:00, run_after=2023-02-26T19:00:00+00:00
[2023-02-27T03:19:17.842+0000] {processor.py:176} INFO - 🤪 Processing /airflow/dags/ingest_dwh_daily.py took 2.215 seconds
[2023-02-27T03:19:50.716+0000] {processor.py:154} INFO - 🤪 Started process (PID=4786) to work on /airflow/dags/ingest_dwh_daily.py
[2023-02-27T03:19:50.736+0000] {processor.py:756} INFO - 🤪 Processing file /airflow/dags/ingest_dwh_daily.py for tasks to queue
[2023-02-27T03:19:50.761+0000] {logging_mixin.py:137} INFO - 🤪 [2023-02-27T03:19:50.759+0000] {dagbag.py:537} INFO - 🤪 Filling up the DagBag from /airflow/dags/ingest_dwh_daily.py
[2023-02-27T03:19:55.201+0000] {processor.py:766} INFO - 🤪 DAG(s) dict_keys(['get_raw_data_from_sources']) retrieved from /airflow/dags/ingest_dwh_daily.py
[2023-02-27T03:19:55.353+0000] {logging_mixin.py:137} INFO - 🤪 [2023-02-27T03:19:55.352+0000] {dag.py:2585} INFO - 🤪 Sync 1 DAGs
[2023-02-27T03:19:55.538+0000] {logging_mixin.py:137} INFO - 🤪 [2023-02-27T03:19:55.537+0000] {dag.py:3336} INFO - 🤪 Setting next_dagrun for get_raw_data_from_sources to 2023-02-25T19:00:00+00:00, run_after=2023-02-26T19:00:00+00:00
[2023-02-27T03:19:55.669+0000] {processor.py:176} INFO - 🤪 Processing /airflow/dags/ingest_dwh_daily.py took 5.001 seconds
[2023-02-27T18:08:22.779+0000] {processor.py:154} INFO - 🤪 Started process (PID=48) to work on /airflow/dags/ingest_dwh_daily.py
[2023-02-27T18:08:22.782+0000] {processor.py:756} INFO - 🤪 Processing file /airflow/dags/ingest_dwh_daily.py for tasks to queue
[2023-02-27T18:08:22.784+0000] {logging_mixin.py:137} INFO - 🤪 [2023-02-27T18:08:22.784+0000] {dagbag.py:537} INFO - 🤪 Filling up the DagBag from /airflow/dags/ingest_dwh_daily.py
[2023-02-27T18:08:23.305+0000] {processor.py:766} INFO - 🤪 DAG(s) dict_keys(['get_raw_data_from_sources']) retrieved from /airflow/dags/ingest_dwh_daily.py
[2023-02-27T18:08:23.458+0000] {logging_mixin.py:137} INFO - 🤪 [2023-02-27T18:08:23.458+0000] {manager.py:507} INFO - 🤪 Created Permission View: can read on DAG:get_raw_data_from_sources
[2023-02-27T18:08:23.479+0000] {logging_mixin.py:137} INFO - 🤪 [2023-02-27T18:08:23.478+0000] {manager.py:507} INFO - 🤪 Created Permission View: can delete on DAG:get_raw_data_from_sources
[2023-02-27T18:08:23.492+0000] {logging_mixin.py:137} INFO - 🤪 [2023-02-27T18:08:23.492+0000] {manager.py:507} INFO - 🤪 Created Permission View: can edit on DAG:get_raw_data_from_sources
[2023-02-27T18:08:23.494+0000] {logging_mixin.py:137} INFO - 🤪 [2023-02-27T18:08:23.494+0000] {dag.py:2585} INFO - 🤪 Sync 1 DAGs
[2023-02-27T18:08:23.518+0000] {logging_mixin.py:137} INFO - 🤪 [2023-02-27T18:08:23.518+0000] {dag.py:2606} INFO - 🤪 Creating ORM DAG for get_raw_data_from_sources
[2023-02-27T18:08:23.539+0000] {logging_mixin.py:137} INFO - 🤪 [2023-02-27T18:08:23.539+0000] {dag.py:3336} INFO - 🤪 Setting next_dagrun for get_raw_data_from_sources to 2023-02-25T19:00:00+00:00, run_after=2023-02-26T19:00:00+00:00
[2023-02-27T18:08:23.583+0000] {processor.py:176} INFO - 🤪 Processing /airflow/dags/ingest_dwh_daily.py took 0.808 seconds
[2023-02-27T18:08:53.863+0000] {processor.py:154} INFO - 🤪 Started process (PID=56) to work on /airflow/dags/ingest_dwh_daily.py
[2023-02-27T18:08:53.866+0000] {processor.py:756} INFO - 🤪 Processing file /airflow/dags/ingest_dwh_daily.py for tasks to queue
[2023-02-27T18:08:53.869+0000] {logging_mixin.py:137} INFO - 🤪 [2023-02-27T18:08:53.869+0000] {dagbag.py:537} INFO - 🤪 Filling up the DagBag from /airflow/dags/ingest_dwh_daily.py
[2023-02-27T18:08:54.439+0000] {processor.py:766} INFO - 🤪 DAG(s) dict_keys(['get_raw_data_from_sources']) retrieved from /airflow/dags/ingest_dwh_daily.py
[2023-02-27T18:08:54.464+0000] {logging_mixin.py:137} INFO - 🤪 [2023-02-27T18:08:54.464+0000] {dag.py:2585} INFO - 🤪 Sync 1 DAGs
[2023-02-27T18:08:54.491+0000] {logging_mixin.py:137} INFO - 🤪 [2023-02-27T18:08:54.491+0000] {dag.py:3336} INFO - 🤪 Setting next_dagrun for get_raw_data_from_sources to 2023-02-25T19:00:00+00:00, run_after=2023-02-26T19:00:00+00:00
[2023-02-27T18:08:54.519+0000] {processor.py:176} INFO - 🤪 Processing /airflow/dags/ingest_dwh_daily.py took 0.664 seconds
[2023-02-27T18:09:24.820+0000] {processor.py:154} INFO - 🤪 Started process (PID=60) to work on /airflow/dags/ingest_dwh_daily.py
[2023-02-27T18:09:24.823+0000] {processor.py:756} INFO - 🤪 Processing file /airflow/dags/ingest_dwh_daily.py for tasks to queue
[2023-02-27T18:09:24.826+0000] {logging_mixin.py:137} INFO - 🤪 [2023-02-27T18:09:24.825+0000] {dagbag.py:537} INFO - 🤪 Filling up the DagBag from /airflow/dags/ingest_dwh_daily.py
[2023-02-27T18:09:25.289+0000] {processor.py:766} INFO - 🤪 DAG(s) dict_keys(['get_raw_data_from_sources']) retrieved from /airflow/dags/ingest_dwh_daily.py
[2023-02-27T18:09:25.316+0000] {logging_mixin.py:137} INFO - 🤪 [2023-02-27T18:09:25.316+0000] {dag.py:2585} INFO - 🤪 Sync 1 DAGs
[2023-02-27T18:09:25.349+0000] {logging_mixin.py:137} INFO - 🤪 [2023-02-27T18:09:25.349+0000] {dag.py:3336} INFO - 🤪 Setting next_dagrun for get_raw_data_from_sources to 2023-02-25T19:00:00+00:00, run_after=2023-02-26T19:00:00+00:00
[2023-02-27T18:09:25.372+0000] {processor.py:176} INFO - 🤪 Processing /airflow/dags/ingest_dwh_daily.py took 0.557 seconds
[2023-02-27T18:09:57.030+0000] {processor.py:154} INFO - 🤪 Started process (PID=64) to work on /airflow/dags/ingest_dwh_daily.py
[2023-02-27T18:09:57.032+0000] {processor.py:756} INFO - 🤪 Processing file /airflow/dags/ingest_dwh_daily.py for tasks to queue
[2023-02-27T18:09:57.034+0000] {logging_mixin.py:137} INFO - 🤪 [2023-02-27T18:09:57.034+0000] {dagbag.py:537} INFO - 🤪 Filling up the DagBag from /airflow/dags/ingest_dwh_daily.py
[2023-02-27T18:09:57.892+0000] {processor.py:766} INFO - 🤪 DAG(s) dict_keys(['get_raw_data_from_sources']) retrieved from /airflow/dags/ingest_dwh_daily.py
[2023-02-27T18:09:57.962+0000] {logging_mixin.py:137} INFO - 🤪 [2023-02-27T18:09:57.961+0000] {dag.py:2585} INFO - 🤪 Sync 1 DAGs
[2023-02-27T18:09:58.006+0000] {logging_mixin.py:137} INFO - 🤪 [2023-02-27T18:09:58.006+0000] {dag.py:3336} INFO - 🤪 Setting next_dagrun for get_raw_data_from_sources to 2023-02-25T19:00:00+00:00, run_after=2023-02-26T19:00:00+00:00
[2023-02-27T18:09:58.047+0000] {processor.py:176} INFO - 🤪 Processing /airflow/dags/ingest_dwh_daily.py took 1.023 seconds
[2023-02-27T18:10:32.589+0000] {processor.py:154} INFO - 🤪 Started process (PID=68) to work on /airflow/dags/ingest_dwh_daily.py
[2023-02-27T18:10:32.595+0000] {processor.py:756} INFO - 🤪 Processing file /airflow/dags/ingest_dwh_daily.py for tasks to queue
[2023-02-27T18:10:32.597+0000] {logging_mixin.py:137} INFO - 🤪 [2023-02-27T18:10:32.597+0000] {dagbag.py:537} INFO - 🤪 Filling up the DagBag from /airflow/dags/ingest_dwh_daily.py
[2023-02-27T18:10:34.423+0000] {processor.py:766} INFO - 🤪 DAG(s) dict_keys(['get_raw_data_from_sources']) retrieved from /airflow/dags/ingest_dwh_daily.py
[2023-02-27T18:10:34.495+0000] {logging_mixin.py:137} INFO - 🤪 [2023-02-27T18:10:34.495+0000] {dag.py:2585} INFO - 🤪 Sync 1 DAGs
[2023-02-27T18:10:34.563+0000] {logging_mixin.py:137} INFO - 🤪 [2023-02-27T18:10:34.563+0000] {dag.py:3336} INFO - 🤪 Setting next_dagrun for get_raw_data_from_sources to 2023-02-25T19:00:00+00:00, run_after=2023-02-26T19:00:00+00:00
[2023-02-27T18:10:34.611+0000] {processor.py:176} INFO - 🤪 Processing /airflow/dags/ingest_dwh_daily.py took 2.030 seconds
[2023-02-27T18:11:04.838+0000] {processor.py:154} INFO - 🤪 Started process (PID=72) to work on /airflow/dags/ingest_dwh_daily.py
[2023-02-27T18:11:04.839+0000] {processor.py:756} INFO - 🤪 Processing file /airflow/dags/ingest_dwh_daily.py for tasks to queue
[2023-02-27T18:11:04.841+0000] {logging_mixin.py:137} INFO - 🤪 [2023-02-27T18:11:04.841+0000] {dagbag.py:537} INFO - 🤪 Filling up the DagBag from /airflow/dags/ingest_dwh_daily.py
[2023-02-27T18:11:05.361+0000] {processor.py:766} INFO - 🤪 DAG(s) dict_keys(['get_raw_data_from_sources']) retrieved from /airflow/dags/ingest_dwh_daily.py
[2023-02-27T18:11:05.392+0000] {logging_mixin.py:137} INFO - 🤪 [2023-02-27T18:11:05.392+0000] {dag.py:2585} INFO - 🤪 Sync 1 DAGs
[2023-02-27T18:11:05.423+0000] {logging_mixin.py:137} INFO - 🤪 [2023-02-27T18:11:05.422+0000] {dag.py:3336} INFO - 🤪 Setting next_dagrun for get_raw_data_from_sources to 2023-02-25T19:00:00+00:00, run_after=2023-02-26T19:00:00+00:00
[2023-02-27T18:11:05.449+0000] {processor.py:176} INFO - 🤪 Processing /airflow/dags/ingest_dwh_daily.py took 0.615 seconds
[2023-02-27T18:11:35.610+0000] {processor.py:154} INFO - 🤪 Started process (PID=76) to work on /airflow/dags/ingest_dwh_daily.py
[2023-02-27T18:11:35.614+0000] {processor.py:756} INFO - 🤪 Processing file /airflow/dags/ingest_dwh_daily.py for tasks to queue
[2023-02-27T18:11:35.616+0000] {logging_mixin.py:137} INFO - 🤪 [2023-02-27T18:11:35.615+0000] {dagbag.py:537} INFO - 🤪 Filling up the DagBag from /airflow/dags/ingest_dwh_daily.py
[2023-02-27T18:11:36.076+0000] {processor.py:766} INFO - 🤪 DAG(s) dict_keys(['get_raw_data_from_sources']) retrieved from /airflow/dags/ingest_dwh_daily.py
[2023-02-27T18:11:36.113+0000] {logging_mixin.py:137} INFO - 🤪 [2023-02-27T18:11:36.112+0000] {dag.py:2585} INFO - 🤪 Sync 1 DAGs
[2023-02-27T18:11:36.148+0000] {logging_mixin.py:137} INFO - 🤪 [2023-02-27T18:11:36.148+0000] {dag.py:3336} INFO - 🤪 Setting next_dagrun for get_raw_data_from_sources to 2023-02-25T19:00:00+00:00, run_after=2023-02-26T19:00:00+00:00
[2023-02-27T18:11:36.178+0000] {processor.py:176} INFO - 🤪 Processing /airflow/dags/ingest_dwh_daily.py took 0.573 seconds
[2023-02-27T18:12:06.323+0000] {processor.py:154} INFO - 🤪 Started process (PID=80) to work on /airflow/dags/ingest_dwh_daily.py
[2023-02-27T18:12:06.325+0000] {processor.py:756} INFO - 🤪 Processing file /airflow/dags/ingest_dwh_daily.py for tasks to queue
[2023-02-27T18:12:06.329+0000] {logging_mixin.py:137} INFO - 🤪 [2023-02-27T18:12:06.328+0000] {dagbag.py:537} INFO - 🤪 Filling up the DagBag from /airflow/dags/ingest_dwh_daily.py
[2023-02-27T18:12:07.051+0000] {processor.py:766} INFO - 🤪 DAG(s) dict_keys(['get_raw_data_from_sources']) retrieved from /airflow/dags/ingest_dwh_daily.py
[2023-02-27T18:12:07.112+0000] {logging_mixin.py:137} INFO - 🤪 [2023-02-27T18:12:07.111+0000] {dag.py:2585} INFO - 🤪 Sync 1 DAGs
[2023-02-27T18:12:07.177+0000] {logging_mixin.py:137} INFO - 🤪 [2023-02-27T18:12:07.176+0000] {dag.py:3336} INFO - 🤪 Setting next_dagrun for get_raw_data_from_sources to 2023-02-25T19:00:00+00:00, run_after=2023-02-26T19:00:00+00:00
[2023-02-27T18:12:07.217+0000] {processor.py:176} INFO - 🤪 Processing /airflow/dags/ingest_dwh_daily.py took 0.898 seconds
[2023-02-27T18:12:37.473+0000] {processor.py:154} INFO - 🤪 Started process (PID=84) to work on /airflow/dags/ingest_dwh_daily.py
[2023-02-27T18:12:37.475+0000] {processor.py:756} INFO - 🤪 Processing file /airflow/dags/ingest_dwh_daily.py for tasks to queue
[2023-02-27T18:12:37.478+0000] {logging_mixin.py:137} INFO - 🤪 [2023-02-27T18:12:37.478+0000] {dagbag.py:537} INFO - 🤪 Filling up the DagBag from /airflow/dags/ingest_dwh_daily.py
[2023-02-27T18:12:37.979+0000] {processor.py:766} INFO - 🤪 DAG(s) dict_keys(['get_raw_data_from_sources']) retrieved from /airflow/dags/ingest_dwh_daily.py
[2023-02-27T18:12:38.008+0000] {logging_mixin.py:137} INFO - 🤪 [2023-02-27T18:12:38.008+0000] {dag.py:2585} INFO - 🤪 Sync 1 DAGs
[2023-02-27T18:12:38.037+0000] {logging_mixin.py:137} INFO - 🤪 [2023-02-27T18:12:38.037+0000] {dag.py:3336} INFO - 🤪 Setting next_dagrun for get_raw_data_from_sources to 2023-02-25T19:00:00+00:00, run_after=2023-02-26T19:00:00+00:00
[2023-02-27T18:12:38.073+0000] {processor.py:176} INFO - 🤪 Processing /airflow/dags/ingest_dwh_daily.py took 0.610 seconds
[2023-02-27T18:13:08.253+0000] {processor.py:154} INFO - 🤪 Started process (PID=88) to work on /airflow/dags/ingest_dwh_daily.py
[2023-02-27T18:13:08.261+0000] {processor.py:756} INFO - 🤪 Processing file /airflow/dags/ingest_dwh_daily.py for tasks to queue
[2023-02-27T18:13:08.262+0000] {logging_mixin.py:137} INFO - 🤪 [2023-02-27T18:13:08.262+0000] {dagbag.py:537} INFO - 🤪 Filling up the DagBag from /airflow/dags/ingest_dwh_daily.py
[2023-02-27T18:13:08.737+0000] {processor.py:766} INFO - 🤪 DAG(s) dict_keys(['get_raw_data_from_sources']) retrieved from /airflow/dags/ingest_dwh_daily.py
[2023-02-27T18:13:08.761+0000] {logging_mixin.py:137} INFO - 🤪 [2023-02-27T18:13:08.760+0000] {dag.py:2585} INFO - 🤪 Sync 1 DAGs
[2023-02-27T18:13:08.784+0000] {logging_mixin.py:137} INFO - 🤪 [2023-02-27T18:13:08.784+0000] {dag.py:3336} INFO - 🤪 Setting next_dagrun for get_raw_data_from_sources to 2023-02-25T19:00:00+00:00, run_after=2023-02-26T19:00:00+00:00
[2023-02-27T18:13:08.807+0000] {processor.py:176} INFO - 🤪 Processing /airflow/dags/ingest_dwh_daily.py took 0.559 seconds
[2023-02-27T18:13:38.955+0000] {processor.py:154} INFO - 🤪 Started process (PID=92) to work on /airflow/dags/ingest_dwh_daily.py
[2023-02-27T18:13:38.964+0000] {processor.py:756} INFO - 🤪 Processing file /airflow/dags/ingest_dwh_daily.py for tasks to queue
[2023-02-27T18:13:38.965+0000] {logging_mixin.py:137} INFO - 🤪 [2023-02-27T18:13:38.965+0000] {dagbag.py:537} INFO - 🤪 Filling up the DagBag from /airflow/dags/ingest_dwh_daily.py
[2023-02-27T18:13:39.384+0000] {processor.py:766} INFO - 🤪 DAG(s) dict_keys(['get_raw_data_from_sources']) retrieved from /airflow/dags/ingest_dwh_daily.py
[2023-02-27T18:13:39.428+0000] {logging_mixin.py:137} INFO - 🤪 [2023-02-27T18:13:39.427+0000] {dag.py:2585} INFO - 🤪 Sync 1 DAGs
[2023-02-27T18:13:39.458+0000] {logging_mixin.py:137} INFO - 🤪 [2023-02-27T18:13:39.458+0000] {dag.py:3336} INFO - 🤪 Setting next_dagrun for get_raw_data_from_sources to 2023-02-25T19:00:00+00:00, run_after=2023-02-26T19:00:00+00:00
[2023-02-27T18:13:39.483+0000] {processor.py:176} INFO - 🤪 Processing /airflow/dags/ingest_dwh_daily.py took 0.533 seconds
[2023-02-27T18:14:09.645+0000] {processor.py:154} INFO - 🤪 Started process (PID=96) to work on /airflow/dags/ingest_dwh_daily.py
[2023-02-27T18:14:09.650+0000] {processor.py:756} INFO - 🤪 Processing file /airflow/dags/ingest_dwh_daily.py for tasks to queue
[2023-02-27T18:14:09.652+0000] {logging_mixin.py:137} INFO - 🤪 [2023-02-27T18:14:09.652+0000] {dagbag.py:537} INFO - 🤪 Filling up the DagBag from /airflow/dags/ingest_dwh_daily.py
[2023-02-27T18:14:10.340+0000] {processor.py:766} INFO - 🤪 DAG(s) dict_keys(['get_raw_data_from_sources']) retrieved from /airflow/dags/ingest_dwh_daily.py
[2023-02-27T18:14:10.394+0000] {logging_mixin.py:137} INFO - 🤪 [2023-02-27T18:14:10.394+0000] {dag.py:2585} INFO - 🤪 Sync 1 DAGs
[2023-02-27T18:14:10.423+0000] {logging_mixin.py:137} INFO - 🤪 [2023-02-27T18:14:10.422+0000] {dag.py:3336} INFO - 🤪 Setting next_dagrun for get_raw_data_from_sources to 2023-02-25T19:00:00+00:00, run_after=2023-02-26T19:00:00+00:00
[2023-02-27T18:14:10.457+0000] {processor.py:176} INFO - 🤪 Processing /airflow/dags/ingest_dwh_daily.py took 0.817 seconds
[2023-02-27T18:14:40.659+0000] {processor.py:154} INFO - 🤪 Started process (PID=100) to work on /airflow/dags/ingest_dwh_daily.py
[2023-02-27T18:14:40.661+0000] {processor.py:756} INFO - 🤪 Processing file /airflow/dags/ingest_dwh_daily.py for tasks to queue
[2023-02-27T18:14:40.663+0000] {logging_mixin.py:137} INFO - 🤪 [2023-02-27T18:14:40.663+0000] {dagbag.py:537} INFO - 🤪 Filling up the DagBag from /airflow/dags/ingest_dwh_daily.py
[2023-02-27T18:14:41.280+0000] {processor.py:766} INFO - 🤪 DAG(s) dict_keys(['get_raw_data_from_sources']) retrieved from /airflow/dags/ingest_dwh_daily.py
[2023-02-27T18:14:41.314+0000] {logging_mixin.py:137} INFO - 🤪 [2023-02-27T18:14:41.314+0000] {dag.py:2585} INFO - 🤪 Sync 1 DAGs
[2023-02-27T18:14:41.357+0000] {logging_mixin.py:137} INFO - 🤪 [2023-02-27T18:14:41.356+0000] {dag.py:3336} INFO - 🤪 Setting next_dagrun for get_raw_data_from_sources to 2023-02-25T19:00:00+00:00, run_after=2023-02-26T19:00:00+00:00
[2023-02-27T18:14:41.390+0000] {processor.py:176} INFO - 🤪 Processing /airflow/dags/ingest_dwh_daily.py took 0.736 seconds
[2023-02-27T18:15:11.570+0000] {processor.py:154} INFO - 🤪 Started process (PID=104) to work on /airflow/dags/ingest_dwh_daily.py
[2023-02-27T18:15:11.572+0000] {processor.py:756} INFO - 🤪 Processing file /airflow/dags/ingest_dwh_daily.py for tasks to queue
[2023-02-27T18:15:11.575+0000] {logging_mixin.py:137} INFO - 🤪 [2023-02-27T18:15:11.574+0000] {dagbag.py:537} INFO - 🤪 Filling up the DagBag from /airflow/dags/ingest_dwh_daily.py
[2023-02-27T18:15:12.170+0000] {processor.py:766} INFO - 🤪 DAG(s) dict_keys(['get_raw_data_from_sources']) retrieved from /airflow/dags/ingest_dwh_daily.py
[2023-02-27T18:15:12.203+0000] {logging_mixin.py:137} INFO - 🤪 [2023-02-27T18:15:12.203+0000] {dag.py:2585} INFO - 🤪 Sync 1 DAGs
[2023-02-27T18:15:12.235+0000] {logging_mixin.py:137} INFO - 🤪 [2023-02-27T18:15:12.234+0000] {dag.py:3336} INFO - 🤪 Setting next_dagrun for get_raw_data_from_sources to 2023-02-25T19:00:00+00:00, run_after=2023-02-26T19:00:00+00:00
[2023-02-27T18:15:12.274+0000] {processor.py:176} INFO - 🤪 Processing /airflow/dags/ingest_dwh_daily.py took 0.709 seconds
[2023-02-27T18:15:42.474+0000] {processor.py:154} INFO - 🤪 Started process (PID=108) to work on /airflow/dags/ingest_dwh_daily.py
[2023-02-27T18:15:42.476+0000] {processor.py:756} INFO - 🤪 Processing file /airflow/dags/ingest_dwh_daily.py for tasks to queue
[2023-02-27T18:15:42.478+0000] {logging_mixin.py:137} INFO - 🤪 [2023-02-27T18:15:42.478+0000] {dagbag.py:537} INFO - 🤪 Filling up the DagBag from /airflow/dags/ingest_dwh_daily.py
[2023-02-27T18:15:42.994+0000] {processor.py:766} INFO - 🤪 DAG(s) dict_keys(['get_raw_data_from_sources']) retrieved from /airflow/dags/ingest_dwh_daily.py
[2023-02-27T18:15:43.026+0000] {logging_mixin.py:137} INFO - 🤪 [2023-02-27T18:15:43.026+0000] {dag.py:2585} INFO - 🤪 Sync 1 DAGs
[2023-02-27T18:15:43.054+0000] {logging_mixin.py:137} INFO - 🤪 [2023-02-27T18:15:43.054+0000] {dag.py:3336} INFO - 🤪 Setting next_dagrun for get_raw_data_from_sources to 2023-02-25T19:00:00+00:00, run_after=2023-02-26T19:00:00+00:00
[2023-02-27T18:15:43.087+0000] {processor.py:176} INFO - 🤪 Processing /airflow/dags/ingest_dwh_daily.py took 0.618 seconds
[2023-02-27T18:16:13.252+0000] {processor.py:154} INFO - 🤪 Started process (PID=112) to work on /airflow/dags/ingest_dwh_daily.py
[2023-02-27T18:16:13.254+0000] {processor.py:756} INFO - 🤪 Processing file /airflow/dags/ingest_dwh_daily.py for tasks to queue
[2023-02-27T18:16:13.257+0000] {logging_mixin.py:137} INFO - 🤪 [2023-02-27T18:16:13.257+0000] {dagbag.py:537} INFO - 🤪 Filling up the DagBag from /airflow/dags/ingest_dwh_daily.py
[2023-02-27T18:16:13.618+0000] {processor.py:766} INFO - 🤪 DAG(s) dict_keys(['get_raw_data_from_sources']) retrieved from /airflow/dags/ingest_dwh_daily.py
[2023-02-27T18:16:13.649+0000] {logging_mixin.py:137} INFO - 🤪 [2023-02-27T18:16:13.649+0000] {dag.py:2585} INFO - 🤪 Sync 1 DAGs
[2023-02-27T18:16:13.680+0000] {logging_mixin.py:137} INFO - 🤪 [2023-02-27T18:16:13.679+0000] {dag.py:3336} INFO - 🤪 Setting next_dagrun for get_raw_data_from_sources to 2023-02-25T19:00:00+00:00, run_after=2023-02-26T19:00:00+00:00
[2023-02-27T18:16:13.718+0000] {processor.py:176} INFO - 🤪 Processing /airflow/dags/ingest_dwh_daily.py took 0.472 seconds
[2023-02-27T18:16:43.842+0000] {processor.py:154} INFO - 🤪 Started process (PID=116) to work on /airflow/dags/ingest_dwh_daily.py
[2023-02-27T18:16:43.844+0000] {processor.py:756} INFO - 🤪 Processing file /airflow/dags/ingest_dwh_daily.py for tasks to queue
[2023-02-27T18:16:43.849+0000] {logging_mixin.py:137} INFO - 🤪 [2023-02-27T18:16:43.848+0000] {dagbag.py:537} INFO - 🤪 Filling up the DagBag from /airflow/dags/ingest_dwh_daily.py
[2023-02-27T18:16:44.276+0000] {processor.py:766} INFO - 🤪 DAG(s) dict_keys(['get_raw_data_from_sources']) retrieved from /airflow/dags/ingest_dwh_daily.py
[2023-02-27T18:16:44.314+0000] {logging_mixin.py:137} INFO - 🤪 [2023-02-27T18:16:44.314+0000] {dag.py:2585} INFO - 🤪 Sync 1 DAGs
[2023-02-27T18:16:44.346+0000] {logging_mixin.py:137} INFO - 🤪 [2023-02-27T18:16:44.346+0000] {dag.py:3336} INFO - 🤪 Setting next_dagrun for get_raw_data_from_sources to 2023-02-25T19:00:00+00:00, run_after=2023-02-26T19:00:00+00:00
[2023-02-27T18:16:44.457+0000] {processor.py:176} INFO - 🤪 Processing /airflow/dags/ingest_dwh_daily.py took 0.620 seconds
[2023-02-27T18:17:14.616+0000] {processor.py:154} INFO - 🤪 Started process (PID=120) to work on /airflow/dags/ingest_dwh_daily.py
[2023-02-27T18:17:14.619+0000] {processor.py:756} INFO - 🤪 Processing file /airflow/dags/ingest_dwh_daily.py for tasks to queue
[2023-02-27T18:17:14.620+0000] {logging_mixin.py:137} INFO - 🤪 [2023-02-27T18:17:14.620+0000] {dagbag.py:537} INFO - 🤪 Filling up the DagBag from /airflow/dags/ingest_dwh_daily.py
[2023-02-27T18:17:14.946+0000] {processor.py:766} INFO - 🤪 DAG(s) dict_keys(['get_raw_data_from_sources']) retrieved from /airflow/dags/ingest_dwh_daily.py
[2023-02-27T18:17:14.984+0000] {logging_mixin.py:137} INFO - 🤪 [2023-02-27T18:17:14.984+0000] {dag.py:2585} INFO - 🤪 Sync 1 DAGs
[2023-02-27T18:17:15.023+0000] {logging_mixin.py:137} INFO - 🤪 [2023-02-27T18:17:15.023+0000] {dag.py:3336} INFO - 🤪 Setting next_dagrun for get_raw_data_from_sources to 2023-02-25T19:00:00+00:00, run_after=2023-02-26T19:00:00+00:00
[2023-02-27T18:17:15.058+0000] {processor.py:176} INFO - 🤪 Processing /airflow/dags/ingest_dwh_daily.py took 0.447 seconds
[2023-02-27T18:17:45.198+0000] {processor.py:154} INFO - 🤪 Started process (PID=124) to work on /airflow/dags/ingest_dwh_daily.py
[2023-02-27T18:17:45.206+0000] {processor.py:756} INFO - 🤪 Processing file /airflow/dags/ingest_dwh_daily.py for tasks to queue
[2023-02-27T18:17:45.208+0000] {logging_mixin.py:137} INFO - 🤪 [2023-02-27T18:17:45.207+0000] {dagbag.py:537} INFO - 🤪 Filling up the DagBag from /airflow/dags/ingest_dwh_daily.py
[2023-02-27T18:17:45.549+0000] {processor.py:766} INFO - 🤪 DAG(s) dict_keys(['get_raw_data_from_sources']) retrieved from /airflow/dags/ingest_dwh_daily.py
[2023-02-27T18:17:45.580+0000] {logging_mixin.py:137} INFO - 🤪 [2023-02-27T18:17:45.580+0000] {dag.py:2585} INFO - 🤪 Sync 1 DAGs
[2023-02-27T18:17:45.611+0000] {logging_mixin.py:137} INFO - 🤪 [2023-02-27T18:17:45.611+0000] {dag.py:3336} INFO - 🤪 Setting next_dagrun for get_raw_data_from_sources to 2023-02-25T19:00:00+00:00, run_after=2023-02-26T19:00:00+00:00
[2023-02-27T18:17:45.636+0000] {processor.py:176} INFO - 🤪 Processing /airflow/dags/ingest_dwh_daily.py took 0.443 seconds
[2023-02-27T18:18:15.770+0000] {processor.py:154} INFO - 🤪 Started process (PID=128) to work on /airflow/dags/ingest_dwh_daily.py
[2023-02-27T18:18:15.772+0000] {processor.py:756} INFO - 🤪 Processing file /airflow/dags/ingest_dwh_daily.py for tasks to queue
[2023-02-27T18:18:15.774+0000] {logging_mixin.py:137} INFO - 🤪 [2023-02-27T18:18:15.774+0000] {dagbag.py:537} INFO - 🤪 Filling up the DagBag from /airflow/dags/ingest_dwh_daily.py
[2023-02-27T18:18:16.176+0000] {processor.py:766} INFO - 🤪 DAG(s) dict_keys(['get_raw_data_from_sources']) retrieved from /airflow/dags/ingest_dwh_daily.py
[2023-02-27T18:18:16.219+0000] {logging_mixin.py:137} INFO - 🤪 [2023-02-27T18:18:16.219+0000] {dag.py:2585} INFO - 🤪 Sync 1 DAGs
[2023-02-27T18:18:16.264+0000] {logging_mixin.py:137} INFO - 🤪 [2023-02-27T18:18:16.263+0000] {dag.py:3336} INFO - 🤪 Setting next_dagrun for get_raw_data_from_sources to 2023-02-25T19:00:00+00:00, run_after=2023-02-26T19:00:00+00:00
[2023-02-27T18:18:16.300+0000] {processor.py:176} INFO - 🤪 Processing /airflow/dags/ingest_dwh_daily.py took 0.534 seconds
[2023-02-27T18:18:49.065+0000] {processor.py:154} INFO - 🤪 Started process (PID=132) to work on /airflow/dags/ingest_dwh_daily.py
[2023-02-27T18:18:49.072+0000] {processor.py:756} INFO - 🤪 Processing file /airflow/dags/ingest_dwh_daily.py for tasks to queue
[2023-02-27T18:18:49.081+0000] {logging_mixin.py:137} INFO - 🤪 [2023-02-27T18:18:49.080+0000] {dagbag.py:537} INFO - 🤪 Filling up the DagBag from /airflow/dags/ingest_dwh_daily.py
[2023-02-27T18:18:50.758+0000] {processor.py:766} INFO - 🤪 DAG(s) dict_keys(['get_raw_data_from_sources']) retrieved from /airflow/dags/ingest_dwh_daily.py
[2023-02-27T18:18:50.922+0000] {logging_mixin.py:137} INFO - 🤪 [2023-02-27T18:18:50.921+0000] {dag.py:2585} INFO - 🤪 Sync 1 DAGs
[2023-02-27T18:18:51.075+0000] {logging_mixin.py:137} INFO - 🤪 [2023-02-27T18:18:51.074+0000] {dag.py:3336} INFO - 🤪 Setting next_dagrun for get_raw_data_from_sources to 2023-02-25T19:00:00+00:00, run_after=2023-02-26T19:00:00+00:00
[2023-02-27T18:18:51.206+0000] {processor.py:176} INFO - 🤪 Processing /airflow/dags/ingest_dwh_daily.py took 2.184 seconds
[2023-02-27T18:21:58.444+0000] {processor.py:154} INFO - 🤪 Started process (PID=137) to work on /airflow/dags/ingest_dwh_daily.py
[2023-02-27T18:21:58.482+0000] {processor.py:756} INFO - 🤪 Processing file /airflow/dags/ingest_dwh_daily.py for tasks to queue
[2023-02-27T18:21:58.576+0000] {logging_mixin.py:137} INFO - 🤪 [2023-02-27T18:21:58.551+0000] {dagbag.py:537} INFO - 🤪 Filling up the DagBag from /airflow/dags/ingest_dwh_daily.py
[2023-02-27T18:22:07.815+0000] {processor.py:766} INFO - 🤪 DAG(s) dict_keys(['get_raw_data_from_sources']) retrieved from /airflow/dags/ingest_dwh_daily.py
[2023-02-27T18:22:08.350+0000] {logging_mixin.py:137} INFO - 🤪 [2023-02-27T18:22:08.348+0000] {dag.py:2585} INFO - 🤪 Sync 1 DAGs
[2023-02-27T18:22:09.402+0000] {logging_mixin.py:137} INFO - 🤪 [2023-02-27T18:22:09.401+0000] {dag.py:3336} INFO - 🤪 Setting next_dagrun for get_raw_data_from_sources to 2023-02-25T19:00:00+00:00, run_after=2023-02-26T19:00:00+00:00
[2023-02-27T18:22:09.999+0000] {processor.py:176} INFO - 🤪 Processing /airflow/dags/ingest_dwh_daily.py took 11.690 seconds
[2023-02-27T18:22:42.847+0000] {processor.py:154} INFO - 🤪 Started process (PID=141) to work on /airflow/dags/ingest_dwh_daily.py
[2023-02-27T18:22:42.855+0000] {processor.py:756} INFO - 🤪 Processing file /airflow/dags/ingest_dwh_daily.py for tasks to queue
[2023-02-27T18:22:42.864+0000] {logging_mixin.py:137} INFO - 🤪 [2023-02-27T18:22:42.863+0000] {dagbag.py:537} INFO - 🤪 Filling up the DagBag from /airflow/dags/ingest_dwh_daily.py
[2023-02-27T18:22:45.096+0000] {processor.py:766} INFO - 🤪 DAG(s) dict_keys(['get_raw_data_from_sources']) retrieved from /airflow/dags/ingest_dwh_daily.py
[2023-02-27T18:22:45.391+0000] {logging_mixin.py:137} INFO - 🤪 [2023-02-27T18:22:45.390+0000] {dag.py:2585} INFO - 🤪 Sync 1 DAGs
[2023-02-27T18:22:46.084+0000] {logging_mixin.py:137} INFO - 🤪 [2023-02-27T18:22:46.083+0000] {dag.py:3336} INFO - 🤪 Setting next_dagrun for get_raw_data_from_sources to 2023-02-25T19:00:00+00:00, run_after=2023-02-26T19:00:00+00:00
[2023-02-27T18:22:46.268+0000] {processor.py:176} INFO - 🤪 Processing /airflow/dags/ingest_dwh_daily.py took 3.444 seconds
[2023-02-27T18:23:16.413+0000] {processor.py:154} INFO - 🤪 Started process (PID=145) to work on /airflow/dags/ingest_dwh_daily.py
[2023-02-27T18:23:16.415+0000] {processor.py:756} INFO - 🤪 Processing file /airflow/dags/ingest_dwh_daily.py for tasks to queue
[2023-02-27T18:23:16.416+0000] {logging_mixin.py:137} INFO - 🤪 [2023-02-27T18:23:16.416+0000] {dagbag.py:537} INFO - 🤪 Filling up the DagBag from /airflow/dags/ingest_dwh_daily.py
[2023-02-27T18:23:16.749+0000] {processor.py:766} INFO - 🤪 DAG(s) dict_keys(['get_raw_data_from_sources']) retrieved from /airflow/dags/ingest_dwh_daily.py
[2023-02-27T18:23:16.790+0000] {logging_mixin.py:137} INFO - 🤪 [2023-02-27T18:23:16.789+0000] {dag.py:2585} INFO - 🤪 Sync 1 DAGs
[2023-02-27T18:23:16.836+0000] {logging_mixin.py:137} INFO - 🤪 [2023-02-27T18:23:16.836+0000] {dag.py:3336} INFO - 🤪 Setting next_dagrun for get_raw_data_from_sources to 2023-02-25T19:00:00+00:00, run_after=2023-02-26T19:00:00+00:00
[2023-02-27T18:23:16.872+0000] {processor.py:176} INFO - 🤪 Processing /airflow/dags/ingest_dwh_daily.py took 0.463 seconds
[2023-02-27T18:23:47.047+0000] {processor.py:154} INFO - 🤪 Started process (PID=149) to work on /airflow/dags/ingest_dwh_daily.py
[2023-02-27T18:23:47.049+0000] {processor.py:756} INFO - 🤪 Processing file /airflow/dags/ingest_dwh_daily.py for tasks to queue
[2023-02-27T18:23:47.051+0000] {logging_mixin.py:137} INFO - 🤪 [2023-02-27T18:23:47.051+0000] {dagbag.py:537} INFO - 🤪 Filling up the DagBag from /airflow/dags/ingest_dwh_daily.py
[2023-02-27T18:23:47.324+0000] {processor.py:766} INFO - 🤪 DAG(s) dict_keys(['get_raw_data_from_sources']) retrieved from /airflow/dags/ingest_dwh_daily.py
[2023-02-27T18:23:47.356+0000] {logging_mixin.py:137} INFO - 🤪 [2023-02-27T18:23:47.355+0000] {dag.py:2585} INFO - 🤪 Sync 1 DAGs
[2023-02-27T18:23:47.383+0000] {logging_mixin.py:137} INFO - 🤪 [2023-02-27T18:23:47.382+0000] {dag.py:3336} INFO - 🤪 Setting next_dagrun for get_raw_data_from_sources to 2023-02-25T19:00:00+00:00, run_after=2023-02-26T19:00:00+00:00
[2023-02-27T18:23:47.414+0000] {processor.py:176} INFO - 🤪 Processing /airflow/dags/ingest_dwh_daily.py took 0.371 seconds
[2023-02-27T18:24:17.629+0000] {processor.py:154} INFO - 🤪 Started process (PID=153) to work on /airflow/dags/ingest_dwh_daily.py
[2023-02-27T18:24:17.631+0000] {processor.py:756} INFO - 🤪 Processing file /airflow/dags/ingest_dwh_daily.py for tasks to queue
[2023-02-27T18:24:17.633+0000] {logging_mixin.py:137} INFO - 🤪 [2023-02-27T18:24:17.632+0000] {dagbag.py:537} INFO - 🤪 Filling up the DagBag from /airflow/dags/ingest_dwh_daily.py
[2023-02-27T18:24:17.940+0000] {processor.py:766} INFO - 🤪 DAG(s) dict_keys(['get_raw_data_from_sources']) retrieved from /airflow/dags/ingest_dwh_daily.py
[2023-02-27T18:24:17.969+0000] {logging_mixin.py:137} INFO - 🤪 [2023-02-27T18:24:17.969+0000] {dag.py:2585} INFO - 🤪 Sync 1 DAGs
[2023-02-27T18:24:18.003+0000] {logging_mixin.py:137} INFO - 🤪 [2023-02-27T18:24:18.003+0000] {dag.py:3336} INFO - 🤪 Setting next_dagrun for get_raw_data_from_sources to 2023-02-25T19:00:00+00:00, run_after=2023-02-26T19:00:00+00:00
[2023-02-27T18:24:18.042+0000] {processor.py:176} INFO - 🤪 Processing /airflow/dags/ingest_dwh_daily.py took 0.416 seconds
[2023-02-27T18:24:48.554+0000] {processor.py:154} INFO - 🤪 Started process (PID=157) to work on /airflow/dags/ingest_dwh_daily.py
[2023-02-27T18:24:48.556+0000] {processor.py:756} INFO - 🤪 Processing file /airflow/dags/ingest_dwh_daily.py for tasks to queue
[2023-02-27T18:24:48.557+0000] {logging_mixin.py:137} INFO - 🤪 [2023-02-27T18:24:48.557+0000] {dagbag.py:537} INFO - 🤪 Filling up the DagBag from /airflow/dags/ingest_dwh_daily.py
[2023-02-27T18:24:48.869+0000] {processor.py:766} INFO - 🤪 DAG(s) dict_keys(['get_raw_data_from_sources']) retrieved from /airflow/dags/ingest_dwh_daily.py
[2023-02-27T18:24:48.895+0000] {logging_mixin.py:137} INFO - 🤪 [2023-02-27T18:24:48.894+0000] {dag.py:2585} INFO - 🤪 Sync 1 DAGs
[2023-02-27T18:24:48.920+0000] {logging_mixin.py:137} INFO - 🤪 [2023-02-27T18:24:48.920+0000] {dag.py:3336} INFO - 🤪 Setting next_dagrun for get_raw_data_from_sources to 2023-02-25T19:00:00+00:00, run_after=2023-02-26T19:00:00+00:00
[2023-02-27T18:24:48.947+0000] {processor.py:176} INFO - 🤪 Processing /airflow/dags/ingest_dwh_daily.py took 0.396 seconds
[2023-02-27T18:25:19.287+0000] {processor.py:154} INFO - 🤪 Started process (PID=161) to work on /airflow/dags/ingest_dwh_daily.py
[2023-02-27T18:25:19.295+0000] {processor.py:756} INFO - 🤪 Processing file /airflow/dags/ingest_dwh_daily.py for tasks to queue
[2023-02-27T18:25:19.297+0000] {logging_mixin.py:137} INFO - 🤪 [2023-02-27T18:25:19.296+0000] {dagbag.py:537} INFO - 🤪 Filling up the DagBag from /airflow/dags/ingest_dwh_daily.py
[2023-02-27T18:25:19.726+0000] {processor.py:766} INFO - 🤪 DAG(s) dict_keys(['get_raw_data_from_sources']) retrieved from /airflow/dags/ingest_dwh_daily.py
[2023-02-27T18:25:19.760+0000] {logging_mixin.py:137} INFO - 🤪 [2023-02-27T18:25:19.760+0000] {dag.py:2585} INFO - 🤪 Sync 1 DAGs
[2023-02-27T18:25:19.793+0000] {logging_mixin.py:137} INFO - 🤪 [2023-02-27T18:25:19.793+0000] {dag.py:3336} INFO - 🤪 Setting next_dagrun for get_raw_data_from_sources to 2023-02-25T19:00:00+00:00, run_after=2023-02-26T19:00:00+00:00
[2023-02-27T18:25:19.820+0000] {processor.py:176} INFO - 🤪 Processing /airflow/dags/ingest_dwh_daily.py took 0.539 seconds
[2023-02-27T18:25:50.076+0000] {processor.py:154} INFO - 🤪 Started process (PID=165) to work on /airflow/dags/ingest_dwh_daily.py
[2023-02-27T18:25:50.078+0000] {processor.py:756} INFO - 🤪 Processing file /airflow/dags/ingest_dwh_daily.py for tasks to queue
[2023-02-27T18:25:50.080+0000] {logging_mixin.py:137} INFO - 🤪 [2023-02-27T18:25:50.079+0000] {dagbag.py:537} INFO - 🤪 Filling up the DagBag from /airflow/dags/ingest_dwh_daily.py
[2023-02-27T18:25:50.356+0000] {processor.py:766} INFO - 🤪 DAG(s) dict_keys(['get_raw_data_from_sources']) retrieved from /airflow/dags/ingest_dwh_daily.py
[2023-02-27T18:25:50.382+0000] {logging_mixin.py:137} INFO - 🤪 [2023-02-27T18:25:50.382+0000] {dag.py:2585} INFO - 🤪 Sync 1 DAGs
[2023-02-27T18:25:50.409+0000] {logging_mixin.py:137} INFO - 🤪 [2023-02-27T18:25:50.409+0000] {dag.py:3336} INFO - 🤪 Setting next_dagrun for get_raw_data_from_sources to 2023-02-25T19:00:00+00:00, run_after=2023-02-26T19:00:00+00:00
[2023-02-27T18:25:50.436+0000] {processor.py:176} INFO - 🤪 Processing /airflow/dags/ingest_dwh_daily.py took 0.365 seconds
[2023-02-27T18:26:20.570+0000] {processor.py:154} INFO - 🤪 Started process (PID=169) to work on /airflow/dags/ingest_dwh_daily.py
[2023-02-27T18:26:20.572+0000] {processor.py:756} INFO - 🤪 Processing file /airflow/dags/ingest_dwh_daily.py for tasks to queue
[2023-02-27T18:26:20.574+0000] {logging_mixin.py:137} INFO - 🤪 [2023-02-27T18:26:20.574+0000] {dagbag.py:537} INFO - 🤪 Filling up the DagBag from /airflow/dags/ingest_dwh_daily.py
[2023-02-27T18:26:20.947+0000] {processor.py:766} INFO - 🤪 DAG(s) dict_keys(['get_raw_data_from_sources']) retrieved from /airflow/dags/ingest_dwh_daily.py
[2023-02-27T18:26:20.981+0000] {logging_mixin.py:137} INFO - 🤪 [2023-02-27T18:26:20.981+0000] {dag.py:2585} INFO - 🤪 Sync 1 DAGs
[2023-02-27T18:26:21.020+0000] {logging_mixin.py:137} INFO - 🤪 [2023-02-27T18:26:21.020+0000] {dag.py:3336} INFO - 🤪 Setting next_dagrun for get_raw_data_from_sources to 2023-02-25T19:00:00+00:00, run_after=2023-02-26T19:00:00+00:00
[2023-02-27T18:26:21.058+0000] {processor.py:176} INFO - 🤪 Processing /airflow/dags/ingest_dwh_daily.py took 0.492 seconds
[2023-02-27T18:26:51.315+0000] {processor.py:154} INFO - 🤪 Started process (PID=173) to work on /airflow/dags/ingest_dwh_daily.py
[2023-02-27T18:26:51.317+0000] {processor.py:756} INFO - 🤪 Processing file /airflow/dags/ingest_dwh_daily.py for tasks to queue
[2023-02-27T18:26:51.319+0000] {logging_mixin.py:137} INFO - 🤪 [2023-02-27T18:26:51.319+0000] {dagbag.py:537} INFO - 🤪 Filling up the DagBag from /airflow/dags/ingest_dwh_daily.py
[2023-02-27T18:26:51.652+0000] {processor.py:766} INFO - 🤪 DAG(s) dict_keys(['get_raw_data_from_sources']) retrieved from /airflow/dags/ingest_dwh_daily.py
[2023-02-27T18:26:51.691+0000] {logging_mixin.py:137} INFO - 🤪 [2023-02-27T18:26:51.690+0000] {dag.py:2585} INFO - 🤪 Sync 1 DAGs
[2023-02-27T18:26:51.764+0000] {logging_mixin.py:137} INFO - 🤪 [2023-02-27T18:26:51.764+0000] {dag.py:3336} INFO - 🤪 Setting next_dagrun for get_raw_data_from_sources to 2023-02-25T19:00:00+00:00, run_after=2023-02-26T19:00:00+00:00
[2023-02-27T18:26:51.801+0000] {processor.py:176} INFO - 🤪 Processing /airflow/dags/ingest_dwh_daily.py took 0.490 seconds
[2023-02-27T18:27:21.949+0000] {processor.py:154} INFO - 🤪 Started process (PID=177) to work on /airflow/dags/ingest_dwh_daily.py
[2023-02-27T18:27:21.953+0000] {processor.py:756} INFO - 🤪 Processing file /airflow/dags/ingest_dwh_daily.py for tasks to queue
[2023-02-27T18:27:21.956+0000] {logging_mixin.py:137} INFO - 🤪 [2023-02-27T18:27:21.956+0000] {dagbag.py:537} INFO - 🤪 Filling up the DagBag from /airflow/dags/ingest_dwh_daily.py
[2023-02-27T18:27:22.355+0000] {processor.py:766} INFO - 🤪 DAG(s) dict_keys(['get_raw_data_from_sources']) retrieved from /airflow/dags/ingest_dwh_daily.py
[2023-02-27T18:27:22.393+0000] {logging_mixin.py:137} INFO - 🤪 [2023-02-27T18:27:22.393+0000] {dag.py:2585} INFO - 🤪 Sync 1 DAGs
[2023-02-27T18:27:22.425+0000] {logging_mixin.py:137} INFO - 🤪 [2023-02-27T18:27:22.425+0000] {dag.py:3336} INFO - 🤪 Setting next_dagrun for get_raw_data_from_sources to 2023-02-25T19:00:00+00:00, run_after=2023-02-26T19:00:00+00:00
[2023-02-27T18:27:22.455+0000] {processor.py:176} INFO - 🤪 Processing /airflow/dags/ingest_dwh_daily.py took 0.511 seconds
[2023-02-27T18:27:52.671+0000] {processor.py:154} INFO - 🤪 Started process (PID=181) to work on /airflow/dags/ingest_dwh_daily.py
[2023-02-27T18:27:52.674+0000] {processor.py:756} INFO - 🤪 Processing file /airflow/dags/ingest_dwh_daily.py for tasks to queue
[2023-02-27T18:27:52.676+0000] {logging_mixin.py:137} INFO - 🤪 [2023-02-27T18:27:52.675+0000] {dagbag.py:537} INFO - 🤪 Filling up the DagBag from /airflow/dags/ingest_dwh_daily.py
[2023-02-27T18:27:52.987+0000] {processor.py:766} INFO - 🤪 DAG(s) dict_keys(['get_raw_data_from_sources']) retrieved from /airflow/dags/ingest_dwh_daily.py
[2023-02-27T18:27:53.016+0000] {logging_mixin.py:137} INFO - 🤪 [2023-02-27T18:27:53.016+0000] {dag.py:2585} INFO - 🤪 Sync 1 DAGs
[2023-02-27T18:27:53.044+0000] {logging_mixin.py:137} INFO - 🤪 [2023-02-27T18:27:53.043+0000] {dag.py:3336} INFO - 🤪 Setting next_dagrun for get_raw_data_from_sources to 2023-02-25T19:00:00+00:00, run_after=2023-02-26T19:00:00+00:00
[2023-02-27T18:27:53.065+0000] {processor.py:176} INFO - 🤪 Processing /airflow/dags/ingest_dwh_daily.py took 0.399 seconds
[2023-02-27T18:28:23.332+0000] {processor.py:154} INFO - 🤪 Started process (PID=185) to work on /airflow/dags/ingest_dwh_daily.py
[2023-02-27T18:28:23.340+0000] {processor.py:756} INFO - 🤪 Processing file /airflow/dags/ingest_dwh_daily.py for tasks to queue
[2023-02-27T18:28:23.342+0000] {logging_mixin.py:137} INFO - 🤪 [2023-02-27T18:28:23.341+0000] {dagbag.py:537} INFO - 🤪 Filling up the DagBag from /airflow/dags/ingest_dwh_daily.py
[2023-02-27T18:28:23.635+0000] {processor.py:766} INFO - 🤪 DAG(s) dict_keys(['get_raw_data_from_sources']) retrieved from /airflow/dags/ingest_dwh_daily.py
[2023-02-27T18:28:23.662+0000] {logging_mixin.py:137} INFO - 🤪 [2023-02-27T18:28:23.662+0000] {dag.py:2585} INFO - 🤪 Sync 1 DAGs
[2023-02-27T18:28:23.687+0000] {logging_mixin.py:137} INFO - 🤪 [2023-02-27T18:28:23.687+0000] {dag.py:3336} INFO - 🤪 Setting next_dagrun for get_raw_data_from_sources to 2023-02-25T19:00:00+00:00, run_after=2023-02-26T19:00:00+00:00
[2023-02-27T18:28:23.717+0000] {processor.py:176} INFO - 🤪 Processing /airflow/dags/ingest_dwh_daily.py took 0.390 seconds
[2023-02-27T18:28:53.858+0000] {processor.py:154} INFO - 🤪 Started process (PID=189) to work on /airflow/dags/ingest_dwh_daily.py
[2023-02-27T18:28:53.862+0000] {processor.py:756} INFO - 🤪 Processing file /airflow/dags/ingest_dwh_daily.py for tasks to queue
[2023-02-27T18:28:53.864+0000] {logging_mixin.py:137} INFO - 🤪 [2023-02-27T18:28:53.864+0000] {dagbag.py:537} INFO - 🤪 Filling up the DagBag from /airflow/dags/ingest_dwh_daily.py
[2023-02-27T18:28:54.216+0000] {processor.py:766} INFO - 🤪 DAG(s) dict_keys(['get_raw_data_from_sources']) retrieved from /airflow/dags/ingest_dwh_daily.py
[2023-02-27T18:28:54.255+0000] {logging_mixin.py:137} INFO - 🤪 [2023-02-27T18:28:54.255+0000] {dag.py:2585} INFO - 🤪 Sync 1 DAGs
[2023-02-27T18:28:54.290+0000] {logging_mixin.py:137} INFO - 🤪 [2023-02-27T18:28:54.289+0000] {dag.py:3336} INFO - 🤪 Setting next_dagrun for get_raw_data_from_sources to 2023-02-25T19:00:00+00:00, run_after=2023-02-26T19:00:00+00:00
[2023-02-27T18:28:54.321+0000] {processor.py:176} INFO - 🤪 Processing /airflow/dags/ingest_dwh_daily.py took 0.469 seconds
[2023-02-27T18:29:24.477+0000] {processor.py:154} INFO - 🤪 Started process (PID=193) to work on /airflow/dags/ingest_dwh_daily.py
[2023-02-27T18:29:24.480+0000] {processor.py:756} INFO - 🤪 Processing file /airflow/dags/ingest_dwh_daily.py for tasks to queue
[2023-02-27T18:29:24.483+0000] {logging_mixin.py:137} INFO - 🤪 [2023-02-27T18:29:24.482+0000] {dagbag.py:537} INFO - 🤪 Filling up the DagBag from /airflow/dags/ingest_dwh_daily.py
[2023-02-27T18:29:24.825+0000] {processor.py:766} INFO - 🤪 DAG(s) dict_keys(['get_raw_data_from_sources']) retrieved from /airflow/dags/ingest_dwh_daily.py
[2023-02-27T18:29:24.855+0000] {logging_mixin.py:137} INFO - 🤪 [2023-02-27T18:29:24.854+0000] {dag.py:2585} INFO - 🤪 Sync 1 DAGs
[2023-02-27T18:29:24.881+0000] {logging_mixin.py:137} INFO - 🤪 [2023-02-27T18:29:24.881+0000] {dag.py:3336} INFO - 🤪 Setting next_dagrun for get_raw_data_from_sources to 2023-02-25T19:00:00+00:00, run_after=2023-02-26T19:00:00+00:00
[2023-02-27T18:29:24.918+0000] {processor.py:176} INFO - 🤪 Processing /airflow/dags/ingest_dwh_daily.py took 0.471 seconds
[2023-02-27T18:29:55.199+0000] {processor.py:154} INFO - 🤪 Started process (PID=197) to work on /airflow/dags/ingest_dwh_daily.py
[2023-02-27T18:29:55.201+0000] {processor.py:756} INFO - 🤪 Processing file /airflow/dags/ingest_dwh_daily.py for tasks to queue
[2023-02-27T18:29:55.203+0000] {logging_mixin.py:137} INFO - 🤪 [2023-02-27T18:29:55.202+0000] {dagbag.py:537} INFO - 🤪 Filling up the DagBag from /airflow/dags/ingest_dwh_daily.py
[2023-02-27T18:29:55.499+0000] {processor.py:766} INFO - 🤪 DAG(s) dict_keys(['get_raw_data_from_sources']) retrieved from /airflow/dags/ingest_dwh_daily.py
[2023-02-27T18:29:55.527+0000] {logging_mixin.py:137} INFO - 🤪 [2023-02-27T18:29:55.527+0000] {dag.py:2585} INFO - 🤪 Sync 1 DAGs
[2023-02-27T18:29:55.559+0000] {logging_mixin.py:137} INFO - 🤪 [2023-02-27T18:29:55.558+0000] {dag.py:3336} INFO - 🤪 Setting next_dagrun for get_raw_data_from_sources to 2023-02-25T19:00:00+00:00, run_after=2023-02-26T19:00:00+00:00
[2023-02-27T18:29:55.588+0000] {processor.py:176} INFO - 🤪 Processing /airflow/dags/ingest_dwh_daily.py took 0.393 seconds
[2023-02-27T18:30:25.976+0000] {processor.py:154} INFO - 🤪 Started process (PID=201) to work on /airflow/dags/ingest_dwh_daily.py
[2023-02-27T18:30:25.979+0000] {processor.py:756} INFO - 🤪 Processing file /airflow/dags/ingest_dwh_daily.py for tasks to queue
[2023-02-27T18:30:25.981+0000] {logging_mixin.py:137} INFO - 🤪 [2023-02-27T18:30:25.981+0000] {dagbag.py:537} INFO - 🤪 Filling up the DagBag from /airflow/dags/ingest_dwh_daily.py
[2023-02-27T18:30:26.289+0000] {processor.py:766} INFO - 🤪 DAG(s) dict_keys(['get_raw_data_from_sources']) retrieved from /airflow/dags/ingest_dwh_daily.py
[2023-02-27T18:30:26.323+0000] {logging_mixin.py:137} INFO - 🤪 [2023-02-27T18:30:26.323+0000] {dag.py:2585} INFO - 🤪 Sync 1 DAGs
[2023-02-27T18:30:26.354+0000] {logging_mixin.py:137} INFO - 🤪 [2023-02-27T18:30:26.354+0000] {dag.py:3336} INFO - 🤪 Setting next_dagrun for get_raw_data_from_sources to 2023-02-25T19:00:00+00:00, run_after=2023-02-26T19:00:00+00:00
[2023-02-27T18:30:26.380+0000] {processor.py:176} INFO - 🤪 Processing /airflow/dags/ingest_dwh_daily.py took 0.411 seconds
[2023-02-27T18:30:56.586+0000] {processor.py:154} INFO - 🤪 Started process (PID=205) to work on /airflow/dags/ingest_dwh_daily.py
[2023-02-27T18:30:56.590+0000] {processor.py:756} INFO - 🤪 Processing file /airflow/dags/ingest_dwh_daily.py for tasks to queue
[2023-02-27T18:30:56.593+0000] {logging_mixin.py:137} INFO - 🤪 [2023-02-27T18:30:56.593+0000] {dagbag.py:537} INFO - 🤪 Filling up the DagBag from /airflow/dags/ingest_dwh_daily.py
[2023-02-27T18:30:56.949+0000] {processor.py:766} INFO - 🤪 DAG(s) dict_keys(['get_raw_data_from_sources']) retrieved from /airflow/dags/ingest_dwh_daily.py
[2023-02-27T18:30:56.986+0000] {logging_mixin.py:137} INFO - 🤪 [2023-02-27T18:30:56.986+0000] {dag.py:2585} INFO - 🤪 Sync 1 DAGs
[2023-02-27T18:30:57.019+0000] {logging_mixin.py:137} INFO - 🤪 [2023-02-27T18:30:57.019+0000] {dag.py:3336} INFO - 🤪 Setting next_dagrun for get_raw_data_from_sources to 2023-02-25T19:00:00+00:00, run_after=2023-02-26T19:00:00+00:00
[2023-02-27T18:30:57.050+0000] {processor.py:176} INFO - 🤪 Processing /airflow/dags/ingest_dwh_daily.py took 0.469 seconds
[2023-02-27T18:31:27.222+0000] {processor.py:154} INFO - 🤪 Started process (PID=209) to work on /airflow/dags/ingest_dwh_daily.py
[2023-02-27T18:31:27.224+0000] {processor.py:756} INFO - 🤪 Processing file /airflow/dags/ingest_dwh_daily.py for tasks to queue
[2023-02-27T18:31:27.226+0000] {logging_mixin.py:137} INFO - 🤪 [2023-02-27T18:31:27.226+0000] {dagbag.py:537} INFO - 🤪 Filling up the DagBag from /airflow/dags/ingest_dwh_daily.py
[2023-02-27T18:31:27.583+0000] {processor.py:766} INFO - 🤪 DAG(s) dict_keys(['get_raw_data_from_sources']) retrieved from /airflow/dags/ingest_dwh_daily.py
[2023-02-27T18:31:27.611+0000] {logging_mixin.py:137} INFO - 🤪 [2023-02-27T18:31:27.611+0000] {dag.py:2585} INFO - 🤪 Sync 1 DAGs
[2023-02-27T18:31:27.638+0000] {logging_mixin.py:137} INFO - 🤪 [2023-02-27T18:31:27.638+0000] {dag.py:3336} INFO - 🤪 Setting next_dagrun for get_raw_data_from_sources to 2023-02-25T19:00:00+00:00, run_after=2023-02-26T19:00:00+00:00
[2023-02-27T18:31:27.663+0000] {processor.py:176} INFO - 🤪 Processing /airflow/dags/ingest_dwh_daily.py took 0.447 seconds
[2023-02-27T18:31:57.843+0000] {processor.py:154} INFO - 🤪 Started process (PID=213) to work on /airflow/dags/ingest_dwh_daily.py
[2023-02-27T18:31:57.846+0000] {processor.py:756} INFO - 🤪 Processing file /airflow/dags/ingest_dwh_daily.py for tasks to queue
[2023-02-27T18:31:57.849+0000] {logging_mixin.py:137} INFO - 🤪 [2023-02-27T18:31:57.848+0000] {dagbag.py:537} INFO - 🤪 Filling up the DagBag from /airflow/dags/ingest_dwh_daily.py
[2023-02-27T18:31:58.225+0000] {processor.py:766} INFO - 🤪 DAG(s) dict_keys(['get_raw_data_from_sources']) retrieved from /airflow/dags/ingest_dwh_daily.py
[2023-02-27T18:31:58.257+0000] {logging_mixin.py:137} INFO - 🤪 [2023-02-27T18:31:58.257+0000] {dag.py:2585} INFO - 🤪 Sync 1 DAGs
[2023-02-27T18:31:58.285+0000] {logging_mixin.py:137} INFO - 🤪 [2023-02-27T18:31:58.285+0000] {dag.py:3336} INFO - 🤪 Setting next_dagrun for get_raw_data_from_sources to 2023-02-25T19:00:00+00:00, run_after=2023-02-26T19:00:00+00:00
[2023-02-27T18:31:58.311+0000] {processor.py:176} INFO - 🤪 Processing /airflow/dags/ingest_dwh_daily.py took 0.475 seconds
[2023-02-27T18:32:30.439+0000] {processor.py:154} INFO - 🤪 Started process (PID=217) to work on /airflow/dags/ingest_dwh_daily.py
[2023-02-27T18:32:30.442+0000] {processor.py:756} INFO - 🤪 Processing file /airflow/dags/ingest_dwh_daily.py for tasks to queue
[2023-02-27T18:32:30.444+0000] {logging_mixin.py:137} INFO - 🤪 [2023-02-27T18:32:30.444+0000] {dagbag.py:537} INFO - 🤪 Filling up the DagBag from /airflow/dags/ingest_dwh_daily.py
[2023-02-27T18:32:30.945+0000] {processor.py:766} INFO - 🤪 DAG(s) dict_keys(['get_raw_data_from_sources']) retrieved from /airflow/dags/ingest_dwh_daily.py
[2023-02-27T18:32:31.002+0000] {logging_mixin.py:137} INFO - 🤪 [2023-02-27T18:32:31.002+0000] {dag.py:2585} INFO - 🤪 Sync 1 DAGs
[2023-02-27T18:32:31.055+0000] {logging_mixin.py:137} INFO - 🤪 [2023-02-27T18:32:31.054+0000] {dag.py:3336} INFO - 🤪 Setting next_dagrun for get_raw_data_from_sources to 2023-02-25T19:00:00+00:00, run_after=2023-02-26T19:00:00+00:00
[2023-02-27T18:32:31.083+0000] {processor.py:176} INFO - 🤪 Processing /airflow/dags/ingest_dwh_daily.py took 0.649 seconds
[2023-02-27T18:33:01.291+0000] {processor.py:154} INFO - 🤪 Started process (PID=221) to work on /airflow/dags/ingest_dwh_daily.py
[2023-02-27T18:33:01.294+0000] {processor.py:756} INFO - 🤪 Processing file /airflow/dags/ingest_dwh_daily.py for tasks to queue
[2023-02-27T18:33:01.298+0000] {logging_mixin.py:137} INFO - 🤪 [2023-02-27T18:33:01.297+0000] {dagbag.py:537} INFO - 🤪 Filling up the DagBag from /airflow/dags/ingest_dwh_daily.py
[2023-02-27T18:33:01.736+0000] {processor.py:766} INFO - 🤪 DAG(s) dict_keys(['get_raw_data_from_sources']) retrieved from /airflow/dags/ingest_dwh_daily.py
[2023-02-27T18:33:01.770+0000] {logging_mixin.py:137} INFO - 🤪 [2023-02-27T18:33:01.770+0000] {dag.py:2585} INFO - 🤪 Sync 1 DAGs
[2023-02-27T18:33:01.803+0000] {logging_mixin.py:137} INFO - 🤪 [2023-02-27T18:33:01.802+0000] {dag.py:3336} INFO - 🤪 Setting next_dagrun for get_raw_data_from_sources to 2023-02-25T19:00:00+00:00, run_after=2023-02-26T19:00:00+00:00
[2023-02-27T18:33:01.834+0000] {processor.py:176} INFO - 🤪 Processing /airflow/dags/ingest_dwh_daily.py took 0.548 seconds
[2023-02-27T18:33:31.906+0000] {processor.py:154} INFO - 🤪 Started process (PID=225) to work on /airflow/dags/ingest_dwh_daily.py
[2023-02-27T18:33:31.908+0000] {processor.py:756} INFO - 🤪 Processing file /airflow/dags/ingest_dwh_daily.py for tasks to queue
[2023-02-27T18:33:31.909+0000] {logging_mixin.py:137} INFO - 🤪 [2023-02-27T18:33:31.909+0000] {dagbag.py:537} INFO - 🤪 Filling up the DagBag from /airflow/dags/ingest_dwh_daily.py
[2023-02-27T18:33:32.318+0000] {processor.py:766} INFO - 🤪 DAG(s) dict_keys(['get_raw_data_from_sources']) retrieved from /airflow/dags/ingest_dwh_daily.py
[2023-02-27T18:33:32.351+0000] {logging_mixin.py:137} INFO - 🤪 [2023-02-27T18:33:32.351+0000] {dag.py:2585} INFO - 🤪 Sync 1 DAGs
[2023-02-27T18:33:32.384+0000] {logging_mixin.py:137} INFO - 🤪 [2023-02-27T18:33:32.384+0000] {dag.py:3336} INFO - 🤪 Setting next_dagrun for get_raw_data_from_sources to 2023-02-25T19:00:00+00:00, run_after=2023-02-26T19:00:00+00:00
[2023-02-27T18:33:32.420+0000] {processor.py:176} INFO - 🤪 Processing /airflow/dags/ingest_dwh_daily.py took 0.518 seconds
[2023-02-27T18:34:02.542+0000] {processor.py:154} INFO - 🤪 Started process (PID=229) to work on /airflow/dags/ingest_dwh_daily.py
[2023-02-27T18:34:02.543+0000] {processor.py:756} INFO - 🤪 Processing file /airflow/dags/ingest_dwh_daily.py for tasks to queue
[2023-02-27T18:34:02.545+0000] {logging_mixin.py:137} INFO - 🤪 [2023-02-27T18:34:02.545+0000] {dagbag.py:537} INFO - 🤪 Filling up the DagBag from /airflow/dags/ingest_dwh_daily.py
[2023-02-27T18:34:02.842+0000] {processor.py:766} INFO - 🤪 DAG(s) dict_keys(['get_raw_data_from_sources']) retrieved from /airflow/dags/ingest_dwh_daily.py
[2023-02-27T18:34:02.871+0000] {logging_mixin.py:137} INFO - 🤪 [2023-02-27T18:34:02.871+0000] {dag.py:2585} INFO - 🤪 Sync 1 DAGs
[2023-02-27T18:34:02.906+0000] {logging_mixin.py:137} INFO - 🤪 [2023-02-27T18:34:02.906+0000] {dag.py:3336} INFO - 🤪 Setting next_dagrun for get_raw_data_from_sources to 2023-02-25T19:00:00+00:00, run_after=2023-02-26T19:00:00+00:00
[2023-02-27T18:34:02.994+0000] {processor.py:176} INFO - 🤪 Processing /airflow/dags/ingest_dwh_daily.py took 0.456 seconds
[2023-02-27T18:34:33.153+0000] {processor.py:154} INFO - 🤪 Started process (PID=233) to work on /airflow/dags/ingest_dwh_daily.py
[2023-02-27T18:34:33.154+0000] {processor.py:756} INFO - 🤪 Processing file /airflow/dags/ingest_dwh_daily.py for tasks to queue
[2023-02-27T18:34:33.156+0000] {logging_mixin.py:137} INFO - 🤪 [2023-02-27T18:34:33.156+0000] {dagbag.py:537} INFO - 🤪 Filling up the DagBag from /airflow/dags/ingest_dwh_daily.py
[2023-02-27T18:34:33.470+0000] {processor.py:766} INFO - 🤪 DAG(s) dict_keys(['get_raw_data_from_sources']) retrieved from /airflow/dags/ingest_dwh_daily.py
[2023-02-27T18:34:33.510+0000] {logging_mixin.py:137} INFO - 🤪 [2023-02-27T18:34:33.510+0000] {dag.py:2585} INFO - 🤪 Sync 1 DAGs
[2023-02-27T18:34:33.541+0000] {logging_mixin.py:137} INFO - 🤪 [2023-02-27T18:34:33.540+0000] {dag.py:3336} INFO - 🤪 Setting next_dagrun for get_raw_data_from_sources to 2023-02-25T19:00:00+00:00, run_after=2023-02-26T19:00:00+00:00
[2023-02-27T18:34:33.563+0000] {processor.py:176} INFO - 🤪 Processing /airflow/dags/ingest_dwh_daily.py took 0.416 seconds
[2023-02-27T18:35:03.684+0000] {processor.py:154} INFO - 🤪 Started process (PID=237) to work on /airflow/dags/ingest_dwh_daily.py
[2023-02-27T18:35:03.685+0000] {processor.py:756} INFO - 🤪 Processing file /airflow/dags/ingest_dwh_daily.py for tasks to queue
[2023-02-27T18:35:03.687+0000] {logging_mixin.py:137} INFO - 🤪 [2023-02-27T18:35:03.687+0000] {dagbag.py:537} INFO - 🤪 Filling up the DagBag from /airflow/dags/ingest_dwh_daily.py
[2023-02-27T18:35:03.962+0000] {processor.py:766} INFO - 🤪 DAG(s) dict_keys(['get_raw_data_from_sources']) retrieved from /airflow/dags/ingest_dwh_daily.py
[2023-02-27T18:35:03.990+0000] {logging_mixin.py:137} INFO - 🤪 [2023-02-27T18:35:03.990+0000] {dag.py:2585} INFO - 🤪 Sync 1 DAGs
[2023-02-27T18:35:04.015+0000] {logging_mixin.py:137} INFO - 🤪 [2023-02-27T18:35:04.015+0000] {dag.py:3336} INFO - 🤪 Setting next_dagrun for get_raw_data_from_sources to 2023-02-25T19:00:00+00:00, run_after=2023-02-26T19:00:00+00:00
[2023-02-27T18:35:04.039+0000] {processor.py:176} INFO - 🤪 Processing /airflow/dags/ingest_dwh_daily.py took 0.359 seconds
[2023-02-27T18:35:34.473+0000] {processor.py:154} INFO - 🤪 Started process (PID=241) to work on /airflow/dags/ingest_dwh_daily.py
[2023-02-27T18:35:34.476+0000] {processor.py:756} INFO - 🤪 Processing file /airflow/dags/ingest_dwh_daily.py for tasks to queue
[2023-02-27T18:35:34.479+0000] {logging_mixin.py:137} INFO - 🤪 [2023-02-27T18:35:34.478+0000] {dagbag.py:537} INFO - 🤪 Filling up the DagBag from /airflow/dags/ingest_dwh_daily.py
[2023-02-27T18:35:34.816+0000] {processor.py:766} INFO - 🤪 DAG(s) dict_keys(['get_raw_data_from_sources']) retrieved from /airflow/dags/ingest_dwh_daily.py
[2023-02-27T18:35:34.851+0000] {logging_mixin.py:137} INFO - 🤪 [2023-02-27T18:35:34.851+0000] {dag.py:2585} INFO - 🤪 Sync 1 DAGs
[2023-02-27T18:35:34.900+0000] {logging_mixin.py:137} INFO - 🤪 [2023-02-27T18:35:34.899+0000] {dag.py:3336} INFO - 🤪 Setting next_dagrun for get_raw_data_from_sources to 2023-02-25T19:00:00+00:00, run_after=2023-02-26T19:00:00+00:00
[2023-02-27T18:35:34.932+0000] {processor.py:176} INFO - 🤪 Processing /airflow/dags/ingest_dwh_daily.py took 0.465 seconds
[2023-02-27T18:36:05.085+0000] {processor.py:154} INFO - 🤪 Started process (PID=245) to work on /airflow/dags/ingest_dwh_daily.py
[2023-02-27T18:36:05.087+0000] {processor.py:756} INFO - 🤪 Processing file /airflow/dags/ingest_dwh_daily.py for tasks to queue
[2023-02-27T18:36:05.089+0000] {logging_mixin.py:137} INFO - 🤪 [2023-02-27T18:36:05.088+0000] {dagbag.py:537} INFO - 🤪 Filling up the DagBag from /airflow/dags/ingest_dwh_daily.py
[2023-02-27T18:36:05.374+0000] {processor.py:766} INFO - 🤪 DAG(s) dict_keys(['get_raw_data_from_sources']) retrieved from /airflow/dags/ingest_dwh_daily.py
[2023-02-27T18:36:05.418+0000] {logging_mixin.py:137} INFO - 🤪 [2023-02-27T18:36:05.418+0000] {dag.py:2585} INFO - 🤪 Sync 1 DAGs
[2023-02-27T18:36:05.463+0000] {logging_mixin.py:137} INFO - 🤪 [2023-02-27T18:36:05.463+0000] {dag.py:3336} INFO - 🤪 Setting next_dagrun for get_raw_data_from_sources to 2023-02-25T19:00:00+00:00, run_after=2023-02-26T19:00:00+00:00
[2023-02-27T18:36:05.498+0000] {processor.py:176} INFO - 🤪 Processing /airflow/dags/ingest_dwh_daily.py took 0.416 seconds
[2023-02-27T18:36:35.720+0000] {processor.py:154} INFO - 🤪 Started process (PID=249) to work on /airflow/dags/ingest_dwh_daily.py
[2023-02-27T18:36:35.729+0000] {processor.py:756} INFO - 🤪 Processing file /airflow/dags/ingest_dwh_daily.py for tasks to queue
[2023-02-27T18:36:35.730+0000] {logging_mixin.py:137} INFO - 🤪 [2023-02-27T18:36:35.730+0000] {dagbag.py:537} INFO - 🤪 Filling up the DagBag from /airflow/dags/ingest_dwh_daily.py
[2023-02-27T18:36:36.116+0000] {processor.py:766} INFO - 🤪 DAG(s) dict_keys(['get_raw_data_from_sources']) retrieved from /airflow/dags/ingest_dwh_daily.py
[2023-02-27T18:36:36.151+0000] {logging_mixin.py:137} INFO - 🤪 [2023-02-27T18:36:36.151+0000] {dag.py:2585} INFO - 🤪 Sync 1 DAGs
[2023-02-27T18:36:36.178+0000] {logging_mixin.py:137} INFO - 🤪 [2023-02-27T18:36:36.178+0000] {dag.py:3336} INFO - 🤪 Setting next_dagrun for get_raw_data_from_sources to 2023-02-25T19:00:00+00:00, run_after=2023-02-26T19:00:00+00:00
[2023-02-27T18:36:36.202+0000] {processor.py:176} INFO - 🤪 Processing /airflow/dags/ingest_dwh_daily.py took 0.488 seconds
[2023-02-27T18:37:06.456+0000] {processor.py:154} INFO - 🤪 Started process (PID=253) to work on /airflow/dags/ingest_dwh_daily.py
[2023-02-27T18:37:06.464+0000] {processor.py:756} INFO - 🤪 Processing file /airflow/dags/ingest_dwh_daily.py for tasks to queue
[2023-02-27T18:37:06.465+0000] {logging_mixin.py:137} INFO - 🤪 [2023-02-27T18:37:06.465+0000] {dagbag.py:537} INFO - 🤪 Filling up the DagBag from /airflow/dags/ingest_dwh_daily.py
[2023-02-27T18:37:06.792+0000] {processor.py:766} INFO - 🤪 DAG(s) dict_keys(['get_raw_data_from_sources']) retrieved from /airflow/dags/ingest_dwh_daily.py
[2023-02-27T18:37:06.833+0000] {logging_mixin.py:137} INFO - 🤪 [2023-02-27T18:37:06.833+0000] {dag.py:2585} INFO - 🤪 Sync 1 DAGs
[2023-02-27T18:37:06.870+0000] {logging_mixin.py:137} INFO - 🤪 [2023-02-27T18:37:06.870+0000] {dag.py:3336} INFO - 🤪 Setting next_dagrun for get_raw_data_from_sources to 2023-02-25T19:00:00+00:00, run_after=2023-02-26T19:00:00+00:00
[2023-02-27T18:37:06.905+0000] {processor.py:176} INFO - 🤪 Processing /airflow/dags/ingest_dwh_daily.py took 0.452 seconds
[2023-02-27T18:37:37.887+0000] {processor.py:154} INFO - 🤪 Started process (PID=257) to work on /airflow/dags/ingest_dwh_daily.py
[2023-02-27T18:37:37.890+0000] {processor.py:756} INFO - 🤪 Processing file /airflow/dags/ingest_dwh_daily.py for tasks to queue
[2023-02-27T18:37:37.892+0000] {logging_mixin.py:137} INFO - 🤪 [2023-02-27T18:37:37.891+0000] {dagbag.py:537} INFO - 🤪 Filling up the DagBag from /airflow/dags/ingest_dwh_daily.py
[2023-02-27T18:37:38.311+0000] {processor.py:766} INFO - 🤪 DAG(s) dict_keys(['get_raw_data_from_sources']) retrieved from /airflow/dags/ingest_dwh_daily.py
[2023-02-27T18:37:38.363+0000] {logging_mixin.py:137} INFO - 🤪 [2023-02-27T18:37:38.362+0000] {dag.py:2585} INFO - 🤪 Sync 1 DAGs
[2023-02-27T18:37:38.411+0000] {logging_mixin.py:137} INFO - 🤪 [2023-02-27T18:37:38.410+0000] {dag.py:3336} INFO - 🤪 Setting next_dagrun for get_raw_data_from_sources to 2023-02-25T19:00:00+00:00, run_after=2023-02-26T19:00:00+00:00
[2023-02-27T18:37:38.434+0000] {processor.py:176} INFO - 🤪 Processing /airflow/dags/ingest_dwh_daily.py took 0.555 seconds
[2023-02-27T18:38:09.524+0000] {processor.py:154} INFO - 🤪 Started process (PID=261) to work on /airflow/dags/ingest_dwh_daily.py
[2023-02-27T18:38:09.526+0000] {processor.py:756} INFO - 🤪 Processing file /airflow/dags/ingest_dwh_daily.py for tasks to queue
[2023-02-27T18:38:09.528+0000] {logging_mixin.py:137} INFO - 🤪 [2023-02-27T18:38:09.528+0000] {dagbag.py:537} INFO - 🤪 Filling up the DagBag from /airflow/dags/ingest_dwh_daily.py
[2023-02-27T18:38:09.877+0000] {processor.py:766} INFO - 🤪 DAG(s) dict_keys(['get_raw_data_from_sources']) retrieved from /airflow/dags/ingest_dwh_daily.py
[2023-02-27T18:38:09.915+0000] {logging_mixin.py:137} INFO - 🤪 [2023-02-27T18:38:09.915+0000] {dag.py:2585} INFO - 🤪 Sync 1 DAGs
[2023-02-27T18:38:09.949+0000] {logging_mixin.py:137} INFO - 🤪 [2023-02-27T18:38:09.949+0000] {dag.py:3336} INFO - 🤪 Setting next_dagrun for get_raw_data_from_sources to 2023-02-25T19:00:00+00:00, run_after=2023-02-26T19:00:00+00:00
[2023-02-27T18:38:09.978+0000] {processor.py:176} INFO - 🤪 Processing /airflow/dags/ingest_dwh_daily.py took 0.459 seconds
[2023-02-27T18:38:40.220+0000] {processor.py:154} INFO - 🤪 Started process (PID=265) to work on /airflow/dags/ingest_dwh_daily.py
[2023-02-27T18:38:40.223+0000] {processor.py:756} INFO - 🤪 Processing file /airflow/dags/ingest_dwh_daily.py for tasks to queue
[2023-02-27T18:38:40.226+0000] {logging_mixin.py:137} INFO - 🤪 [2023-02-27T18:38:40.226+0000] {dagbag.py:537} INFO - 🤪 Filling up the DagBag from /airflow/dags/ingest_dwh_daily.py
[2023-02-27T18:38:40.582+0000] {processor.py:766} INFO - 🤪 DAG(s) dict_keys(['get_raw_data_from_sources']) retrieved from /airflow/dags/ingest_dwh_daily.py
[2023-02-27T18:38:40.620+0000] {logging_mixin.py:137} INFO - 🤪 [2023-02-27T18:38:40.620+0000] {dag.py:2585} INFO - 🤪 Sync 1 DAGs
[2023-02-27T18:38:40.655+0000] {logging_mixin.py:137} INFO - 🤪 [2023-02-27T18:38:40.655+0000] {dag.py:3336} INFO - 🤪 Setting next_dagrun for get_raw_data_from_sources to 2023-02-25T19:00:00+00:00, run_after=2023-02-26T19:00:00+00:00
[2023-02-27T18:38:40.684+0000] {processor.py:176} INFO - 🤪 Processing /airflow/dags/ingest_dwh_daily.py took 0.469 seconds
[2023-02-27T18:39:10.873+0000] {processor.py:154} INFO - 🤪 Started process (PID=269) to work on /airflow/dags/ingest_dwh_daily.py
[2023-02-27T18:39:10.881+0000] {processor.py:756} INFO - 🤪 Processing file /airflow/dags/ingest_dwh_daily.py for tasks to queue
[2023-02-27T18:39:10.884+0000] {logging_mixin.py:137} INFO - 🤪 [2023-02-27T18:39:10.884+0000] {dagbag.py:537} INFO - 🤪 Filling up the DagBag from /airflow/dags/ingest_dwh_daily.py
[2023-02-27T18:39:11.183+0000] {processor.py:766} INFO - 🤪 DAG(s) dict_keys(['get_raw_data_from_sources']) retrieved from /airflow/dags/ingest_dwh_daily.py
[2023-02-27T18:39:11.213+0000] {logging_mixin.py:137} INFO - 🤪 [2023-02-27T18:39:11.213+0000] {dag.py:2585} INFO - 🤪 Sync 1 DAGs
[2023-02-27T18:39:11.242+0000] {logging_mixin.py:137} INFO - 🤪 [2023-02-27T18:39:11.242+0000] {dag.py:3336} INFO - 🤪 Setting next_dagrun for get_raw_data_from_sources to 2023-02-25T19:00:00+00:00, run_after=2023-02-26T19:00:00+00:00
[2023-02-27T18:39:11.269+0000] {processor.py:176} INFO - 🤪 Processing /airflow/dags/ingest_dwh_daily.py took 0.401 seconds
[2023-02-27T18:39:41.759+0000] {processor.py:154} INFO - 🤪 Started process (PID=273) to work on /airflow/dags/ingest_dwh_daily.py
[2023-02-27T18:39:41.761+0000] {processor.py:756} INFO - 🤪 Processing file /airflow/dags/ingest_dwh_daily.py for tasks to queue
[2023-02-27T18:39:41.763+0000] {logging_mixin.py:137} INFO - 🤪 [2023-02-27T18:39:41.763+0000] {dagbag.py:537} INFO - 🤪 Filling up the DagBag from /airflow/dags/ingest_dwh_daily.py
[2023-02-27T18:39:42.160+0000] {processor.py:766} INFO - 🤪 DAG(s) dict_keys(['get_raw_data_from_sources']) retrieved from /airflow/dags/ingest_dwh_daily.py
[2023-02-27T18:39:42.199+0000] {logging_mixin.py:137} INFO - 🤪 [2023-02-27T18:39:42.199+0000] {dag.py:2585} INFO - 🤪 Sync 1 DAGs
[2023-02-27T18:39:42.230+0000] {logging_mixin.py:137} INFO - 🤪 [2023-02-27T18:39:42.230+0000] {dag.py:3336} INFO - 🤪 Setting next_dagrun for get_raw_data_from_sources to 2023-02-25T19:00:00+00:00, run_after=2023-02-26T19:00:00+00:00
[2023-02-27T18:39:42.254+0000] {processor.py:176} INFO - 🤪 Processing /airflow/dags/ingest_dwh_daily.py took 0.499 seconds
[2023-02-27T18:40:13.097+0000] {processor.py:154} INFO - 🤪 Started process (PID=277) to work on /airflow/dags/ingest_dwh_daily.py
[2023-02-27T18:40:13.104+0000] {processor.py:756} INFO - 🤪 Processing file /airflow/dags/ingest_dwh_daily.py for tasks to queue
[2023-02-27T18:40:13.108+0000] {logging_mixin.py:137} INFO - 🤪 [2023-02-27T18:40:13.107+0000] {dagbag.py:537} INFO - 🤪 Filling up the DagBag from /airflow/dags/ingest_dwh_daily.py
[2023-02-27T18:40:13.537+0000] {processor.py:766} INFO - 🤪 DAG(s) dict_keys(['get_raw_data_from_sources']) retrieved from /airflow/dags/ingest_dwh_daily.py
[2023-02-27T18:40:13.577+0000] {logging_mixin.py:137} INFO - 🤪 [2023-02-27T18:40:13.577+0000] {dag.py:2585} INFO - 🤪 Sync 1 DAGs
[2023-02-27T18:40:13.613+0000] {logging_mixin.py:137} INFO - 🤪 [2023-02-27T18:40:13.612+0000] {dag.py:3336} INFO - 🤪 Setting next_dagrun for get_raw_data_from_sources to 2023-02-25T19:00:00+00:00, run_after=2023-02-26T19:00:00+00:00
[2023-02-27T18:40:13.646+0000] {processor.py:176} INFO - 🤪 Processing /airflow/dags/ingest_dwh_daily.py took 0.555 seconds
