[2023-02-27T03:17:49.670+0000] {processor.py:154} INFO - 🤪 Started process (PID=4772) to work on /airflow/dags/ingest_bo_voucher_report.py
[2023-02-27T03:17:49.685+0000] {processor.py:756} INFO - 🤪 Processing file /airflow/dags/ingest_bo_voucher_report.py for tasks to queue
[2023-02-27T03:17:49.699+0000] {logging_mixin.py:137} INFO - 🤪 [2023-02-27T03:17:49.697+0000] {dagbag.py:537} INFO - 🤪 Filling up the DagBag from /airflow/dags/ingest_bo_voucher_report.py
[2023-02-27T03:17:57.951+0000] {processor.py:766} INFO - 🤪 DAG(s) dict_keys(['ingest_bo_voucher_report']) retrieved from /airflow/dags/ingest_bo_voucher_report.py
[2023-02-27T03:17:58.243+0000] {logging_mixin.py:137} INFO - 🤪 [2023-02-27T03:17:58.242+0000] {dag.py:2585} INFO - 🤪 Sync 1 DAGs
[2023-02-27T03:17:58.499+0000] {logging_mixin.py:137} INFO - 🤪 [2023-02-27T03:17:58.498+0000] {dag.py:3336} INFO - 🤪 Setting next_dagrun for ingest_bo_voucher_report to 2023-02-25T19:00:00+00:00, run_after=2023-02-26T19:00:00+00:00
[2023-02-27T03:17:58.646+0000] {processor.py:176} INFO - 🤪 Processing /airflow/dags/ingest_bo_voucher_report.py took 9.022 seconds
[2023-02-27T03:18:29.781+0000] {processor.py:154} INFO - 🤪 Started process (PID=4776) to work on /airflow/dags/ingest_bo_voucher_report.py
[2023-02-27T03:18:29.788+0000] {processor.py:756} INFO - 🤪 Processing file /airflow/dags/ingest_bo_voucher_report.py for tasks to queue
[2023-02-27T03:18:29.794+0000] {logging_mixin.py:137} INFO - 🤪 [2023-02-27T03:18:29.793+0000] {dagbag.py:537} INFO - 🤪 Filling up the DagBag from /airflow/dags/ingest_bo_voucher_report.py
[2023-02-27T03:18:32.181+0000] {processor.py:766} INFO - 🤪 DAG(s) dict_keys(['ingest_bo_voucher_report']) retrieved from /airflow/dags/ingest_bo_voucher_report.py
[2023-02-27T03:18:32.316+0000] {logging_mixin.py:137} INFO - 🤪 [2023-02-27T03:18:32.315+0000] {dag.py:2585} INFO - 🤪 Sync 1 DAGs
[2023-02-27T03:18:32.464+0000] {logging_mixin.py:137} INFO - 🤪 [2023-02-27T03:18:32.462+0000] {dag.py:3336} INFO - 🤪 Setting next_dagrun for ingest_bo_voucher_report to 2023-02-25T19:00:00+00:00, run_after=2023-02-26T19:00:00+00:00
[2023-02-27T03:18:32.906+0000] {processor.py:176} INFO - 🤪 Processing /airflow/dags/ingest_bo_voucher_report.py took 3.144 seconds
[2023-02-27T03:19:03.702+0000] {processor.py:154} INFO - 🤪 Started process (PID=4780) to work on /airflow/dags/ingest_bo_voucher_report.py
[2023-02-27T03:19:03.711+0000] {processor.py:756} INFO - 🤪 Processing file /airflow/dags/ingest_bo_voucher_report.py for tasks to queue
[2023-02-27T03:19:03.719+0000] {logging_mixin.py:137} INFO - 🤪 [2023-02-27T03:19:03.718+0000] {dagbag.py:537} INFO - 🤪 Filling up the DagBag from /airflow/dags/ingest_bo_voucher_report.py
[2023-02-27T03:19:07.104+0000] {processor.py:766} INFO - 🤪 DAG(s) dict_keys(['ingest_bo_voucher_report']) retrieved from /airflow/dags/ingest_bo_voucher_report.py
[2023-02-27T03:19:07.320+0000] {logging_mixin.py:137} INFO - 🤪 [2023-02-27T03:19:07.319+0000] {dag.py:2585} INFO - 🤪 Sync 1 DAGs
[2023-02-27T03:19:07.562+0000] {logging_mixin.py:137} INFO - 🤪 [2023-02-27T03:19:07.561+0000] {dag.py:3336} INFO - 🤪 Setting next_dagrun for ingest_bo_voucher_report to 2023-02-25T19:00:00+00:00, run_after=2023-02-26T19:00:00+00:00
[2023-02-27T03:19:07.692+0000] {processor.py:176} INFO - 🤪 Processing /airflow/dags/ingest_bo_voucher_report.py took 4.013 seconds
[2023-02-27T03:19:38.152+0000] {processor.py:154} INFO - 🤪 Started process (PID=4784) to work on /airflow/dags/ingest_bo_voucher_report.py
[2023-02-27T03:19:38.157+0000] {processor.py:756} INFO - 🤪 Processing file /airflow/dags/ingest_bo_voucher_report.py for tasks to queue
[2023-02-27T03:19:38.162+0000] {logging_mixin.py:137} INFO - 🤪 [2023-02-27T03:19:38.161+0000] {dagbag.py:537} INFO - 🤪 Filling up the DagBag from /airflow/dags/ingest_bo_voucher_report.py
[2023-02-27T03:19:39.649+0000] {processor.py:766} INFO - 🤪 DAG(s) dict_keys(['ingest_bo_voucher_report']) retrieved from /airflow/dags/ingest_bo_voucher_report.py
[2023-02-27T03:19:39.778+0000] {logging_mixin.py:137} INFO - 🤪 [2023-02-27T03:19:39.777+0000] {dag.py:2585} INFO - 🤪 Sync 1 DAGs
[2023-02-27T03:19:39.900+0000] {logging_mixin.py:137} INFO - 🤪 [2023-02-27T03:19:39.900+0000] {dag.py:3336} INFO - 🤪 Setting next_dagrun for ingest_bo_voucher_report to 2023-02-25T19:00:00+00:00, run_after=2023-02-26T19:00:00+00:00
[2023-02-27T03:19:39.983+0000] {processor.py:176} INFO - 🤪 Processing /airflow/dags/ingest_bo_voucher_report.py took 1.844 seconds
[2023-02-27T03:20:10.089+0000] {processor.py:154} INFO - 🤪 Started process (PID=4788) to work on /airflow/dags/ingest_bo_voucher_report.py
[2023-02-27T03:20:10.092+0000] {processor.py:756} INFO - 🤪 Processing file /airflow/dags/ingest_bo_voucher_report.py for tasks to queue
[2023-02-27T03:20:10.097+0000] {logging_mixin.py:137} INFO - 🤪 [2023-02-27T03:20:10.097+0000] {dagbag.py:537} INFO - 🤪 Filling up the DagBag from /airflow/dags/ingest_bo_voucher_report.py
[2023-02-27T03:20:11.066+0000] {processor.py:766} INFO - 🤪 DAG(s) dict_keys(['ingest_bo_voucher_report']) retrieved from /airflow/dags/ingest_bo_voucher_report.py
[2023-02-27T03:20:11.183+0000] {logging_mixin.py:137} INFO - 🤪 [2023-02-27T03:20:11.183+0000] {dag.py:2585} INFO - 🤪 Sync 1 DAGs
[2023-02-27T03:20:11.306+0000] {logging_mixin.py:137} INFO - 🤪 [2023-02-27T03:20:11.306+0000] {dag.py:3336} INFO - 🤪 Setting next_dagrun for ingest_bo_voucher_report to 2023-02-25T19:00:00+00:00, run_after=2023-02-26T19:00:00+00:00
[2023-02-27T03:20:11.378+0000] {processor.py:176} INFO - 🤪 Processing /airflow/dags/ingest_bo_voucher_report.py took 1.296 seconds
[2023-02-27T18:08:18.833+0000] {processor.py:154} INFO - 🤪 Started process (PID=46) to work on /airflow/dags/ingest_bo_voucher_report.py
[2023-02-27T18:08:18.836+0000] {processor.py:756} INFO - 🤪 Processing file /airflow/dags/ingest_bo_voucher_report.py for tasks to queue
[2023-02-27T18:08:18.838+0000] {logging_mixin.py:137} INFO - 🤪 [2023-02-27T18:08:18.838+0000] {dagbag.py:537} INFO - 🤪 Filling up the DagBag from /airflow/dags/ingest_bo_voucher_report.py
[2023-02-27T18:08:19.307+0000] {processor.py:766} INFO - 🤪 DAG(s) dict_keys(['ingest_bo_voucher_report']) retrieved from /airflow/dags/ingest_bo_voucher_report.py
[2023-02-27T18:08:19.476+0000] {logging_mixin.py:137} INFO - 🤪 [2023-02-27T18:08:19.476+0000] {manager.py:507} INFO - 🤪 Created Permission View: can read on DAG:ingest_bo_voucher_report
[2023-02-27T18:08:19.489+0000] {logging_mixin.py:137} INFO - 🤪 [2023-02-27T18:08:19.489+0000] {manager.py:507} INFO - 🤪 Created Permission View: can delete on DAG:ingest_bo_voucher_report
[2023-02-27T18:08:19.498+0000] {logging_mixin.py:137} INFO - 🤪 [2023-02-27T18:08:19.498+0000] {manager.py:507} INFO - 🤪 Created Permission View: can edit on DAG:ingest_bo_voucher_report
[2023-02-27T18:08:19.499+0000] {logging_mixin.py:137} INFO - 🤪 [2023-02-27T18:08:19.499+0000] {dag.py:2585} INFO - 🤪 Sync 1 DAGs
[2023-02-27T18:08:19.514+0000] {logging_mixin.py:137} INFO - 🤪 [2023-02-27T18:08:19.513+0000] {dag.py:2606} INFO - 🤪 Creating ORM DAG for ingest_bo_voucher_report
[2023-02-27T18:08:19.529+0000] {logging_mixin.py:137} INFO - 🤪 [2023-02-27T18:08:19.528+0000] {dag.py:3336} INFO - 🤪 Setting next_dagrun for ingest_bo_voucher_report to 2023-02-25T19:00:00+00:00, run_after=2023-02-26T19:00:00+00:00
[2023-02-27T18:08:19.554+0000] {processor.py:176} INFO - 🤪 Processing /airflow/dags/ingest_bo_voucher_report.py took 0.724 seconds
[2023-02-27T18:08:50.171+0000] {processor.py:154} INFO - 🤪 Started process (PID=54) to work on /airflow/dags/ingest_bo_voucher_report.py
[2023-02-27T18:08:50.173+0000] {processor.py:756} INFO - 🤪 Processing file /airflow/dags/ingest_bo_voucher_report.py for tasks to queue
[2023-02-27T18:08:50.175+0000] {logging_mixin.py:137} INFO - 🤪 [2023-02-27T18:08:50.175+0000] {dagbag.py:537} INFO - 🤪 Filling up the DagBag from /airflow/dags/ingest_bo_voucher_report.py
[2023-02-27T18:08:50.774+0000] {processor.py:766} INFO - 🤪 DAG(s) dict_keys(['ingest_bo_voucher_report']) retrieved from /airflow/dags/ingest_bo_voucher_report.py
[2023-02-27T18:08:50.803+0000] {logging_mixin.py:137} INFO - 🤪 [2023-02-27T18:08:50.802+0000] {dag.py:2585} INFO - 🤪 Sync 1 DAGs
[2023-02-27T18:08:50.840+0000] {logging_mixin.py:137} INFO - 🤪 [2023-02-27T18:08:50.840+0000] {dag.py:3336} INFO - 🤪 Setting next_dagrun for ingest_bo_voucher_report to 2023-02-25T19:00:00+00:00, run_after=2023-02-26T19:00:00+00:00
[2023-02-27T18:08:50.871+0000] {processor.py:176} INFO - 🤪 Processing /airflow/dags/ingest_bo_voucher_report.py took 0.706 seconds
[2023-02-27T18:09:21.006+0000] {processor.py:154} INFO - 🤪 Started process (PID=58) to work on /airflow/dags/ingest_bo_voucher_report.py
[2023-02-27T18:09:21.008+0000] {processor.py:756} INFO - 🤪 Processing file /airflow/dags/ingest_bo_voucher_report.py for tasks to queue
[2023-02-27T18:09:21.009+0000] {logging_mixin.py:137} INFO - 🤪 [2023-02-27T18:09:21.009+0000] {dagbag.py:537} INFO - 🤪 Filling up the DagBag from /airflow/dags/ingest_bo_voucher_report.py
[2023-02-27T18:09:21.343+0000] {processor.py:766} INFO - 🤪 DAG(s) dict_keys(['ingest_bo_voucher_report']) retrieved from /airflow/dags/ingest_bo_voucher_report.py
[2023-02-27T18:09:21.377+0000] {logging_mixin.py:137} INFO - 🤪 [2023-02-27T18:09:21.377+0000] {dag.py:2585} INFO - 🤪 Sync 1 DAGs
[2023-02-27T18:09:21.421+0000] {logging_mixin.py:137} INFO - 🤪 [2023-02-27T18:09:21.421+0000] {dag.py:3336} INFO - 🤪 Setting next_dagrun for ingest_bo_voucher_report to 2023-02-25T19:00:00+00:00, run_after=2023-02-26T19:00:00+00:00
[2023-02-27T18:09:21.445+0000] {processor.py:176} INFO - 🤪 Processing /airflow/dags/ingest_bo_voucher_report.py took 0.569 seconds
[2023-02-27T18:09:51.955+0000] {processor.py:154} INFO - 🤪 Started process (PID=62) to work on /airflow/dags/ingest_bo_voucher_report.py
[2023-02-27T18:09:51.957+0000] {processor.py:756} INFO - 🤪 Processing file /airflow/dags/ingest_bo_voucher_report.py for tasks to queue
[2023-02-27T18:09:51.959+0000] {logging_mixin.py:137} INFO - 🤪 [2023-02-27T18:09:51.959+0000] {dagbag.py:537} INFO - 🤪 Filling up the DagBag from /airflow/dags/ingest_bo_voucher_report.py
[2023-02-27T18:09:52.739+0000] {processor.py:766} INFO - 🤪 DAG(s) dict_keys(['ingest_bo_voucher_report']) retrieved from /airflow/dags/ingest_bo_voucher_report.py
[2023-02-27T18:09:52.785+0000] {logging_mixin.py:137} INFO - 🤪 [2023-02-27T18:09:52.785+0000] {dag.py:2585} INFO - 🤪 Sync 1 DAGs
[2023-02-27T18:09:52.844+0000] {logging_mixin.py:137} INFO - 🤪 [2023-02-27T18:09:52.844+0000] {dag.py:3336} INFO - 🤪 Setting next_dagrun for ingest_bo_voucher_report to 2023-02-25T19:00:00+00:00, run_after=2023-02-26T19:00:00+00:00
[2023-02-27T18:09:52.917+0000] {processor.py:176} INFO - 🤪 Processing /airflow/dags/ingest_bo_voucher_report.py took 0.966 seconds
[2023-02-27T18:10:24.127+0000] {processor.py:154} INFO - 🤪 Started process (PID=66) to work on /airflow/dags/ingest_bo_voucher_report.py
[2023-02-27T18:10:24.135+0000] {processor.py:756} INFO - 🤪 Processing file /airflow/dags/ingest_bo_voucher_report.py for tasks to queue
[2023-02-27T18:10:24.140+0000] {logging_mixin.py:137} INFO - 🤪 [2023-02-27T18:10:24.139+0000] {dagbag.py:537} INFO - 🤪 Filling up the DagBag from /airflow/dags/ingest_bo_voucher_report.py
[2023-02-27T18:10:27.224+0000] {processor.py:766} INFO - 🤪 DAG(s) dict_keys(['ingest_bo_voucher_report']) retrieved from /airflow/dags/ingest_bo_voucher_report.py
[2023-02-27T18:10:27.419+0000] {logging_mixin.py:137} INFO - 🤪 [2023-02-27T18:10:27.418+0000] {dag.py:2585} INFO - 🤪 Sync 1 DAGs
[2023-02-27T18:10:27.566+0000] {logging_mixin.py:137} INFO - 🤪 [2023-02-27T18:10:27.565+0000] {dag.py:3336} INFO - 🤪 Setting next_dagrun for ingest_bo_voucher_report to 2023-02-25T19:00:00+00:00, run_after=2023-02-26T19:00:00+00:00
[2023-02-27T18:10:27.717+0000] {processor.py:176} INFO - 🤪 Processing /airflow/dags/ingest_bo_voucher_report.py took 3.600 seconds
[2023-02-27T18:10:58.199+0000] {processor.py:154} INFO - 🤪 Started process (PID=70) to work on /airflow/dags/ingest_bo_voucher_report.py
[2023-02-27T18:10:58.201+0000] {processor.py:756} INFO - 🤪 Processing file /airflow/dags/ingest_bo_voucher_report.py for tasks to queue
[2023-02-27T18:10:58.204+0000] {logging_mixin.py:137} INFO - 🤪 [2023-02-27T18:10:58.204+0000] {dagbag.py:537} INFO - 🤪 Filling up the DagBag from /airflow/dags/ingest_bo_voucher_report.py
[2023-02-27T18:10:58.737+0000] {processor.py:766} INFO - 🤪 DAG(s) dict_keys(['ingest_bo_voucher_report']) retrieved from /airflow/dags/ingest_bo_voucher_report.py
[2023-02-27T18:10:58.768+0000] {logging_mixin.py:137} INFO - 🤪 [2023-02-27T18:10:58.767+0000] {dag.py:2585} INFO - 🤪 Sync 1 DAGs
[2023-02-27T18:10:58.811+0000] {logging_mixin.py:137} INFO - 🤪 [2023-02-27T18:10:58.811+0000] {dag.py:3336} INFO - 🤪 Setting next_dagrun for ingest_bo_voucher_report to 2023-02-25T19:00:00+00:00, run_after=2023-02-26T19:00:00+00:00
[2023-02-27T18:10:58.855+0000] {processor.py:176} INFO - 🤪 Processing /airflow/dags/ingest_bo_voucher_report.py took 0.662 seconds
[2023-02-27T18:11:28.988+0000] {processor.py:154} INFO - 🤪 Started process (PID=74) to work on /airflow/dags/ingest_bo_voucher_report.py
[2023-02-27T18:11:28.996+0000] {processor.py:756} INFO - 🤪 Processing file /airflow/dags/ingest_bo_voucher_report.py for tasks to queue
[2023-02-27T18:11:28.998+0000] {logging_mixin.py:137} INFO - 🤪 [2023-02-27T18:11:28.998+0000] {dagbag.py:537} INFO - 🤪 Filling up the DagBag from /airflow/dags/ingest_bo_voucher_report.py
[2023-02-27T18:11:29.451+0000] {processor.py:766} INFO - 🤪 DAG(s) dict_keys(['ingest_bo_voucher_report']) retrieved from /airflow/dags/ingest_bo_voucher_report.py
[2023-02-27T18:11:29.473+0000] {logging_mixin.py:137} INFO - 🤪 [2023-02-27T18:11:29.473+0000] {dag.py:2585} INFO - 🤪 Sync 1 DAGs
[2023-02-27T18:11:29.498+0000] {logging_mixin.py:137} INFO - 🤪 [2023-02-27T18:11:29.498+0000] {dag.py:3336} INFO - 🤪 Setting next_dagrun for ingest_bo_voucher_report to 2023-02-25T19:00:00+00:00, run_after=2023-02-26T19:00:00+00:00
[2023-02-27T18:11:29.528+0000] {processor.py:176} INFO - 🤪 Processing /airflow/dags/ingest_bo_voucher_report.py took 0.543 seconds
[2023-02-27T18:11:59.693+0000] {processor.py:154} INFO - 🤪 Started process (PID=78) to work on /airflow/dags/ingest_bo_voucher_report.py
[2023-02-27T18:11:59.697+0000] {processor.py:756} INFO - 🤪 Processing file /airflow/dags/ingest_bo_voucher_report.py for tasks to queue
[2023-02-27T18:11:59.699+0000] {logging_mixin.py:137} INFO - 🤪 [2023-02-27T18:11:59.699+0000] {dagbag.py:537} INFO - 🤪 Filling up the DagBag from /airflow/dags/ingest_bo_voucher_report.py
[2023-02-27T18:12:00.376+0000] {processor.py:766} INFO - 🤪 DAG(s) dict_keys(['ingest_bo_voucher_report']) retrieved from /airflow/dags/ingest_bo_voucher_report.py
[2023-02-27T18:12:00.407+0000] {logging_mixin.py:137} INFO - 🤪 [2023-02-27T18:12:00.407+0000] {dag.py:2585} INFO - 🤪 Sync 1 DAGs
[2023-02-27T18:12:00.438+0000] {logging_mixin.py:137} INFO - 🤪 [2023-02-27T18:12:00.438+0000] {dag.py:3336} INFO - 🤪 Setting next_dagrun for ingest_bo_voucher_report to 2023-02-25T19:00:00+00:00, run_after=2023-02-26T19:00:00+00:00
[2023-02-27T18:12:00.467+0000] {processor.py:176} INFO - 🤪 Processing /airflow/dags/ingest_bo_voucher_report.py took 0.783 seconds
[2023-02-27T18:12:30.858+0000] {processor.py:154} INFO - 🤪 Started process (PID=82) to work on /airflow/dags/ingest_bo_voucher_report.py
[2023-02-27T18:12:30.860+0000] {processor.py:756} INFO - 🤪 Processing file /airflow/dags/ingest_bo_voucher_report.py for tasks to queue
[2023-02-27T18:12:30.861+0000] {logging_mixin.py:137} INFO - 🤪 [2023-02-27T18:12:30.861+0000] {dagbag.py:537} INFO - 🤪 Filling up the DagBag from /airflow/dags/ingest_bo_voucher_report.py
[2023-02-27T18:12:31.378+0000] {processor.py:766} INFO - 🤪 DAG(s) dict_keys(['ingest_bo_voucher_report']) retrieved from /airflow/dags/ingest_bo_voucher_report.py
[2023-02-27T18:12:31.413+0000] {logging_mixin.py:137} INFO - 🤪 [2023-02-27T18:12:31.413+0000] {dag.py:2585} INFO - 🤪 Sync 1 DAGs
[2023-02-27T18:12:31.451+0000] {logging_mixin.py:137} INFO - 🤪 [2023-02-27T18:12:31.450+0000] {dag.py:3336} INFO - 🤪 Setting next_dagrun for ingest_bo_voucher_report to 2023-02-25T19:00:00+00:00, run_after=2023-02-26T19:00:00+00:00
[2023-02-27T18:12:31.483+0000] {processor.py:176} INFO - 🤪 Processing /airflow/dags/ingest_bo_voucher_report.py took 0.630 seconds
[2023-02-27T18:13:01.635+0000] {processor.py:154} INFO - 🤪 Started process (PID=86) to work on /airflow/dags/ingest_bo_voucher_report.py
[2023-02-27T18:13:01.643+0000] {processor.py:756} INFO - 🤪 Processing file /airflow/dags/ingest_bo_voucher_report.py for tasks to queue
[2023-02-27T18:13:01.644+0000] {logging_mixin.py:137} INFO - 🤪 [2023-02-27T18:13:01.644+0000] {dagbag.py:537} INFO - 🤪 Filling up the DagBag from /airflow/dags/ingest_bo_voucher_report.py
[2023-02-27T18:13:02.084+0000] {processor.py:766} INFO - 🤪 DAG(s) dict_keys(['ingest_bo_voucher_report']) retrieved from /airflow/dags/ingest_bo_voucher_report.py
[2023-02-27T18:13:02.107+0000] {logging_mixin.py:137} INFO - 🤪 [2023-02-27T18:13:02.107+0000] {dag.py:2585} INFO - 🤪 Sync 1 DAGs
[2023-02-27T18:13:02.136+0000] {logging_mixin.py:137} INFO - 🤪 [2023-02-27T18:13:02.135+0000] {dag.py:3336} INFO - 🤪 Setting next_dagrun for ingest_bo_voucher_report to 2023-02-25T19:00:00+00:00, run_after=2023-02-26T19:00:00+00:00
[2023-02-27T18:13:02.161+0000] {processor.py:176} INFO - 🤪 Processing /airflow/dags/ingest_bo_voucher_report.py took 0.530 seconds
[2023-02-27T18:13:32.309+0000] {processor.py:154} INFO - 🤪 Started process (PID=90) to work on /airflow/dags/ingest_bo_voucher_report.py
[2023-02-27T18:13:32.312+0000] {processor.py:756} INFO - 🤪 Processing file /airflow/dags/ingest_bo_voucher_report.py for tasks to queue
[2023-02-27T18:13:32.315+0000] {logging_mixin.py:137} INFO - 🤪 [2023-02-27T18:13:32.314+0000] {dagbag.py:537} INFO - 🤪 Filling up the DagBag from /airflow/dags/ingest_bo_voucher_report.py
[2023-02-27T18:13:32.868+0000] {processor.py:766} INFO - 🤪 DAG(s) dict_keys(['ingest_bo_voucher_report']) retrieved from /airflow/dags/ingest_bo_voucher_report.py
[2023-02-27T18:13:32.907+0000] {logging_mixin.py:137} INFO - 🤪 [2023-02-27T18:13:32.907+0000] {dag.py:2585} INFO - 🤪 Sync 1 DAGs
[2023-02-27T18:13:32.942+0000] {logging_mixin.py:137} INFO - 🤪 [2023-02-27T18:13:32.941+0000] {dag.py:3336} INFO - 🤪 Setting next_dagrun for ingest_bo_voucher_report to 2023-02-25T19:00:00+00:00, run_after=2023-02-26T19:00:00+00:00
[2023-02-27T18:13:32.973+0000] {processor.py:176} INFO - 🤪 Processing /airflow/dags/ingest_bo_voucher_report.py took 0.669 seconds
[2023-02-27T18:14:03.984+0000] {processor.py:154} INFO - 🤪 Started process (PID=94) to work on /airflow/dags/ingest_bo_voucher_report.py
[2023-02-27T18:14:03.988+0000] {processor.py:756} INFO - 🤪 Processing file /airflow/dags/ingest_bo_voucher_report.py for tasks to queue
[2023-02-27T18:14:03.990+0000] {logging_mixin.py:137} INFO - 🤪 [2023-02-27T18:14:03.990+0000] {dagbag.py:537} INFO - 🤪 Filling up the DagBag from /airflow/dags/ingest_bo_voucher_report.py
[2023-02-27T18:14:04.617+0000] {processor.py:766} INFO - 🤪 DAG(s) dict_keys(['ingest_bo_voucher_report']) retrieved from /airflow/dags/ingest_bo_voucher_report.py
[2023-02-27T18:14:04.652+0000] {logging_mixin.py:137} INFO - 🤪 [2023-02-27T18:14:04.652+0000] {dag.py:2585} INFO - 🤪 Sync 1 DAGs
[2023-02-27T18:14:04.682+0000] {logging_mixin.py:137} INFO - 🤪 [2023-02-27T18:14:04.682+0000] {dag.py:3336} INFO - 🤪 Setting next_dagrun for ingest_bo_voucher_report to 2023-02-25T19:00:00+00:00, run_after=2023-02-26T19:00:00+00:00
[2023-02-27T18:14:04.716+0000] {processor.py:176} INFO - 🤪 Processing /airflow/dags/ingest_bo_voucher_report.py took 0.737 seconds
[2023-02-27T18:14:35.158+0000] {processor.py:154} INFO - 🤪 Started process (PID=98) to work on /airflow/dags/ingest_bo_voucher_report.py
[2023-02-27T18:14:35.160+0000] {processor.py:756} INFO - 🤪 Processing file /airflow/dags/ingest_bo_voucher_report.py for tasks to queue
[2023-02-27T18:14:35.163+0000] {logging_mixin.py:137} INFO - 🤪 [2023-02-27T18:14:35.163+0000] {dagbag.py:537} INFO - 🤪 Filling up the DagBag from /airflow/dags/ingest_bo_voucher_report.py
[2023-02-27T18:14:35.682+0000] {processor.py:766} INFO - 🤪 DAG(s) dict_keys(['ingest_bo_voucher_report']) retrieved from /airflow/dags/ingest_bo_voucher_report.py
[2023-02-27T18:14:35.710+0000] {logging_mixin.py:137} INFO - 🤪 [2023-02-27T18:14:35.710+0000] {dag.py:2585} INFO - 🤪 Sync 1 DAGs
[2023-02-27T18:14:35.734+0000] {logging_mixin.py:137} INFO - 🤪 [2023-02-27T18:14:35.734+0000] {dag.py:3336} INFO - 🤪 Setting next_dagrun for ingest_bo_voucher_report to 2023-02-25T19:00:00+00:00, run_after=2023-02-26T19:00:00+00:00
[2023-02-27T18:14:35.756+0000] {processor.py:176} INFO - 🤪 Processing /airflow/dags/ingest_bo_voucher_report.py took 0.603 seconds
[2023-02-27T18:15:06.017+0000] {processor.py:154} INFO - 🤪 Started process (PID=102) to work on /airflow/dags/ingest_bo_voucher_report.py
[2023-02-27T18:15:06.019+0000] {processor.py:756} INFO - 🤪 Processing file /airflow/dags/ingest_bo_voucher_report.py for tasks to queue
[2023-02-27T18:15:06.021+0000] {logging_mixin.py:137} INFO - 🤪 [2023-02-27T18:15:06.020+0000] {dagbag.py:537} INFO - 🤪 Filling up the DagBag from /airflow/dags/ingest_bo_voucher_report.py
[2023-02-27T18:15:06.550+0000] {processor.py:766} INFO - 🤪 DAG(s) dict_keys(['ingest_bo_voucher_report']) retrieved from /airflow/dags/ingest_bo_voucher_report.py
[2023-02-27T18:15:06.575+0000] {logging_mixin.py:137} INFO - 🤪 [2023-02-27T18:15:06.574+0000] {dag.py:2585} INFO - 🤪 Sync 1 DAGs
[2023-02-27T18:15:06.600+0000] {logging_mixin.py:137} INFO - 🤪 [2023-02-27T18:15:06.600+0000] {dag.py:3336} INFO - 🤪 Setting next_dagrun for ingest_bo_voucher_report to 2023-02-25T19:00:00+00:00, run_after=2023-02-26T19:00:00+00:00
[2023-02-27T18:15:06.632+0000] {processor.py:176} INFO - 🤪 Processing /airflow/dags/ingest_bo_voucher_report.py took 0.620 seconds
[2023-02-27T18:15:36.881+0000] {processor.py:154} INFO - 🤪 Started process (PID=106) to work on /airflow/dags/ingest_bo_voucher_report.py
[2023-02-27T18:15:36.883+0000] {processor.py:756} INFO - 🤪 Processing file /airflow/dags/ingest_bo_voucher_report.py for tasks to queue
[2023-02-27T18:15:36.885+0000] {logging_mixin.py:137} INFO - 🤪 [2023-02-27T18:15:36.885+0000] {dagbag.py:537} INFO - 🤪 Filling up the DagBag from /airflow/dags/ingest_bo_voucher_report.py
[2023-02-27T18:15:37.258+0000] {processor.py:766} INFO - 🤪 DAG(s) dict_keys(['ingest_bo_voucher_report']) retrieved from /airflow/dags/ingest_bo_voucher_report.py
[2023-02-27T18:15:37.289+0000] {logging_mixin.py:137} INFO - 🤪 [2023-02-27T18:15:37.289+0000] {dag.py:2585} INFO - 🤪 Sync 1 DAGs
[2023-02-27T18:15:37.319+0000] {logging_mixin.py:137} INFO - 🤪 [2023-02-27T18:15:37.319+0000] {dag.py:3336} INFO - 🤪 Setting next_dagrun for ingest_bo_voucher_report to 2023-02-25T19:00:00+00:00, run_after=2023-02-26T19:00:00+00:00
[2023-02-27T18:15:37.352+0000] {processor.py:176} INFO - 🤪 Processing /airflow/dags/ingest_bo_voucher_report.py took 0.476 seconds
[2023-02-27T18:16:07.790+0000] {processor.py:154} INFO - 🤪 Started process (PID=110) to work on /airflow/dags/ingest_bo_voucher_report.py
[2023-02-27T18:16:07.792+0000] {processor.py:756} INFO - 🤪 Processing file /airflow/dags/ingest_bo_voucher_report.py for tasks to queue
[2023-02-27T18:16:07.794+0000] {logging_mixin.py:137} INFO - 🤪 [2023-02-27T18:16:07.793+0000] {dagbag.py:537} INFO - 🤪 Filling up the DagBag from /airflow/dags/ingest_bo_voucher_report.py
[2023-02-27T18:16:08.323+0000] {processor.py:766} INFO - 🤪 DAG(s) dict_keys(['ingest_bo_voucher_report']) retrieved from /airflow/dags/ingest_bo_voucher_report.py
[2023-02-27T18:16:08.384+0000] {logging_mixin.py:137} INFO - 🤪 [2023-02-27T18:16:08.383+0000] {dag.py:2585} INFO - 🤪 Sync 1 DAGs
[2023-02-27T18:16:08.431+0000] {logging_mixin.py:137} INFO - 🤪 [2023-02-27T18:16:08.431+0000] {dag.py:3336} INFO - 🤪 Setting next_dagrun for ingest_bo_voucher_report to 2023-02-25T19:00:00+00:00, run_after=2023-02-26T19:00:00+00:00
[2023-02-27T18:16:08.482+0000] {processor.py:176} INFO - 🤪 Processing /airflow/dags/ingest_bo_voucher_report.py took 0.697 seconds
[2023-02-27T18:16:39.046+0000] {processor.py:154} INFO - 🤪 Started process (PID=114) to work on /airflow/dags/ingest_bo_voucher_report.py
[2023-02-27T18:16:39.050+0000] {processor.py:756} INFO - 🤪 Processing file /airflow/dags/ingest_bo_voucher_report.py for tasks to queue
[2023-02-27T18:16:39.053+0000] {logging_mixin.py:137} INFO - 🤪 [2023-02-27T18:16:39.053+0000] {dagbag.py:537} INFO - 🤪 Filling up the DagBag from /airflow/dags/ingest_bo_voucher_report.py
[2023-02-27T18:16:39.416+0000] {processor.py:766} INFO - 🤪 DAG(s) dict_keys(['ingest_bo_voucher_report']) retrieved from /airflow/dags/ingest_bo_voucher_report.py
[2023-02-27T18:16:39.448+0000] {logging_mixin.py:137} INFO - 🤪 [2023-02-27T18:16:39.448+0000] {dag.py:2585} INFO - 🤪 Sync 1 DAGs
[2023-02-27T18:16:39.480+0000] {logging_mixin.py:137} INFO - 🤪 [2023-02-27T18:16:39.479+0000] {dag.py:3336} INFO - 🤪 Setting next_dagrun for ingest_bo_voucher_report to 2023-02-25T19:00:00+00:00, run_after=2023-02-26T19:00:00+00:00
[2023-02-27T18:16:39.510+0000] {processor.py:176} INFO - 🤪 Processing /airflow/dags/ingest_bo_voucher_report.py took 0.472 seconds
[2023-02-27T18:17:10.085+0000] {processor.py:154} INFO - 🤪 Started process (PID=118) to work on /airflow/dags/ingest_bo_voucher_report.py
[2023-02-27T18:17:10.090+0000] {processor.py:756} INFO - 🤪 Processing file /airflow/dags/ingest_bo_voucher_report.py for tasks to queue
[2023-02-27T18:17:10.094+0000] {logging_mixin.py:137} INFO - 🤪 [2023-02-27T18:17:10.094+0000] {dagbag.py:537} INFO - 🤪 Filling up the DagBag from /airflow/dags/ingest_bo_voucher_report.py
[2023-02-27T18:17:10.548+0000] {processor.py:766} INFO - 🤪 DAG(s) dict_keys(['ingest_bo_voucher_report']) retrieved from /airflow/dags/ingest_bo_voucher_report.py
[2023-02-27T18:17:10.581+0000] {logging_mixin.py:137} INFO - 🤪 [2023-02-27T18:17:10.581+0000] {dag.py:2585} INFO - 🤪 Sync 1 DAGs
[2023-02-27T18:17:10.612+0000] {logging_mixin.py:137} INFO - 🤪 [2023-02-27T18:17:10.612+0000] {dag.py:3336} INFO - 🤪 Setting next_dagrun for ingest_bo_voucher_report to 2023-02-25T19:00:00+00:00, run_after=2023-02-26T19:00:00+00:00
[2023-02-27T18:17:10.634+0000] {processor.py:176} INFO - 🤪 Processing /airflow/dags/ingest_bo_voucher_report.py took 0.556 seconds
[2023-02-27T18:17:41.441+0000] {processor.py:154} INFO - 🤪 Started process (PID=122) to work on /airflow/dags/ingest_bo_voucher_report.py
[2023-02-27T18:17:41.443+0000] {processor.py:756} INFO - 🤪 Processing file /airflow/dags/ingest_bo_voucher_report.py for tasks to queue
[2023-02-27T18:17:41.444+0000] {logging_mixin.py:137} INFO - 🤪 [2023-02-27T18:17:41.444+0000] {dagbag.py:537} INFO - 🤪 Filling up the DagBag from /airflow/dags/ingest_bo_voucher_report.py
[2023-02-27T18:17:41.769+0000] {processor.py:766} INFO - 🤪 DAG(s) dict_keys(['ingest_bo_voucher_report']) retrieved from /airflow/dags/ingest_bo_voucher_report.py
[2023-02-27T18:17:41.805+0000] {logging_mixin.py:137} INFO - 🤪 [2023-02-27T18:17:41.805+0000] {dag.py:2585} INFO - 🤪 Sync 1 DAGs
[2023-02-27T18:17:41.834+0000] {logging_mixin.py:137} INFO - 🤪 [2023-02-27T18:17:41.834+0000] {dag.py:3336} INFO - 🤪 Setting next_dagrun for ingest_bo_voucher_report to 2023-02-25T19:00:00+00:00, run_after=2023-02-26T19:00:00+00:00
[2023-02-27T18:17:41.874+0000] {processor.py:176} INFO - 🤪 Processing /airflow/dags/ingest_bo_voucher_report.py took 0.437 seconds
[2023-02-27T18:18:12.170+0000] {processor.py:154} INFO - 🤪 Started process (PID=126) to work on /airflow/dags/ingest_bo_voucher_report.py
[2023-02-27T18:18:12.172+0000] {processor.py:756} INFO - 🤪 Processing file /airflow/dags/ingest_bo_voucher_report.py for tasks to queue
[2023-02-27T18:18:12.173+0000] {logging_mixin.py:137} INFO - 🤪 [2023-02-27T18:18:12.173+0000] {dagbag.py:537} INFO - 🤪 Filling up the DagBag from /airflow/dags/ingest_bo_voucher_report.py
[2023-02-27T18:18:12.583+0000] {processor.py:766} INFO - 🤪 DAG(s) dict_keys(['ingest_bo_voucher_report']) retrieved from /airflow/dags/ingest_bo_voucher_report.py
[2023-02-27T18:18:12.623+0000] {logging_mixin.py:137} INFO - 🤪 [2023-02-27T18:18:12.623+0000] {dag.py:2585} INFO - 🤪 Sync 1 DAGs
[2023-02-27T18:18:12.662+0000] {logging_mixin.py:137} INFO - 🤪 [2023-02-27T18:18:12.662+0000] {dag.py:3336} INFO - 🤪 Setting next_dagrun for ingest_bo_voucher_report to 2023-02-25T19:00:00+00:00, run_after=2023-02-26T19:00:00+00:00
[2023-02-27T18:18:12.695+0000] {processor.py:176} INFO - 🤪 Processing /airflow/dags/ingest_bo_voucher_report.py took 0.530 seconds
[2023-02-27T18:18:42.934+0000] {processor.py:154} INFO - 🤪 Started process (PID=130) to work on /airflow/dags/ingest_bo_voucher_report.py
[2023-02-27T18:18:42.937+0000] {processor.py:756} INFO - 🤪 Processing file /airflow/dags/ingest_bo_voucher_report.py for tasks to queue
[2023-02-27T18:18:42.940+0000] {logging_mixin.py:137} INFO - 🤪 [2023-02-27T18:18:42.940+0000] {dagbag.py:537} INFO - 🤪 Filling up the DagBag from /airflow/dags/ingest_bo_voucher_report.py
[2023-02-27T18:18:43.811+0000] {processor.py:766} INFO - 🤪 DAG(s) dict_keys(['ingest_bo_voucher_report']) retrieved from /airflow/dags/ingest_bo_voucher_report.py
[2023-02-27T18:18:43.901+0000] {logging_mixin.py:137} INFO - 🤪 [2023-02-27T18:18:43.901+0000] {dag.py:2585} INFO - 🤪 Sync 1 DAGs
[2023-02-27T18:18:43.972+0000] {logging_mixin.py:137} INFO - 🤪 [2023-02-27T18:18:43.972+0000] {dag.py:3336} INFO - 🤪 Setting next_dagrun for ingest_bo_voucher_report to 2023-02-25T19:00:00+00:00, run_after=2023-02-26T19:00:00+00:00
[2023-02-27T18:18:44.031+0000] {processor.py:176} INFO - 🤪 Processing /airflow/dags/ingest_bo_voucher_report.py took 1.104 seconds
[2023-02-27T18:19:24.684+0000] {processor.py:154} INFO - 🤪 Started process (PID=134) to work on /airflow/dags/ingest_bo_voucher_report.py
[2023-02-27T18:19:24.800+0000] {processor.py:756} INFO - 🤪 Processing file /airflow/dags/ingest_bo_voucher_report.py for tasks to queue
[2023-02-27T18:19:24.854+0000] {logging_mixin.py:137} INFO - 🤪 [2023-02-27T18:19:24.852+0000] {dagbag.py:537} INFO - 🤪 Filling up the DagBag from /airflow/dags/ingest_bo_voucher_report.py
[2023-02-27T18:19:55.060+0000] {logging_mixin.py:137} INFO - 🤪 [2023-02-27T18:19:55.059+0000] {timeout.py:68} ERROR - 🤪 Process timed out, PID: 134
[2023-02-27T18:19:55.544+0000] {logging_mixin.py:137} INFO - 🤪 [2023-02-27T18:19:55.109+0000] {dagbag.py:342} ERROR - 🤪 Failed to import: /airflow/dags/ingest_bo_voucher_report.py
Traceback (most recent call last):
  File "/opt/bitnami/python/lib/python3.8/site-packages/airflow/models/dagbag.py", line 338, in parse
    loader.exec_module(new_module)
  File "<frozen importlib._bootstrap_external>", line 843, in exec_module
  File "<frozen importlib._bootstrap>", line 219, in _call_with_frames_removed
  File "/airflow/dags/ingest_bo_voucher_report.py", line 5, in <module>
    from processing.ingest_bo_voucher_report import ingest_bo_voucher_report
  File "/airflow/dags/processing/ingest_bo_voucher_report.py", line 3, in <module>
    from gspread_pandas import Spread, Client, conf
  File "/opt/bitnami/python/lib/python3.8/site-packages/gspread_pandas/__init__.py", line 5, in <module>
    from .client import Client
  File "/opt/bitnami/python/lib/python3.8/site-packages/gspread_pandas/client.py", line 9, in <module>
    from gspread_pandas.conf import default_scope, get_creds
  File "/opt/bitnami/python/lib/python3.8/site-packages/gspread_pandas/conf.py", line 11, in <module>
    from gspread_pandas.util import decode
  File "/opt/bitnami/python/lib/python3.8/site-packages/gspread_pandas/util.py", line 6, in <module>
    import pandas as pd
  File "/opt/bitnami/python/lib/python3.8/site-packages/pandas/__init__.py", line 141, in <module>
    from pandas.io.api import (
  File "/opt/bitnami/python/lib/python3.8/site-packages/pandas/io/api.py", line 6, in <module>
    from pandas.io.excel import (
  File "/opt/bitnami/python/lib/python3.8/site-packages/pandas/io/excel/__init__.py", line 1, in <module>
    from pandas.io.excel._base import (
  File "/opt/bitnami/python/lib/python3.8/site-packages/pandas/io/excel/_base.py", line 28, in <module>
    from pandas._libs.parsers import STR_NA_VALUES
  File "pandas/_libs/parsers.pyx", line 99, in init pandas._libs.parsers
  File "<frozen importlib._bootstrap>", line 1017, in _handle_fromlist
  File "/opt/bitnami/python/lib/python3.8/site-packages/airflow/utils/timeout.py", line 69, in handle_timeout
    raise AirflowTaskTimeout(self.error_message)
airflow.exceptions.AirflowTaskTimeout: DagBag import timeout for /airflow/dags/ingest_bo_voucher_report.py after 30.0s.
Please take a look at these docs to improve your DAG import time:
* https://airflow.apache.org/docs/apache-airflow/2.4.3/best-practices.html#top-level-python-code
* https://airflow.apache.org/docs/apache-airflow/2.4.3/best-practices.html#reducing-dag-complexity, PID: 134
[2023-02-27T18:19:55.598+0000] {processor.py:768} WARNING - 🤪 No viable dags retrieved from /airflow/dags/ingest_bo_voucher_report.py
[2023-02-27T18:19:56.565+0000] {processor.py:176} INFO - 🤪 Processing /airflow/dags/ingest_bo_voucher_report.py took 32.074 seconds
[2023-02-27T18:21:12.193+0000] {processor.py:154} INFO - 🤪 Started process (PID=136) to work on /airflow/dags/ingest_bo_voucher_report.py
[2023-02-27T18:21:13.096+0000] {processor.py:756} INFO - 🤪 Processing file /airflow/dags/ingest_bo_voucher_report.py for tasks to queue
[2023-02-27T18:21:13.396+0000] {logging_mixin.py:137} INFO - 🤪 [2023-02-27T18:21:13.394+0000] {dagbag.py:537} INFO - 🤪 Filling up the DagBag from /airflow/dags/ingest_bo_voucher_report.py
[2023-02-27T18:21:43.951+0000] {logging_mixin.py:137} INFO - 🤪 [2023-02-27T18:21:43.917+0000] {timeout.py:68} ERROR - 🤪 Process timed out, PID: 136
[2023-02-27T18:21:45.122+0000] {logging_mixin.py:137} INFO - 🤪 [2023-02-27T18:21:44.238+0000] {dagbag.py:342} ERROR - 🤪 Failed to import: /airflow/dags/ingest_bo_voucher_report.py
Traceback (most recent call last):
  File "/opt/bitnami/python/lib/python3.8/site-packages/airflow/models/dagbag.py", line 338, in parse
    loader.exec_module(new_module)
  File "<frozen importlib._bootstrap_external>", line 843, in exec_module
  File "<frozen importlib._bootstrap>", line 219, in _call_with_frames_removed
  File "/airflow/dags/ingest_bo_voucher_report.py", line 5, in <module>
    from processing.ingest_bo_voucher_report import ingest_bo_voucher_report
  File "/airflow/dags/processing/ingest_bo_voucher_report.py", line 3, in <module>
    from gspread_pandas import Spread, Client, conf
  File "/opt/bitnami/python/lib/python3.8/site-packages/gspread_pandas/__init__.py", line 5, in <module>
    from .client import Client
  File "/opt/bitnami/python/lib/python3.8/site-packages/gspread_pandas/client.py", line 9, in <module>
    from gspread_pandas.conf import default_scope, get_creds
  File "/opt/bitnami/python/lib/python3.8/site-packages/gspread_pandas/conf.py", line 11, in <module>
    from gspread_pandas.util import decode
  File "/opt/bitnami/python/lib/python3.8/site-packages/gspread_pandas/util.py", line 6, in <module>
    import pandas as pd
  File "/opt/bitnami/python/lib/python3.8/site-packages/pandas/__init__.py", line 48, in <module>
    from pandas.core.api import (
  File "/opt/bitnami/python/lib/python3.8/site-packages/pandas/core/api.py", line 22, in <module>
    from pandas.core.algorithms import (
  File "/opt/bitnami/python/lib/python3.8/site-packages/pandas/core/algorithms.py", line 86, in <module>
    from pandas.core.array_algos.take import take_nd
  File "/opt/bitnami/python/lib/python3.8/site-packages/pandas/core/array_algos/take.py", line 28, in <module>
    from pandas.core.construction import ensure_wrapped_if_datetimelike
  File "/opt/bitnami/python/lib/python3.8/site-packages/pandas/core/construction.py", line 71, in <module>
    import pandas.core.common as com
  File "<frozen importlib._bootstrap>", line 991, in _find_and_load
  File "<frozen importlib._bootstrap>", line 975, in _find_and_load_unlocked
  File "<frozen importlib._bootstrap>", line 671, in _load_unlocked
  File "<frozen importlib._bootstrap_external>", line 839, in exec_module
  File "<frozen importlib._bootstrap_external>", line 934, in get_code
  File "<frozen importlib._bootstrap_external>", line 1033, in get_data
  File "/opt/bitnami/python/lib/python3.8/site-packages/airflow/utils/timeout.py", line 69, in handle_timeout
    raise AirflowTaskTimeout(self.error_message)
airflow.exceptions.AirflowTaskTimeout: DagBag import timeout for /airflow/dags/ingest_bo_voucher_report.py after 30.0s.
Please take a look at these docs to improve your DAG import time:
* https://airflow.apache.org/docs/apache-airflow/2.4.3/best-practices.html#top-level-python-code
* https://airflow.apache.org/docs/apache-airflow/2.4.3/best-practices.html#reducing-dag-complexity, PID: 136
[2023-02-27T18:21:45.255+0000] {processor.py:768} WARNING - 🤪 No viable dags retrieved from /airflow/dags/ingest_bo_voucher_report.py
[2023-02-27T18:21:48.451+0000] {processor.py:176} INFO - 🤪 Processing /airflow/dags/ingest_bo_voucher_report.py took 36.928 seconds
[2023-02-27T18:22:27.005+0000] {processor.py:154} INFO - 🤪 Started process (PID=139) to work on /airflow/dags/ingest_bo_voucher_report.py
[2023-02-27T18:22:27.025+0000] {processor.py:756} INFO - 🤪 Processing file /airflow/dags/ingest_bo_voucher_report.py for tasks to queue
[2023-02-27T18:22:27.033+0000] {logging_mixin.py:137} INFO - 🤪 [2023-02-27T18:22:27.032+0000] {dagbag.py:537} INFO - 🤪 Filling up the DagBag from /airflow/dags/ingest_bo_voucher_report.py
[2023-02-27T18:22:32.031+0000] {processor.py:766} INFO - 🤪 DAG(s) dict_keys(['ingest_bo_voucher_report']) retrieved from /airflow/dags/ingest_bo_voucher_report.py
[2023-02-27T18:22:32.819+0000] {logging_mixin.py:137} INFO - 🤪 [2023-02-27T18:22:32.819+0000] {dag.py:2585} INFO - 🤪 Sync 1 DAGs
[2023-02-27T18:22:33.060+0000] {logging_mixin.py:137} INFO - 🤪 [2023-02-27T18:22:33.059+0000] {dag.py:3336} INFO - 🤪 Setting next_dagrun for ingest_bo_voucher_report to 2023-02-25T19:00:00+00:00, run_after=2023-02-26T19:00:00+00:00
[2023-02-27T18:22:33.295+0000] {processor.py:176} INFO - 🤪 Processing /airflow/dags/ingest_bo_voucher_report.py took 6.353 seconds
[2023-02-27T18:23:03.900+0000] {processor.py:154} INFO - 🤪 Started process (PID=143) to work on /airflow/dags/ingest_bo_voucher_report.py
[2023-02-27T18:23:03.902+0000] {processor.py:756} INFO - 🤪 Processing file /airflow/dags/ingest_bo_voucher_report.py for tasks to queue
[2023-02-27T18:23:03.905+0000] {logging_mixin.py:137} INFO - 🤪 [2023-02-27T18:23:03.904+0000] {dagbag.py:537} INFO - 🤪 Filling up the DagBag from /airflow/dags/ingest_bo_voucher_report.py
[2023-02-27T18:23:04.207+0000] {processor.py:766} INFO - 🤪 DAG(s) dict_keys(['ingest_bo_voucher_report']) retrieved from /airflow/dags/ingest_bo_voucher_report.py
[2023-02-27T18:23:04.235+0000] {logging_mixin.py:137} INFO - 🤪 [2023-02-27T18:23:04.235+0000] {dag.py:2585} INFO - 🤪 Sync 1 DAGs
[2023-02-27T18:23:04.268+0000] {logging_mixin.py:137} INFO - 🤪 [2023-02-27T18:23:04.268+0000] {dag.py:3336} INFO - 🤪 Setting next_dagrun for ingest_bo_voucher_report to 2023-02-25T19:00:00+00:00, run_after=2023-02-26T19:00:00+00:00
[2023-02-27T18:23:04.302+0000] {processor.py:176} INFO - 🤪 Processing /airflow/dags/ingest_bo_voucher_report.py took 0.406 seconds
[2023-02-27T18:23:34.560+0000] {processor.py:154} INFO - 🤪 Started process (PID=147) to work on /airflow/dags/ingest_bo_voucher_report.py
[2023-02-27T18:23:34.562+0000] {processor.py:756} INFO - 🤪 Processing file /airflow/dags/ingest_bo_voucher_report.py for tasks to queue
[2023-02-27T18:23:34.564+0000] {logging_mixin.py:137} INFO - 🤪 [2023-02-27T18:23:34.564+0000] {dagbag.py:537} INFO - 🤪 Filling up the DagBag from /airflow/dags/ingest_bo_voucher_report.py
[2023-02-27T18:23:34.983+0000] {processor.py:766} INFO - 🤪 DAG(s) dict_keys(['ingest_bo_voucher_report']) retrieved from /airflow/dags/ingest_bo_voucher_report.py
[2023-02-27T18:23:35.024+0000] {logging_mixin.py:137} INFO - 🤪 [2023-02-27T18:23:35.024+0000] {dag.py:2585} INFO - 🤪 Sync 1 DAGs
[2023-02-27T18:23:35.061+0000] {logging_mixin.py:137} INFO - 🤪 [2023-02-27T18:23:35.061+0000] {dag.py:3336} INFO - 🤪 Setting next_dagrun for ingest_bo_voucher_report to 2023-02-25T19:00:00+00:00, run_after=2023-02-26T19:00:00+00:00
[2023-02-27T18:23:35.090+0000] {processor.py:176} INFO - 🤪 Processing /airflow/dags/ingest_bo_voucher_report.py took 0.534 seconds
[2023-02-27T18:24:05.298+0000] {processor.py:154} INFO - 🤪 Started process (PID=151) to work on /airflow/dags/ingest_bo_voucher_report.py
[2023-02-27T18:24:05.300+0000] {processor.py:756} INFO - 🤪 Processing file /airflow/dags/ingest_bo_voucher_report.py for tasks to queue
[2023-02-27T18:24:05.302+0000] {logging_mixin.py:137} INFO - 🤪 [2023-02-27T18:24:05.302+0000] {dagbag.py:537} INFO - 🤪 Filling up the DagBag from /airflow/dags/ingest_bo_voucher_report.py
[2023-02-27T18:24:05.601+0000] {processor.py:766} INFO - 🤪 DAG(s) dict_keys(['ingest_bo_voucher_report']) retrieved from /airflow/dags/ingest_bo_voucher_report.py
[2023-02-27T18:24:05.627+0000] {logging_mixin.py:137} INFO - 🤪 [2023-02-27T18:24:05.627+0000] {dag.py:2585} INFO - 🤪 Sync 1 DAGs
[2023-02-27T18:24:05.651+0000] {logging_mixin.py:137} INFO - 🤪 [2023-02-27T18:24:05.651+0000] {dag.py:3336} INFO - 🤪 Setting next_dagrun for ingest_bo_voucher_report to 2023-02-25T19:00:00+00:00, run_after=2023-02-26T19:00:00+00:00
[2023-02-27T18:24:05.678+0000] {processor.py:176} INFO - 🤪 Processing /airflow/dags/ingest_bo_voucher_report.py took 0.384 seconds
[2023-02-27T18:24:35.788+0000] {processor.py:154} INFO - 🤪 Started process (PID=155) to work on /airflow/dags/ingest_bo_voucher_report.py
[2023-02-27T18:24:35.790+0000] {processor.py:756} INFO - 🤪 Processing file /airflow/dags/ingest_bo_voucher_report.py for tasks to queue
[2023-02-27T18:24:35.792+0000] {logging_mixin.py:137} INFO - 🤪 [2023-02-27T18:24:35.792+0000] {dagbag.py:537} INFO - 🤪 Filling up the DagBag from /airflow/dags/ingest_bo_voucher_report.py
[2023-02-27T18:24:36.163+0000] {processor.py:766} INFO - 🤪 DAG(s) dict_keys(['ingest_bo_voucher_report']) retrieved from /airflow/dags/ingest_bo_voucher_report.py
[2023-02-27T18:24:36.189+0000] {logging_mixin.py:137} INFO - 🤪 [2023-02-27T18:24:36.189+0000] {dag.py:2585} INFO - 🤪 Sync 1 DAGs
[2023-02-27T18:24:36.218+0000] {logging_mixin.py:137} INFO - 🤪 [2023-02-27T18:24:36.218+0000] {dag.py:3336} INFO - 🤪 Setting next_dagrun for ingest_bo_voucher_report to 2023-02-25T19:00:00+00:00, run_after=2023-02-26T19:00:00+00:00
[2023-02-27T18:24:36.246+0000] {processor.py:176} INFO - 🤪 Processing /airflow/dags/ingest_bo_voucher_report.py took 0.462 seconds
[2023-02-27T18:25:06.385+0000] {processor.py:154} INFO - 🤪 Started process (PID=159) to work on /airflow/dags/ingest_bo_voucher_report.py
[2023-02-27T18:25:06.388+0000] {processor.py:756} INFO - 🤪 Processing file /airflow/dags/ingest_bo_voucher_report.py for tasks to queue
[2023-02-27T18:25:06.390+0000] {logging_mixin.py:137} INFO - 🤪 [2023-02-27T18:25:06.390+0000] {dagbag.py:537} INFO - 🤪 Filling up the DagBag from /airflow/dags/ingest_bo_voucher_report.py
[2023-02-27T18:25:06.927+0000] {processor.py:766} INFO - 🤪 DAG(s) dict_keys(['ingest_bo_voucher_report']) retrieved from /airflow/dags/ingest_bo_voucher_report.py
[2023-02-27T18:25:06.962+0000] {logging_mixin.py:137} INFO - 🤪 [2023-02-27T18:25:06.962+0000] {dag.py:2585} INFO - 🤪 Sync 1 DAGs
[2023-02-27T18:25:06.994+0000] {logging_mixin.py:137} INFO - 🤪 [2023-02-27T18:25:06.994+0000] {dag.py:3336} INFO - 🤪 Setting next_dagrun for ingest_bo_voucher_report to 2023-02-25T19:00:00+00:00, run_after=2023-02-26T19:00:00+00:00
[2023-02-27T18:25:07.019+0000] {processor.py:176} INFO - 🤪 Processing /airflow/dags/ingest_bo_voucher_report.py took 0.637 seconds
[2023-02-27T18:25:37.165+0000] {processor.py:154} INFO - 🤪 Started process (PID=163) to work on /airflow/dags/ingest_bo_voucher_report.py
[2023-02-27T18:25:37.169+0000] {processor.py:756} INFO - 🤪 Processing file /airflow/dags/ingest_bo_voucher_report.py for tasks to queue
[2023-02-27T18:25:37.171+0000] {logging_mixin.py:137} INFO - 🤪 [2023-02-27T18:25:37.171+0000] {dagbag.py:537} INFO - 🤪 Filling up the DagBag from /airflow/dags/ingest_bo_voucher_report.py
[2023-02-27T18:25:37.687+0000] {processor.py:766} INFO - 🤪 DAG(s) dict_keys(['ingest_bo_voucher_report']) retrieved from /airflow/dags/ingest_bo_voucher_report.py
[2023-02-27T18:25:37.721+0000] {logging_mixin.py:137} INFO - 🤪 [2023-02-27T18:25:37.721+0000] {dag.py:2585} INFO - 🤪 Sync 1 DAGs
[2023-02-27T18:25:37.751+0000] {logging_mixin.py:137} INFO - 🤪 [2023-02-27T18:25:37.750+0000] {dag.py:3336} INFO - 🤪 Setting next_dagrun for ingest_bo_voucher_report to 2023-02-25T19:00:00+00:00, run_after=2023-02-26T19:00:00+00:00
[2023-02-27T18:25:37.777+0000] {processor.py:176} INFO - 🤪 Processing /airflow/dags/ingest_bo_voucher_report.py took 0.616 seconds
[2023-02-27T18:26:07.938+0000] {processor.py:154} INFO - 🤪 Started process (PID=167) to work on /airflow/dags/ingest_bo_voucher_report.py
[2023-02-27T18:26:07.939+0000] {processor.py:756} INFO - 🤪 Processing file /airflow/dags/ingest_bo_voucher_report.py for tasks to queue
[2023-02-27T18:26:07.941+0000] {logging_mixin.py:137} INFO - 🤪 [2023-02-27T18:26:07.941+0000] {dagbag.py:537} INFO - 🤪 Filling up the DagBag from /airflow/dags/ingest_bo_voucher_report.py
[2023-02-27T18:26:08.257+0000] {processor.py:766} INFO - 🤪 DAG(s) dict_keys(['ingest_bo_voucher_report']) retrieved from /airflow/dags/ingest_bo_voucher_report.py
[2023-02-27T18:26:08.285+0000] {logging_mixin.py:137} INFO - 🤪 [2023-02-27T18:26:08.285+0000] {dag.py:2585} INFO - 🤪 Sync 1 DAGs
[2023-02-27T18:26:08.311+0000] {logging_mixin.py:137} INFO - 🤪 [2023-02-27T18:26:08.311+0000] {dag.py:3336} INFO - 🤪 Setting next_dagrun for ingest_bo_voucher_report to 2023-02-25T19:00:00+00:00, run_after=2023-02-26T19:00:00+00:00
[2023-02-27T18:26:08.333+0000] {processor.py:176} INFO - 🤪 Processing /airflow/dags/ingest_bo_voucher_report.py took 0.399 seconds
[2023-02-27T18:26:38.521+0000] {processor.py:154} INFO - 🤪 Started process (PID=171) to work on /airflow/dags/ingest_bo_voucher_report.py
[2023-02-27T18:26:38.531+0000] {processor.py:756} INFO - 🤪 Processing file /airflow/dags/ingest_bo_voucher_report.py for tasks to queue
[2023-02-27T18:26:38.542+0000] {logging_mixin.py:137} INFO - 🤪 [2023-02-27T18:26:38.541+0000] {dagbag.py:537} INFO - 🤪 Filling up the DagBag from /airflow/dags/ingest_bo_voucher_report.py
[2023-02-27T18:26:39.010+0000] {processor.py:766} INFO - 🤪 DAG(s) dict_keys(['ingest_bo_voucher_report']) retrieved from /airflow/dags/ingest_bo_voucher_report.py
[2023-02-27T18:26:39.093+0000] {logging_mixin.py:137} INFO - 🤪 [2023-02-27T18:26:39.093+0000] {dag.py:2585} INFO - 🤪 Sync 1 DAGs
[2023-02-27T18:26:39.140+0000] {logging_mixin.py:137} INFO - 🤪 [2023-02-27T18:26:39.139+0000] {dag.py:3336} INFO - 🤪 Setting next_dagrun for ingest_bo_voucher_report to 2023-02-25T19:00:00+00:00, run_after=2023-02-26T19:00:00+00:00
[2023-02-27T18:26:39.176+0000] {processor.py:176} INFO - 🤪 Processing /airflow/dags/ingest_bo_voucher_report.py took 0.661 seconds
[2023-02-27T18:27:09.301+0000] {processor.py:154} INFO - 🤪 Started process (PID=175) to work on /airflow/dags/ingest_bo_voucher_report.py
[2023-02-27T18:27:09.304+0000] {processor.py:756} INFO - 🤪 Processing file /airflow/dags/ingest_bo_voucher_report.py for tasks to queue
[2023-02-27T18:27:09.306+0000] {logging_mixin.py:137} INFO - 🤪 [2023-02-27T18:27:09.305+0000] {dagbag.py:537} INFO - 🤪 Filling up the DagBag from /airflow/dags/ingest_bo_voucher_report.py
[2023-02-27T18:27:09.803+0000] {processor.py:766} INFO - 🤪 DAG(s) dict_keys(['ingest_bo_voucher_report']) retrieved from /airflow/dags/ingest_bo_voucher_report.py
[2023-02-27T18:27:09.896+0000] {logging_mixin.py:137} INFO - 🤪 [2023-02-27T18:27:09.896+0000] {dag.py:2585} INFO - 🤪 Sync 1 DAGs
[2023-02-27T18:27:09.982+0000] {logging_mixin.py:137} INFO - 🤪 [2023-02-27T18:27:09.981+0000] {dag.py:3336} INFO - 🤪 Setting next_dagrun for ingest_bo_voucher_report to 2023-02-25T19:00:00+00:00, run_after=2023-02-26T19:00:00+00:00
[2023-02-27T18:27:10.053+0000] {processor.py:176} INFO - 🤪 Processing /airflow/dags/ingest_bo_voucher_report.py took 0.756 seconds
[2023-02-27T18:27:40.201+0000] {processor.py:154} INFO - 🤪 Started process (PID=179) to work on /airflow/dags/ingest_bo_voucher_report.py
[2023-02-27T18:27:40.203+0000] {processor.py:756} INFO - 🤪 Processing file /airflow/dags/ingest_bo_voucher_report.py for tasks to queue
[2023-02-27T18:27:40.206+0000] {logging_mixin.py:137} INFO - 🤪 [2023-02-27T18:27:40.206+0000] {dagbag.py:537} INFO - 🤪 Filling up the DagBag from /airflow/dags/ingest_bo_voucher_report.py
[2023-02-27T18:27:40.625+0000] {processor.py:766} INFO - 🤪 DAG(s) dict_keys(['ingest_bo_voucher_report']) retrieved from /airflow/dags/ingest_bo_voucher_report.py
[2023-02-27T18:27:40.664+0000] {logging_mixin.py:137} INFO - 🤪 [2023-02-27T18:27:40.664+0000] {dag.py:2585} INFO - 🤪 Sync 1 DAGs
[2023-02-27T18:27:40.699+0000] {logging_mixin.py:137} INFO - 🤪 [2023-02-27T18:27:40.698+0000] {dag.py:3336} INFO - 🤪 Setting next_dagrun for ingest_bo_voucher_report to 2023-02-25T19:00:00+00:00, run_after=2023-02-26T19:00:00+00:00
[2023-02-27T18:27:40.727+0000] {processor.py:176} INFO - 🤪 Processing /airflow/dags/ingest_bo_voucher_report.py took 0.532 seconds
[2023-02-27T18:28:10.906+0000] {processor.py:154} INFO - 🤪 Started process (PID=183) to work on /airflow/dags/ingest_bo_voucher_report.py
[2023-02-27T18:28:10.910+0000] {processor.py:756} INFO - 🤪 Processing file /airflow/dags/ingest_bo_voucher_report.py for tasks to queue
[2023-02-27T18:28:10.914+0000] {logging_mixin.py:137} INFO - 🤪 [2023-02-27T18:28:10.913+0000] {dagbag.py:537} INFO - 🤪 Filling up the DagBag from /airflow/dags/ingest_bo_voucher_report.py
[2023-02-27T18:28:11.277+0000] {processor.py:766} INFO - 🤪 DAG(s) dict_keys(['ingest_bo_voucher_report']) retrieved from /airflow/dags/ingest_bo_voucher_report.py
[2023-02-27T18:28:11.303+0000] {logging_mixin.py:137} INFO - 🤪 [2023-02-27T18:28:11.303+0000] {dag.py:2585} INFO - 🤪 Sync 1 DAGs
[2023-02-27T18:28:11.328+0000] {logging_mixin.py:137} INFO - 🤪 [2023-02-27T18:28:11.328+0000] {dag.py:3336} INFO - 🤪 Setting next_dagrun for ingest_bo_voucher_report to 2023-02-25T19:00:00+00:00, run_after=2023-02-26T19:00:00+00:00
[2023-02-27T18:28:11.353+0000] {processor.py:176} INFO - 🤪 Processing /airflow/dags/ingest_bo_voucher_report.py took 0.454 seconds
[2023-02-27T18:28:41.566+0000] {processor.py:154} INFO - 🤪 Started process (PID=187) to work on /airflow/dags/ingest_bo_voucher_report.py
[2023-02-27T18:28:41.570+0000] {processor.py:756} INFO - 🤪 Processing file /airflow/dags/ingest_bo_voucher_report.py for tasks to queue
[2023-02-27T18:28:41.572+0000] {logging_mixin.py:137} INFO - 🤪 [2023-02-27T18:28:41.571+0000] {dagbag.py:537} INFO - 🤪 Filling up the DagBag from /airflow/dags/ingest_bo_voucher_report.py
[2023-02-27T18:28:41.920+0000] {processor.py:766} INFO - 🤪 DAG(s) dict_keys(['ingest_bo_voucher_report']) retrieved from /airflow/dags/ingest_bo_voucher_report.py
[2023-02-27T18:28:41.947+0000] {logging_mixin.py:137} INFO - 🤪 [2023-02-27T18:28:41.947+0000] {dag.py:2585} INFO - 🤪 Sync 1 DAGs
[2023-02-27T18:28:41.975+0000] {logging_mixin.py:137} INFO - 🤪 [2023-02-27T18:28:41.974+0000] {dag.py:3336} INFO - 🤪 Setting next_dagrun for ingest_bo_voucher_report to 2023-02-25T19:00:00+00:00, run_after=2023-02-26T19:00:00+00:00
[2023-02-27T18:28:41.996+0000] {processor.py:176} INFO - 🤪 Processing /airflow/dags/ingest_bo_voucher_report.py took 0.434 seconds
[2023-02-27T18:29:12.153+0000] {processor.py:154} INFO - 🤪 Started process (PID=191) to work on /airflow/dags/ingest_bo_voucher_report.py
[2023-02-27T18:29:12.155+0000] {processor.py:756} INFO - 🤪 Processing file /airflow/dags/ingest_bo_voucher_report.py for tasks to queue
[2023-02-27T18:29:12.158+0000] {logging_mixin.py:137} INFO - 🤪 [2023-02-27T18:29:12.158+0000] {dagbag.py:537} INFO - 🤪 Filling up the DagBag from /airflow/dags/ingest_bo_voucher_report.py
[2023-02-27T18:29:12.483+0000] {processor.py:766} INFO - 🤪 DAG(s) dict_keys(['ingest_bo_voucher_report']) retrieved from /airflow/dags/ingest_bo_voucher_report.py
[2023-02-27T18:29:12.512+0000] {logging_mixin.py:137} INFO - 🤪 [2023-02-27T18:29:12.512+0000] {dag.py:2585} INFO - 🤪 Sync 1 DAGs
[2023-02-27T18:29:12.536+0000] {logging_mixin.py:137} INFO - 🤪 [2023-02-27T18:29:12.536+0000] {dag.py:3336} INFO - 🤪 Setting next_dagrun for ingest_bo_voucher_report to 2023-02-25T19:00:00+00:00, run_after=2023-02-26T19:00:00+00:00
[2023-02-27T18:29:12.559+0000] {processor.py:176} INFO - 🤪 Processing /airflow/dags/ingest_bo_voucher_report.py took 0.411 seconds
[2023-02-27T18:29:42.738+0000] {processor.py:154} INFO - 🤪 Started process (PID=195) to work on /airflow/dags/ingest_bo_voucher_report.py
[2023-02-27T18:29:42.746+0000] {processor.py:756} INFO - 🤪 Processing file /airflow/dags/ingest_bo_voucher_report.py for tasks to queue
[2023-02-27T18:29:42.747+0000] {logging_mixin.py:137} INFO - 🤪 [2023-02-27T18:29:42.747+0000] {dagbag.py:537} INFO - 🤪 Filling up the DagBag from /airflow/dags/ingest_bo_voucher_report.py
[2023-02-27T18:29:43.075+0000] {processor.py:766} INFO - 🤪 DAG(s) dict_keys(['ingest_bo_voucher_report']) retrieved from /airflow/dags/ingest_bo_voucher_report.py
[2023-02-27T18:29:43.111+0000] {logging_mixin.py:137} INFO - 🤪 [2023-02-27T18:29:43.110+0000] {dag.py:2585} INFO - 🤪 Sync 1 DAGs
[2023-02-27T18:29:43.146+0000] {logging_mixin.py:137} INFO - 🤪 [2023-02-27T18:29:43.146+0000] {dag.py:3336} INFO - 🤪 Setting next_dagrun for ingest_bo_voucher_report to 2023-02-25T19:00:00+00:00, run_after=2023-02-26T19:00:00+00:00
[2023-02-27T18:29:43.172+0000] {processor.py:176} INFO - 🤪 Processing /airflow/dags/ingest_bo_voucher_report.py took 0.440 seconds
[2023-02-27T18:30:13.333+0000] {processor.py:154} INFO - 🤪 Started process (PID=199) to work on /airflow/dags/ingest_bo_voucher_report.py
[2023-02-27T18:30:13.336+0000] {processor.py:756} INFO - 🤪 Processing file /airflow/dags/ingest_bo_voucher_report.py for tasks to queue
[2023-02-27T18:30:13.339+0000] {logging_mixin.py:137} INFO - 🤪 [2023-02-27T18:30:13.338+0000] {dagbag.py:537} INFO - 🤪 Filling up the DagBag from /airflow/dags/ingest_bo_voucher_report.py
[2023-02-27T18:30:13.758+0000] {processor.py:766} INFO - 🤪 DAG(s) dict_keys(['ingest_bo_voucher_report']) retrieved from /airflow/dags/ingest_bo_voucher_report.py
[2023-02-27T18:30:13.798+0000] {logging_mixin.py:137} INFO - 🤪 [2023-02-27T18:30:13.797+0000] {dag.py:2585} INFO - 🤪 Sync 1 DAGs
[2023-02-27T18:30:13.829+0000] {logging_mixin.py:137} INFO - 🤪 [2023-02-27T18:30:13.829+0000] {dag.py:3336} INFO - 🤪 Setting next_dagrun for ingest_bo_voucher_report to 2023-02-25T19:00:00+00:00, run_after=2023-02-26T19:00:00+00:00
[2023-02-27T18:30:13.859+0000] {processor.py:176} INFO - 🤪 Processing /airflow/dags/ingest_bo_voucher_report.py took 0.530 seconds
[2023-02-27T18:30:44.096+0000] {processor.py:154} INFO - 🤪 Started process (PID=203) to work on /airflow/dags/ingest_bo_voucher_report.py
[2023-02-27T18:30:44.100+0000] {processor.py:756} INFO - 🤪 Processing file /airflow/dags/ingest_bo_voucher_report.py for tasks to queue
[2023-02-27T18:30:44.101+0000] {logging_mixin.py:137} INFO - 🤪 [2023-02-27T18:30:44.101+0000] {dagbag.py:537} INFO - 🤪 Filling up the DagBag from /airflow/dags/ingest_bo_voucher_report.py
[2023-02-27T18:30:44.571+0000] {processor.py:766} INFO - 🤪 DAG(s) dict_keys(['ingest_bo_voucher_report']) retrieved from /airflow/dags/ingest_bo_voucher_report.py
[2023-02-27T18:30:44.603+0000] {logging_mixin.py:137} INFO - 🤪 [2023-02-27T18:30:44.602+0000] {dag.py:2585} INFO - 🤪 Sync 1 DAGs
[2023-02-27T18:30:44.631+0000] {logging_mixin.py:137} INFO - 🤪 [2023-02-27T18:30:44.631+0000] {dag.py:3336} INFO - 🤪 Setting next_dagrun for ingest_bo_voucher_report to 2023-02-25T19:00:00+00:00, run_after=2023-02-26T19:00:00+00:00
[2023-02-27T18:30:44.653+0000] {processor.py:176} INFO - 🤪 Processing /airflow/dags/ingest_bo_voucher_report.py took 0.561 seconds
[2023-02-27T18:31:14.791+0000] {processor.py:154} INFO - 🤪 Started process (PID=207) to work on /airflow/dags/ingest_bo_voucher_report.py
[2023-02-27T18:31:14.793+0000] {processor.py:756} INFO - 🤪 Processing file /airflow/dags/ingest_bo_voucher_report.py for tasks to queue
[2023-02-27T18:31:14.795+0000] {logging_mixin.py:137} INFO - 🤪 [2023-02-27T18:31:14.795+0000] {dagbag.py:537} INFO - 🤪 Filling up the DagBag from /airflow/dags/ingest_bo_voucher_report.py
[2023-02-27T18:31:15.177+0000] {processor.py:766} INFO - 🤪 DAG(s) dict_keys(['ingest_bo_voucher_report']) retrieved from /airflow/dags/ingest_bo_voucher_report.py
[2023-02-27T18:31:15.205+0000] {logging_mixin.py:137} INFO - 🤪 [2023-02-27T18:31:15.205+0000] {dag.py:2585} INFO - 🤪 Sync 1 DAGs
[2023-02-27T18:31:15.230+0000] {logging_mixin.py:137} INFO - 🤪 [2023-02-27T18:31:15.230+0000] {dag.py:3336} INFO - 🤪 Setting next_dagrun for ingest_bo_voucher_report to 2023-02-25T19:00:00+00:00, run_after=2023-02-26T19:00:00+00:00
[2023-02-27T18:31:15.258+0000] {processor.py:176} INFO - 🤪 Processing /airflow/dags/ingest_bo_voucher_report.py took 0.474 seconds
[2023-02-27T18:31:45.363+0000] {processor.py:154} INFO - 🤪 Started process (PID=211) to work on /airflow/dags/ingest_bo_voucher_report.py
[2023-02-27T18:31:45.365+0000] {processor.py:756} INFO - 🤪 Processing file /airflow/dags/ingest_bo_voucher_report.py for tasks to queue
[2023-02-27T18:31:45.369+0000] {logging_mixin.py:137} INFO - 🤪 [2023-02-27T18:31:45.368+0000] {dagbag.py:537} INFO - 🤪 Filling up the DagBag from /airflow/dags/ingest_bo_voucher_report.py
[2023-02-27T18:31:45.695+0000] {processor.py:766} INFO - 🤪 DAG(s) dict_keys(['ingest_bo_voucher_report']) retrieved from /airflow/dags/ingest_bo_voucher_report.py
[2023-02-27T18:31:45.723+0000] {logging_mixin.py:137} INFO - 🤪 [2023-02-27T18:31:45.723+0000] {dag.py:2585} INFO - 🤪 Sync 1 DAGs
[2023-02-27T18:31:45.750+0000] {logging_mixin.py:137} INFO - 🤪 [2023-02-27T18:31:45.749+0000] {dag.py:3336} INFO - 🤪 Setting next_dagrun for ingest_bo_voucher_report to 2023-02-25T19:00:00+00:00, run_after=2023-02-26T19:00:00+00:00
[2023-02-27T18:31:45.773+0000] {processor.py:176} INFO - 🤪 Processing /airflow/dags/ingest_bo_voucher_report.py took 0.414 seconds
[2023-02-27T18:32:15.956+0000] {processor.py:154} INFO - 🤪 Started process (PID=215) to work on /airflow/dags/ingest_bo_voucher_report.py
[2023-02-27T18:32:15.960+0000] {processor.py:756} INFO - 🤪 Processing file /airflow/dags/ingest_bo_voucher_report.py for tasks to queue
[2023-02-27T18:32:15.964+0000] {logging_mixin.py:137} INFO - 🤪 [2023-02-27T18:32:15.964+0000] {dagbag.py:537} INFO - 🤪 Filling up the DagBag from /airflow/dags/ingest_bo_voucher_report.py
[2023-02-27T18:32:16.986+0000] {processor.py:766} INFO - 🤪 DAG(s) dict_keys(['ingest_bo_voucher_report']) retrieved from /airflow/dags/ingest_bo_voucher_report.py
[2023-02-27T18:32:17.045+0000] {logging_mixin.py:137} INFO - 🤪 [2023-02-27T18:32:17.045+0000] {dag.py:2585} INFO - 🤪 Sync 1 DAGs
[2023-02-27T18:32:17.080+0000] {logging_mixin.py:137} INFO - 🤪 [2023-02-27T18:32:17.080+0000] {dag.py:3336} INFO - 🤪 Setting next_dagrun for ingest_bo_voucher_report to 2023-02-25T19:00:00+00:00, run_after=2023-02-26T19:00:00+00:00
[2023-02-27T18:32:17.142+0000] {processor.py:176} INFO - 🤪 Processing /airflow/dags/ingest_bo_voucher_report.py took 1.195 seconds
[2023-02-27T18:32:47.359+0000] {processor.py:154} INFO - 🤪 Started process (PID=219) to work on /airflow/dags/ingest_bo_voucher_report.py
[2023-02-27T18:32:47.362+0000] {processor.py:756} INFO - 🤪 Processing file /airflow/dags/ingest_bo_voucher_report.py for tasks to queue
[2023-02-27T18:32:47.365+0000] {logging_mixin.py:137} INFO - 🤪 [2023-02-27T18:32:47.364+0000] {dagbag.py:537} INFO - 🤪 Filling up the DagBag from /airflow/dags/ingest_bo_voucher_report.py
[2023-02-27T18:32:48.112+0000] {processor.py:766} INFO - 🤪 DAG(s) dict_keys(['ingest_bo_voucher_report']) retrieved from /airflow/dags/ingest_bo_voucher_report.py
[2023-02-27T18:32:48.191+0000] {logging_mixin.py:137} INFO - 🤪 [2023-02-27T18:32:48.187+0000] {dag.py:2585} INFO - 🤪 Sync 1 DAGs
[2023-02-27T18:32:48.306+0000] {logging_mixin.py:137} INFO - 🤪 [2023-02-27T18:32:48.305+0000] {dag.py:3336} INFO - 🤪 Setting next_dagrun for ingest_bo_voucher_report to 2023-02-25T19:00:00+00:00, run_after=2023-02-26T19:00:00+00:00
[2023-02-27T18:32:48.346+0000] {processor.py:176} INFO - 🤪 Processing /airflow/dags/ingest_bo_voucher_report.py took 0.993 seconds
[2023-02-27T18:33:18.527+0000] {processor.py:154} INFO - 🤪 Started process (PID=223) to work on /airflow/dags/ingest_bo_voucher_report.py
[2023-02-27T18:33:18.530+0000] {processor.py:756} INFO - 🤪 Processing file /airflow/dags/ingest_bo_voucher_report.py for tasks to queue
[2023-02-27T18:33:18.534+0000] {logging_mixin.py:137} INFO - 🤪 [2023-02-27T18:33:18.533+0000] {dagbag.py:537} INFO - 🤪 Filling up the DagBag from /airflow/dags/ingest_bo_voucher_report.py
[2023-02-27T18:33:18.921+0000] {processor.py:766} INFO - 🤪 DAG(s) dict_keys(['ingest_bo_voucher_report']) retrieved from /airflow/dags/ingest_bo_voucher_report.py
[2023-02-27T18:33:18.955+0000] {logging_mixin.py:137} INFO - 🤪 [2023-02-27T18:33:18.954+0000] {dag.py:2585} INFO - 🤪 Sync 1 DAGs
[2023-02-27T18:33:18.984+0000] {logging_mixin.py:137} INFO - 🤪 [2023-02-27T18:33:18.984+0000] {dag.py:3336} INFO - 🤪 Setting next_dagrun for ingest_bo_voucher_report to 2023-02-25T19:00:00+00:00, run_after=2023-02-26T19:00:00+00:00
[2023-02-27T18:33:19.009+0000] {processor.py:176} INFO - 🤪 Processing /airflow/dags/ingest_bo_voucher_report.py took 0.489 seconds
[2023-02-27T18:33:49.197+0000] {processor.py:154} INFO - 🤪 Started process (PID=227) to work on /airflow/dags/ingest_bo_voucher_report.py
[2023-02-27T18:33:49.199+0000] {processor.py:756} INFO - 🤪 Processing file /airflow/dags/ingest_bo_voucher_report.py for tasks to queue
[2023-02-27T18:33:49.201+0000] {logging_mixin.py:137} INFO - 🤪 [2023-02-27T18:33:49.201+0000] {dagbag.py:537} INFO - 🤪 Filling up the DagBag from /airflow/dags/ingest_bo_voucher_report.py
[2023-02-27T18:33:49.591+0000] {processor.py:766} INFO - 🤪 DAG(s) dict_keys(['ingest_bo_voucher_report']) retrieved from /airflow/dags/ingest_bo_voucher_report.py
[2023-02-27T18:33:49.624+0000] {logging_mixin.py:137} INFO - 🤪 [2023-02-27T18:33:49.624+0000] {dag.py:2585} INFO - 🤪 Sync 1 DAGs
[2023-02-27T18:33:49.663+0000] {logging_mixin.py:137} INFO - 🤪 [2023-02-27T18:33:49.663+0000] {dag.py:3336} INFO - 🤪 Setting next_dagrun for ingest_bo_voucher_report to 2023-02-25T19:00:00+00:00, run_after=2023-02-26T19:00:00+00:00
[2023-02-27T18:33:49.697+0000] {processor.py:176} INFO - 🤪 Processing /airflow/dags/ingest_bo_voucher_report.py took 0.504 seconds
[2023-02-27T18:34:19.809+0000] {processor.py:154} INFO - 🤪 Started process (PID=231) to work on /airflow/dags/ingest_bo_voucher_report.py
[2023-02-27T18:34:19.811+0000] {processor.py:756} INFO - 🤪 Processing file /airflow/dags/ingest_bo_voucher_report.py for tasks to queue
[2023-02-27T18:34:19.812+0000] {logging_mixin.py:137} INFO - 🤪 [2023-02-27T18:34:19.812+0000] {dagbag.py:537} INFO - 🤪 Filling up the DagBag from /airflow/dags/ingest_bo_voucher_report.py
[2023-02-27T18:34:20.164+0000] {processor.py:766} INFO - 🤪 DAG(s) dict_keys(['ingest_bo_voucher_report']) retrieved from /airflow/dags/ingest_bo_voucher_report.py
[2023-02-27T18:34:20.201+0000] {logging_mixin.py:137} INFO - 🤪 [2023-02-27T18:34:20.201+0000] {dag.py:2585} INFO - 🤪 Sync 1 DAGs
[2023-02-27T18:34:20.234+0000] {logging_mixin.py:137} INFO - 🤪 [2023-02-27T18:34:20.234+0000] {dag.py:3336} INFO - 🤪 Setting next_dagrun for ingest_bo_voucher_report to 2023-02-25T19:00:00+00:00, run_after=2023-02-26T19:00:00+00:00
[2023-02-27T18:34:20.257+0000] {processor.py:176} INFO - 🤪 Processing /airflow/dags/ingest_bo_voucher_report.py took 0.451 seconds
[2023-02-27T18:34:50.412+0000] {processor.py:154} INFO - 🤪 Started process (PID=235) to work on /airflow/dags/ingest_bo_voucher_report.py
[2023-02-27T18:34:50.414+0000] {processor.py:756} INFO - 🤪 Processing file /airflow/dags/ingest_bo_voucher_report.py for tasks to queue
[2023-02-27T18:34:50.416+0000] {logging_mixin.py:137} INFO - 🤪 [2023-02-27T18:34:50.415+0000] {dagbag.py:537} INFO - 🤪 Filling up the DagBag from /airflow/dags/ingest_bo_voucher_report.py
[2023-02-27T18:34:50.833+0000] {processor.py:766} INFO - 🤪 DAG(s) dict_keys(['ingest_bo_voucher_report']) retrieved from /airflow/dags/ingest_bo_voucher_report.py
[2023-02-27T18:34:50.874+0000] {logging_mixin.py:137} INFO - 🤪 [2023-02-27T18:34:50.873+0000] {dag.py:2585} INFO - 🤪 Sync 1 DAGs
[2023-02-27T18:34:50.910+0000] {logging_mixin.py:137} INFO - 🤪 [2023-02-27T18:34:50.910+0000] {dag.py:3336} INFO - 🤪 Setting next_dagrun for ingest_bo_voucher_report to 2023-02-25T19:00:00+00:00, run_after=2023-02-26T19:00:00+00:00
[2023-02-27T18:34:50.947+0000] {processor.py:176} INFO - 🤪 Processing /airflow/dags/ingest_bo_voucher_report.py took 0.541 seconds
[2023-02-27T18:35:21.082+0000] {processor.py:154} INFO - 🤪 Started process (PID=239) to work on /airflow/dags/ingest_bo_voucher_report.py
[2023-02-27T18:35:21.084+0000] {processor.py:756} INFO - 🤪 Processing file /airflow/dags/ingest_bo_voucher_report.py for tasks to queue
[2023-02-27T18:35:21.086+0000] {logging_mixin.py:137} INFO - 🤪 [2023-02-27T18:35:21.086+0000] {dagbag.py:537} INFO - 🤪 Filling up the DagBag from /airflow/dags/ingest_bo_voucher_report.py
[2023-02-27T18:35:21.454+0000] {processor.py:766} INFO - 🤪 DAG(s) dict_keys(['ingest_bo_voucher_report']) retrieved from /airflow/dags/ingest_bo_voucher_report.py
[2023-02-27T18:35:21.496+0000] {logging_mixin.py:137} INFO - 🤪 [2023-02-27T18:35:21.496+0000] {dag.py:2585} INFO - 🤪 Sync 1 DAGs
[2023-02-27T18:35:21.537+0000] {logging_mixin.py:137} INFO - 🤪 [2023-02-27T18:35:21.536+0000] {dag.py:3336} INFO - 🤪 Setting next_dagrun for ingest_bo_voucher_report to 2023-02-25T19:00:00+00:00, run_after=2023-02-26T19:00:00+00:00
[2023-02-27T18:35:21.568+0000] {processor.py:176} INFO - 🤪 Processing /airflow/dags/ingest_bo_voucher_report.py took 0.489 seconds
[2023-02-27T18:35:51.674+0000] {processor.py:154} INFO - 🤪 Started process (PID=243) to work on /airflow/dags/ingest_bo_voucher_report.py
[2023-02-27T18:35:51.676+0000] {processor.py:756} INFO - 🤪 Processing file /airflow/dags/ingest_bo_voucher_report.py for tasks to queue
[2023-02-27T18:35:51.677+0000] {logging_mixin.py:137} INFO - 🤪 [2023-02-27T18:35:51.677+0000] {dagbag.py:537} INFO - 🤪 Filling up the DagBag from /airflow/dags/ingest_bo_voucher_report.py
[2023-02-27T18:35:52.064+0000] {processor.py:766} INFO - 🤪 DAG(s) dict_keys(['ingest_bo_voucher_report']) retrieved from /airflow/dags/ingest_bo_voucher_report.py
[2023-02-27T18:35:52.096+0000] {logging_mixin.py:137} INFO - 🤪 [2023-02-27T18:35:52.096+0000] {dag.py:2585} INFO - 🤪 Sync 1 DAGs
[2023-02-27T18:35:52.135+0000] {logging_mixin.py:137} INFO - 🤪 [2023-02-27T18:35:52.135+0000] {dag.py:3336} INFO - 🤪 Setting next_dagrun for ingest_bo_voucher_report to 2023-02-25T19:00:00+00:00, run_after=2023-02-26T19:00:00+00:00
[2023-02-27T18:35:52.183+0000] {processor.py:176} INFO - 🤪 Processing /airflow/dags/ingest_bo_voucher_report.py took 0.515 seconds
[2023-02-27T18:36:22.333+0000] {processor.py:154} INFO - 🤪 Started process (PID=247) to work on /airflow/dags/ingest_bo_voucher_report.py
[2023-02-27T18:36:22.340+0000] {processor.py:756} INFO - 🤪 Processing file /airflow/dags/ingest_bo_voucher_report.py for tasks to queue
[2023-02-27T18:36:22.343+0000] {logging_mixin.py:137} INFO - 🤪 [2023-02-27T18:36:22.343+0000] {dagbag.py:537} INFO - 🤪 Filling up the DagBag from /airflow/dags/ingest_bo_voucher_report.py
[2023-02-27T18:36:22.655+0000] {processor.py:766} INFO - 🤪 DAG(s) dict_keys(['ingest_bo_voucher_report']) retrieved from /airflow/dags/ingest_bo_voucher_report.py
[2023-02-27T18:36:22.683+0000] {logging_mixin.py:137} INFO - 🤪 [2023-02-27T18:36:22.682+0000] {dag.py:2585} INFO - 🤪 Sync 1 DAGs
[2023-02-27T18:36:22.711+0000] {logging_mixin.py:137} INFO - 🤪 [2023-02-27T18:36:22.711+0000] {dag.py:3336} INFO - 🤪 Setting next_dagrun for ingest_bo_voucher_report to 2023-02-25T19:00:00+00:00, run_after=2023-02-26T19:00:00+00:00
[2023-02-27T18:36:22.734+0000] {processor.py:176} INFO - 🤪 Processing /airflow/dags/ingest_bo_voucher_report.py took 0.407 seconds
[2023-02-27T18:36:52.913+0000] {processor.py:154} INFO - 🤪 Started process (PID=251) to work on /airflow/dags/ingest_bo_voucher_report.py
[2023-02-27T18:36:52.915+0000] {processor.py:756} INFO - 🤪 Processing file /airflow/dags/ingest_bo_voucher_report.py for tasks to queue
[2023-02-27T18:36:52.917+0000] {logging_mixin.py:137} INFO - 🤪 [2023-02-27T18:36:52.917+0000] {dagbag.py:537} INFO - 🤪 Filling up the DagBag from /airflow/dags/ingest_bo_voucher_report.py
[2023-02-27T18:36:53.284+0000] {processor.py:766} INFO - 🤪 DAG(s) dict_keys(['ingest_bo_voucher_report']) retrieved from /airflow/dags/ingest_bo_voucher_report.py
[2023-02-27T18:36:53.329+0000] {logging_mixin.py:137} INFO - 🤪 [2023-02-27T18:36:53.328+0000] {dag.py:2585} INFO - 🤪 Sync 1 DAGs
[2023-02-27T18:36:53.370+0000] {logging_mixin.py:137} INFO - 🤪 [2023-02-27T18:36:53.369+0000] {dag.py:3336} INFO - 🤪 Setting next_dagrun for ingest_bo_voucher_report to 2023-02-25T19:00:00+00:00, run_after=2023-02-26T19:00:00+00:00
[2023-02-27T18:36:53.404+0000] {processor.py:176} INFO - 🤪 Processing /airflow/dags/ingest_bo_voucher_report.py took 0.496 seconds
[2023-02-27T18:37:23.625+0000] {processor.py:154} INFO - 🤪 Started process (PID=255) to work on /airflow/dags/ingest_bo_voucher_report.py
[2023-02-27T18:37:23.629+0000] {processor.py:756} INFO - 🤪 Processing file /airflow/dags/ingest_bo_voucher_report.py for tasks to queue
[2023-02-27T18:37:23.632+0000] {logging_mixin.py:137} INFO - 🤪 [2023-02-27T18:37:23.631+0000] {dagbag.py:537} INFO - 🤪 Filling up the DagBag from /airflow/dags/ingest_bo_voucher_report.py
[2023-02-27T18:37:24.067+0000] {processor.py:766} INFO - 🤪 DAG(s) dict_keys(['ingest_bo_voucher_report']) retrieved from /airflow/dags/ingest_bo_voucher_report.py
[2023-02-27T18:37:24.116+0000] {logging_mixin.py:137} INFO - 🤪 [2023-02-27T18:37:24.116+0000] {dag.py:2585} INFO - 🤪 Sync 1 DAGs
[2023-02-27T18:37:24.158+0000] {logging_mixin.py:137} INFO - 🤪 [2023-02-27T18:37:24.158+0000] {dag.py:3336} INFO - 🤪 Setting next_dagrun for ingest_bo_voucher_report to 2023-02-25T19:00:00+00:00, run_after=2023-02-26T19:00:00+00:00
[2023-02-27T18:37:24.199+0000] {processor.py:176} INFO - 🤪 Processing /airflow/dags/ingest_bo_voucher_report.py took 0.580 seconds
[2023-02-27T18:37:54.341+0000] {processor.py:154} INFO - 🤪 Started process (PID=259) to work on /airflow/dags/ingest_bo_voucher_report.py
[2023-02-27T18:37:54.343+0000] {processor.py:756} INFO - 🤪 Processing file /airflow/dags/ingest_bo_voucher_report.py for tasks to queue
[2023-02-27T18:37:54.345+0000] {logging_mixin.py:137} INFO - 🤪 [2023-02-27T18:37:54.345+0000] {dagbag.py:537} INFO - 🤪 Filling up the DagBag from /airflow/dags/ingest_bo_voucher_report.py
[2023-02-27T18:37:54.665+0000] {processor.py:766} INFO - 🤪 DAG(s) dict_keys(['ingest_bo_voucher_report']) retrieved from /airflow/dags/ingest_bo_voucher_report.py
[2023-02-27T18:37:54.700+0000] {logging_mixin.py:137} INFO - 🤪 [2023-02-27T18:37:54.700+0000] {dag.py:2585} INFO - 🤪 Sync 1 DAGs
[2023-02-27T18:37:54.729+0000] {logging_mixin.py:137} INFO - 🤪 [2023-02-27T18:37:54.729+0000] {dag.py:3336} INFO - 🤪 Setting next_dagrun for ingest_bo_voucher_report to 2023-02-25T19:00:00+00:00, run_after=2023-02-26T19:00:00+00:00
[2023-02-27T18:37:54.756+0000] {processor.py:176} INFO - 🤪 Processing /airflow/dags/ingest_bo_voucher_report.py took 0.442 seconds
[2023-02-27T18:38:25.059+0000] {processor.py:154} INFO - 🤪 Started process (PID=263) to work on /airflow/dags/ingest_bo_voucher_report.py
[2023-02-27T18:38:25.062+0000] {processor.py:756} INFO - 🤪 Processing file /airflow/dags/ingest_bo_voucher_report.py for tasks to queue
[2023-02-27T18:38:25.065+0000] {logging_mixin.py:137} INFO - 🤪 [2023-02-27T18:38:25.065+0000] {dagbag.py:537} INFO - 🤪 Filling up the DagBag from /airflow/dags/ingest_bo_voucher_report.py
[2023-02-27T18:38:25.377+0000] {processor.py:766} INFO - 🤪 DAG(s) dict_keys(['ingest_bo_voucher_report']) retrieved from /airflow/dags/ingest_bo_voucher_report.py
[2023-02-27T18:38:25.404+0000] {logging_mixin.py:137} INFO - 🤪 [2023-02-27T18:38:25.404+0000] {dag.py:2585} INFO - 🤪 Sync 1 DAGs
[2023-02-27T18:38:25.430+0000] {logging_mixin.py:137} INFO - 🤪 [2023-02-27T18:38:25.430+0000] {dag.py:3336} INFO - 🤪 Setting next_dagrun for ingest_bo_voucher_report to 2023-02-25T19:00:00+00:00, run_after=2023-02-26T19:00:00+00:00
[2023-02-27T18:38:25.451+0000] {processor.py:176} INFO - 🤪 Processing /airflow/dags/ingest_bo_voucher_report.py took 0.399 seconds
[2023-02-27T18:38:55.772+0000] {processor.py:154} INFO - 🤪 Started process (PID=267) to work on /airflow/dags/ingest_bo_voucher_report.py
[2023-02-27T18:38:55.780+0000] {processor.py:756} INFO - 🤪 Processing file /airflow/dags/ingest_bo_voucher_report.py for tasks to queue
[2023-02-27T18:38:55.782+0000] {logging_mixin.py:137} INFO - 🤪 [2023-02-27T18:38:55.782+0000] {dagbag.py:537} INFO - 🤪 Filling up the DagBag from /airflow/dags/ingest_bo_voucher_report.py
[2023-02-27T18:38:56.653+0000] {processor.py:766} INFO - 🤪 DAG(s) dict_keys(['ingest_bo_voucher_report']) retrieved from /airflow/dags/ingest_bo_voucher_report.py
[2023-02-27T18:38:56.721+0000] {logging_mixin.py:137} INFO - 🤪 [2023-02-27T18:38:56.721+0000] {dag.py:2585} INFO - 🤪 Sync 1 DAGs
[2023-02-27T18:38:56.758+0000] {logging_mixin.py:137} INFO - 🤪 [2023-02-27T18:38:56.757+0000] {dag.py:3336} INFO - 🤪 Setting next_dagrun for ingest_bo_voucher_report to 2023-02-25T19:00:00+00:00, run_after=2023-02-26T19:00:00+00:00
[2023-02-27T18:38:56.788+0000] {processor.py:176} INFO - 🤪 Processing /airflow/dags/ingest_bo_voucher_report.py took 1.021 seconds
[2023-02-27T18:39:26.963+0000] {processor.py:154} INFO - 🤪 Started process (PID=271) to work on /airflow/dags/ingest_bo_voucher_report.py
[2023-02-27T18:39:26.967+0000] {processor.py:756} INFO - 🤪 Processing file /airflow/dags/ingest_bo_voucher_report.py for tasks to queue
[2023-02-27T18:39:26.969+0000] {logging_mixin.py:137} INFO - 🤪 [2023-02-27T18:39:26.969+0000] {dagbag.py:537} INFO - 🤪 Filling up the DagBag from /airflow/dags/ingest_bo_voucher_report.py
[2023-02-27T18:39:27.725+0000] {processor.py:766} INFO - 🤪 DAG(s) dict_keys(['ingest_bo_voucher_report']) retrieved from /airflow/dags/ingest_bo_voucher_report.py
[2023-02-27T18:39:27.770+0000] {logging_mixin.py:137} INFO - 🤪 [2023-02-27T18:39:27.770+0000] {dag.py:2585} INFO - 🤪 Sync 1 DAGs
[2023-02-27T18:39:27.896+0000] {logging_mixin.py:137} INFO - 🤪 [2023-02-27T18:39:27.895+0000] {dag.py:3336} INFO - 🤪 Setting next_dagrun for ingest_bo_voucher_report to 2023-02-25T19:00:00+00:00, run_after=2023-02-26T19:00:00+00:00
[2023-02-27T18:39:27.962+0000] {processor.py:176} INFO - 🤪 Processing /airflow/dags/ingest_bo_voucher_report.py took 1.006 seconds
[2023-02-27T18:39:58.092+0000] {processor.py:154} INFO - 🤪 Started process (PID=275) to work on /airflow/dags/ingest_bo_voucher_report.py
[2023-02-27T18:39:58.102+0000] {processor.py:756} INFO - 🤪 Processing file /airflow/dags/ingest_bo_voucher_report.py for tasks to queue
[2023-02-27T18:39:58.105+0000] {logging_mixin.py:137} INFO - 🤪 [2023-02-27T18:39:58.105+0000] {dagbag.py:537} INFO - 🤪 Filling up the DagBag from /airflow/dags/ingest_bo_voucher_report.py
[2023-02-27T18:39:58.719+0000] {processor.py:766} INFO - 🤪 DAG(s) dict_keys(['ingest_bo_voucher_report']) retrieved from /airflow/dags/ingest_bo_voucher_report.py
[2023-02-27T18:39:58.773+0000] {logging_mixin.py:137} INFO - 🤪 [2023-02-27T18:39:58.773+0000] {dag.py:2585} INFO - 🤪 Sync 1 DAGs
[2023-02-27T18:39:58.829+0000] {logging_mixin.py:137} INFO - 🤪 [2023-02-27T18:39:58.829+0000] {dag.py:3336} INFO - 🤪 Setting next_dagrun for ingest_bo_voucher_report to 2023-02-25T19:00:00+00:00, run_after=2023-02-26T19:00:00+00:00
[2023-02-27T18:39:58.874+0000] {processor.py:176} INFO - 🤪 Processing /airflow/dags/ingest_bo_voucher_report.py took 0.787 seconds
[2023-02-27T18:40:29.023+0000] {processor.py:154} INFO - 🤪 Started process (PID=279) to work on /airflow/dags/ingest_bo_voucher_report.py
[2023-02-27T18:40:29.025+0000] {processor.py:756} INFO - 🤪 Processing file /airflow/dags/ingest_bo_voucher_report.py for tasks to queue
[2023-02-27T18:40:29.026+0000] {logging_mixin.py:137} INFO - 🤪 [2023-02-27T18:40:29.026+0000] {dagbag.py:537} INFO - 🤪 Filling up the DagBag from /airflow/dags/ingest_bo_voucher_report.py
[2023-02-27T18:40:29.376+0000] {processor.py:766} INFO - 🤪 DAG(s) dict_keys(['ingest_bo_voucher_report']) retrieved from /airflow/dags/ingest_bo_voucher_report.py
[2023-02-27T18:40:29.404+0000] {logging_mixin.py:137} INFO - 🤪 [2023-02-27T18:40:29.404+0000] {dag.py:2585} INFO - 🤪 Sync 1 DAGs
[2023-02-27T18:40:29.432+0000] {logging_mixin.py:137} INFO - 🤪 [2023-02-27T18:40:29.432+0000] {dag.py:3336} INFO - 🤪 Setting next_dagrun for ingest_bo_voucher_report to 2023-02-25T19:00:00+00:00, run_after=2023-02-26T19:00:00+00:00
[2023-02-27T18:40:29.453+0000] {processor.py:176} INFO - 🤪 Processing /airflow/dags/ingest_bo_voucher_report.py took 0.433 seconds
