[2023-02-27T03:18:01.007+0000] {processor.py:154} INFO - 🤪 Started process (PID=4773) to work on /airflow/dags/update_dwh_daily.py
[2023-02-27T03:18:01.015+0000] {processor.py:756} INFO - 🤪 Processing file /airflow/dags/update_dwh_daily.py for tasks to queue
[2023-02-27T03:18:01.023+0000] {logging_mixin.py:137} INFO - 🤪 [2023-02-27T03:18:01.022+0000] {dagbag.py:537} INFO - 🤪 Filling up the DagBag from /airflow/dags/update_dwh_daily.py
[2023-02-27T03:18:03.072+0000] {processor.py:766} INFO - 🤪 DAG(s) dict_keys(['update_dwh_daily']) retrieved from /airflow/dags/update_dwh_daily.py
[2023-02-27T03:18:03.221+0000] {logging_mixin.py:137} INFO - 🤪 [2023-02-27T03:18:03.220+0000] {dag.py:2585} INFO - 🤪 Sync 1 DAGs
[2023-02-27T03:18:03.392+0000] {logging_mixin.py:137} INFO - 🤪 [2023-02-27T03:18:03.389+0000] {dag.py:3336} INFO - 🤪 Setting next_dagrun for update_dwh_daily to 2023-02-25T19:30:00+00:00, run_after=2023-02-26T19:30:00+00:00
[2023-02-27T03:18:03.999+0000] {processor.py:176} INFO - 🤪 Processing /airflow/dags/update_dwh_daily.py took 3.007 seconds
[2023-02-27T03:18:34.882+0000] {processor.py:154} INFO - 🤪 Started process (PID=4777) to work on /airflow/dags/update_dwh_daily.py
[2023-02-27T03:18:34.890+0000] {processor.py:756} INFO - 🤪 Processing file /airflow/dags/update_dwh_daily.py for tasks to queue
[2023-02-27T03:18:34.897+0000] {logging_mixin.py:137} INFO - 🤪 [2023-02-27T03:18:34.896+0000] {dagbag.py:537} INFO - 🤪 Filling up the DagBag from /airflow/dags/update_dwh_daily.py
[2023-02-27T03:18:36.660+0000] {processor.py:766} INFO - 🤪 DAG(s) dict_keys(['update_dwh_daily']) retrieved from /airflow/dags/update_dwh_daily.py
[2023-02-27T03:18:36.787+0000] {logging_mixin.py:137} INFO - 🤪 [2023-02-27T03:18:36.787+0000] {dag.py:2585} INFO - 🤪 Sync 1 DAGs
[2023-02-27T03:18:36.993+0000] {logging_mixin.py:137} INFO - 🤪 [2023-02-27T03:18:36.992+0000] {dag.py:3336} INFO - 🤪 Setting next_dagrun for update_dwh_daily to 2023-02-25T19:30:00+00:00, run_after=2023-02-26T19:30:00+00:00
[2023-02-27T03:18:37.117+0000] {processor.py:176} INFO - 🤪 Processing /airflow/dags/update_dwh_daily.py took 2.257 seconds
[2023-02-27T03:19:09.695+0000] {processor.py:154} INFO - 🤪 Started process (PID=4781) to work on /airflow/dags/update_dwh_daily.py
[2023-02-27T03:19:09.705+0000] {processor.py:756} INFO - 🤪 Processing file /airflow/dags/update_dwh_daily.py for tasks to queue
[2023-02-27T03:19:09.713+0000] {logging_mixin.py:137} INFO - 🤪 [2023-02-27T03:19:09.712+0000] {dagbag.py:537} INFO - 🤪 Filling up the DagBag from /airflow/dags/update_dwh_daily.py
[2023-02-27T03:19:12.003+0000] {processor.py:766} INFO - 🤪 DAG(s) dict_keys(['update_dwh_daily']) retrieved from /airflow/dags/update_dwh_daily.py
[2023-02-27T03:19:12.162+0000] {logging_mixin.py:137} INFO - 🤪 [2023-02-27T03:19:12.161+0000] {dag.py:2585} INFO - 🤪 Sync 1 DAGs
[2023-02-27T03:19:12.315+0000] {logging_mixin.py:137} INFO - 🤪 [2023-02-27T03:19:12.314+0000] {dag.py:3336} INFO - 🤪 Setting next_dagrun for update_dwh_daily to 2023-02-25T19:30:00+00:00, run_after=2023-02-26T19:30:00+00:00
[2023-02-27T03:19:12.456+0000] {processor.py:176} INFO - 🤪 Processing /airflow/dags/update_dwh_daily.py took 2.786 seconds
[2023-02-27T03:19:42.973+0000] {processor.py:154} INFO - 🤪 Started process (PID=4785) to work on /airflow/dags/update_dwh_daily.py
[2023-02-27T03:19:43.019+0000] {processor.py:756} INFO - 🤪 Processing file /airflow/dags/update_dwh_daily.py for tasks to queue
[2023-02-27T03:19:43.043+0000] {logging_mixin.py:137} INFO - 🤪 [2023-02-27T03:19:43.038+0000] {dagbag.py:537} INFO - 🤪 Filling up the DagBag from /airflow/dags/update_dwh_daily.py
[2023-02-27T03:19:46.710+0000] {processor.py:766} INFO - 🤪 DAG(s) dict_keys(['update_dwh_daily']) retrieved from /airflow/dags/update_dwh_daily.py
[2023-02-27T03:19:47.049+0000] {logging_mixin.py:137} INFO - 🤪 [2023-02-27T03:19:47.047+0000] {dag.py:2585} INFO - 🤪 Sync 1 DAGs
[2023-02-27T03:19:47.307+0000] {logging_mixin.py:137} INFO - 🤪 [2023-02-27T03:19:47.306+0000] {dag.py:3336} INFO - 🤪 Setting next_dagrun for update_dwh_daily to 2023-02-25T19:30:00+00:00, run_after=2023-02-26T19:30:00+00:00
[2023-02-27T03:19:47.561+0000] {processor.py:176} INFO - 🤪 Processing /airflow/dags/update_dwh_daily.py took 4.734 seconds
[2023-02-27T18:08:20.749+0000] {processor.py:154} INFO - 🤪 Started process (PID=47) to work on /airflow/dags/update_dwh_daily.py
[2023-02-27T18:08:20.752+0000] {processor.py:756} INFO - 🤪 Processing file /airflow/dags/update_dwh_daily.py for tasks to queue
[2023-02-27T18:08:20.754+0000] {logging_mixin.py:137} INFO - 🤪 [2023-02-27T18:08:20.753+0000] {dagbag.py:537} INFO - 🤪 Filling up the DagBag from /airflow/dags/update_dwh_daily.py
[2023-02-27T18:08:21.328+0000] {processor.py:766} INFO - 🤪 DAG(s) dict_keys(['update_dwh_daily']) retrieved from /airflow/dags/update_dwh_daily.py
[2023-02-27T18:08:21.558+0000] {logging_mixin.py:137} INFO - 🤪 [2023-02-27T18:08:21.557+0000] {manager.py:507} INFO - 🤪 Created Permission View: can read on DAG:update_dwh_daily
[2023-02-27T18:08:21.587+0000] {logging_mixin.py:137} INFO - 🤪 [2023-02-27T18:08:21.587+0000] {manager.py:507} INFO - 🤪 Created Permission View: can delete on DAG:update_dwh_daily
[2023-02-27T18:08:21.605+0000] {logging_mixin.py:137} INFO - 🤪 [2023-02-27T18:08:21.604+0000] {manager.py:507} INFO - 🤪 Created Permission View: can edit on DAG:update_dwh_daily
[2023-02-27T18:08:21.607+0000] {logging_mixin.py:137} INFO - 🤪 [2023-02-27T18:08:21.607+0000] {dag.py:2585} INFO - 🤪 Sync 1 DAGs
[2023-02-27T18:08:21.625+0000] {logging_mixin.py:137} INFO - 🤪 [2023-02-27T18:08:21.625+0000] {dag.py:2606} INFO - 🤪 Creating ORM DAG for update_dwh_daily
[2023-02-27T18:08:21.639+0000] {logging_mixin.py:137} INFO - 🤪 [2023-02-27T18:08:21.639+0000] {dag.py:3336} INFO - 🤪 Setting next_dagrun for update_dwh_daily to 2023-02-25T19:30:00+00:00, run_after=2023-02-26T19:30:00+00:00
[2023-02-27T18:08:21.659+0000] {processor.py:176} INFO - 🤪 Processing /airflow/dags/update_dwh_daily.py took 0.937 seconds
[2023-02-27T18:08:52.004+0000] {processor.py:154} INFO - 🤪 Started process (PID=55) to work on /airflow/dags/update_dwh_daily.py
[2023-02-27T18:08:52.007+0000] {processor.py:756} INFO - 🤪 Processing file /airflow/dags/update_dwh_daily.py for tasks to queue
[2023-02-27T18:08:52.010+0000] {logging_mixin.py:137} INFO - 🤪 [2023-02-27T18:08:52.010+0000] {dagbag.py:537} INFO - 🤪 Filling up the DagBag from /airflow/dags/update_dwh_daily.py
[2023-02-27T18:08:52.567+0000] {processor.py:766} INFO - 🤪 DAG(s) dict_keys(['update_dwh_daily']) retrieved from /airflow/dags/update_dwh_daily.py
[2023-02-27T18:08:52.623+0000] {logging_mixin.py:137} INFO - 🤪 [2023-02-27T18:08:52.623+0000] {dag.py:2585} INFO - 🤪 Sync 1 DAGs
[2023-02-27T18:08:52.664+0000] {logging_mixin.py:137} INFO - 🤪 [2023-02-27T18:08:52.664+0000] {dag.py:3336} INFO - 🤪 Setting next_dagrun for update_dwh_daily to 2023-02-25T19:30:00+00:00, run_after=2023-02-26T19:30:00+00:00
[2023-02-27T18:08:52.696+0000] {processor.py:176} INFO - 🤪 Processing /airflow/dags/update_dwh_daily.py took 0.696 seconds
[2023-02-27T18:09:23.569+0000] {processor.py:154} INFO - 🤪 Started process (PID=59) to work on /airflow/dags/update_dwh_daily.py
[2023-02-27T18:09:23.572+0000] {processor.py:756} INFO - 🤪 Processing file /airflow/dags/update_dwh_daily.py for tasks to queue
[2023-02-27T18:09:23.575+0000] {logging_mixin.py:137} INFO - 🤪 [2023-02-27T18:09:23.575+0000] {dagbag.py:537} INFO - 🤪 Filling up the DagBag from /airflow/dags/update_dwh_daily.py
[2023-02-27T18:09:24.161+0000] {processor.py:766} INFO - 🤪 DAG(s) dict_keys(['update_dwh_daily']) retrieved from /airflow/dags/update_dwh_daily.py
[2023-02-27T18:09:24.191+0000] {logging_mixin.py:137} INFO - 🤪 [2023-02-27T18:09:24.190+0000] {dag.py:2585} INFO - 🤪 Sync 1 DAGs
[2023-02-27T18:09:24.220+0000] {logging_mixin.py:137} INFO - 🤪 [2023-02-27T18:09:24.220+0000] {dag.py:3336} INFO - 🤪 Setting next_dagrun for update_dwh_daily to 2023-02-25T19:30:00+00:00, run_after=2023-02-26T19:30:00+00:00
[2023-02-27T18:09:24.262+0000] {processor.py:176} INFO - 🤪 Processing /airflow/dags/update_dwh_daily.py took 0.698 seconds
[2023-02-27T18:09:55.095+0000] {processor.py:154} INFO - 🤪 Started process (PID=63) to work on /airflow/dags/update_dwh_daily.py
[2023-02-27T18:09:55.099+0000] {processor.py:756} INFO - 🤪 Processing file /airflow/dags/update_dwh_daily.py for tasks to queue
[2023-02-27T18:09:55.104+0000] {logging_mixin.py:137} INFO - 🤪 [2023-02-27T18:09:55.103+0000] {dagbag.py:537} INFO - 🤪 Filling up the DagBag from /airflow/dags/update_dwh_daily.py
[2023-02-27T18:09:55.701+0000] {processor.py:766} INFO - 🤪 DAG(s) dict_keys(['update_dwh_daily']) retrieved from /airflow/dags/update_dwh_daily.py
[2023-02-27T18:09:55.733+0000] {logging_mixin.py:137} INFO - 🤪 [2023-02-27T18:09:55.733+0000] {dag.py:2585} INFO - 🤪 Sync 1 DAGs
[2023-02-27T18:09:55.760+0000] {logging_mixin.py:137} INFO - 🤪 [2023-02-27T18:09:55.760+0000] {dag.py:3336} INFO - 🤪 Setting next_dagrun for update_dwh_daily to 2023-02-25T19:30:00+00:00, run_after=2023-02-26T19:30:00+00:00
[2023-02-27T18:09:55.784+0000] {processor.py:176} INFO - 🤪 Processing /airflow/dags/update_dwh_daily.py took 0.696 seconds
[2023-02-27T18:10:29.155+0000] {processor.py:154} INFO - 🤪 Started process (PID=67) to work on /airflow/dags/update_dwh_daily.py
[2023-02-27T18:10:29.159+0000] {processor.py:756} INFO - 🤪 Processing file /airflow/dags/update_dwh_daily.py for tasks to queue
[2023-02-27T18:10:29.163+0000] {logging_mixin.py:137} INFO - 🤪 [2023-02-27T18:10:29.163+0000] {dagbag.py:537} INFO - 🤪 Filling up the DagBag from /airflow/dags/update_dwh_daily.py
[2023-02-27T18:10:31.095+0000] {processor.py:766} INFO - 🤪 DAG(s) dict_keys(['update_dwh_daily']) retrieved from /airflow/dags/update_dwh_daily.py
[2023-02-27T18:10:31.174+0000] {logging_mixin.py:137} INFO - 🤪 [2023-02-27T18:10:31.173+0000] {dag.py:2585} INFO - 🤪 Sync 1 DAGs
[2023-02-27T18:10:31.238+0000] {logging_mixin.py:137} INFO - 🤪 [2023-02-27T18:10:31.238+0000] {dag.py:3336} INFO - 🤪 Setting next_dagrun for update_dwh_daily to 2023-02-25T19:30:00+00:00, run_after=2023-02-26T19:30:00+00:00
[2023-02-27T18:10:31.374+0000] {processor.py:176} INFO - 🤪 Processing /airflow/dags/update_dwh_daily.py took 2.227 seconds
[2023-02-27T18:11:01.634+0000] {processor.py:154} INFO - 🤪 Started process (PID=71) to work on /airflow/dags/update_dwh_daily.py
[2023-02-27T18:11:01.636+0000] {processor.py:756} INFO - 🤪 Processing file /airflow/dags/update_dwh_daily.py for tasks to queue
[2023-02-27T18:11:01.637+0000] {logging_mixin.py:137} INFO - 🤪 [2023-02-27T18:11:01.637+0000] {dagbag.py:537} INFO - 🤪 Filling up the DagBag from /airflow/dags/update_dwh_daily.py
[2023-02-27T18:11:02.085+0000] {processor.py:766} INFO - 🤪 DAG(s) dict_keys(['update_dwh_daily']) retrieved from /airflow/dags/update_dwh_daily.py
[2023-02-27T18:11:02.112+0000] {logging_mixin.py:137} INFO - 🤪 [2023-02-27T18:11:02.112+0000] {dag.py:2585} INFO - 🤪 Sync 1 DAGs
[2023-02-27T18:11:02.140+0000] {logging_mixin.py:137} INFO - 🤪 [2023-02-27T18:11:02.140+0000] {dag.py:3336} INFO - 🤪 Setting next_dagrun for update_dwh_daily to 2023-02-25T19:30:00+00:00, run_after=2023-02-26T19:30:00+00:00
[2023-02-27T18:11:02.166+0000] {processor.py:176} INFO - 🤪 Processing /airflow/dags/update_dwh_daily.py took 0.538 seconds
[2023-02-27T18:11:32.351+0000] {processor.py:154} INFO - 🤪 Started process (PID=75) to work on /airflow/dags/update_dwh_daily.py
[2023-02-27T18:11:32.354+0000] {processor.py:756} INFO - 🤪 Processing file /airflow/dags/update_dwh_daily.py for tasks to queue
[2023-02-27T18:11:32.355+0000] {logging_mixin.py:137} INFO - 🤪 [2023-02-27T18:11:32.355+0000] {dagbag.py:537} INFO - 🤪 Filling up the DagBag from /airflow/dags/update_dwh_daily.py
[2023-02-27T18:11:32.882+0000] {processor.py:766} INFO - 🤪 DAG(s) dict_keys(['update_dwh_daily']) retrieved from /airflow/dags/update_dwh_daily.py
[2023-02-27T18:11:32.916+0000] {logging_mixin.py:137} INFO - 🤪 [2023-02-27T18:11:32.916+0000] {dag.py:2585} INFO - 🤪 Sync 1 DAGs
[2023-02-27T18:11:32.949+0000] {logging_mixin.py:137} INFO - 🤪 [2023-02-27T18:11:32.948+0000] {dag.py:3336} INFO - 🤪 Setting next_dagrun for update_dwh_daily to 2023-02-25T19:30:00+00:00, run_after=2023-02-26T19:30:00+00:00
[2023-02-27T18:11:32.979+0000] {processor.py:176} INFO - 🤪 Processing /airflow/dags/update_dwh_daily.py took 0.632 seconds
[2023-02-27T18:12:03.218+0000] {processor.py:154} INFO - 🤪 Started process (PID=79) to work on /airflow/dags/update_dwh_daily.py
[2023-02-27T18:12:03.224+0000] {processor.py:756} INFO - 🤪 Processing file /airflow/dags/update_dwh_daily.py for tasks to queue
[2023-02-27T18:12:03.227+0000] {logging_mixin.py:137} INFO - 🤪 [2023-02-27T18:12:03.226+0000] {dagbag.py:537} INFO - 🤪 Filling up the DagBag from /airflow/dags/update_dwh_daily.py
[2023-02-27T18:12:03.732+0000] {processor.py:766} INFO - 🤪 DAG(s) dict_keys(['update_dwh_daily']) retrieved from /airflow/dags/update_dwh_daily.py
[2023-02-27T18:12:03.766+0000] {logging_mixin.py:137} INFO - 🤪 [2023-02-27T18:12:03.766+0000] {dag.py:2585} INFO - 🤪 Sync 1 DAGs
[2023-02-27T18:12:03.807+0000] {logging_mixin.py:137} INFO - 🤪 [2023-02-27T18:12:03.806+0000] {dag.py:3336} INFO - 🤪 Setting next_dagrun for update_dwh_daily to 2023-02-25T19:30:00+00:00, run_after=2023-02-26T19:30:00+00:00
[2023-02-27T18:12:03.856+0000] {processor.py:176} INFO - 🤪 Processing /airflow/dags/update_dwh_daily.py took 0.643 seconds
[2023-02-27T18:12:34.081+0000] {processor.py:154} INFO - 🤪 Started process (PID=83) to work on /airflow/dags/update_dwh_daily.py
[2023-02-27T18:12:34.083+0000] {processor.py:756} INFO - 🤪 Processing file /airflow/dags/update_dwh_daily.py for tasks to queue
[2023-02-27T18:12:34.085+0000] {logging_mixin.py:137} INFO - 🤪 [2023-02-27T18:12:34.084+0000] {dagbag.py:537} INFO - 🤪 Filling up the DagBag from /airflow/dags/update_dwh_daily.py
[2023-02-27T18:12:34.508+0000] {processor.py:766} INFO - 🤪 DAG(s) dict_keys(['update_dwh_daily']) retrieved from /airflow/dags/update_dwh_daily.py
[2023-02-27T18:12:34.531+0000] {logging_mixin.py:137} INFO - 🤪 [2023-02-27T18:12:34.531+0000] {dag.py:2585} INFO - 🤪 Sync 1 DAGs
[2023-02-27T18:12:34.554+0000] {logging_mixin.py:137} INFO - 🤪 [2023-02-27T18:12:34.554+0000] {dag.py:3336} INFO - 🤪 Setting next_dagrun for update_dwh_daily to 2023-02-25T19:30:00+00:00, run_after=2023-02-26T19:30:00+00:00
[2023-02-27T18:12:34.582+0000] {processor.py:176} INFO - 🤪 Processing /airflow/dags/update_dwh_daily.py took 0.506 seconds
[2023-02-27T18:13:04.801+0000] {processor.py:154} INFO - 🤪 Started process (PID=87) to work on /airflow/dags/update_dwh_daily.py
[2023-02-27T18:13:04.805+0000] {processor.py:756} INFO - 🤪 Processing file /airflow/dags/update_dwh_daily.py for tasks to queue
[2023-02-27T18:13:04.807+0000] {logging_mixin.py:137} INFO - 🤪 [2023-02-27T18:13:04.807+0000] {dagbag.py:537} INFO - 🤪 Filling up the DagBag from /airflow/dags/update_dwh_daily.py
[2023-02-27T18:13:05.282+0000] {processor.py:766} INFO - 🤪 DAG(s) dict_keys(['update_dwh_daily']) retrieved from /airflow/dags/update_dwh_daily.py
[2023-02-27T18:13:05.314+0000] {logging_mixin.py:137} INFO - 🤪 [2023-02-27T18:13:05.314+0000] {dag.py:2585} INFO - 🤪 Sync 1 DAGs
[2023-02-27T18:13:05.361+0000] {logging_mixin.py:137} INFO - 🤪 [2023-02-27T18:13:05.361+0000] {dag.py:3336} INFO - 🤪 Setting next_dagrun for update_dwh_daily to 2023-02-25T19:30:00+00:00, run_after=2023-02-26T19:30:00+00:00
[2023-02-27T18:13:05.395+0000] {processor.py:176} INFO - 🤪 Processing /airflow/dags/update_dwh_daily.py took 0.599 seconds
[2023-02-27T18:13:35.627+0000] {processor.py:154} INFO - 🤪 Started process (PID=91) to work on /airflow/dags/update_dwh_daily.py
[2023-02-27T18:13:35.635+0000] {processor.py:756} INFO - 🤪 Processing file /airflow/dags/update_dwh_daily.py for tasks to queue
[2023-02-27T18:13:35.637+0000] {logging_mixin.py:137} INFO - 🤪 [2023-02-27T18:13:35.637+0000] {dagbag.py:537} INFO - 🤪 Filling up the DagBag from /airflow/dags/update_dwh_daily.py
[2023-02-27T18:13:36.162+0000] {processor.py:766} INFO - 🤪 DAG(s) dict_keys(['update_dwh_daily']) retrieved from /airflow/dags/update_dwh_daily.py
[2023-02-27T18:13:36.200+0000] {logging_mixin.py:137} INFO - 🤪 [2023-02-27T18:13:36.199+0000] {dag.py:2585} INFO - 🤪 Sync 1 DAGs
[2023-02-27T18:13:36.234+0000] {logging_mixin.py:137} INFO - 🤪 [2023-02-27T18:13:36.233+0000] {dag.py:3336} INFO - 🤪 Setting next_dagrun for update_dwh_daily to 2023-02-25T19:30:00+00:00, run_after=2023-02-26T19:30:00+00:00
[2023-02-27T18:13:36.272+0000] {processor.py:176} INFO - 🤪 Processing /airflow/dags/update_dwh_daily.py took 0.651 seconds
[2023-02-27T18:14:06.479+0000] {processor.py:154} INFO - 🤪 Started process (PID=95) to work on /airflow/dags/update_dwh_daily.py
[2023-02-27T18:14:06.482+0000] {processor.py:756} INFO - 🤪 Processing file /airflow/dags/update_dwh_daily.py for tasks to queue
[2023-02-27T18:14:06.484+0000] {logging_mixin.py:137} INFO - 🤪 [2023-02-27T18:14:06.483+0000] {dagbag.py:537} INFO - 🤪 Filling up the DagBag from /airflow/dags/update_dwh_daily.py
[2023-02-27T18:14:06.991+0000] {processor.py:766} INFO - 🤪 DAG(s) dict_keys(['update_dwh_daily']) retrieved from /airflow/dags/update_dwh_daily.py
[2023-02-27T18:14:07.034+0000] {logging_mixin.py:137} INFO - 🤪 [2023-02-27T18:14:07.033+0000] {dag.py:2585} INFO - 🤪 Sync 1 DAGs
[2023-02-27T18:14:07.103+0000] {logging_mixin.py:137} INFO - 🤪 [2023-02-27T18:14:07.103+0000] {dag.py:3336} INFO - 🤪 Setting next_dagrun for update_dwh_daily to 2023-02-25T19:30:00+00:00, run_after=2023-02-26T19:30:00+00:00
[2023-02-27T18:14:07.140+0000] {processor.py:176} INFO - 🤪 Processing /airflow/dags/update_dwh_daily.py took 0.666 seconds
[2023-02-27T18:14:37.294+0000] {processor.py:154} INFO - 🤪 Started process (PID=99) to work on /airflow/dags/update_dwh_daily.py
[2023-02-27T18:14:37.296+0000] {processor.py:756} INFO - 🤪 Processing file /airflow/dags/update_dwh_daily.py for tasks to queue
[2023-02-27T18:14:37.298+0000] {logging_mixin.py:137} INFO - 🤪 [2023-02-27T18:14:37.297+0000] {dagbag.py:537} INFO - 🤪 Filling up the DagBag from /airflow/dags/update_dwh_daily.py
[2023-02-27T18:14:37.863+0000] {processor.py:766} INFO - 🤪 DAG(s) dict_keys(['update_dwh_daily']) retrieved from /airflow/dags/update_dwh_daily.py
[2023-02-27T18:14:37.898+0000] {logging_mixin.py:137} INFO - 🤪 [2023-02-27T18:14:37.898+0000] {dag.py:2585} INFO - 🤪 Sync 1 DAGs
[2023-02-27T18:14:37.932+0000] {logging_mixin.py:137} INFO - 🤪 [2023-02-27T18:14:37.932+0000] {dag.py:3336} INFO - 🤪 Setting next_dagrun for update_dwh_daily to 2023-02-25T19:30:00+00:00, run_after=2023-02-26T19:30:00+00:00
[2023-02-27T18:14:37.972+0000] {processor.py:176} INFO - 🤪 Processing /airflow/dags/update_dwh_daily.py took 0.683 seconds
[2023-02-27T18:15:08.210+0000] {processor.py:154} INFO - 🤪 Started process (PID=103) to work on /airflow/dags/update_dwh_daily.py
[2023-02-27T18:15:08.213+0000] {processor.py:756} INFO - 🤪 Processing file /airflow/dags/update_dwh_daily.py for tasks to queue
[2023-02-27T18:15:08.215+0000] {logging_mixin.py:137} INFO - 🤪 [2023-02-27T18:15:08.214+0000] {dagbag.py:537} INFO - 🤪 Filling up the DagBag from /airflow/dags/update_dwh_daily.py
[2023-02-27T18:15:08.777+0000] {processor.py:766} INFO - 🤪 DAG(s) dict_keys(['update_dwh_daily']) retrieved from /airflow/dags/update_dwh_daily.py
[2023-02-27T18:15:08.807+0000] {logging_mixin.py:137} INFO - 🤪 [2023-02-27T18:15:08.807+0000] {dag.py:2585} INFO - 🤪 Sync 1 DAGs
[2023-02-27T18:15:08.835+0000] {logging_mixin.py:137} INFO - 🤪 [2023-02-27T18:15:08.835+0000] {dag.py:3336} INFO - 🤪 Setting next_dagrun for update_dwh_daily to 2023-02-25T19:30:00+00:00, run_after=2023-02-26T19:30:00+00:00
[2023-02-27T18:15:08.858+0000] {processor.py:176} INFO - 🤪 Processing /airflow/dags/update_dwh_daily.py took 0.653 seconds
[2023-02-27T18:15:39.051+0000] {processor.py:154} INFO - 🤪 Started process (PID=107) to work on /airflow/dags/update_dwh_daily.py
[2023-02-27T18:15:39.056+0000] {processor.py:756} INFO - 🤪 Processing file /airflow/dags/update_dwh_daily.py for tasks to queue
[2023-02-27T18:15:39.060+0000] {logging_mixin.py:137} INFO - 🤪 [2023-02-27T18:15:39.059+0000] {dagbag.py:537} INFO - 🤪 Filling up the DagBag from /airflow/dags/update_dwh_daily.py
[2023-02-27T18:15:39.475+0000] {processor.py:766} INFO - 🤪 DAG(s) dict_keys(['update_dwh_daily']) retrieved from /airflow/dags/update_dwh_daily.py
[2023-02-27T18:15:39.507+0000] {logging_mixin.py:137} INFO - 🤪 [2023-02-27T18:15:39.506+0000] {dag.py:2585} INFO - 🤪 Sync 1 DAGs
[2023-02-27T18:15:39.536+0000] {logging_mixin.py:137} INFO - 🤪 [2023-02-27T18:15:39.536+0000] {dag.py:3336} INFO - 🤪 Setting next_dagrun for update_dwh_daily to 2023-02-25T19:30:00+00:00, run_after=2023-02-26T19:30:00+00:00
[2023-02-27T18:15:39.566+0000] {processor.py:176} INFO - 🤪 Processing /airflow/dags/update_dwh_daily.py took 0.521 seconds
[2023-02-27T18:16:09.807+0000] {processor.py:154} INFO - 🤪 Started process (PID=111) to work on /airflow/dags/update_dwh_daily.py
[2023-02-27T18:16:09.809+0000] {processor.py:756} INFO - 🤪 Processing file /airflow/dags/update_dwh_daily.py for tasks to queue
[2023-02-27T18:16:09.811+0000] {logging_mixin.py:137} INFO - 🤪 [2023-02-27T18:16:09.811+0000] {dagbag.py:537} INFO - 🤪 Filling up the DagBag from /airflow/dags/update_dwh_daily.py
[2023-02-27T18:16:10.223+0000] {processor.py:766} INFO - 🤪 DAG(s) dict_keys(['update_dwh_daily']) retrieved from /airflow/dags/update_dwh_daily.py
[2023-02-27T18:16:10.263+0000] {logging_mixin.py:137} INFO - 🤪 [2023-02-27T18:16:10.263+0000] {dag.py:2585} INFO - 🤪 Sync 1 DAGs
[2023-02-27T18:16:10.304+0000] {logging_mixin.py:137} INFO - 🤪 [2023-02-27T18:16:10.304+0000] {dag.py:3336} INFO - 🤪 Setting next_dagrun for update_dwh_daily to 2023-02-25T19:30:00+00:00, run_after=2023-02-26T19:30:00+00:00
[2023-02-27T18:16:10.341+0000] {processor.py:176} INFO - 🤪 Processing /airflow/dags/update_dwh_daily.py took 0.539 seconds
[2023-02-27T18:16:40.606+0000] {processor.py:154} INFO - 🤪 Started process (PID=115) to work on /airflow/dags/update_dwh_daily.py
[2023-02-27T18:16:40.608+0000] {processor.py:756} INFO - 🤪 Processing file /airflow/dags/update_dwh_daily.py for tasks to queue
[2023-02-27T18:16:40.610+0000] {logging_mixin.py:137} INFO - 🤪 [2023-02-27T18:16:40.610+0000] {dagbag.py:537} INFO - 🤪 Filling up the DagBag from /airflow/dags/update_dwh_daily.py
[2023-02-27T18:16:40.981+0000] {processor.py:766} INFO - 🤪 DAG(s) dict_keys(['update_dwh_daily']) retrieved from /airflow/dags/update_dwh_daily.py
[2023-02-27T18:16:41.014+0000] {logging_mixin.py:137} INFO - 🤪 [2023-02-27T18:16:41.014+0000] {dag.py:2585} INFO - 🤪 Sync 1 DAGs
[2023-02-27T18:16:41.045+0000] {logging_mixin.py:137} INFO - 🤪 [2023-02-27T18:16:41.045+0000] {dag.py:3336} INFO - 🤪 Setting next_dagrun for update_dwh_daily to 2023-02-25T19:30:00+00:00, run_after=2023-02-26T19:30:00+00:00
[2023-02-27T18:16:41.073+0000] {processor.py:176} INFO - 🤪 Processing /airflow/dags/update_dwh_daily.py took 0.471 seconds
[2023-02-27T18:17:11.232+0000] {processor.py:154} INFO - 🤪 Started process (PID=119) to work on /airflow/dags/update_dwh_daily.py
[2023-02-27T18:17:11.240+0000] {processor.py:756} INFO - 🤪 Processing file /airflow/dags/update_dwh_daily.py for tasks to queue
[2023-02-27T18:17:11.242+0000] {logging_mixin.py:137} INFO - 🤪 [2023-02-27T18:17:11.242+0000] {dagbag.py:537} INFO - 🤪 Filling up the DagBag from /airflow/dags/update_dwh_daily.py
[2023-02-27T18:17:11.598+0000] {processor.py:766} INFO - 🤪 DAG(s) dict_keys(['update_dwh_daily']) retrieved from /airflow/dags/update_dwh_daily.py
[2023-02-27T18:17:11.627+0000] {logging_mixin.py:137} INFO - 🤪 [2023-02-27T18:17:11.626+0000] {dag.py:2585} INFO - 🤪 Sync 1 DAGs
[2023-02-27T18:17:11.652+0000] {logging_mixin.py:137} INFO - 🤪 [2023-02-27T18:17:11.651+0000] {dag.py:3336} INFO - 🤪 Setting next_dagrun for update_dwh_daily to 2023-02-25T19:30:00+00:00, run_after=2023-02-26T19:30:00+00:00
[2023-02-27T18:17:11.676+0000] {processor.py:176} INFO - 🤪 Processing /airflow/dags/update_dwh_daily.py took 0.449 seconds
[2023-02-27T18:17:43.012+0000] {processor.py:154} INFO - 🤪 Started process (PID=123) to work on /airflow/dags/update_dwh_daily.py
[2023-02-27T18:17:43.014+0000] {processor.py:756} INFO - 🤪 Processing file /airflow/dags/update_dwh_daily.py for tasks to queue
[2023-02-27T18:17:43.016+0000] {logging_mixin.py:137} INFO - 🤪 [2023-02-27T18:17:43.016+0000] {dagbag.py:537} INFO - 🤪 Filling up the DagBag from /airflow/dags/update_dwh_daily.py
[2023-02-27T18:17:43.381+0000] {processor.py:766} INFO - 🤪 DAG(s) dict_keys(['update_dwh_daily']) retrieved from /airflow/dags/update_dwh_daily.py
[2023-02-27T18:17:43.417+0000] {logging_mixin.py:137} INFO - 🤪 [2023-02-27T18:17:43.417+0000] {dag.py:2585} INFO - 🤪 Sync 1 DAGs
[2023-02-27T18:17:43.452+0000] {logging_mixin.py:137} INFO - 🤪 [2023-02-27T18:17:43.452+0000] {dag.py:3336} INFO - 🤪 Setting next_dagrun for update_dwh_daily to 2023-02-25T19:30:00+00:00, run_after=2023-02-26T19:30:00+00:00
[2023-02-27T18:17:43.489+0000] {processor.py:176} INFO - 🤪 Processing /airflow/dags/update_dwh_daily.py took 0.481 seconds
[2023-02-27T18:18:13.928+0000] {processor.py:154} INFO - 🤪 Started process (PID=127) to work on /airflow/dags/update_dwh_daily.py
[2023-02-27T18:18:13.930+0000] {processor.py:756} INFO - 🤪 Processing file /airflow/dags/update_dwh_daily.py for tasks to queue
[2023-02-27T18:18:13.931+0000] {logging_mixin.py:137} INFO - 🤪 [2023-02-27T18:18:13.931+0000] {dagbag.py:537} INFO - 🤪 Filling up the DagBag from /airflow/dags/update_dwh_daily.py
[2023-02-27T18:18:14.217+0000] {processor.py:766} INFO - 🤪 DAG(s) dict_keys(['update_dwh_daily']) retrieved from /airflow/dags/update_dwh_daily.py
[2023-02-27T18:18:14.244+0000] {logging_mixin.py:137} INFO - 🤪 [2023-02-27T18:18:14.244+0000] {dag.py:2585} INFO - 🤪 Sync 1 DAGs
[2023-02-27T18:18:14.297+0000] {logging_mixin.py:137} INFO - 🤪 [2023-02-27T18:18:14.296+0000] {dag.py:3336} INFO - 🤪 Setting next_dagrun for update_dwh_daily to 2023-02-25T19:30:00+00:00, run_after=2023-02-26T19:30:00+00:00
[2023-02-27T18:18:14.326+0000] {processor.py:176} INFO - 🤪 Processing /airflow/dags/update_dwh_daily.py took 0.401 seconds
[2023-02-27T18:18:45.666+0000] {processor.py:154} INFO - 🤪 Started process (PID=131) to work on /airflow/dags/update_dwh_daily.py
[2023-02-27T18:18:45.677+0000] {processor.py:756} INFO - 🤪 Processing file /airflow/dags/update_dwh_daily.py for tasks to queue
[2023-02-27T18:18:45.689+0000] {logging_mixin.py:137} INFO - 🤪 [2023-02-27T18:18:45.687+0000] {dagbag.py:537} INFO - 🤪 Filling up the DagBag from /airflow/dags/update_dwh_daily.py
[2023-02-27T18:18:47.248+0000] {processor.py:766} INFO - 🤪 DAG(s) dict_keys(['update_dwh_daily']) retrieved from /airflow/dags/update_dwh_daily.py
[2023-02-27T18:18:47.437+0000] {logging_mixin.py:137} INFO - 🤪 [2023-02-27T18:18:47.436+0000] {dag.py:2585} INFO - 🤪 Sync 1 DAGs
[2023-02-27T18:18:47.631+0000] {logging_mixin.py:137} INFO - 🤪 [2023-02-27T18:18:47.630+0000] {dag.py:3336} INFO - 🤪 Setting next_dagrun for update_dwh_daily to 2023-02-25T19:30:00+00:00, run_after=2023-02-26T19:30:00+00:00
[2023-02-27T18:18:47.768+0000] {processor.py:176} INFO - 🤪 Processing /airflow/dags/update_dwh_daily.py took 2.116 seconds
[2023-02-27T18:20:14.325+0000] {processor.py:154} INFO - 🤪 Started process (PID=135) to work on /airflow/dags/update_dwh_daily.py
[2023-02-27T18:20:14.910+0000] {processor.py:756} INFO - 🤪 Processing file /airflow/dags/update_dwh_daily.py for tasks to queue
[2023-02-27T18:20:15.290+0000] {logging_mixin.py:137} INFO - 🤪 [2023-02-27T18:20:15.277+0000] {dagbag.py:537} INFO - 🤪 Filling up the DagBag from /airflow/dags/update_dwh_daily.py
[2023-02-27T18:20:46.388+0000] {logging_mixin.py:137} INFO - 🤪 [2023-02-27T18:20:46.387+0000] {timeout.py:68} ERROR - 🤪 Process timed out, PID: 135
[2023-02-27T18:20:48.845+0000] {logging_mixin.py:137} INFO - 🤪 [2023-02-27T18:20:46.453+0000] {dagbag.py:342} ERROR - 🤪 Failed to import: /airflow/dags/update_dwh_daily.py
Traceback (most recent call last):
  File "/opt/bitnami/python/lib/python3.8/site-packages/airflow/models/dagbag.py", line 338, in parse
    loader.exec_module(new_module)
  File "<frozen importlib._bootstrap_external>", line 843, in exec_module
  File "<frozen importlib._bootstrap>", line 219, in _call_with_frames_removed
  File "/airflow/dags/update_dwh_daily.py", line 5, in <module>
    from processing.check_update_psql_source import *
  File "/airflow/dags/processing/check_update_psql_source.py", line 4, in <module>
    import pandas as pd
  File "/opt/bitnami/python/lib/python3.8/site-packages/pandas/__init__.py", line 48, in <module>
    from pandas.core.api import (
  File "/opt/bitnami/python/lib/python3.8/site-packages/pandas/core/api.py", line 27, in <module>
    from pandas.core.arrays import Categorical
  File "/opt/bitnami/python/lib/python3.8/site-packages/pandas/core/arrays/__init__.py", line 7, in <module>
    from pandas.core.arrays.boolean import BooleanArray
  File "/opt/bitnami/python/lib/python3.8/site-packages/pandas/core/arrays/boolean.py", line 29, in <module>
    from pandas.core.arrays.masked import (
  File "/opt/bitnami/python/lib/python3.8/site-packages/pandas/core/arrays/masked.py", line 59, in <module>
    from pandas.core import (
  File "/opt/bitnami/python/lib/python3.8/site-packages/pandas/core/nanops.py", line 57, in <module>
    from pandas.core.construction import extract_array
  File "/opt/bitnami/python/lib/python3.8/site-packages/airflow/utils/timeout.py", line 69, in handle_timeout
    raise AirflowTaskTimeout(self.error_message)
airflow.exceptions.AirflowTaskTimeout: DagBag import timeout for /airflow/dags/update_dwh_daily.py after 30.0s.
Please take a look at these docs to improve your DAG import time:
* https://airflow.apache.org/docs/apache-airflow/2.4.3/best-practices.html#top-level-python-code
* https://airflow.apache.org/docs/apache-airflow/2.4.3/best-practices.html#reducing-dag-complexity, PID: 135
[2023-02-27T18:20:49.480+0000] {processor.py:768} WARNING - 🤪 No viable dags retrieved from /airflow/dags/update_dwh_daily.py
[2023-02-27T18:20:51.687+0000] {processor.py:176} INFO - 🤪 Processing /airflow/dags/update_dwh_daily.py took 38.808 seconds
[2023-02-27T18:22:35.994+0000] {processor.py:154} INFO - 🤪 Started process (PID=140) to work on /airflow/dags/update_dwh_daily.py
[2023-02-27T18:22:36.003+0000] {processor.py:756} INFO - 🤪 Processing file /airflow/dags/update_dwh_daily.py for tasks to queue
[2023-02-27T18:22:36.023+0000] {logging_mixin.py:137} INFO - 🤪 [2023-02-27T18:22:36.021+0000] {dagbag.py:537} INFO - 🤪 Filling up the DagBag from /airflow/dags/update_dwh_daily.py
[2023-02-27T18:22:39.555+0000] {processor.py:766} INFO - 🤪 DAG(s) dict_keys(['update_dwh_daily']) retrieved from /airflow/dags/update_dwh_daily.py
[2023-02-27T18:22:40.145+0000] {logging_mixin.py:137} INFO - 🤪 [2023-02-27T18:22:40.134+0000] {dag.py:2585} INFO - 🤪 Sync 1 DAGs
[2023-02-27T18:22:40.507+0000] {logging_mixin.py:137} INFO - 🤪 [2023-02-27T18:22:40.505+0000] {dag.py:3336} INFO - 🤪 Setting next_dagrun for update_dwh_daily to 2023-02-25T19:30:00+00:00, run_after=2023-02-26T19:30:00+00:00
[2023-02-27T18:22:40.821+0000] {processor.py:176} INFO - 🤪 Processing /airflow/dags/update_dwh_daily.py took 4.879 seconds
[2023-02-27T18:23:11.337+0000] {processor.py:154} INFO - 🤪 Started process (PID=144) to work on /airflow/dags/update_dwh_daily.py
[2023-02-27T18:23:11.340+0000] {processor.py:756} INFO - 🤪 Processing file /airflow/dags/update_dwh_daily.py for tasks to queue
[2023-02-27T18:23:11.342+0000] {logging_mixin.py:137} INFO - 🤪 [2023-02-27T18:23:11.342+0000] {dagbag.py:537} INFO - 🤪 Filling up the DagBag from /airflow/dags/update_dwh_daily.py
[2023-02-27T18:23:11.709+0000] {processor.py:766} INFO - 🤪 DAG(s) dict_keys(['update_dwh_daily']) retrieved from /airflow/dags/update_dwh_daily.py
[2023-02-27T18:23:11.745+0000] {logging_mixin.py:137} INFO - 🤪 [2023-02-27T18:23:11.745+0000] {dag.py:2585} INFO - 🤪 Sync 1 DAGs
[2023-02-27T18:23:11.779+0000] {logging_mixin.py:137} INFO - 🤪 [2023-02-27T18:23:11.779+0000] {dag.py:3336} INFO - 🤪 Setting next_dagrun for update_dwh_daily to 2023-02-25T19:30:00+00:00, run_after=2023-02-26T19:30:00+00:00
[2023-02-27T18:23:11.812+0000] {processor.py:176} INFO - 🤪 Processing /airflow/dags/update_dwh_daily.py took 0.481 seconds
[2023-02-27T18:23:42.485+0000] {processor.py:154} INFO - 🤪 Started process (PID=148) to work on /airflow/dags/update_dwh_daily.py
[2023-02-27T18:23:42.487+0000] {processor.py:756} INFO - 🤪 Processing file /airflow/dags/update_dwh_daily.py for tasks to queue
[2023-02-27T18:23:42.491+0000] {logging_mixin.py:137} INFO - 🤪 [2023-02-27T18:23:42.490+0000] {dagbag.py:537} INFO - 🤪 Filling up the DagBag from /airflow/dags/update_dwh_daily.py
[2023-02-27T18:23:42.878+0000] {processor.py:766} INFO - 🤪 DAG(s) dict_keys(['update_dwh_daily']) retrieved from /airflow/dags/update_dwh_daily.py
[2023-02-27T18:23:42.929+0000] {logging_mixin.py:137} INFO - 🤪 [2023-02-27T18:23:42.929+0000] {dag.py:2585} INFO - 🤪 Sync 1 DAGs
[2023-02-27T18:23:42.972+0000] {logging_mixin.py:137} INFO - 🤪 [2023-02-27T18:23:42.971+0000] {dag.py:3336} INFO - 🤪 Setting next_dagrun for update_dwh_daily to 2023-02-25T19:30:00+00:00, run_after=2023-02-26T19:30:00+00:00
[2023-02-27T18:23:43.007+0000] {processor.py:176} INFO - 🤪 Processing /airflow/dags/update_dwh_daily.py took 0.530 seconds
[2023-02-27T18:24:13.416+0000] {processor.py:154} INFO - 🤪 Started process (PID=152) to work on /airflow/dags/update_dwh_daily.py
[2023-02-27T18:24:13.418+0000] {processor.py:756} INFO - 🤪 Processing file /airflow/dags/update_dwh_daily.py for tasks to queue
[2023-02-27T18:24:13.420+0000] {logging_mixin.py:137} INFO - 🤪 [2023-02-27T18:24:13.419+0000] {dagbag.py:537} INFO - 🤪 Filling up the DagBag from /airflow/dags/update_dwh_daily.py
[2023-02-27T18:24:13.785+0000] {processor.py:766} INFO - 🤪 DAG(s) dict_keys(['update_dwh_daily']) retrieved from /airflow/dags/update_dwh_daily.py
[2023-02-27T18:24:13.814+0000] {logging_mixin.py:137} INFO - 🤪 [2023-02-27T18:24:13.814+0000] {dag.py:2585} INFO - 🤪 Sync 1 DAGs
[2023-02-27T18:24:13.847+0000] {logging_mixin.py:137} INFO - 🤪 [2023-02-27T18:24:13.847+0000] {dag.py:3336} INFO - 🤪 Setting next_dagrun for update_dwh_daily to 2023-02-25T19:30:00+00:00, run_after=2023-02-26T19:30:00+00:00
[2023-02-27T18:24:13.874+0000] {processor.py:176} INFO - 🤪 Processing /airflow/dags/update_dwh_daily.py took 0.463 seconds
[2023-02-27T18:24:44.249+0000] {processor.py:154} INFO - 🤪 Started process (PID=156) to work on /airflow/dags/update_dwh_daily.py
[2023-02-27T18:24:44.251+0000] {processor.py:756} INFO - 🤪 Processing file /airflow/dags/update_dwh_daily.py for tasks to queue
[2023-02-27T18:24:44.253+0000] {logging_mixin.py:137} INFO - 🤪 [2023-02-27T18:24:44.252+0000] {dagbag.py:537} INFO - 🤪 Filling up the DagBag from /airflow/dags/update_dwh_daily.py
[2023-02-27T18:24:44.516+0000] {processor.py:766} INFO - 🤪 DAG(s) dict_keys(['update_dwh_daily']) retrieved from /airflow/dags/update_dwh_daily.py
[2023-02-27T18:24:44.542+0000] {logging_mixin.py:137} INFO - 🤪 [2023-02-27T18:24:44.542+0000] {dag.py:2585} INFO - 🤪 Sync 1 DAGs
[2023-02-27T18:24:44.567+0000] {logging_mixin.py:137} INFO - 🤪 [2023-02-27T18:24:44.567+0000] {dag.py:3336} INFO - 🤪 Setting next_dagrun for update_dwh_daily to 2023-02-25T19:30:00+00:00, run_after=2023-02-26T19:30:00+00:00
[2023-02-27T18:24:44.592+0000] {processor.py:176} INFO - 🤪 Processing /airflow/dags/update_dwh_daily.py took 0.347 seconds
[2023-02-27T18:25:15.217+0000] {processor.py:154} INFO - 🤪 Started process (PID=160) to work on /airflow/dags/update_dwh_daily.py
[2023-02-27T18:25:15.224+0000] {processor.py:756} INFO - 🤪 Processing file /airflow/dags/update_dwh_daily.py for tasks to queue
[2023-02-27T18:25:15.226+0000] {logging_mixin.py:137} INFO - 🤪 [2023-02-27T18:25:15.226+0000] {dagbag.py:537} INFO - 🤪 Filling up the DagBag from /airflow/dags/update_dwh_daily.py
[2023-02-27T18:25:15.545+0000] {processor.py:766} INFO - 🤪 DAG(s) dict_keys(['update_dwh_daily']) retrieved from /airflow/dags/update_dwh_daily.py
[2023-02-27T18:25:15.581+0000] {logging_mixin.py:137} INFO - 🤪 [2023-02-27T18:25:15.581+0000] {dag.py:2585} INFO - 🤪 Sync 1 DAGs
[2023-02-27T18:25:15.628+0000] {logging_mixin.py:137} INFO - 🤪 [2023-02-27T18:25:15.628+0000] {dag.py:3336} INFO - 🤪 Setting next_dagrun for update_dwh_daily to 2023-02-25T19:30:00+00:00, run_after=2023-02-26T19:30:00+00:00
[2023-02-27T18:25:15.662+0000] {processor.py:176} INFO - 🤪 Processing /airflow/dags/update_dwh_daily.py took 0.449 seconds
[2023-02-27T18:25:45.757+0000] {processor.py:154} INFO - 🤪 Started process (PID=164) to work on /airflow/dags/update_dwh_daily.py
[2023-02-27T18:25:45.759+0000] {processor.py:756} INFO - 🤪 Processing file /airflow/dags/update_dwh_daily.py for tasks to queue
[2023-02-27T18:25:45.761+0000] {logging_mixin.py:137} INFO - 🤪 [2023-02-27T18:25:45.761+0000] {dagbag.py:537} INFO - 🤪 Filling up the DagBag from /airflow/dags/update_dwh_daily.py
[2023-02-27T18:25:46.070+0000] {processor.py:766} INFO - 🤪 DAG(s) dict_keys(['update_dwh_daily']) retrieved from /airflow/dags/update_dwh_daily.py
[2023-02-27T18:25:46.104+0000] {logging_mixin.py:137} INFO - 🤪 [2023-02-27T18:25:46.104+0000] {dag.py:2585} INFO - 🤪 Sync 1 DAGs
[2023-02-27T18:25:46.138+0000] {logging_mixin.py:137} INFO - 🤪 [2023-02-27T18:25:46.138+0000] {dag.py:3336} INFO - 🤪 Setting next_dagrun for update_dwh_daily to 2023-02-25T19:30:00+00:00, run_after=2023-02-26T19:30:00+00:00
[2023-02-27T18:25:46.166+0000] {processor.py:176} INFO - 🤪 Processing /airflow/dags/update_dwh_daily.py took 0.414 seconds
[2023-02-27T18:26:16.513+0000] {processor.py:154} INFO - 🤪 Started process (PID=168) to work on /airflow/dags/update_dwh_daily.py
[2023-02-27T18:26:16.517+0000] {processor.py:756} INFO - 🤪 Processing file /airflow/dags/update_dwh_daily.py for tasks to queue
[2023-02-27T18:26:16.519+0000] {logging_mixin.py:137} INFO - 🤪 [2023-02-27T18:26:16.519+0000] {dagbag.py:537} INFO - 🤪 Filling up the DagBag from /airflow/dags/update_dwh_daily.py
[2023-02-27T18:26:16.836+0000] {processor.py:766} INFO - 🤪 DAG(s) dict_keys(['update_dwh_daily']) retrieved from /airflow/dags/update_dwh_daily.py
[2023-02-27T18:26:16.874+0000] {logging_mixin.py:137} INFO - 🤪 [2023-02-27T18:26:16.874+0000] {dag.py:2585} INFO - 🤪 Sync 1 DAGs
[2023-02-27T18:26:16.904+0000] {logging_mixin.py:137} INFO - 🤪 [2023-02-27T18:26:16.904+0000] {dag.py:3336} INFO - 🤪 Setting next_dagrun for update_dwh_daily to 2023-02-25T19:30:00+00:00, run_after=2023-02-26T19:30:00+00:00
[2023-02-27T18:26:16.934+0000] {processor.py:176} INFO - 🤪 Processing /airflow/dags/update_dwh_daily.py took 0.430 seconds
[2023-02-27T18:26:47.441+0000] {processor.py:154} INFO - 🤪 Started process (PID=172) to work on /airflow/dags/update_dwh_daily.py
[2023-02-27T18:26:47.444+0000] {processor.py:756} INFO - 🤪 Processing file /airflow/dags/update_dwh_daily.py for tasks to queue
[2023-02-27T18:26:47.447+0000] {logging_mixin.py:137} INFO - 🤪 [2023-02-27T18:26:47.446+0000] {dagbag.py:537} INFO - 🤪 Filling up the DagBag from /airflow/dags/update_dwh_daily.py
[2023-02-27T18:26:47.769+0000] {processor.py:766} INFO - 🤪 DAG(s) dict_keys(['update_dwh_daily']) retrieved from /airflow/dags/update_dwh_daily.py
[2023-02-27T18:26:47.805+0000] {logging_mixin.py:137} INFO - 🤪 [2023-02-27T18:26:47.805+0000] {dag.py:2585} INFO - 🤪 Sync 1 DAGs
[2023-02-27T18:26:47.840+0000] {logging_mixin.py:137} INFO - 🤪 [2023-02-27T18:26:47.840+0000] {dag.py:3336} INFO - 🤪 Setting next_dagrun for update_dwh_daily to 2023-02-25T19:30:00+00:00, run_after=2023-02-26T19:30:00+00:00
[2023-02-27T18:26:47.868+0000] {processor.py:176} INFO - 🤪 Processing /airflow/dags/update_dwh_daily.py took 0.433 seconds
[2023-02-27T18:27:18.390+0000] {processor.py:154} INFO - 🤪 Started process (PID=176) to work on /airflow/dags/update_dwh_daily.py
[2023-02-27T18:27:18.392+0000] {processor.py:756} INFO - 🤪 Processing file /airflow/dags/update_dwh_daily.py for tasks to queue
[2023-02-27T18:27:18.394+0000] {logging_mixin.py:137} INFO - 🤪 [2023-02-27T18:27:18.394+0000] {dagbag.py:537} INFO - 🤪 Filling up the DagBag from /airflow/dags/update_dwh_daily.py
[2023-02-27T18:27:18.711+0000] {processor.py:766} INFO - 🤪 DAG(s) dict_keys(['update_dwh_daily']) retrieved from /airflow/dags/update_dwh_daily.py
[2023-02-27T18:27:18.744+0000] {logging_mixin.py:137} INFO - 🤪 [2023-02-27T18:27:18.743+0000] {dag.py:2585} INFO - 🤪 Sync 1 DAGs
[2023-02-27T18:27:18.774+0000] {logging_mixin.py:137} INFO - 🤪 [2023-02-27T18:27:18.774+0000] {dag.py:3336} INFO - 🤪 Setting next_dagrun for update_dwh_daily to 2023-02-25T19:30:00+00:00, run_after=2023-02-26T19:30:00+00:00
[2023-02-27T18:27:18.802+0000] {processor.py:176} INFO - 🤪 Processing /airflow/dags/update_dwh_daily.py took 0.415 seconds
[2023-02-27T18:27:49.265+0000] {processor.py:154} INFO - 🤪 Started process (PID=180) to work on /airflow/dags/update_dwh_daily.py
[2023-02-27T18:27:49.269+0000] {processor.py:756} INFO - 🤪 Processing file /airflow/dags/update_dwh_daily.py for tasks to queue
[2023-02-27T18:27:49.271+0000] {logging_mixin.py:137} INFO - 🤪 [2023-02-27T18:27:49.271+0000] {dagbag.py:537} INFO - 🤪 Filling up the DagBag from /airflow/dags/update_dwh_daily.py
[2023-02-27T18:27:49.557+0000] {processor.py:766} INFO - 🤪 DAG(s) dict_keys(['update_dwh_daily']) retrieved from /airflow/dags/update_dwh_daily.py
[2023-02-27T18:27:49.590+0000] {logging_mixin.py:137} INFO - 🤪 [2023-02-27T18:27:49.590+0000] {dag.py:2585} INFO - 🤪 Sync 1 DAGs
[2023-02-27T18:27:49.623+0000] {logging_mixin.py:137} INFO - 🤪 [2023-02-27T18:27:49.623+0000] {dag.py:3336} INFO - 🤪 Setting next_dagrun for update_dwh_daily to 2023-02-25T19:30:00+00:00, run_after=2023-02-26T19:30:00+00:00
[2023-02-27T18:27:49.652+0000] {processor.py:176} INFO - 🤪 Processing /airflow/dags/update_dwh_daily.py took 0.394 seconds
[2023-02-27T18:28:19.897+0000] {processor.py:154} INFO - 🤪 Started process (PID=184) to work on /airflow/dags/update_dwh_daily.py
[2023-02-27T18:28:19.907+0000] {processor.py:756} INFO - 🤪 Processing file /airflow/dags/update_dwh_daily.py for tasks to queue
[2023-02-27T18:28:19.909+0000] {logging_mixin.py:137} INFO - 🤪 [2023-02-27T18:28:19.909+0000] {dagbag.py:537} INFO - 🤪 Filling up the DagBag from /airflow/dags/update_dwh_daily.py
[2023-02-27T18:28:20.206+0000] {processor.py:766} INFO - 🤪 DAG(s) dict_keys(['update_dwh_daily']) retrieved from /airflow/dags/update_dwh_daily.py
[2023-02-27T18:28:20.232+0000] {logging_mixin.py:137} INFO - 🤪 [2023-02-27T18:28:20.232+0000] {dag.py:2585} INFO - 🤪 Sync 1 DAGs
[2023-02-27T18:28:20.258+0000] {logging_mixin.py:137} INFO - 🤪 [2023-02-27T18:28:20.258+0000] {dag.py:3336} INFO - 🤪 Setting next_dagrun for update_dwh_daily to 2023-02-25T19:30:00+00:00, run_after=2023-02-26T19:30:00+00:00
[2023-02-27T18:28:20.284+0000] {processor.py:176} INFO - 🤪 Processing /airflow/dags/update_dwh_daily.py took 0.395 seconds
[2023-02-27T18:28:51.311+0000] {processor.py:154} INFO - 🤪 Started process (PID=188) to work on /airflow/dags/update_dwh_daily.py
[2023-02-27T18:28:51.319+0000] {processor.py:756} INFO - 🤪 Processing file /airflow/dags/update_dwh_daily.py for tasks to queue
[2023-02-27T18:28:51.321+0000] {logging_mixin.py:137} INFO - 🤪 [2023-02-27T18:28:51.321+0000] {dagbag.py:537} INFO - 🤪 Filling up the DagBag from /airflow/dags/update_dwh_daily.py
[2023-02-27T18:28:51.630+0000] {processor.py:766} INFO - 🤪 DAG(s) dict_keys(['update_dwh_daily']) retrieved from /airflow/dags/update_dwh_daily.py
[2023-02-27T18:28:51.659+0000] {logging_mixin.py:137} INFO - 🤪 [2023-02-27T18:28:51.658+0000] {dag.py:2585} INFO - 🤪 Sync 1 DAGs
[2023-02-27T18:28:51.685+0000] {logging_mixin.py:137} INFO - 🤪 [2023-02-27T18:28:51.685+0000] {dag.py:3336} INFO - 🤪 Setting next_dagrun for update_dwh_daily to 2023-02-25T19:30:00+00:00, run_after=2023-02-26T19:30:00+00:00
[2023-02-27T18:28:51.711+0000] {processor.py:176} INFO - 🤪 Processing /airflow/dags/update_dwh_daily.py took 0.405 seconds
[2023-02-27T18:29:21.998+0000] {processor.py:154} INFO - 🤪 Started process (PID=192) to work on /airflow/dags/update_dwh_daily.py
[2023-02-27T18:29:22.001+0000] {processor.py:756} INFO - 🤪 Processing file /airflow/dags/update_dwh_daily.py for tasks to queue
[2023-02-27T18:29:22.004+0000] {logging_mixin.py:137} INFO - 🤪 [2023-02-27T18:29:22.004+0000] {dagbag.py:537} INFO - 🤪 Filling up the DagBag from /airflow/dags/update_dwh_daily.py
[2023-02-27T18:29:22.370+0000] {processor.py:766} INFO - 🤪 DAG(s) dict_keys(['update_dwh_daily']) retrieved from /airflow/dags/update_dwh_daily.py
[2023-02-27T18:29:22.400+0000] {logging_mixin.py:137} INFO - 🤪 [2023-02-27T18:29:22.400+0000] {dag.py:2585} INFO - 🤪 Sync 1 DAGs
[2023-02-27T18:29:22.429+0000] {logging_mixin.py:137} INFO - 🤪 [2023-02-27T18:29:22.429+0000] {dag.py:3336} INFO - 🤪 Setting next_dagrun for update_dwh_daily to 2023-02-25T19:30:00+00:00, run_after=2023-02-26T19:30:00+00:00
[2023-02-27T18:29:22.455+0000] {processor.py:176} INFO - 🤪 Processing /airflow/dags/update_dwh_daily.py took 0.466 seconds
[2023-02-27T18:29:52.779+0000] {processor.py:154} INFO - 🤪 Started process (PID=196) to work on /airflow/dags/update_dwh_daily.py
[2023-02-27T18:29:52.786+0000] {processor.py:756} INFO - 🤪 Processing file /airflow/dags/update_dwh_daily.py for tasks to queue
[2023-02-27T18:29:52.788+0000] {logging_mixin.py:137} INFO - 🤪 [2023-02-27T18:29:52.788+0000] {dagbag.py:537} INFO - 🤪 Filling up the DagBag from /airflow/dags/update_dwh_daily.py
[2023-02-27T18:29:53.086+0000] {processor.py:766} INFO - 🤪 DAG(s) dict_keys(['update_dwh_daily']) retrieved from /airflow/dags/update_dwh_daily.py
[2023-02-27T18:29:53.115+0000] {logging_mixin.py:137} INFO - 🤪 [2023-02-27T18:29:53.115+0000] {dag.py:2585} INFO - 🤪 Sync 1 DAGs
[2023-02-27T18:29:53.142+0000] {logging_mixin.py:137} INFO - 🤪 [2023-02-27T18:29:53.142+0000] {dag.py:3336} INFO - 🤪 Setting next_dagrun for update_dwh_daily to 2023-02-25T19:30:00+00:00, run_after=2023-02-26T19:30:00+00:00
[2023-02-27T18:29:53.169+0000] {processor.py:176} INFO - 🤪 Processing /airflow/dags/update_dwh_daily.py took 0.395 seconds
[2023-02-27T18:30:23.600+0000] {processor.py:154} INFO - 🤪 Started process (PID=200) to work on /airflow/dags/update_dwh_daily.py
[2023-02-27T18:30:23.604+0000] {processor.py:756} INFO - 🤪 Processing file /airflow/dags/update_dwh_daily.py for tasks to queue
[2023-02-27T18:30:23.607+0000] {logging_mixin.py:137} INFO - 🤪 [2023-02-27T18:30:23.607+0000] {dagbag.py:537} INFO - 🤪 Filling up the DagBag from /airflow/dags/update_dwh_daily.py
[2023-02-27T18:30:24.054+0000] {processor.py:766} INFO - 🤪 DAG(s) dict_keys(['update_dwh_daily']) retrieved from /airflow/dags/update_dwh_daily.py
[2023-02-27T18:30:24.102+0000] {logging_mixin.py:137} INFO - 🤪 [2023-02-27T18:30:24.102+0000] {dag.py:2585} INFO - 🤪 Sync 1 DAGs
[2023-02-27T18:30:24.144+0000] {logging_mixin.py:137} INFO - 🤪 [2023-02-27T18:30:24.144+0000] {dag.py:3336} INFO - 🤪 Setting next_dagrun for update_dwh_daily to 2023-02-25T19:30:00+00:00, run_after=2023-02-26T19:30:00+00:00
[2023-02-27T18:30:24.170+0000] {processor.py:176} INFO - 🤪 Processing /airflow/dags/update_dwh_daily.py took 0.583 seconds
[2023-02-27T18:30:54.365+0000] {processor.py:154} INFO - 🤪 Started process (PID=204) to work on /airflow/dags/update_dwh_daily.py
[2023-02-27T18:30:54.374+0000] {processor.py:756} INFO - 🤪 Processing file /airflow/dags/update_dwh_daily.py for tasks to queue
[2023-02-27T18:30:54.376+0000] {logging_mixin.py:137} INFO - 🤪 [2023-02-27T18:30:54.376+0000] {dagbag.py:537} INFO - 🤪 Filling up the DagBag from /airflow/dags/update_dwh_daily.py
[2023-02-27T18:30:54.641+0000] {processor.py:766} INFO - 🤪 DAG(s) dict_keys(['update_dwh_daily']) retrieved from /airflow/dags/update_dwh_daily.py
[2023-02-27T18:30:54.669+0000] {logging_mixin.py:137} INFO - 🤪 [2023-02-27T18:30:54.669+0000] {dag.py:2585} INFO - 🤪 Sync 1 DAGs
[2023-02-27T18:30:54.697+0000] {logging_mixin.py:137} INFO - 🤪 [2023-02-27T18:30:54.697+0000] {dag.py:3336} INFO - 🤪 Setting next_dagrun for update_dwh_daily to 2023-02-25T19:30:00+00:00, run_after=2023-02-26T19:30:00+00:00
[2023-02-27T18:30:54.722+0000] {processor.py:176} INFO - 🤪 Processing /airflow/dags/update_dwh_daily.py took 0.383 seconds
[2023-02-27T18:31:25.684+0000] {processor.py:154} INFO - 🤪 Started process (PID=208) to work on /airflow/dags/update_dwh_daily.py
[2023-02-27T18:31:25.686+0000] {processor.py:756} INFO - 🤪 Processing file /airflow/dags/update_dwh_daily.py for tasks to queue
[2023-02-27T18:31:25.688+0000] {logging_mixin.py:137} INFO - 🤪 [2023-02-27T18:31:25.688+0000] {dagbag.py:537} INFO - 🤪 Filling up the DagBag from /airflow/dags/update_dwh_daily.py
[2023-02-27T18:31:26.019+0000] {processor.py:766} INFO - 🤪 DAG(s) dict_keys(['update_dwh_daily']) retrieved from /airflow/dags/update_dwh_daily.py
[2023-02-27T18:31:26.049+0000] {logging_mixin.py:137} INFO - 🤪 [2023-02-27T18:31:26.049+0000] {dag.py:2585} INFO - 🤪 Sync 1 DAGs
[2023-02-27T18:31:26.082+0000] {logging_mixin.py:137} INFO - 🤪 [2023-02-27T18:31:26.082+0000] {dag.py:3336} INFO - 🤪 Setting next_dagrun for update_dwh_daily to 2023-02-25T19:30:00+00:00, run_after=2023-02-26T19:30:00+00:00
[2023-02-27T18:31:26.115+0000] {processor.py:176} INFO - 🤪 Processing /airflow/dags/update_dwh_daily.py took 0.436 seconds
[2023-02-27T18:31:56.921+0000] {processor.py:154} INFO - 🤪 Started process (PID=212) to work on /airflow/dags/update_dwh_daily.py
[2023-02-27T18:31:56.923+0000] {processor.py:756} INFO - 🤪 Processing file /airflow/dags/update_dwh_daily.py for tasks to queue
[2023-02-27T18:31:56.925+0000] {logging_mixin.py:137} INFO - 🤪 [2023-02-27T18:31:56.925+0000] {dagbag.py:537} INFO - 🤪 Filling up the DagBag from /airflow/dags/update_dwh_daily.py
[2023-02-27T18:31:57.306+0000] {processor.py:766} INFO - 🤪 DAG(s) dict_keys(['update_dwh_daily']) retrieved from /airflow/dags/update_dwh_daily.py
[2023-02-27T18:31:57.344+0000] {logging_mixin.py:137} INFO - 🤪 [2023-02-27T18:31:57.344+0000] {dag.py:2585} INFO - 🤪 Sync 1 DAGs
[2023-02-27T18:31:57.377+0000] {logging_mixin.py:137} INFO - 🤪 [2023-02-27T18:31:57.377+0000] {dag.py:3336} INFO - 🤪 Setting next_dagrun for update_dwh_daily to 2023-02-25T19:30:00+00:00, run_after=2023-02-26T19:30:00+00:00
[2023-02-27T18:31:57.404+0000] {processor.py:176} INFO - 🤪 Processing /airflow/dags/update_dwh_daily.py took 0.486 seconds
[2023-02-27T18:32:28.380+0000] {processor.py:154} INFO - 🤪 Started process (PID=216) to work on /airflow/dags/update_dwh_daily.py
[2023-02-27T18:32:28.389+0000] {processor.py:756} INFO - 🤪 Processing file /airflow/dags/update_dwh_daily.py for tasks to queue
[2023-02-27T18:32:28.402+0000] {logging_mixin.py:137} INFO - 🤪 [2023-02-27T18:32:28.400+0000] {dagbag.py:537} INFO - 🤪 Filling up the DagBag from /airflow/dags/update_dwh_daily.py
[2023-02-27T18:32:29.249+0000] {processor.py:766} INFO - 🤪 DAG(s) dict_keys(['update_dwh_daily']) retrieved from /airflow/dags/update_dwh_daily.py
[2023-02-27T18:32:29.301+0000] {logging_mixin.py:137} INFO - 🤪 [2023-02-27T18:32:29.301+0000] {dag.py:2585} INFO - 🤪 Sync 1 DAGs
[2023-02-27T18:32:29.328+0000] {logging_mixin.py:137} INFO - 🤪 [2023-02-27T18:32:29.328+0000] {dag.py:3336} INFO - 🤪 Setting next_dagrun for update_dwh_daily to 2023-02-25T19:30:00+00:00, run_after=2023-02-26T19:30:00+00:00
[2023-02-27T18:32:29.351+0000] {processor.py:176} INFO - 🤪 Processing /airflow/dags/update_dwh_daily.py took 0.980 seconds
[2023-02-27T18:32:59.634+0000] {processor.py:154} INFO - 🤪 Started process (PID=220) to work on /airflow/dags/update_dwh_daily.py
[2023-02-27T18:32:59.640+0000] {processor.py:756} INFO - 🤪 Processing file /airflow/dags/update_dwh_daily.py for tasks to queue
[2023-02-27T18:32:59.642+0000] {logging_mixin.py:137} INFO - 🤪 [2023-02-27T18:32:59.642+0000] {dagbag.py:537} INFO - 🤪 Filling up the DagBag from /airflow/dags/update_dwh_daily.py
[2023-02-27T18:33:00.008+0000] {processor.py:766} INFO - 🤪 DAG(s) dict_keys(['update_dwh_daily']) retrieved from /airflow/dags/update_dwh_daily.py
[2023-02-27T18:33:00.047+0000] {logging_mixin.py:137} INFO - 🤪 [2023-02-27T18:33:00.047+0000] {dag.py:2585} INFO - 🤪 Sync 1 DAGs
[2023-02-27T18:33:00.075+0000] {logging_mixin.py:137} INFO - 🤪 [2023-02-27T18:33:00.075+0000] {dag.py:3336} INFO - 🤪 Setting next_dagrun for update_dwh_daily to 2023-02-25T19:30:00+00:00, run_after=2023-02-26T19:30:00+00:00
[2023-02-27T18:33:00.102+0000] {processor.py:176} INFO - 🤪 Processing /airflow/dags/update_dwh_daily.py took 0.474 seconds
[2023-02-27T18:33:30.257+0000] {processor.py:154} INFO - 🤪 Started process (PID=224) to work on /airflow/dags/update_dwh_daily.py
[2023-02-27T18:33:30.260+0000] {processor.py:756} INFO - 🤪 Processing file /airflow/dags/update_dwh_daily.py for tasks to queue
[2023-02-27T18:33:30.262+0000] {logging_mixin.py:137} INFO - 🤪 [2023-02-27T18:33:30.261+0000] {dagbag.py:537} INFO - 🤪 Filling up the DagBag from /airflow/dags/update_dwh_daily.py
[2023-02-27T18:33:30.628+0000] {processor.py:766} INFO - 🤪 DAG(s) dict_keys(['update_dwh_daily']) retrieved from /airflow/dags/update_dwh_daily.py
[2023-02-27T18:33:30.658+0000] {logging_mixin.py:137} INFO - 🤪 [2023-02-27T18:33:30.658+0000] {dag.py:2585} INFO - 🤪 Sync 1 DAGs
[2023-02-27T18:33:30.685+0000] {logging_mixin.py:137} INFO - 🤪 [2023-02-27T18:33:30.685+0000] {dag.py:3336} INFO - 🤪 Setting next_dagrun for update_dwh_daily to 2023-02-25T19:30:00+00:00, run_after=2023-02-26T19:30:00+00:00
[2023-02-27T18:33:30.710+0000] {processor.py:176} INFO - 🤪 Processing /airflow/dags/update_dwh_daily.py took 0.458 seconds
[2023-02-27T18:34:00.885+0000] {processor.py:154} INFO - 🤪 Started process (PID=228) to work on /airflow/dags/update_dwh_daily.py
[2023-02-27T18:34:00.888+0000] {processor.py:756} INFO - 🤪 Processing file /airflow/dags/update_dwh_daily.py for tasks to queue
[2023-02-27T18:34:00.890+0000] {logging_mixin.py:137} INFO - 🤪 [2023-02-27T18:34:00.890+0000] {dagbag.py:537} INFO - 🤪 Filling up the DagBag from /airflow/dags/update_dwh_daily.py
[2023-02-27T18:34:01.252+0000] {processor.py:766} INFO - 🤪 DAG(s) dict_keys(['update_dwh_daily']) retrieved from /airflow/dags/update_dwh_daily.py
[2023-02-27T18:34:01.286+0000] {logging_mixin.py:137} INFO - 🤪 [2023-02-27T18:34:01.286+0000] {dag.py:2585} INFO - 🤪 Sync 1 DAGs
[2023-02-27T18:34:01.319+0000] {logging_mixin.py:137} INFO - 🤪 [2023-02-27T18:34:01.318+0000] {dag.py:3336} INFO - 🤪 Setting next_dagrun for update_dwh_daily to 2023-02-25T19:30:00+00:00, run_after=2023-02-26T19:30:00+00:00
[2023-02-27T18:34:01.346+0000] {processor.py:176} INFO - 🤪 Processing /airflow/dags/update_dwh_daily.py took 0.467 seconds
[2023-02-27T18:34:31.525+0000] {processor.py:154} INFO - 🤪 Started process (PID=232) to work on /airflow/dags/update_dwh_daily.py
[2023-02-27T18:34:31.528+0000] {processor.py:756} INFO - 🤪 Processing file /airflow/dags/update_dwh_daily.py for tasks to queue
[2023-02-27T18:34:31.530+0000] {logging_mixin.py:137} INFO - 🤪 [2023-02-27T18:34:31.530+0000] {dagbag.py:537} INFO - 🤪 Filling up the DagBag from /airflow/dags/update_dwh_daily.py
[2023-02-27T18:34:31.871+0000] {processor.py:766} INFO - 🤪 DAG(s) dict_keys(['update_dwh_daily']) retrieved from /airflow/dags/update_dwh_daily.py
[2023-02-27T18:34:31.910+0000] {logging_mixin.py:137} INFO - 🤪 [2023-02-27T18:34:31.910+0000] {dag.py:2585} INFO - 🤪 Sync 1 DAGs
[2023-02-27T18:34:31.948+0000] {logging_mixin.py:137} INFO - 🤪 [2023-02-27T18:34:31.947+0000] {dag.py:3336} INFO - 🤪 Setting next_dagrun for update_dwh_daily to 2023-02-25T19:30:00+00:00, run_after=2023-02-26T19:30:00+00:00
[2023-02-27T18:34:31.987+0000] {processor.py:176} INFO - 🤪 Processing /airflow/dags/update_dwh_daily.py took 0.468 seconds
[2023-02-27T18:35:02.150+0000] {processor.py:154} INFO - 🤪 Started process (PID=236) to work on /airflow/dags/update_dwh_daily.py
[2023-02-27T18:35:02.153+0000] {processor.py:756} INFO - 🤪 Processing file /airflow/dags/update_dwh_daily.py for tasks to queue
[2023-02-27T18:35:02.157+0000] {logging_mixin.py:137} INFO - 🤪 [2023-02-27T18:35:02.156+0000] {dagbag.py:537} INFO - 🤪 Filling up the DagBag from /airflow/dags/update_dwh_daily.py
[2023-02-27T18:35:02.446+0000] {processor.py:766} INFO - 🤪 DAG(s) dict_keys(['update_dwh_daily']) retrieved from /airflow/dags/update_dwh_daily.py
[2023-02-27T18:35:02.475+0000] {logging_mixin.py:137} INFO - 🤪 [2023-02-27T18:35:02.475+0000] {dag.py:2585} INFO - 🤪 Sync 1 DAGs
[2023-02-27T18:35:02.502+0000] {logging_mixin.py:137} INFO - 🤪 [2023-02-27T18:35:02.502+0000] {dag.py:3336} INFO - 🤪 Setting next_dagrun for update_dwh_daily to 2023-02-25T19:30:00+00:00, run_after=2023-02-26T19:30:00+00:00
[2023-02-27T18:35:02.524+0000] {processor.py:176} INFO - 🤪 Processing /airflow/dags/update_dwh_daily.py took 0.379 seconds
[2023-02-27T18:35:32.682+0000] {processor.py:154} INFO - 🤪 Started process (PID=240) to work on /airflow/dags/update_dwh_daily.py
[2023-02-27T18:35:32.684+0000] {processor.py:756} INFO - 🤪 Processing file /airflow/dags/update_dwh_daily.py for tasks to queue
[2023-02-27T18:35:32.685+0000] {logging_mixin.py:137} INFO - 🤪 [2023-02-27T18:35:32.685+0000] {dagbag.py:537} INFO - 🤪 Filling up the DagBag from /airflow/dags/update_dwh_daily.py
[2023-02-27T18:35:33.081+0000] {processor.py:766} INFO - 🤪 DAG(s) dict_keys(['update_dwh_daily']) retrieved from /airflow/dags/update_dwh_daily.py
[2023-02-27T18:35:33.117+0000] {logging_mixin.py:137} INFO - 🤪 [2023-02-27T18:35:33.117+0000] {dag.py:2585} INFO - 🤪 Sync 1 DAGs
[2023-02-27T18:35:33.149+0000] {logging_mixin.py:137} INFO - 🤪 [2023-02-27T18:35:33.149+0000] {dag.py:3336} INFO - 🤪 Setting next_dagrun for update_dwh_daily to 2023-02-25T19:30:00+00:00, run_after=2023-02-26T19:30:00+00:00
[2023-02-27T18:35:33.182+0000] {processor.py:176} INFO - 🤪 Processing /airflow/dags/update_dwh_daily.py took 0.505 seconds
[2023-02-27T18:36:03.446+0000] {processor.py:154} INFO - 🤪 Started process (PID=244) to work on /airflow/dags/update_dwh_daily.py
[2023-02-27T18:36:03.448+0000] {processor.py:756} INFO - 🤪 Processing file /airflow/dags/update_dwh_daily.py for tasks to queue
[2023-02-27T18:36:03.450+0000] {logging_mixin.py:137} INFO - 🤪 [2023-02-27T18:36:03.449+0000] {dagbag.py:537} INFO - 🤪 Filling up the DagBag from /airflow/dags/update_dwh_daily.py
[2023-02-27T18:36:03.807+0000] {processor.py:766} INFO - 🤪 DAG(s) dict_keys(['update_dwh_daily']) retrieved from /airflow/dags/update_dwh_daily.py
[2023-02-27T18:36:03.851+0000] {logging_mixin.py:137} INFO - 🤪 [2023-02-27T18:36:03.850+0000] {dag.py:2585} INFO - 🤪 Sync 1 DAGs
[2023-02-27T18:36:03.881+0000] {logging_mixin.py:137} INFO - 🤪 [2023-02-27T18:36:03.881+0000] {dag.py:3336} INFO - 🤪 Setting next_dagrun for update_dwh_daily to 2023-02-25T19:30:00+00:00, run_after=2023-02-26T19:30:00+00:00
[2023-02-27T18:36:03.903+0000] {processor.py:176} INFO - 🤪 Processing /airflow/dags/update_dwh_daily.py took 0.462 seconds
[2023-02-27T18:36:34.070+0000] {processor.py:154} INFO - 🤪 Started process (PID=248) to work on /airflow/dags/update_dwh_daily.py
[2023-02-27T18:36:34.075+0000] {processor.py:756} INFO - 🤪 Processing file /airflow/dags/update_dwh_daily.py for tasks to queue
[2023-02-27T18:36:34.077+0000] {logging_mixin.py:137} INFO - 🤪 [2023-02-27T18:36:34.076+0000] {dagbag.py:537} INFO - 🤪 Filling up the DagBag from /airflow/dags/update_dwh_daily.py
[2023-02-27T18:36:34.409+0000] {processor.py:766} INFO - 🤪 DAG(s) dict_keys(['update_dwh_daily']) retrieved from /airflow/dags/update_dwh_daily.py
[2023-02-27T18:36:34.437+0000] {logging_mixin.py:137} INFO - 🤪 [2023-02-27T18:36:34.437+0000] {dag.py:2585} INFO - 🤪 Sync 1 DAGs
[2023-02-27T18:36:34.462+0000] {logging_mixin.py:137} INFO - 🤪 [2023-02-27T18:36:34.462+0000] {dag.py:3336} INFO - 🤪 Setting next_dagrun for update_dwh_daily to 2023-02-25T19:30:00+00:00, run_after=2023-02-26T19:30:00+00:00
[2023-02-27T18:36:34.484+0000] {processor.py:176} INFO - 🤪 Processing /airflow/dags/update_dwh_daily.py took 0.418 seconds
[2023-02-27T18:37:04.699+0000] {processor.py:154} INFO - 🤪 Started process (PID=252) to work on /airflow/dags/update_dwh_daily.py
[2023-02-27T18:37:04.709+0000] {processor.py:756} INFO - 🤪 Processing file /airflow/dags/update_dwh_daily.py for tasks to queue
[2023-02-27T18:37:04.712+0000] {logging_mixin.py:137} INFO - 🤪 [2023-02-27T18:37:04.712+0000] {dagbag.py:537} INFO - 🤪 Filling up the DagBag from /airflow/dags/update_dwh_daily.py
[2023-02-27T18:37:05.136+0000] {processor.py:766} INFO - 🤪 DAG(s) dict_keys(['update_dwh_daily']) retrieved from /airflow/dags/update_dwh_daily.py
[2023-02-27T18:37:05.170+0000] {logging_mixin.py:137} INFO - 🤪 [2023-02-27T18:37:05.170+0000] {dag.py:2585} INFO - 🤪 Sync 1 DAGs
[2023-02-27T18:37:05.202+0000] {logging_mixin.py:137} INFO - 🤪 [2023-02-27T18:37:05.201+0000] {dag.py:3336} INFO - 🤪 Setting next_dagrun for update_dwh_daily to 2023-02-25T19:30:00+00:00, run_after=2023-02-26T19:30:00+00:00
[2023-02-27T18:37:05.230+0000] {processor.py:176} INFO - 🤪 Processing /airflow/dags/update_dwh_daily.py took 0.535 seconds
[2023-02-27T18:37:35.514+0000] {processor.py:154} INFO - 🤪 Started process (PID=256) to work on /airflow/dags/update_dwh_daily.py
[2023-02-27T18:37:35.522+0000] {processor.py:756} INFO - 🤪 Processing file /airflow/dags/update_dwh_daily.py for tasks to queue
[2023-02-27T18:37:35.527+0000] {logging_mixin.py:137} INFO - 🤪 [2023-02-27T18:37:35.526+0000] {dagbag.py:537} INFO - 🤪 Filling up the DagBag from /airflow/dags/update_dwh_daily.py
[2023-02-27T18:37:36.466+0000] {processor.py:766} INFO - 🤪 DAG(s) dict_keys(['update_dwh_daily']) retrieved from /airflow/dags/update_dwh_daily.py
[2023-02-27T18:37:36.493+0000] {logging_mixin.py:137} INFO - 🤪 [2023-02-27T18:37:36.492+0000] {dag.py:2585} INFO - 🤪 Sync 1 DAGs
[2023-02-27T18:37:36.519+0000] {logging_mixin.py:137} INFO - 🤪 [2023-02-27T18:37:36.519+0000] {dag.py:3336} INFO - 🤪 Setting next_dagrun for update_dwh_daily to 2023-02-25T19:30:00+00:00, run_after=2023-02-26T19:30:00+00:00
[2023-02-27T18:37:36.545+0000] {processor.py:176} INFO - 🤪 Processing /airflow/dags/update_dwh_daily.py took 1.045 seconds
[2023-02-27T18:38:06.734+0000] {processor.py:154} INFO - 🤪 Started process (PID=260) to work on /airflow/dags/update_dwh_daily.py
[2023-02-27T18:38:06.737+0000] {processor.py:756} INFO - 🤪 Processing file /airflow/dags/update_dwh_daily.py for tasks to queue
[2023-02-27T18:38:06.740+0000] {logging_mixin.py:137} INFO - 🤪 [2023-02-27T18:38:06.740+0000] {dagbag.py:537} INFO - 🤪 Filling up the DagBag from /airflow/dags/update_dwh_daily.py
[2023-02-27T18:38:07.154+0000] {processor.py:766} INFO - 🤪 DAG(s) dict_keys(['update_dwh_daily']) retrieved from /airflow/dags/update_dwh_daily.py
[2023-02-27T18:38:07.188+0000] {logging_mixin.py:137} INFO - 🤪 [2023-02-27T18:38:07.188+0000] {dag.py:2585} INFO - 🤪 Sync 1 DAGs
[2023-02-27T18:38:07.220+0000] {logging_mixin.py:137} INFO - 🤪 [2023-02-27T18:38:07.220+0000] {dag.py:3336} INFO - 🤪 Setting next_dagrun for update_dwh_daily to 2023-02-25T19:30:00+00:00, run_after=2023-02-26T19:30:00+00:00
[2023-02-27T18:38:07.251+0000] {processor.py:176} INFO - 🤪 Processing /airflow/dags/update_dwh_daily.py took 0.522 seconds
[2023-02-27T18:38:37.470+0000] {processor.py:154} INFO - 🤪 Started process (PID=264) to work on /airflow/dags/update_dwh_daily.py
[2023-02-27T18:38:37.473+0000] {processor.py:756} INFO - 🤪 Processing file /airflow/dags/update_dwh_daily.py for tasks to queue
[2023-02-27T18:38:37.474+0000] {logging_mixin.py:137} INFO - 🤪 [2023-02-27T18:38:37.474+0000] {dagbag.py:537} INFO - 🤪 Filling up the DagBag from /airflow/dags/update_dwh_daily.py
[2023-02-27T18:38:37.789+0000] {processor.py:766} INFO - 🤪 DAG(s) dict_keys(['update_dwh_daily']) retrieved from /airflow/dags/update_dwh_daily.py
[2023-02-27T18:38:37.820+0000] {logging_mixin.py:137} INFO - 🤪 [2023-02-27T18:38:37.819+0000] {dag.py:2585} INFO - 🤪 Sync 1 DAGs
[2023-02-27T18:38:37.850+0000] {logging_mixin.py:137} INFO - 🤪 [2023-02-27T18:38:37.850+0000] {dag.py:3336} INFO - 🤪 Setting next_dagrun for update_dwh_daily to 2023-02-25T19:30:00+00:00, run_after=2023-02-26T19:30:00+00:00
[2023-02-27T18:38:37.876+0000] {processor.py:176} INFO - 🤪 Processing /airflow/dags/update_dwh_daily.py took 0.411 seconds
[2023-02-27T18:39:08.127+0000] {processor.py:154} INFO - 🤪 Started process (PID=268) to work on /airflow/dags/update_dwh_daily.py
[2023-02-27T18:39:08.135+0000] {processor.py:756} INFO - 🤪 Processing file /airflow/dags/update_dwh_daily.py for tasks to queue
[2023-02-27T18:39:08.137+0000] {logging_mixin.py:137} INFO - 🤪 [2023-02-27T18:39:08.136+0000] {dagbag.py:537} INFO - 🤪 Filling up the DagBag from /airflow/dags/update_dwh_daily.py
[2023-02-27T18:39:08.428+0000] {processor.py:766} INFO - 🤪 DAG(s) dict_keys(['update_dwh_daily']) retrieved from /airflow/dags/update_dwh_daily.py
[2023-02-27T18:39:08.471+0000] {logging_mixin.py:137} INFO - 🤪 [2023-02-27T18:39:08.470+0000] {dag.py:2585} INFO - 🤪 Sync 1 DAGs
[2023-02-27T18:39:08.540+0000] {logging_mixin.py:137} INFO - 🤪 [2023-02-27T18:39:08.540+0000] {dag.py:3336} INFO - 🤪 Setting next_dagrun for update_dwh_daily to 2023-02-25T19:30:00+00:00, run_after=2023-02-26T19:30:00+00:00
[2023-02-27T18:39:08.597+0000] {processor.py:176} INFO - 🤪 Processing /airflow/dags/update_dwh_daily.py took 0.474 seconds
[2023-02-27T18:39:38.826+0000] {processor.py:154} INFO - 🤪 Started process (PID=272) to work on /airflow/dags/update_dwh_daily.py
[2023-02-27T18:39:38.829+0000] {processor.py:756} INFO - 🤪 Processing file /airflow/dags/update_dwh_daily.py for tasks to queue
[2023-02-27T18:39:38.832+0000] {logging_mixin.py:137} INFO - 🤪 [2023-02-27T18:39:38.831+0000] {dagbag.py:537} INFO - 🤪 Filling up the DagBag from /airflow/dags/update_dwh_daily.py
[2023-02-27T18:39:39.250+0000] {processor.py:766} INFO - 🤪 DAG(s) dict_keys(['update_dwh_daily']) retrieved from /airflow/dags/update_dwh_daily.py
[2023-02-27T18:39:39.309+0000] {logging_mixin.py:137} INFO - 🤪 [2023-02-27T18:39:39.309+0000] {dag.py:2585} INFO - 🤪 Sync 1 DAGs
[2023-02-27T18:39:39.369+0000] {logging_mixin.py:137} INFO - 🤪 [2023-02-27T18:39:39.367+0000] {dag.py:3336} INFO - 🤪 Setting next_dagrun for update_dwh_daily to 2023-02-25T19:30:00+00:00, run_after=2023-02-26T19:30:00+00:00
[2023-02-27T18:39:39.411+0000] {processor.py:176} INFO - 🤪 Processing /airflow/dags/update_dwh_daily.py took 0.590 seconds
[2023-02-27T18:40:09.651+0000] {processor.py:154} INFO - 🤪 Started process (PID=276) to work on /airflow/dags/update_dwh_daily.py
[2023-02-27T18:40:09.658+0000] {processor.py:756} INFO - 🤪 Processing file /airflow/dags/update_dwh_daily.py for tasks to queue
[2023-02-27T18:40:09.663+0000] {logging_mixin.py:137} INFO - 🤪 [2023-02-27T18:40:09.662+0000] {dagbag.py:537} INFO - 🤪 Filling up the DagBag from /airflow/dags/update_dwh_daily.py
[2023-02-27T18:40:10.217+0000] {processor.py:766} INFO - 🤪 DAG(s) dict_keys(['update_dwh_daily']) retrieved from /airflow/dags/update_dwh_daily.py
[2023-02-27T18:40:10.264+0000] {logging_mixin.py:137} INFO - 🤪 [2023-02-27T18:40:10.264+0000] {dag.py:2585} INFO - 🤪 Sync 1 DAGs
[2023-02-27T18:40:10.318+0000] {logging_mixin.py:137} INFO - 🤪 [2023-02-27T18:40:10.317+0000] {dag.py:3336} INFO - 🤪 Setting next_dagrun for update_dwh_daily to 2023-02-25T19:30:00+00:00, run_after=2023-02-26T19:30:00+00:00
[2023-02-27T18:40:10.358+0000] {processor.py:176} INFO - 🤪 Processing /airflow/dags/update_dwh_daily.py took 0.716 seconds
