[2022-12-07T16:06:24.968+0000] {taskinstance.py:1165} INFO - 🤪 Dependencies all met for <TaskInstance: get_raw_data_from_sources.get_raw_data_from_postgres_sources scheduled__2022-12-05T19:00:00+00:00 [queued]>
[2022-12-07T16:06:24.975+0000] {taskinstance.py:1165} INFO - 🤪 Dependencies all met for <TaskInstance: get_raw_data_from_sources.get_raw_data_from_postgres_sources scheduled__2022-12-05T19:00:00+00:00 [queued]>
[2022-12-07T16:06:24.975+0000] {taskinstance.py:1362} INFO - 🤪 
--------------------------------------------------------------------------------
[2022-12-07T16:06:24.976+0000] {taskinstance.py:1363} INFO - 🤪 Starting attempt 1 of 4
[2022-12-07T16:06:24.976+0000] {taskinstance.py:1364} INFO - 🤪 
--------------------------------------------------------------------------------
[2022-12-07T16:06:24.989+0000] {taskinstance.py:1383} INFO - 🤪 Executing <Task(PythonOperator): get_raw_data_from_postgres_sources> on 2022-12-05 19:00:00+00:00
[2022-12-07T16:06:24.992+0000] {standard_task_runner.py:55} INFO - 🤪 Started process 75 to run task
[2022-12-07T16:06:24.996+0000] {standard_task_runner.py:82} INFO - 🤪 Running: ['airflow', 'tasks', 'run', 'get_raw_data_from_sources', 'get_raw_data_from_postgres_sources', 'scheduled__2022-12-05T19:00:00+00:00', '--job-id', '3', '--raw', '--subdir', 'DAGS_FOLDER/ingest_dwh_daily.py', '--cfg-path', '/tmp/tmpmfl6zvj7']
[2022-12-07T16:06:24.998+0000] {standard_task_runner.py:83} INFO - 🤪 Job 3: Subtask get_raw_data_from_postgres_sources
[2022-12-07T16:06:25.060+0000] {task_command.py:376} INFO - 🤪 Running <TaskInstance: get_raw_data_from_sources.get_raw_data_from_postgres_sources scheduled__2022-12-05T19:00:00+00:00 [running]> on host db3df0a6f633
[2022-12-07T16:06:25.122+0000] {taskinstance.py:1590} INFO - 🤪 Exporting the following env vars:
AIRFLOW_CTX_DAG_EMAIL=gp.data@galaxy.com.vn
AIRFLOW_CTX_DAG_OWNER=data_team
AIRFLOW_CTX_DAG_ID=get_raw_data_from_sources
AIRFLOW_CTX_TASK_ID=get_raw_data_from_postgres_sources
AIRFLOW_CTX_EXECUTION_DATE=2022-12-05T19:00:00+00:00
AIRFLOW_CTX_TRY_NUMBER=1
AIRFLOW_CTX_DAG_RUN_ID=scheduled__2022-12-05T19:00:00+00:00
[2022-12-07T16:06:25.132+0000] {logging_mixin.py:137} INFO - 🤪 Start getting data from source Postgres - Table: users
[2022-12-07T16:06:25.134+0000] {taskinstance.py:1851} ERROR - 🤪 Task failed with exception
Traceback (most recent call last):
  File "/opt/bitnami/python/lib/python3.8/site-packages/airflow/operators/python.py", line 175, in execute
    return_value = self.execute_callable()
  File "/opt/bitnami/python/lib/python3.8/site-packages/airflow/operators/python.py", line 193, in execute_callable
    return self.python_callable(*self.op_args, **self.op_kwargs)
  File "/airflow/dags/processing/ingest_psql_source.py", line 55, in ingest_psql_source
    data = extract_data_from_source(postgres_handler=postgres_handler,
  File "/airflow/dags/processing/ingest_psql_source.py", line 9, in extract_data_from_source
    data = postgres_handler.action_db(query_str=sql_query, action='select')
  File "/airflow/dags/db_handler/postgres_handler.py", line 90, in action_db
    return self._get_data(query_str)
  File "/airflow/dags/db_handler/postgres_handler.py", line 52, in _get_data
    cur.execute(query_str)
psycopg2.errors.SyntaxError: syntax error at or near "["
LINE 1: SELECT ['user_id', 'name', 'email', 'mobile'] FROM public.us...
               ^

[2022-12-07T16:06:25.143+0000] {taskinstance.py:1401} INFO - 🤪 Marking task as UP_FOR_RETRY. dag_id=get_raw_data_from_sources, task_id=get_raw_data_from_postgres_sources, execution_date=20221205T190000, start_date=20221207T160624, end_date=20221207T160625
[2022-12-07T16:06:25.155+0000] {standard_task_runner.py:100} ERROR - 🤪 Failed to execute job 3 for task get_raw_data_from_postgres_sources (syntax error at or near "["
LINE 1: SELECT ['user_id', 'name', 'email', 'mobile'] FROM public.us...
               ^
; 75)
[2022-12-07T16:06:25.169+0000] {local_task_job.py:159} INFO - 🤪 Task exited with return code 1
[2022-12-07T16:06:25.181+0000] {taskinstance.py:2623} INFO - 🤪 0 downstream tasks scheduled from follow-on schedule check
