[2023-03-01T01:01:54.243+0000] {taskinstance.py:1165} INFO - 🤪 Dependencies all met for <TaskInstance: ingest_bo_voucher_report.ingest_bo_voucher_report scheduled__2023-02-28T01:00:00+00:00 [queued]>
[2023-03-01T01:01:54.252+0000] {taskinstance.py:1165} INFO - 🤪 Dependencies all met for <TaskInstance: ingest_bo_voucher_report.ingest_bo_voucher_report scheduled__2023-02-28T01:00:00+00:00 [queued]>
[2023-03-01T01:01:54.253+0000] {taskinstance.py:1362} INFO - 🤪 
--------------------------------------------------------------------------------
[2023-03-01T01:01:54.254+0000] {taskinstance.py:1363} INFO - 🤪 Starting attempt 1 of 4
[2023-03-01T01:01:54.255+0000] {taskinstance.py:1364} INFO - 🤪 
--------------------------------------------------------------------------------
[2023-03-01T01:01:54.267+0000] {taskinstance.py:1383} INFO - 🤪 Executing <Task(PythonOperator): ingest_bo_voucher_report> on 2023-02-28 01:00:00+00:00
[2023-03-01T01:01:54.272+0000] {standard_task_runner.py:55} INFO - 🤪 Started process 1048 to run task
[2023-03-01T01:01:54.276+0000] {standard_task_runner.py:82} INFO - 🤪 Running: ['airflow', 'tasks', 'run', 'ingest_bo_voucher_report', 'ingest_bo_voucher_report', 'scheduled__2023-02-28T01:00:00+00:00', '--job-id', '3', '--raw', '--subdir', 'DAGS_FOLDER/ingest_bo_voucher_report.py', '--cfg-path', '/tmp/tmpuf3c2rs4']
[2023-03-01T01:01:54.277+0000] {standard_task_runner.py:83} INFO - 🤪 Job 3: Subtask ingest_bo_voucher_report
[2023-03-01T01:01:54.327+0000] {task_command.py:376} INFO - 🤪 Running <TaskInstance: ingest_bo_voucher_report.ingest_bo_voucher_report scheduled__2023-02-28T01:00:00+00:00 [running]> on host cb426d137a6e
[2023-03-01T01:01:54.385+0000] {taskinstance.py:1590} INFO - 🤪 Exporting the following env vars:
AIRFLOW_CTX_DAG_EMAIL=gp.data@galaxy.com.vn
AIRFLOW_CTX_DAG_OWNER=data_team
AIRFLOW_CTX_DAG_ID=ingest_bo_voucher_report
AIRFLOW_CTX_TASK_ID=ingest_bo_voucher_report
AIRFLOW_CTX_EXECUTION_DATE=2023-02-28T01:00:00+00:00
AIRFLOW_CTX_TRY_NUMBER=1
AIRFLOW_CTX_DAG_RUN_ID=scheduled__2023-02-28T01:00:00+00:00
[2023-03-01T01:01:54.393+0000] {logging_mixin.py:137} WARNING - 🤪 /opt/bitnami/python/lib/python3.8/site-packages/airflow/utils/context.py:297 AirflowContextDeprecationWarning: Accessing 'execution_date' from the template is deprecated and will be removed in a future version. Please use 'data_interval_start' or 'logical_date' instead.
[2023-03-01T01:01:54.395+0000] {logging_mixin.py:137} WARNING - 🤪 /opt/bitnami/python/lib/python3.8/site-packages/airflow/utils/context.py:297 AirflowContextDeprecationWarning: Accessing 'next_execution_date' from the template is deprecated and will be removed in a future version. Please use 'data_interval_end' instead.
[2023-03-01T01:01:54.425+0000] {logging_mixin.py:137} INFO - 🤪 execution_date: 2023-02-28
[2023-03-01T01:01:54.426+0000] {logging_mixin.py:137} INFO - 🤪 day_before: 2023-02-27
[2023-03-01T01:01:54.427+0000] {logging_mixin.py:137} INFO - 🤪 next_execution_day 2023-03-01
[2023-03-01T01:01:54.428+0000] {logging_mixin.py:137} INFO - 🤪 pathhh /airflow/dags/config/
[2023-03-01T01:01:59.437+0000] {logging_mixin.py:137} INFO - 🤪 the dataframe is inserted
[2023-03-01T01:01:59.439+0000] {python.py:177} INFO - 🤪 Done. Returned value was: None
[2023-03-01T01:01:59.444+0000] {taskinstance.py:1401} INFO - 🤪 Marking task as SUCCESS. dag_id=ingest_bo_voucher_report, task_id=ingest_bo_voucher_report, execution_date=20230228T010000, start_date=20230301T010154, end_date=20230301T010159
[2023-03-01T01:01:59.462+0000] {local_task_job.py:159} INFO - 🤪 Task exited with return code 0
[2023-03-01T01:01:59.474+0000] {taskinstance.py:2623} INFO - 🤪 0 downstream tasks scheduled from follow-on schedule check
