[2022-12-08T08:16:52.179+0000] {taskinstance.py:1165} INFO - 🤪 Dependencies all met for <TaskInstance: get_raw_data_from_sources.get_raw_data_from_postgres_sources manual__2022-12-08T04:31:43.436571+00:00 [queued]>
[2022-12-08T08:16:52.190+0000] {taskinstance.py:1165} INFO - 🤪 Dependencies all met for <TaskInstance: get_raw_data_from_sources.get_raw_data_from_postgres_sources manual__2022-12-08T04:31:43.436571+00:00 [queued]>
[2022-12-08T08:16:52.191+0000] {taskinstance.py:1362} INFO - 🤪 
--------------------------------------------------------------------------------
[2022-12-08T08:16:52.193+0000] {taskinstance.py:1363} INFO - 🤪 Starting attempt 2 of 5
[2022-12-08T08:16:52.193+0000] {taskinstance.py:1364} INFO - 🤪 
--------------------------------------------------------------------------------
[2022-12-08T08:16:52.220+0000] {taskinstance.py:1383} INFO - 🤪 Executing <Task(PythonOperator): get_raw_data_from_postgres_sources> on 2022-12-08 04:31:43.436571+00:00
[2022-12-08T08:16:52.230+0000] {standard_task_runner.py:55} INFO - 🤪 Started process 1605 to run task
[2022-12-08T08:16:52.239+0000] {standard_task_runner.py:82} INFO - 🤪 Running: ['airflow', 'tasks', 'run', 'get_raw_data_from_sources', 'get_raw_data_from_postgres_sources', 'manual__2022-12-08T04:31:43.436571+00:00', '--job-id', '17', '--raw', '--subdir', 'DAGS_FOLDER/ingest_dwh_daily.py', '--cfg-path', '/tmp/tmpes20p3m7']
[2022-12-08T08:16:52.244+0000] {standard_task_runner.py:83} INFO - 🤪 Job 17: Subtask get_raw_data_from_postgres_sources
[2022-12-08T08:16:52.343+0000] {task_command.py:376} INFO - 🤪 Running <TaskInstance: get_raw_data_from_sources.get_raw_data_from_postgres_sources manual__2022-12-08T04:31:43.436571+00:00 [running]> on host a249d6482057
[2022-12-08T08:16:52.402+0000] {taskinstance.py:1590} INFO - 🤪 Exporting the following env vars:
AIRFLOW_CTX_DAG_EMAIL=gp.data@galaxy.com.vn
AIRFLOW_CTX_DAG_OWNER=data_team
AIRFLOW_CTX_DAG_ID=get_raw_data_from_sources
AIRFLOW_CTX_TASK_ID=get_raw_data_from_postgres_sources
AIRFLOW_CTX_EXECUTION_DATE=2022-12-08T04:31:43.436571+00:00
AIRFLOW_CTX_TRY_NUMBER=2
AIRFLOW_CTX_DAG_RUN_ID=manual__2022-12-08T04:31:43.436571+00:00
[2022-12-08T08:16:52.417+0000] {logging_mixin.py:137} INFO - 🤪 Start getting data from source Postgres - Table: users
[2022-12-08T08:16:52.423+0000] {logging_mixin.py:137} INFO - 🤪 Found 100 records need to be inserted
[2022-12-08T08:16:52.424+0000] {logging_mixin.py:137} INFO - 🤪 Start ingesting data from source Postgres to DW - Table: users
[2022-12-08T08:16:52.438+0000] {logging_mixin.py:137} INFO - 🤪 the dataframe is inserted
[2022-12-08T08:16:52.439+0000] {logging_mixin.py:137} INFO - 🤪 Finished ingesting data from source to DW - Table: users
[2022-12-08T08:16:52.441+0000] {logging_mixin.py:137} INFO - 🤪 Start getting data from source Postgres - Table: orders
[2022-12-08T08:16:52.444+0000] {logging_mixin.py:137} INFO - 🤪 Found 100 records need to be inserted
[2022-12-08T08:16:52.445+0000] {logging_mixin.py:137} INFO - 🤪 Start ingesting data from source Postgres to DW - Table: orders
[2022-12-08T08:16:52.452+0000] {logging_mixin.py:137} INFO - 🤪 the dataframe is inserted
[2022-12-08T08:16:52.453+0000] {logging_mixin.py:137} INFO - 🤪 Finished ingesting data from source to DW - Table: orders
[2022-12-08T08:16:52.454+0000] {logging_mixin.py:137} INFO - 🤪 Start getting data from source Postgres - Table: transactions
[2022-12-08T08:16:52.457+0000] {taskinstance.py:1851} ERROR - 🤪 Task failed with exception
Traceback (most recent call last):
  File "/opt/bitnami/python/lib/python3.8/site-packages/airflow/operators/python.py", line 175, in execute
    return_value = self.execute_callable()
  File "/opt/bitnami/python/lib/python3.8/site-packages/airflow/operators/python.py", line 193, in execute_callable
    return self.python_callable(*self.op_args, **self.op_kwargs)
  File "/airflow/dags/processing/ingest_psql_source.py", line 61, in ingest_psql_source
    data = extract_data_from_source(postgres_handler=postgres_handler,
  File "/airflow/dags/processing/ingest_psql_source.py", line 11, in extract_data_from_source
    data = postgres_handler.action_db(query_str=sql_query, action='select')
  File "/airflow/dags/db_handler/postgres_handler.py", line 68, in action_db
    return self._get_data(query_str)
  File "/airflow/dags/db_handler/postgres_handler.py", line 30, in _get_data
    cur.execute(query_str)
psycopg2.errors.UndefinedColumn: column "paid_" does not exist
LINE 1: SELECT user_id, order_id, paid_ price, status FROM public.tr...
                                  ^

[2022-12-08T08:16:52.468+0000] {taskinstance.py:1401} INFO - 🤪 Marking task as UP_FOR_RETRY. dag_id=get_raw_data_from_sources, task_id=get_raw_data_from_postgres_sources, execution_date=20221208T043143, start_date=20221208T081652, end_date=20221208T081652
[2022-12-08T08:16:52.480+0000] {standard_task_runner.py:100} ERROR - 🤪 Failed to execute job 17 for task get_raw_data_from_postgres_sources (column "paid_" does not exist
LINE 1: SELECT user_id, order_id, paid_ price, status FROM public.tr...
                                  ^
; 1605)
[2022-12-08T08:16:52.493+0000] {local_task_job.py:159} INFO - 🤪 Task exited with return code 1
[2022-12-08T08:16:52.504+0000] {taskinstance.py:2623} INFO - 🤪 0 downstream tasks scheduled from follow-on schedule check
