[2022-12-09T07:43:40.068+0000] {taskinstance.py:1165} INFO - 🤪 Dependencies all met for <TaskInstance: get_raw_data_from_sources.get_raw_data_from_mysql_sources manual__2022-12-09T07:33:21.381471+00:00 [queued]>
[2022-12-09T07:43:40.075+0000] {taskinstance.py:1165} INFO - 🤪 Dependencies all met for <TaskInstance: get_raw_data_from_sources.get_raw_data_from_mysql_sources manual__2022-12-09T07:33:21.381471+00:00 [queued]>
[2022-12-09T07:43:40.076+0000] {taskinstance.py:1362} INFO - 🤪 
--------------------------------------------------------------------------------
[2022-12-09T07:43:40.077+0000] {taskinstance.py:1363} INFO - 🤪 Starting attempt 1 of 4
[2022-12-09T07:43:40.077+0000] {taskinstance.py:1364} INFO - 🤪 
--------------------------------------------------------------------------------
[2022-12-09T07:43:40.090+0000] {taskinstance.py:1383} INFO - 🤪 Executing <Task(PythonOperator): get_raw_data_from_mysql_sources> on 2022-12-09 07:33:21.381471+00:00
[2022-12-09T07:43:40.093+0000] {standard_task_runner.py:55} INFO - 🤪 Started process 154 to run task
[2022-12-09T07:43:40.097+0000] {standard_task_runner.py:82} INFO - 🤪 Running: ['airflow', 'tasks', 'run', 'get_raw_data_from_sources', 'get_raw_data_from_mysql_sources', 'manual__2022-12-09T07:33:21.381471+00:00', '--job-id', '8', '--raw', '--subdir', 'DAGS_FOLDER/ingest_dwh_daily.py', '--cfg-path', '/tmp/tmpcaqu7zdr']
[2022-12-09T07:43:40.099+0000] {standard_task_runner.py:83} INFO - 🤪 Job 8: Subtask get_raw_data_from_mysql_sources
[2022-12-09T07:43:40.149+0000] {task_command.py:376} INFO - 🤪 Running <TaskInstance: get_raw_data_from_sources.get_raw_data_from_mysql_sources manual__2022-12-09T07:33:21.381471+00:00 [running]> on host 83309ba15041
[2022-12-09T07:43:40.210+0000] {taskinstance.py:1590} INFO - 🤪 Exporting the following env vars:
AIRFLOW_CTX_DAG_EMAIL=gp.data@galaxy.com.vn
AIRFLOW_CTX_DAG_OWNER=data_team
AIRFLOW_CTX_DAG_ID=get_raw_data_from_sources
AIRFLOW_CTX_TASK_ID=get_raw_data_from_mysql_sources
AIRFLOW_CTX_EXECUTION_DATE=2022-12-09T07:33:21.381471+00:00
AIRFLOW_CTX_TRY_NUMBER=1
AIRFLOW_CTX_DAG_RUN_ID=manual__2022-12-09T07:33:21.381471+00:00
[2022-12-09T07:43:40.217+0000] {logging_mixin.py:137} INFO - 🤪 Start getting data from source Mysql - Table: users
[2022-12-09T07:43:40.226+0000] {logging_mixin.py:137} INFO - 🤪 Found 0 records need to be inserted
[2022-12-09T07:43:40.227+0000] {logging_mixin.py:137} INFO - 🤪 Start ingesting data from source Mysql to DW - Table: users
[2022-12-09T07:43:40.235+0000] {logging_mixin.py:137} INFO - 🤪 the dataframe is inserted
[2022-12-09T07:43:40.236+0000] {logging_mixin.py:137} INFO - 🤪 Finished ingesting data from source to DW - Table: users
[2022-12-09T07:43:40.237+0000] {logging_mixin.py:137} INFO - 🤪 Start getting data from source Mysql - Table: orders
[2022-12-09T07:43:40.240+0000] {logging_mixin.py:137} INFO - 🤪 Found 0 records need to be inserted
[2022-12-09T07:43:40.241+0000] {logging_mixin.py:137} INFO - 🤪 Start ingesting data from source Mysql to DW - Table: orders
[2022-12-09T07:43:40.246+0000] {logging_mixin.py:137} INFO - 🤪 the dataframe is inserted
[2022-12-09T07:43:40.247+0000] {logging_mixin.py:137} INFO - 🤪 Finished ingesting data from source to DW - Table: orders
[2022-12-09T07:43:40.247+0000] {logging_mixin.py:137} INFO - 🤪 Start getting data from source Mysql - Table: transactions
[2022-12-09T07:43:40.251+0000] {logging_mixin.py:137} INFO - 🤪 Found 0 records need to be inserted
[2022-12-09T07:43:40.251+0000] {logging_mixin.py:137} INFO - 🤪 Start ingesting data from source Mysql to DW - Table: transactions
[2022-12-09T07:43:40.256+0000] {logging_mixin.py:137} INFO - 🤪 the dataframe is inserted
[2022-12-09T07:43:40.257+0000] {logging_mixin.py:137} INFO - 🤪 Finished ingesting data from source to DW - Table: transactions
[2022-12-09T07:43:40.257+0000] {logging_mixin.py:137} INFO - 🤪 Start getting data from source Mysql - Table: menus
[2022-12-09T07:43:40.261+0000] {logging_mixin.py:137} INFO - 🤪 Found 0 records need to be inserted
[2022-12-09T07:43:40.263+0000] {logging_mixin.py:137} INFO - 🤪 Start ingesting data from source Mysql to DW - Table: menus
[2022-12-09T07:43:40.268+0000] {logging_mixin.py:137} INFO - 🤪 the dataframe is inserted
[2022-12-09T07:43:40.268+0000] {logging_mixin.py:137} INFO - 🤪 Finished ingesting data from source to DW - Table: menus
[2022-12-09T07:43:40.269+0000] {python.py:177} INFO - 🤪 Done. Returned value was: None
[2022-12-09T07:43:40.277+0000] {taskinstance.py:1401} INFO - 🤪 Marking task as SUCCESS. dag_id=get_raw_data_from_sources, task_id=get_raw_data_from_mysql_sources, execution_date=20221209T073321, start_date=20221209T074340, end_date=20221209T074340
[2022-12-09T07:43:40.310+0000] {local_task_job.py:159} INFO - 🤪 Task exited with return code 0
[2022-12-09T07:43:40.325+0000] {taskinstance.py:2623} INFO - 🤪 0 downstream tasks scheduled from follow-on schedule check
