[2022-12-09T18:36:42.750+0000] {taskinstance.py:1165} INFO - 🤪 Dependencies all met for <TaskInstance: get_raw_data_from_sources.get_raw_data_from_postgres_sources manual__2022-12-09T17:54:45.795156+00:00 [queued]>
[2022-12-09T18:36:42.759+0000] {taskinstance.py:1165} INFO - 🤪 Dependencies all met for <TaskInstance: get_raw_data_from_sources.get_raw_data_from_postgres_sources manual__2022-12-09T17:54:45.795156+00:00 [queued]>
[2022-12-09T18:36:42.759+0000] {taskinstance.py:1362} INFO - 🤪 
--------------------------------------------------------------------------------
[2022-12-09T18:36:42.760+0000] {taskinstance.py:1363} INFO - 🤪 Starting attempt 6 of 9
[2022-12-09T18:36:42.761+0000] {taskinstance.py:1364} INFO - 🤪 
--------------------------------------------------------------------------------
[2022-12-09T18:36:42.773+0000] {taskinstance.py:1383} INFO - 🤪 Executing <Task(PythonOperator): get_raw_data_from_postgres_sources> on 2022-12-09 17:54:45.795156+00:00
[2022-12-09T18:36:42.776+0000] {standard_task_runner.py:55} INFO - 🤪 Started process 388 to run task
[2022-12-09T18:36:42.782+0000] {standard_task_runner.py:82} INFO - 🤪 Running: ['airflow', 'tasks', 'run', 'get_raw_data_from_sources', 'get_raw_data_from_postgres_sources', 'manual__2022-12-09T17:54:45.795156+00:00', '--job-id', '16', '--raw', '--subdir', 'DAGS_FOLDER/ingest_dwh_daily.py', '--cfg-path', '/tmp/tmpkghhzihh']
[2022-12-09T18:36:42.785+0000] {standard_task_runner.py:83} INFO - 🤪 Job 16: Subtask get_raw_data_from_postgres_sources
[2022-12-09T18:36:42.904+0000] {task_command.py:376} INFO - 🤪 Running <TaskInstance: get_raw_data_from_sources.get_raw_data_from_postgres_sources manual__2022-12-09T17:54:45.795156+00:00 [running]> on host 31f0fd0ea32a
[2022-12-09T18:36:42.974+0000] {taskinstance.py:1590} INFO - 🤪 Exporting the following env vars:
AIRFLOW_CTX_DAG_EMAIL=gp.data@galaxy.com.vn
AIRFLOW_CTX_DAG_OWNER=data_team
AIRFLOW_CTX_DAG_ID=get_raw_data_from_sources
AIRFLOW_CTX_TASK_ID=get_raw_data_from_postgres_sources
AIRFLOW_CTX_EXECUTION_DATE=2022-12-09T17:54:45.795156+00:00
AIRFLOW_CTX_TRY_NUMBER=6
AIRFLOW_CTX_DAG_RUN_ID=manual__2022-12-09T17:54:45.795156+00:00
[2022-12-09T18:36:42.991+0000] {logging_mixin.py:137} INFO - 🤪 Start getting data from source Postgres - Table: users
[2022-12-09T18:36:43.004+0000] {logging_mixin.py:137} INFO - 🤪 Found 100 records need to be inserted
[2022-12-09T18:36:43.005+0000] {logging_mixin.py:137} INFO - 🤪 Start ingesting data from source Postgres to DW - Table: users
[2022-12-09T18:36:43.017+0000] {logging_mixin.py:137} INFO - 🤪 the dataframe is inserted
[2022-12-09T18:36:43.017+0000] {logging_mixin.py:137} INFO - 🤪 Finished ingesting data from source to DW - Table: users
[2022-12-09T18:36:43.018+0000] {logging_mixin.py:137} INFO - 🤪 Start getting data from source Postgres - Table: orders
[2022-12-09T18:36:43.026+0000] {logging_mixin.py:137} INFO - 🤪 Found 0 records need to be inserted
[2022-12-09T18:36:43.026+0000] {logging_mixin.py:137} INFO - 🤪 Start ingesting data from source Postgres to DW - Table: orders
[2022-12-09T18:36:43.027+0000] {logging_mixin.py:137} INFO - 🤪 the dataframe is inserted
[2022-12-09T18:36:43.028+0000] {logging_mixin.py:137} INFO - 🤪 Finished ingesting data from source to DW - Table: orders
[2022-12-09T18:36:43.028+0000] {logging_mixin.py:137} INFO - 🤪 Start getting data from source Postgres - Table: transactions
[2022-12-09T18:36:43.031+0000] {logging_mixin.py:137} INFO - 🤪 Found 0 records need to be inserted
[2022-12-09T18:36:43.032+0000] {logging_mixin.py:137} INFO - 🤪 Start ingesting data from source Postgres to DW - Table: transactions
[2022-12-09T18:36:43.033+0000] {logging_mixin.py:137} INFO - 🤪 the dataframe is inserted
[2022-12-09T18:36:43.033+0000] {logging_mixin.py:137} INFO - 🤪 Finished ingesting data from source to DW - Table: transactions
[2022-12-09T18:36:43.034+0000] {logging_mixin.py:137} INFO - 🤪 Start getting data from source Postgres - Table: menus
[2022-12-09T18:36:43.037+0000] {logging_mixin.py:137} INFO - 🤪 Found 0 records need to be inserted
[2022-12-09T18:36:43.038+0000] {logging_mixin.py:137} INFO - 🤪 Start ingesting data from source Postgres to DW - Table: menus
[2022-12-09T18:36:43.039+0000] {logging_mixin.py:137} INFO - 🤪 the dataframe is inserted
[2022-12-09T18:36:43.039+0000] {logging_mixin.py:137} INFO - 🤪 Finished ingesting data from source to DW - Table: menus
[2022-12-09T18:36:43.040+0000] {python.py:177} INFO - 🤪 Done. Returned value was: None
[2022-12-09T18:36:43.048+0000] {taskinstance.py:1401} INFO - 🤪 Marking task as SUCCESS. dag_id=get_raw_data_from_sources, task_id=get_raw_data_from_postgres_sources, execution_date=20221209T175445, start_date=20221209T183642, end_date=20221209T183643
[2022-12-09T18:36:43.076+0000] {local_task_job.py:159} INFO - 🤪 Task exited with return code 0
[2022-12-09T18:36:43.091+0000] {taskinstance.py:2623} INFO - 🤪 0 downstream tasks scheduled from follow-on schedule check
