[2022-12-09T18:10:05.105+0000] {taskinstance.py:1165} INFO - 🤪 Dependencies all met for <TaskInstance: get_raw_data_from_sources.get_raw_data_from_postgres_sources manual__2022-12-09T17:54:45.795156+00:00 [queued]>
[2022-12-09T18:10:05.113+0000] {taskinstance.py:1165} INFO - 🤪 Dependencies all met for <TaskInstance: get_raw_data_from_sources.get_raw_data_from_postgres_sources manual__2022-12-09T17:54:45.795156+00:00 [queued]>
[2022-12-09T18:10:05.114+0000] {taskinstance.py:1362} INFO - 🤪 
--------------------------------------------------------------------------------
[2022-12-09T18:10:05.114+0000] {taskinstance.py:1363} INFO - 🤪 Starting attempt 3 of 4
[2022-12-09T18:10:05.115+0000] {taskinstance.py:1364} INFO - 🤪 
--------------------------------------------------------------------------------
[2022-12-09T18:10:05.129+0000] {taskinstance.py:1383} INFO - 🤪 Executing <Task(PythonOperator): get_raw_data_from_postgres_sources> on 2022-12-09 17:54:45.795156+00:00
[2022-12-09T18:10:05.133+0000] {standard_task_runner.py:55} INFO - 🤪 Started process 196 to run task
[2022-12-09T18:10:05.137+0000] {standard_task_runner.py:82} INFO - 🤪 Running: ['airflow', 'tasks', 'run', 'get_raw_data_from_sources', 'get_raw_data_from_postgres_sources', 'manual__2022-12-09T17:54:45.795156+00:00', '--job-id', '10', '--raw', '--subdir', 'DAGS_FOLDER/ingest_dwh_daily.py', '--cfg-path', '/tmp/tmpe0wm085q']
[2022-12-09T18:10:05.139+0000] {standard_task_runner.py:83} INFO - 🤪 Job 10: Subtask get_raw_data_from_postgres_sources
[2022-12-09T18:10:05.187+0000] {task_command.py:376} INFO - 🤪 Running <TaskInstance: get_raw_data_from_sources.get_raw_data_from_postgres_sources manual__2022-12-09T17:54:45.795156+00:00 [running]> on host 31f0fd0ea32a
[2022-12-09T18:10:05.237+0000] {taskinstance.py:1590} INFO - 🤪 Exporting the following env vars:
AIRFLOW_CTX_DAG_EMAIL=gp.data@galaxy.com.vn
AIRFLOW_CTX_DAG_OWNER=data_team
AIRFLOW_CTX_DAG_ID=get_raw_data_from_sources
AIRFLOW_CTX_TASK_ID=get_raw_data_from_postgres_sources
AIRFLOW_CTX_EXECUTION_DATE=2022-12-09T17:54:45.795156+00:00
AIRFLOW_CTX_TRY_NUMBER=3
AIRFLOW_CTX_DAG_RUN_ID=manual__2022-12-09T17:54:45.795156+00:00
[2022-12-09T18:10:05.248+0000] {logging_mixin.py:137} INFO - 🤪 Start getting data from source Postgres - Table: users
[2022-12-09T18:10:05.255+0000] {logging_mixin.py:137} INFO - 🤪 Found 100 records need to be inserted
[2022-12-09T18:10:05.256+0000] {logging_mixin.py:137} INFO - 🤪 Start ingesting data from source Postgres to DW - Table: users
[2022-12-09T18:10:05.257+0000] {logging_mixin.py:137} INFO - 🤪 hello world
[2022-12-09T18:10:05.258+0000] {taskinstance.py:1851} ERROR - 🤪 Task failed with exception
Traceback (most recent call last):
  File "/opt/bitnami/python/lib/python3.8/site-packages/airflow/operators/python.py", line 175, in execute
    return_value = self.execute_callable()
  File "/opt/bitnami/python/lib/python3.8/site-packages/airflow/operators/python.py", line 193, in execute_callable
    return self.python_callable(*self.op_args, **self.op_kwargs)
  File "/airflow/dags/processing/ingest_psql_source.py", line 69, in ingest_psql_source
    insert_data_to_dwh(postgres_handler=postgres_handler, data=data, table=table['table'])
  File "/airflow/dags/processing/ingest_psql_source.py", line 18, in insert_data_to_dwh
    postgres_handler.action_db(data=data, table=table, action='insert')
  File "/airflow/dags/db_handler/master_handler.py", line 74, in action_db
    return self._push_data(data, table)
  File "/airflow/dags/db_handler/master_handler.py", line 46, in _push_data
    cursor = self.dwh_connection.cursor()
AttributeError: 'PostgresHandler' object has no attribute 'dwh_connection'
[2022-12-09T18:10:05.268+0000] {taskinstance.py:1401} INFO - 🤪 Marking task as UP_FOR_RETRY. dag_id=get_raw_data_from_sources, task_id=get_raw_data_from_postgres_sources, execution_date=20221209T175445, start_date=20221209T181005, end_date=20221209T181005
[2022-12-09T18:10:05.282+0000] {standard_task_runner.py:100} ERROR - 🤪 Failed to execute job 10 for task get_raw_data_from_postgres_sources ('PostgresHandler' object has no attribute 'dwh_connection'; 196)
[2022-12-09T18:10:05.310+0000] {local_task_job.py:159} INFO - 🤪 Task exited with return code 1
[2022-12-09T18:10:05.327+0000] {taskinstance.py:2623} INFO - 🤪 0 downstream tasks scheduled from follow-on schedule check
