[2022-12-09T18:27:34.517+0000] {taskinstance.py:1165} INFO - 🤪 Dependencies all met for <TaskInstance: get_raw_data_from_sources.get_raw_data_from_postgres_sources manual__2022-12-09T17:54:45.795156+00:00 [queued]>
[2022-12-09T18:27:34.525+0000] {taskinstance.py:1165} INFO - 🤪 Dependencies all met for <TaskInstance: get_raw_data_from_sources.get_raw_data_from_postgres_sources manual__2022-12-09T17:54:45.795156+00:00 [queued]>
[2022-12-09T18:27:34.526+0000] {taskinstance.py:1362} INFO - 🤪 
--------------------------------------------------------------------------------
[2022-12-09T18:27:34.527+0000] {taskinstance.py:1363} INFO - 🤪 Starting attempt 5 of 8
[2022-12-09T18:27:34.528+0000] {taskinstance.py:1364} INFO - 🤪 
--------------------------------------------------------------------------------
[2022-12-09T18:27:34.541+0000] {taskinstance.py:1383} INFO - 🤪 Executing <Task(PythonOperator): get_raw_data_from_postgres_sources> on 2022-12-09 17:54:45.795156+00:00
[2022-12-09T18:27:34.545+0000] {standard_task_runner.py:55} INFO - 🤪 Started process 328 to run task
[2022-12-09T18:27:34.550+0000] {standard_task_runner.py:82} INFO - 🤪 Running: ['airflow', 'tasks', 'run', 'get_raw_data_from_sources', 'get_raw_data_from_postgres_sources', 'manual__2022-12-09T17:54:45.795156+00:00', '--job-id', '15', '--raw', '--subdir', 'DAGS_FOLDER/ingest_dwh_daily.py', '--cfg-path', '/tmp/tmpo21zo0rn']
[2022-12-09T18:27:34.552+0000] {standard_task_runner.py:83} INFO - 🤪 Job 15: Subtask get_raw_data_from_postgres_sources
[2022-12-09T18:27:34.607+0000] {task_command.py:376} INFO - 🤪 Running <TaskInstance: get_raw_data_from_sources.get_raw_data_from_postgres_sources manual__2022-12-09T17:54:45.795156+00:00 [running]> on host 31f0fd0ea32a
[2022-12-09T18:27:34.660+0000] {taskinstance.py:1590} INFO - 🤪 Exporting the following env vars:
AIRFLOW_CTX_DAG_EMAIL=gp.data@galaxy.com.vn
AIRFLOW_CTX_DAG_OWNER=data_team
AIRFLOW_CTX_DAG_ID=get_raw_data_from_sources
AIRFLOW_CTX_TASK_ID=get_raw_data_from_postgres_sources
AIRFLOW_CTX_EXECUTION_DATE=2022-12-09T17:54:45.795156+00:00
AIRFLOW_CTX_TRY_NUMBER=5
AIRFLOW_CTX_DAG_RUN_ID=manual__2022-12-09T17:54:45.795156+00:00
[2022-12-09T18:27:34.671+0000] {logging_mixin.py:137} INFO - 🤪 Start getting data from source Postgres - Table: users
[2022-12-09T18:27:34.677+0000] {logging_mixin.py:137} INFO - 🤪 Found 100 records need to be inserted
[2022-12-09T18:27:34.678+0000] {logging_mixin.py:137} INFO - 🤪 Start ingesting data from source Postgres to DW - Table: users
[2022-12-09T18:27:34.678+0000] {logging_mixin.py:137} INFO - 🤪 hello world <connection object at 0x7f4904210b80; dsn: 'user=report_admin password=xxx dbname=report host=psql_dw port=5432 options='-c search_path=raw_data'', closed: 0>
[2022-12-09T18:27:34.686+0000] {logging_mixin.py:137} INFO - 🤪 the dataframe is inserted
[2022-12-09T18:27:34.687+0000] {logging_mixin.py:137} INFO - 🤪 Finished ingesting data from source to DW - Table: users
[2022-12-09T18:27:34.688+0000] {logging_mixin.py:137} INFO - 🤪 Start getting data from source Postgres - Table: orders
[2022-12-09T18:27:34.694+0000] {logging_mixin.py:137} INFO - 🤪 Found 0 records need to be inserted
[2022-12-09T18:27:34.695+0000] {logging_mixin.py:137} INFO - 🤪 Start ingesting data from source Postgres to DW - Table: orders
[2022-12-09T18:27:34.696+0000] {logging_mixin.py:137} INFO - 🤪 hello world <connection object at 0x7f4904210b80; dsn: 'user=report_admin password=xxx dbname=report host=psql_dw port=5432 options='-c search_path=raw_data'', closed: 0>
[2022-12-09T18:27:34.697+0000] {logging_mixin.py:137} INFO - 🤪 the dataframe is inserted
[2022-12-09T18:27:34.698+0000] {logging_mixin.py:137} INFO - 🤪 Finished ingesting data from source to DW - Table: orders
[2022-12-09T18:27:34.699+0000] {logging_mixin.py:137} INFO - 🤪 Start getting data from source Postgres - Table: transactions
[2022-12-09T18:27:34.703+0000] {logging_mixin.py:137} INFO - 🤪 Found 0 records need to be inserted
[2022-12-09T18:27:34.704+0000] {logging_mixin.py:137} INFO - 🤪 Start ingesting data from source Postgres to DW - Table: transactions
[2022-12-09T18:27:34.707+0000] {logging_mixin.py:137} INFO - 🤪 hello world <connection object at 0x7f4904210b80; dsn: 'user=report_admin password=xxx dbname=report host=psql_dw port=5432 options='-c search_path=raw_data'', closed: 0>
[2022-12-09T18:27:34.708+0000] {logging_mixin.py:137} INFO - 🤪 the dataframe is inserted
[2022-12-09T18:27:34.708+0000] {logging_mixin.py:137} INFO - 🤪 Finished ingesting data from source to DW - Table: transactions
[2022-12-09T18:27:34.709+0000] {logging_mixin.py:137} INFO - 🤪 Start getting data from source Postgres - Table: menus
[2022-12-09T18:27:34.713+0000] {logging_mixin.py:137} INFO - 🤪 Found 0 records need to be inserted
[2022-12-09T18:27:34.714+0000] {logging_mixin.py:137} INFO - 🤪 Start ingesting data from source Postgres to DW - Table: menus
[2022-12-09T18:27:34.715+0000] {logging_mixin.py:137} INFO - 🤪 hello world <connection object at 0x7f4904210b80; dsn: 'user=report_admin password=xxx dbname=report host=psql_dw port=5432 options='-c search_path=raw_data'', closed: 0>
[2022-12-09T18:27:34.716+0000] {logging_mixin.py:137} INFO - 🤪 the dataframe is inserted
[2022-12-09T18:27:34.717+0000] {logging_mixin.py:137} INFO - 🤪 Finished ingesting data from source to DW - Table: menus
[2022-12-09T18:27:34.718+0000] {python.py:177} INFO - 🤪 Done. Returned value was: None
[2022-12-09T18:27:34.728+0000] {taskinstance.py:1401} INFO - 🤪 Marking task as SUCCESS. dag_id=get_raw_data_from_sources, task_id=get_raw_data_from_postgres_sources, execution_date=20221209T175445, start_date=20221209T182734, end_date=20221209T182734
[2022-12-09T18:27:34.763+0000] {local_task_job.py:159} INFO - 🤪 Task exited with return code 0
[2022-12-09T18:27:34.779+0000] {taskinstance.py:2623} INFO - 🤪 0 downstream tasks scheduled from follow-on schedule check
