[2022-12-09T18:20:43.151+0000] {taskinstance.py:1165} INFO - 🤪 Dependencies all met for <TaskInstance: get_raw_data_from_sources.get_raw_data_from_postgres_sources manual__2022-12-09T17:54:45.795156+00:00 [queued]>
[2022-12-09T18:20:43.160+0000] {taskinstance.py:1165} INFO - 🤪 Dependencies all met for <TaskInstance: get_raw_data_from_sources.get_raw_data_from_postgres_sources manual__2022-12-09T17:54:45.795156+00:00 [queued]>
[2022-12-09T18:20:43.161+0000] {taskinstance.py:1362} INFO - 🤪 
--------------------------------------------------------------------------------
[2022-12-09T18:20:43.162+0000] {taskinstance.py:1363} INFO - 🤪 Starting attempt 4 of 7
[2022-12-09T18:20:43.163+0000] {taskinstance.py:1364} INFO - 🤪 
--------------------------------------------------------------------------------
[2022-12-09T18:20:43.182+0000] {taskinstance.py:1383} INFO - 🤪 Executing <Task(PythonOperator): get_raw_data_from_postgres_sources> on 2022-12-09 17:54:45.795156+00:00
[2022-12-09T18:20:43.185+0000] {standard_task_runner.py:55} INFO - 🤪 Started process 283 to run task
[2022-12-09T18:20:43.191+0000] {standard_task_runner.py:82} INFO - 🤪 Running: ['airflow', 'tasks', 'run', 'get_raw_data_from_sources', 'get_raw_data_from_postgres_sources', 'manual__2022-12-09T17:54:45.795156+00:00', '--job-id', '14', '--raw', '--subdir', 'DAGS_FOLDER/ingest_dwh_daily.py', '--cfg-path', '/tmp/tmp92i7of29']
[2022-12-09T18:20:43.193+0000] {standard_task_runner.py:83} INFO - 🤪 Job 14: Subtask get_raw_data_from_postgres_sources
[2022-12-09T18:20:43.254+0000] {task_command.py:376} INFO - 🤪 Running <TaskInstance: get_raw_data_from_sources.get_raw_data_from_postgres_sources manual__2022-12-09T17:54:45.795156+00:00 [running]> on host 31f0fd0ea32a
[2022-12-09T18:20:43.316+0000] {taskinstance.py:1590} INFO - 🤪 Exporting the following env vars:
AIRFLOW_CTX_DAG_EMAIL=gp.data@galaxy.com.vn
AIRFLOW_CTX_DAG_OWNER=data_team
AIRFLOW_CTX_DAG_ID=get_raw_data_from_sources
AIRFLOW_CTX_TASK_ID=get_raw_data_from_postgres_sources
AIRFLOW_CTX_EXECUTION_DATE=2022-12-09T17:54:45.795156+00:00
AIRFLOW_CTX_TRY_NUMBER=4
AIRFLOW_CTX_DAG_RUN_ID=manual__2022-12-09T17:54:45.795156+00:00
[2022-12-09T18:20:43.329+0000] {logging_mixin.py:137} INFO - 🤪 Start getting data from source Postgres - Table: users
[2022-12-09T18:20:43.337+0000] {logging_mixin.py:137} INFO - 🤪 Found 100 records need to be inserted
[2022-12-09T18:20:43.338+0000] {logging_mixin.py:137} INFO - 🤪 Start ingesting data from source Postgres to DW - Table: users
[2022-12-09T18:20:43.339+0000] {logging_mixin.py:137} INFO - 🤪 hello world <connection object at 0x7f195e43ab80; dsn: 'user=report_admin password=xxx dbname=report host=psql_dw port=5432 options='-c search_path=raw_data'', closed: 0>
[2022-12-09T18:20:43.348+0000] {logging_mixin.py:137} INFO - 🤪 the dataframe is inserted
[2022-12-09T18:20:43.349+0000] {logging_mixin.py:137} INFO - 🤪 Finished ingesting data from source to DW - Table: users
[2022-12-09T18:20:43.349+0000] {logging_mixin.py:137} INFO - 🤪 Start getting data from source Postgres - Table: orders
[2022-12-09T18:20:43.355+0000] {logging_mixin.py:137} INFO - 🤪 Found 0 records need to be inserted
[2022-12-09T18:20:43.356+0000] {logging_mixin.py:137} INFO - 🤪 Start ingesting data from source Postgres to DW - Table: orders
[2022-12-09T18:20:43.357+0000] {logging_mixin.py:137} INFO - 🤪 hello world <connection object at 0x7f195e43ab80; dsn: 'user=report_admin password=xxx dbname=report host=psql_dw port=5432 options='-c search_path=raw_data'', closed: 0>
[2022-12-09T18:20:43.358+0000] {logging_mixin.py:137} INFO - 🤪 the dataframe is inserted
[2022-12-09T18:20:43.359+0000] {logging_mixin.py:137} INFO - 🤪 Finished ingesting data from source to DW - Table: orders
[2022-12-09T18:20:43.360+0000] {logging_mixin.py:137} INFO - 🤪 Start getting data from source Postgres - Table: transactions
[2022-12-09T18:20:43.363+0000] {logging_mixin.py:137} INFO - 🤪 Found 0 records need to be inserted
[2022-12-09T18:20:43.364+0000] {logging_mixin.py:137} INFO - 🤪 Start ingesting data from source Postgres to DW - Table: transactions
[2022-12-09T18:20:43.366+0000] {logging_mixin.py:137} INFO - 🤪 hello world <connection object at 0x7f195e43ab80; dsn: 'user=report_admin password=xxx dbname=report host=psql_dw port=5432 options='-c search_path=raw_data'', closed: 0>
[2022-12-09T18:20:43.367+0000] {logging_mixin.py:137} INFO - 🤪 the dataframe is inserted
[2022-12-09T18:20:43.368+0000] {logging_mixin.py:137} INFO - 🤪 Finished ingesting data from source to DW - Table: transactions
[2022-12-09T18:20:43.368+0000] {logging_mixin.py:137} INFO - 🤪 Start getting data from source Postgres - Table: menus
[2022-12-09T18:20:43.372+0000] {logging_mixin.py:137} INFO - 🤪 Found 0 records need to be inserted
[2022-12-09T18:20:43.373+0000] {logging_mixin.py:137} INFO - 🤪 Start ingesting data from source Postgres to DW - Table: menus
[2022-12-09T18:20:43.374+0000] {logging_mixin.py:137} INFO - 🤪 hello world <connection object at 0x7f195e43ab80; dsn: 'user=report_admin password=xxx dbname=report host=psql_dw port=5432 options='-c search_path=raw_data'', closed: 0>
[2022-12-09T18:20:43.375+0000] {logging_mixin.py:137} INFO - 🤪 the dataframe is inserted
[2022-12-09T18:20:43.376+0000] {logging_mixin.py:137} INFO - 🤪 Finished ingesting data from source to DW - Table: menus
[2022-12-09T18:20:43.377+0000] {python.py:177} INFO - 🤪 Done. Returned value was: None
[2022-12-09T18:20:43.385+0000] {taskinstance.py:1401} INFO - 🤪 Marking task as SUCCESS. dag_id=get_raw_data_from_sources, task_id=get_raw_data_from_postgres_sources, execution_date=20221209T175445, start_date=20221209T182043, end_date=20221209T182043
[2022-12-09T18:20:43.405+0000] {local_task_job.py:159} INFO - 🤪 Task exited with return code 0
[2022-12-09T18:20:43.419+0000] {taskinstance.py:2623} INFO - 🤪 0 downstream tasks scheduled from follow-on schedule check
