[2022-12-07T16:37:48.136+0000] {taskinstance.py:1165} INFO - 🤪 Dependencies all met for <TaskInstance: get_raw_data_from_sources.get_raw_data_from_postgres_sources manual__2022-12-07T16:07:12.235594+00:00 [queued]>
[2022-12-07T16:37:48.144+0000] {taskinstance.py:1165} INFO - 🤪 Dependencies all met for <TaskInstance: get_raw_data_from_sources.get_raw_data_from_postgres_sources manual__2022-12-07T16:07:12.235594+00:00 [queued]>
[2022-12-07T16:37:48.145+0000] {taskinstance.py:1362} INFO - 🤪 
--------------------------------------------------------------------------------
[2022-12-07T16:37:48.146+0000] {taskinstance.py:1363} INFO - 🤪 Starting attempt 2 of 4
[2022-12-07T16:37:48.146+0000] {taskinstance.py:1364} INFO - 🤪 
--------------------------------------------------------------------------------
[2022-12-07T16:37:48.160+0000] {taskinstance.py:1383} INFO - 🤪 Executing <Task(PythonOperator): get_raw_data_from_postgres_sources> on 2022-12-07 16:07:12.235594+00:00
[2022-12-07T16:37:48.163+0000] {standard_task_runner.py:55} INFO - 🤪 Started process 396 to run task
[2022-12-07T16:37:48.167+0000] {standard_task_runner.py:82} INFO - 🤪 Running: ['airflow', 'tasks', 'run', 'get_raw_data_from_sources', 'get_raw_data_from_postgres_sources', 'manual__2022-12-07T16:07:12.235594+00:00', '--job-id', '26', '--raw', '--subdir', 'DAGS_FOLDER/ingest_dwh_daily.py', '--cfg-path', '/tmp/tmpckktjxq0']
[2022-12-07T16:37:48.169+0000] {standard_task_runner.py:83} INFO - 🤪 Job 26: Subtask get_raw_data_from_postgres_sources
[2022-12-07T16:37:48.214+0000] {task_command.py:376} INFO - 🤪 Running <TaskInstance: get_raw_data_from_sources.get_raw_data_from_postgres_sources manual__2022-12-07T16:07:12.235594+00:00 [running]> on host db3df0a6f633
[2022-12-07T16:37:48.266+0000] {taskinstance.py:1590} INFO - 🤪 Exporting the following env vars:
AIRFLOW_CTX_DAG_EMAIL=gp.data@galaxy.com.vn
AIRFLOW_CTX_DAG_OWNER=data_team
AIRFLOW_CTX_DAG_ID=get_raw_data_from_sources
AIRFLOW_CTX_TASK_ID=get_raw_data_from_postgres_sources
AIRFLOW_CTX_EXECUTION_DATE=2022-12-07T16:07:12.235594+00:00
AIRFLOW_CTX_TRY_NUMBER=2
AIRFLOW_CTX_DAG_RUN_ID=manual__2022-12-07T16:07:12.235594+00:00
[2022-12-07T16:37:48.276+0000] {logging_mixin.py:137} INFO - 🤪 Start getting data from source Postgres - Table: users
[2022-12-07T16:37:48.277+0000] {taskinstance.py:1851} ERROR - 🤪 Task failed with exception
Traceback (most recent call last):
  File "/opt/bitnami/python/lib/python3.8/site-packages/airflow/operators/python.py", line 175, in execute
    return_value = self.execute_callable()
  File "/opt/bitnami/python/lib/python3.8/site-packages/airflow/operators/python.py", line 193, in execute_callable
    return self.python_callable(*self.op_args, **self.op_kwargs)
  File "/airflow/dags/processing/ingest_psql_source.py", line 59, in ingest_psql_source
    list_columns=' '.join(map(str, abc.list_columns[0]))
NameError: name 'abc' is not defined
[2022-12-07T16:37:48.283+0000] {taskinstance.py:1401} INFO - 🤪 Marking task as UP_FOR_RETRY. dag_id=get_raw_data_from_sources, task_id=get_raw_data_from_postgres_sources, execution_date=20221207T160712, start_date=20221207T163748, end_date=20221207T163748
[2022-12-07T16:37:48.294+0000] {standard_task_runner.py:100} ERROR - 🤪 Failed to execute job 26 for task get_raw_data_from_postgres_sources (name 'abc' is not defined; 396)
[2022-12-07T16:37:48.340+0000] {local_task_job.py:159} INFO - 🤪 Task exited with return code 1
[2022-12-07T16:37:48.357+0000] {taskinstance.py:2623} INFO - 🤪 0 downstream tasks scheduled from follow-on schedule check
