[2022-12-07T16:46:43.789+0000] {taskinstance.py:1165} INFO - 🤪 Dependencies all met for <TaskInstance: get_raw_data_from_sources.get_raw_data_from_postgres_sources manual__2022-12-07T16:07:12.235594+00:00 [queued]>
[2022-12-07T16:46:43.801+0000] {taskinstance.py:1165} INFO - 🤪 Dependencies all met for <TaskInstance: get_raw_data_from_sources.get_raw_data_from_postgres_sources manual__2022-12-07T16:07:12.235594+00:00 [queued]>
[2022-12-07T16:46:43.802+0000] {taskinstance.py:1362} INFO - 🤪 
--------------------------------------------------------------------------------
[2022-12-07T16:46:43.802+0000] {taskinstance.py:1363} INFO - 🤪 Starting attempt 6 of 9
[2022-12-07T16:46:43.803+0000] {taskinstance.py:1364} INFO - 🤪 
--------------------------------------------------------------------------------
[2022-12-07T16:46:43.821+0000] {taskinstance.py:1383} INFO - 🤪 Executing <Task(PythonOperator): get_raw_data_from_postgres_sources> on 2022-12-07 16:07:12.235594+00:00
[2022-12-07T16:46:43.827+0000] {standard_task_runner.py:55} INFO - 🤪 Started process 486 to run task
[2022-12-07T16:46:43.831+0000] {standard_task_runner.py:82} INFO - 🤪 Running: ['airflow', 'tasks', 'run', 'get_raw_data_from_sources', 'get_raw_data_from_postgres_sources', 'manual__2022-12-07T16:07:12.235594+00:00', '--job-id', '32', '--raw', '--subdir', 'DAGS_FOLDER/ingest_dwh_daily.py', '--cfg-path', '/tmp/tmphvsnz0ug']
[2022-12-07T16:46:43.833+0000] {standard_task_runner.py:83} INFO - 🤪 Job 32: Subtask get_raw_data_from_postgres_sources
[2022-12-07T16:46:43.881+0000] {task_command.py:376} INFO - 🤪 Running <TaskInstance: get_raw_data_from_sources.get_raw_data_from_postgres_sources manual__2022-12-07T16:07:12.235594+00:00 [running]> on host db3df0a6f633
[2022-12-07T16:46:43.932+0000] {taskinstance.py:1590} INFO - 🤪 Exporting the following env vars:
AIRFLOW_CTX_DAG_EMAIL=gp.data@galaxy.com.vn
AIRFLOW_CTX_DAG_OWNER=data_team
AIRFLOW_CTX_DAG_ID=get_raw_data_from_sources
AIRFLOW_CTX_TASK_ID=get_raw_data_from_postgres_sources
AIRFLOW_CTX_EXECUTION_DATE=2022-12-07T16:07:12.235594+00:00
AIRFLOW_CTX_TRY_NUMBER=6
AIRFLOW_CTX_DAG_RUN_ID=manual__2022-12-07T16:07:12.235594+00:00
[2022-12-07T16:46:43.942+0000] {logging_mixin.py:137} INFO - 🤪 Start getting data from source Postgres - Table: users
[2022-12-07T16:46:43.957+0000] {logging_mixin.py:137} INFO - 🤪 Found 100 records need to be inserted
[2022-12-07T16:46:43.958+0000] {logging_mixin.py:137} INFO - 🤪 Start ingesting data from source Postgres to DW - Table: {'table': 'users', 'columns': ['user_id', 'name', 'email', 'mobile'], 'select_statement': 'SELECT user_id, name, email, mobile FROM public.users', 'check_update_statement': "SELECT ['user_id', 'name', 'email', 'mobile'] FROM users WHERE updated_at > created_at"}
[2022-12-07T16:46:43.967+0000] {logging_mixin.py:137} INFO - 🤪 Error: name 'extras' is not defined
[2022-12-07T16:46:43.968+0000] {logging_mixin.py:137} INFO - 🤪 Finished ingesting data from source to DW - Table: {'table': 'users', 'columns': ['user_id', 'name', 'email', 'mobile'], 'select_statement': 'SELECT user_id, name, email, mobile FROM public.users', 'check_update_statement': "SELECT ['user_id', 'name', 'email', 'mobile'] FROM users WHERE updated_at > created_at"}
[2022-12-07T16:46:43.969+0000] {python.py:177} INFO - 🤪 Done. Returned value was: None
[2022-12-07T16:46:43.976+0000] {taskinstance.py:1401} INFO - 🤪 Marking task as SUCCESS. dag_id=get_raw_data_from_sources, task_id=get_raw_data_from_postgres_sources, execution_date=20221207T160712, start_date=20221207T164643, end_date=20221207T164643
[2022-12-07T16:46:44.004+0000] {local_task_job.py:159} INFO - 🤪 Task exited with return code 0
[2022-12-07T16:46:44.018+0000] {taskinstance.py:2623} INFO - 🤪 0 downstream tasks scheduled from follow-on schedule check
