[2022-12-05T07:53:59.983+0000] {taskinstance.py:1165} INFO - 🤪 Dependencies all met for <TaskInstance: get_raw_data_from_sources.get_raw_data_from_postgres_sources manual__2022-12-05T07:24:23.686370+00:00 [queued]>
[2022-12-05T07:53:59.991+0000] {taskinstance.py:1165} INFO - 🤪 Dependencies all met for <TaskInstance: get_raw_data_from_sources.get_raw_data_from_postgres_sources manual__2022-12-05T07:24:23.686370+00:00 [queued]>
[2022-12-05T07:53:59.992+0000] {taskinstance.py:1362} INFO - 🤪 
--------------------------------------------------------------------------------
[2022-12-05T07:53:59.993+0000] {taskinstance.py:1363} INFO - 🤪 Starting attempt 8 of 8
[2022-12-05T07:53:59.994+0000] {taskinstance.py:1364} INFO - 🤪 
--------------------------------------------------------------------------------
[2022-12-05T07:54:00.007+0000] {taskinstance.py:1383} INFO - 🤪 Executing <Task(PythonOperator): get_raw_data_from_postgres_sources> on 2022-12-05 07:24:23.686370+00:00
[2022-12-05T07:54:00.011+0000] {standard_task_runner.py:55} INFO - 🤪 Started process 887 to run task
[2022-12-05T07:54:00.015+0000] {standard_task_runner.py:82} INFO - 🤪 Running: ['airflow', 'tasks', 'run', 'get_raw_data_from_sources', 'get_raw_data_from_postgres_sources', 'manual__2022-12-05T07:24:23.686370+00:00', '--job-id', '21', '--raw', '--subdir', 'DAGS_FOLDER/ingest_dwh_daily.py', '--cfg-path', '/tmp/tmp2zzwa65u']
[2022-12-05T07:54:00.017+0000] {standard_task_runner.py:83} INFO - 🤪 Job 21: Subtask get_raw_data_from_postgres_sources
[2022-12-05T07:54:00.064+0000] {task_command.py:376} INFO - 🤪 Running <TaskInstance: get_raw_data_from_sources.get_raw_data_from_postgres_sources manual__2022-12-05T07:24:23.686370+00:00 [running]> on host 2387a8df1781
[2022-12-05T07:54:00.112+0000] {taskinstance.py:1590} INFO - 🤪 Exporting the following env vars:
AIRFLOW_CTX_DAG_EMAIL=gp.data@galaxy.com.vn
AIRFLOW_CTX_DAG_OWNER=data_team
AIRFLOW_CTX_DAG_ID=get_raw_data_from_sources
AIRFLOW_CTX_TASK_ID=get_raw_data_from_postgres_sources
AIRFLOW_CTX_EXECUTION_DATE=2022-12-05T07:24:23.686370+00:00
AIRFLOW_CTX_TRY_NUMBER=8
AIRFLOW_CTX_DAG_RUN_ID=manual__2022-12-05T07:24:23.686370+00:00
[2022-12-05T07:54:00.123+0000] {logging_mixin.py:137} INFO - 🤪 Start getting data from source - Table: users
[2022-12-05T07:54:00.128+0000] {logging_mixin.py:137} INFO - 🤪 Found 100 records need to be inserted
[2022-12-05T07:54:00.143+0000] {logging_mixin.py:137} INFO - 🤪     user_id        name                           email        mobile  location
0         1      Rivera          j.rivera24@hotmail.com  360-245-6987  ThaiLand
1         2    Phillips         isaacjoseph@outlook.com  629-424-2453  ThaiLand
2         3        Ross           m.ross@rocketmail.com  702-025-6721  ThaiLand
3         4       Lewis                 hjlewis@aol.com  220-616-2376  ThaiLand
4         5      Walker      amandamariewalker@live.com  216-598-6288  ThaiLand
..      ...         ...                             ...           ...       ...
95       96    Phillips          m_phillips@outlook.com  231-134-2462  ThaiLand
96       97       Green      danielle.green14@ymail.com  931-400-6351  ThaiLand
97       98  Washington          b.washington@gmail.com  330-697-0313  ThaiLand
98       99  Washington     amwashington@rocketmail.com  267-828-6522  ThaiLand
99      100      Cooper  charles_t_cooper80@outlook.com  815-136-3329  ThaiLand

[100 rows x 5 columns]
[2022-12-05T07:54:00.144+0000] {logging_mixin.py:137} INFO - 🤪 Start ingesting data from source to DW - Table: users
[2022-12-05T07:54:00.145+0000] {taskinstance.py:1851} ERROR - 🤪 Task failed with exception
Traceback (most recent call last):
  File "/opt/bitnami/python/lib/python3.8/site-packages/airflow/operators/python.py", line 175, in execute
    return_value = self.execute_callable()
  File "/opt/bitnami/python/lib/python3.8/site-packages/airflow/operators/python.py", line 193, in execute_callable
    return self.python_callable(*self.op_args, **self.op_kwargs)
  File "/airflow/dags/processing/ingest_psql_source.py", line 28, in ingest_psql_source
    postgres_handler.action_db('insert', df, table)
  File "/airflow/dags/db_handler/postgres_handler.py", line 87, in action_db
    if action == 'select':
  File "/opt/bitnami/python/lib/python3.8/site-packages/pandas/core/generic.py", line 1527, in __nonzero__
    raise ValueError(
ValueError: The truth value of a DataFrame is ambiguous. Use a.empty, a.bool(), a.item(), a.any() or a.all().
[2022-12-05T07:54:00.155+0000] {taskinstance.py:1401} INFO - 🤪 Marking task as FAILED. dag_id=get_raw_data_from_sources, task_id=get_raw_data_from_postgres_sources, execution_date=20221205T072423, start_date=20221205T075359, end_date=20221205T075400
[2022-12-05T07:54:00.165+0000] {standard_task_runner.py:100} ERROR - 🤪 Failed to execute job 21 for task get_raw_data_from_postgres_sources (The truth value of a DataFrame is ambiguous. Use a.empty, a.bool(), a.item(), a.any() or a.all().; 887)
[2022-12-05T07:54:00.188+0000] {local_task_job.py:159} INFO - 🤪 Task exited with return code 1
[2022-12-05T07:54:00.204+0000] {taskinstance.py:2623} INFO - 🤪 0 downstream tasks scheduled from follow-on schedule check
