[2022-12-10T11:39:49.267+0000] {taskinstance.py:1165} INFO - 🤪 Dependencies all met for <TaskInstance: update_dwh_daily.check_update_mysql_source manual__2022-12-10T11:33:27.962853+00:00 [queued]>
[2022-12-10T11:39:49.276+0000] {taskinstance.py:1165} INFO - 🤪 Dependencies all met for <TaskInstance: update_dwh_daily.check_update_mysql_source manual__2022-12-10T11:33:27.962853+00:00 [queued]>
[2022-12-10T11:39:49.277+0000] {taskinstance.py:1362} INFO - 🤪 
--------------------------------------------------------------------------------
[2022-12-10T11:39:49.277+0000] {taskinstance.py:1363} INFO - 🤪 Starting attempt 1 of 4
[2022-12-10T11:39:49.278+0000] {taskinstance.py:1364} INFO - 🤪 
--------------------------------------------------------------------------------
[2022-12-10T11:39:49.295+0000] {taskinstance.py:1383} INFO - 🤪 Executing <Task(PythonOperator): check_update_mysql_source> on 2022-12-10 11:33:27.962853+00:00
[2022-12-10T11:39:49.299+0000] {standard_task_runner.py:55} INFO - 🤪 Started process 1115 to run task
[2022-12-10T11:39:49.304+0000] {standard_task_runner.py:82} INFO - 🤪 Running: ['airflow', 'tasks', 'run', 'update_dwh_daily', 'check_update_mysql_source', 'manual__2022-12-10T11:33:27.962853+00:00', '--job-id', '7', '--raw', '--subdir', 'DAGS_FOLDER/update_dwh_daily.py', '--cfg-path', '/tmp/tmp3zn_hb5k']
[2022-12-10T11:39:49.305+0000] {standard_task_runner.py:83} INFO - 🤪 Job 7: Subtask check_update_mysql_source
[2022-12-10T11:39:49.360+0000] {task_command.py:376} INFO - 🤪 Running <TaskInstance: update_dwh_daily.check_update_mysql_source manual__2022-12-10T11:33:27.962853+00:00 [running]> on host f9163ca376ce
[2022-12-10T11:39:49.421+0000] {taskinstance.py:1590} INFO - 🤪 Exporting the following env vars:
AIRFLOW_CTX_DAG_EMAIL=gp.data@galaxy.com.vn
AIRFLOW_CTX_DAG_OWNER=data_team
AIRFLOW_CTX_DAG_ID=update_dwh_daily
AIRFLOW_CTX_TASK_ID=check_update_mysql_source
AIRFLOW_CTX_EXECUTION_DATE=2022-12-10T11:33:27.962853+00:00
AIRFLOW_CTX_TRY_NUMBER=1
AIRFLOW_CTX_DAG_RUN_ID=manual__2022-12-10T11:33:27.962853+00:00
[2022-12-10T11:39:49.423+0000] {python.py:177} INFO - 🤪 Done. Returned value was: None
[2022-12-10T11:39:49.428+0000] {taskinstance.py:1401} INFO - 🤪 Marking task as SUCCESS. dag_id=update_dwh_daily, task_id=check_update_mysql_source, execution_date=20221210T113327, start_date=20221210T113949, end_date=20221210T113949
[2022-12-10T11:39:49.479+0000] {local_task_job.py:159} INFO - 🤪 Task exited with return code 0
[2022-12-10T11:39:49.498+0000] {taskinstance.py:2623} INFO - 🤪 0 downstream tasks scheduled from follow-on schedule check
