[2022-12-07T16:51:21.873+0000] {taskinstance.py:1165} INFO - 🤪 Dependencies all met for <TaskInstance: get_raw_data_from_sources.get_raw_data_from_postgres_sources manual__2022-12-07T16:07:56.670965+00:00 [queued]>
[2022-12-07T16:51:21.881+0000] {taskinstance.py:1165} INFO - 🤪 Dependencies all met for <TaskInstance: get_raw_data_from_sources.get_raw_data_from_postgres_sources manual__2022-12-07T16:07:56.670965+00:00 [queued]>
[2022-12-07T16:51:21.882+0000] {taskinstance.py:1362} INFO - 🤪 
--------------------------------------------------------------------------------
[2022-12-07T16:51:21.882+0000] {taskinstance.py:1363} INFO - 🤪 Starting attempt 2 of 5
[2022-12-07T16:51:21.883+0000] {taskinstance.py:1364} INFO - 🤪 
--------------------------------------------------------------------------------
[2022-12-07T16:51:21.897+0000] {taskinstance.py:1383} INFO - 🤪 Executing <Task(PythonOperator): get_raw_data_from_postgres_sources> on 2022-12-07 16:07:56.670965+00:00
[2022-12-07T16:51:21.902+0000] {standard_task_runner.py:55} INFO - 🤪 Started process 537 to run task
[2022-12-07T16:51:21.907+0000] {standard_task_runner.py:82} INFO - 🤪 Running: ['airflow', 'tasks', 'run', 'get_raw_data_from_sources', 'get_raw_data_from_postgres_sources', 'manual__2022-12-07T16:07:56.670965+00:00', '--job-id', '36', '--raw', '--subdir', 'DAGS_FOLDER/ingest_dwh_daily.py', '--cfg-path', '/tmp/tmph8h7edfz']
[2022-12-07T16:51:21.909+0000] {standard_task_runner.py:83} INFO - 🤪 Job 36: Subtask get_raw_data_from_postgres_sources
[2022-12-07T16:51:21.958+0000] {task_command.py:376} INFO - 🤪 Running <TaskInstance: get_raw_data_from_sources.get_raw_data_from_postgres_sources manual__2022-12-07T16:07:56.670965+00:00 [running]> on host db3df0a6f633
[2022-12-07T16:51:22.008+0000] {taskinstance.py:1590} INFO - 🤪 Exporting the following env vars:
AIRFLOW_CTX_DAG_EMAIL=gp.data@galaxy.com.vn
AIRFLOW_CTX_DAG_OWNER=data_team
AIRFLOW_CTX_DAG_ID=get_raw_data_from_sources
AIRFLOW_CTX_TASK_ID=get_raw_data_from_postgres_sources
AIRFLOW_CTX_EXECUTION_DATE=2022-12-07T16:07:56.670965+00:00
AIRFLOW_CTX_TRY_NUMBER=2
AIRFLOW_CTX_DAG_RUN_ID=manual__2022-12-07T16:07:56.670965+00:00
[2022-12-07T16:51:22.019+0000] {logging_mixin.py:137} INFO - 🤪 Start getting data from source Postgres - Table: users
[2022-12-07T16:51:22.026+0000] {logging_mixin.py:137} INFO - 🤪 Found 100 records need to be inserted
[2022-12-07T16:51:22.027+0000] {logging_mixin.py:137} INFO - 🤪 Start ingesting data from source Postgres to DW - Table: users
[2022-12-07T16:51:22.040+0000] {logging_mixin.py:137} INFO - 🤪 Error: relation "users" does not exist
LINE 1: INSERT INTO users(user_id,name,email,mobile,location) VALUES...
                    ^
[2022-12-07T16:51:22.041+0000] {logging_mixin.py:137} INFO - 🤪 Finished ingesting data from source to DW - Table: users
[2022-12-07T16:51:22.042+0000] {python.py:177} INFO - 🤪 Done. Returned value was: None
[2022-12-07T16:51:22.049+0000] {taskinstance.py:1401} INFO - 🤪 Marking task as SUCCESS. dag_id=get_raw_data_from_sources, task_id=get_raw_data_from_postgres_sources, execution_date=20221207T160756, start_date=20221207T165121, end_date=20221207T165122
[2022-12-07T16:51:22.080+0000] {local_task_job.py:159} INFO - 🤪 Task exited with return code 0
[2022-12-07T16:51:22.100+0000] {taskinstance.py:2623} INFO - 🤪 0 downstream tasks scheduled from follow-on schedule check
