[2022-12-10T11:59:44.564+0000] {taskinstance.py:1165} INFO - 🤪 Dependencies all met for <TaskInstance: get_raw_data_from_sources.get_raw_data_from_mysql_sources manual__2022-12-10T11:57:59.997114+00:00 [queued]>
[2022-12-10T11:59:44.571+0000] {taskinstance.py:1165} INFO - 🤪 Dependencies all met for <TaskInstance: get_raw_data_from_sources.get_raw_data_from_mysql_sources manual__2022-12-10T11:57:59.997114+00:00 [queued]>
[2022-12-10T11:59:44.572+0000] {taskinstance.py:1362} INFO - 🤪 
--------------------------------------------------------------------------------
[2022-12-10T11:59:44.573+0000] {taskinstance.py:1363} INFO - 🤪 Starting attempt 2 of 5
[2022-12-10T11:59:44.573+0000] {taskinstance.py:1364} INFO - 🤪 
--------------------------------------------------------------------------------
[2022-12-10T11:59:44.587+0000] {taskinstance.py:1383} INFO - 🤪 Executing <Task(PythonOperator): get_raw_data_from_mysql_sources> on 2022-12-10 11:57:59.997114+00:00
[2022-12-10T11:59:44.591+0000] {standard_task_runner.py:55} INFO - 🤪 Started process 115 to run task
[2022-12-10T11:59:44.595+0000] {standard_task_runner.py:82} INFO - 🤪 Running: ['airflow', 'tasks', 'run', 'get_raw_data_from_sources', 'get_raw_data_from_mysql_sources', 'manual__2022-12-10T11:57:59.997114+00:00', '--job-id', '7', '--raw', '--subdir', 'DAGS_FOLDER/ingest_dwh_daily.py', '--cfg-path', '/tmp/tmpx7gz4px3']
[2022-12-10T11:59:44.596+0000] {standard_task_runner.py:83} INFO - 🤪 Job 7: Subtask get_raw_data_from_mysql_sources
[2022-12-10T11:59:44.647+0000] {task_command.py:376} INFO - 🤪 Running <TaskInstance: get_raw_data_from_sources.get_raw_data_from_mysql_sources manual__2022-12-10T11:57:59.997114+00:00 [running]> on host 06f648095881
[2022-12-10T11:59:44.698+0000] {taskinstance.py:1590} INFO - 🤪 Exporting the following env vars:
AIRFLOW_CTX_DAG_EMAIL=gp.data@galaxy.com.vn
AIRFLOW_CTX_DAG_OWNER=data_team
AIRFLOW_CTX_DAG_ID=get_raw_data_from_sources
AIRFLOW_CTX_TASK_ID=get_raw_data_from_mysql_sources
AIRFLOW_CTX_EXECUTION_DATE=2022-12-10T11:57:59.997114+00:00
AIRFLOW_CTX_TRY_NUMBER=2
AIRFLOW_CTX_DAG_RUN_ID=manual__2022-12-10T11:57:59.997114+00:00
[2022-12-10T11:59:44.708+0000] {logging_mixin.py:137} INFO - 🤪 Start getting data from source Mysql - Table: users
[2022-12-10T11:59:44.715+0000] {logging_mixin.py:137} INFO - 🤪 Found 100 records need to be inserted
[2022-12-10T11:59:44.716+0000] {logging_mixin.py:137} INFO - 🤪 Start ingesting data from source Mysql to DW - Table: users
[2022-12-10T11:59:44.727+0000] {logging_mixin.py:137} INFO - 🤪 the dataframe is inserted
[2022-12-10T11:59:44.729+0000] {logging_mixin.py:137} INFO - 🤪 Finished ingesting data from source to DW - Table: users
[2022-12-10T11:59:44.730+0000] {logging_mixin.py:137} INFO - 🤪 Start getting data from source Mysql - Table: orders
[2022-12-10T11:59:44.736+0000] {logging_mixin.py:137} INFO - 🤪 Found 0 records need to be inserted
[2022-12-10T11:59:44.737+0000] {logging_mixin.py:137} INFO - 🤪 Start ingesting data from source Mysql to DW - Table: orders
[2022-12-10T11:59:44.743+0000] {logging_mixin.py:137} INFO - 🤪 the dataframe is inserted
[2022-12-10T11:59:44.744+0000] {logging_mixin.py:137} INFO - 🤪 Finished ingesting data from source to DW - Table: orders
[2022-12-10T11:59:44.745+0000] {logging_mixin.py:137} INFO - 🤪 Start getting data from source Mysql - Table: transactions
[2022-12-10T11:59:44.749+0000] {logging_mixin.py:137} INFO - 🤪 Found 0 records need to be inserted
[2022-12-10T11:59:44.750+0000] {logging_mixin.py:137} INFO - 🤪 Start ingesting data from source Mysql to DW - Table: transactions
[2022-12-10T11:59:44.755+0000] {logging_mixin.py:137} INFO - 🤪 the dataframe is inserted
[2022-12-10T11:59:44.756+0000] {logging_mixin.py:137} INFO - 🤪 Finished ingesting data from source to DW - Table: transactions
[2022-12-10T11:59:44.758+0000] {logging_mixin.py:137} INFO - 🤪 Start getting data from source Mysql - Table: menus
[2022-12-10T11:59:44.762+0000] {logging_mixin.py:137} INFO - 🤪 Found 0 records need to be inserted
[2022-12-10T11:59:44.763+0000] {logging_mixin.py:137} INFO - 🤪 Start ingesting data from source Mysql to DW - Table: menus
[2022-12-10T11:59:44.768+0000] {logging_mixin.py:137} INFO - 🤪 the dataframe is inserted
[2022-12-10T11:59:44.769+0000] {logging_mixin.py:137} INFO - 🤪 Finished ingesting data from source to DW - Table: menus
[2022-12-10T11:59:44.770+0000] {python.py:177} INFO - 🤪 Done. Returned value was: None
[2022-12-10T11:59:44.777+0000] {taskinstance.py:1401} INFO - 🤪 Marking task as SUCCESS. dag_id=get_raw_data_from_sources, task_id=get_raw_data_from_mysql_sources, execution_date=20221210T115759, start_date=20221210T115944, end_date=20221210T115944
[2022-12-10T11:59:44.929+0000] {local_task_job.py:159} INFO - 🤪 Task exited with return code 0
[2022-12-10T11:59:44.944+0000] {taskinstance.py:2623} INFO - 🤪 0 downstream tasks scheduled from follow-on schedule check
