[2022-12-10T11:58:10.182+0000] {taskinstance.py:1165} INFO - 🤪 Dependencies all met for <TaskInstance: get_raw_data_from_sources.get_raw_data_from_mysql_sources manual__2022-12-10T11:57:59.997114+00:00 [queued]>
[2022-12-10T11:58:10.193+0000] {taskinstance.py:1165} INFO - 🤪 Dependencies all met for <TaskInstance: get_raw_data_from_sources.get_raw_data_from_mysql_sources manual__2022-12-10T11:57:59.997114+00:00 [queued]>
[2022-12-10T11:58:10.194+0000] {taskinstance.py:1362} INFO - 🤪 
--------------------------------------------------------------------------------
[2022-12-10T11:58:10.195+0000] {taskinstance.py:1363} INFO - 🤪 Starting attempt 1 of 4
[2022-12-10T11:58:10.196+0000] {taskinstance.py:1364} INFO - 🤪 
--------------------------------------------------------------------------------
[2022-12-10T11:58:10.216+0000] {taskinstance.py:1383} INFO - 🤪 Executing <Task(PythonOperator): get_raw_data_from_mysql_sources> on 2022-12-10 11:57:59.997114+00:00
[2022-12-10T11:58:10.220+0000] {standard_task_runner.py:55} INFO - 🤪 Started process 94 to run task
[2022-12-10T11:58:10.226+0000] {standard_task_runner.py:82} INFO - 🤪 Running: ['airflow', 'tasks', 'run', 'get_raw_data_from_sources', 'get_raw_data_from_mysql_sources', 'manual__2022-12-10T11:57:59.997114+00:00', '--job-id', '5', '--raw', '--subdir', 'DAGS_FOLDER/ingest_dwh_daily.py', '--cfg-path', '/tmp/tmplynx_jbw']
[2022-12-10T11:58:10.229+0000] {standard_task_runner.py:83} INFO - 🤪 Job 5: Subtask get_raw_data_from_mysql_sources
[2022-12-10T11:58:10.293+0000] {task_command.py:376} INFO - 🤪 Running <TaskInstance: get_raw_data_from_sources.get_raw_data_from_mysql_sources manual__2022-12-10T11:57:59.997114+00:00 [running]> on host 06f648095881
[2022-12-10T11:58:10.360+0000] {taskinstance.py:1590} INFO - 🤪 Exporting the following env vars:
AIRFLOW_CTX_DAG_EMAIL=gp.data@galaxy.com.vn
AIRFLOW_CTX_DAG_OWNER=data_team
AIRFLOW_CTX_DAG_ID=get_raw_data_from_sources
AIRFLOW_CTX_TASK_ID=get_raw_data_from_mysql_sources
AIRFLOW_CTX_EXECUTION_DATE=2022-12-10T11:57:59.997114+00:00
AIRFLOW_CTX_TRY_NUMBER=1
AIRFLOW_CTX_DAG_RUN_ID=manual__2022-12-10T11:57:59.997114+00:00
[2022-12-10T11:58:10.369+0000] {logging_mixin.py:137} INFO - 🤪 Start getting data from source Mysql - Table: users
[2022-12-10T11:58:10.378+0000] {logging_mixin.py:137} INFO - 🤪 Found 100 records need to be inserted
[2022-12-10T11:58:10.379+0000] {logging_mixin.py:137} INFO - 🤪 Start ingesting data from source Mysql to DW - Table: users
[2022-12-10T11:58:10.394+0000] {logging_mixin.py:137} INFO - 🤪 the dataframe is inserted
[2022-12-10T11:58:10.395+0000] {logging_mixin.py:137} INFO - 🤪 Finished ingesting data from source to DW - Table: users
[2022-12-10T11:58:10.396+0000] {logging_mixin.py:137} INFO - 🤪 Start getting data from source Mysql - Table: orders
[2022-12-10T11:58:10.401+0000] {logging_mixin.py:137} INFO - 🤪 Found 0 records need to be inserted
[2022-12-10T11:58:10.402+0000] {logging_mixin.py:137} INFO - 🤪 Start ingesting data from source Mysql to DW - Table: orders
[2022-12-10T11:58:10.407+0000] {logging_mixin.py:137} INFO - 🤪 the dataframe is inserted
[2022-12-10T11:58:10.409+0000] {logging_mixin.py:137} INFO - 🤪 Finished ingesting data from source to DW - Table: orders
[2022-12-10T11:58:10.410+0000] {logging_mixin.py:137} INFO - 🤪 Start getting data from source Mysql - Table: transactions
[2022-12-10T11:58:10.415+0000] {logging_mixin.py:137} INFO - 🤪 Found 0 records need to be inserted
[2022-12-10T11:58:10.416+0000] {logging_mixin.py:137} INFO - 🤪 Start ingesting data from source Mysql to DW - Table: transactions
[2022-12-10T11:58:10.420+0000] {logging_mixin.py:137} INFO - 🤪 the dataframe is inserted
[2022-12-10T11:58:10.421+0000] {logging_mixin.py:137} INFO - 🤪 Finished ingesting data from source to DW - Table: transactions
[2022-12-10T11:58:10.422+0000] {logging_mixin.py:137} INFO - 🤪 Start getting data from source Mysql - Table: menus
[2022-12-10T11:58:10.426+0000] {logging_mixin.py:137} INFO - 🤪 Found 0 records need to be inserted
[2022-12-10T11:58:10.427+0000] {logging_mixin.py:137} INFO - 🤪 Start ingesting data from source Mysql to DW - Table: menus
[2022-12-10T11:58:10.432+0000] {logging_mixin.py:137} INFO - 🤪 the dataframe is inserted
[2022-12-10T11:58:10.433+0000] {logging_mixin.py:137} INFO - 🤪 Finished ingesting data from source to DW - Table: menus
[2022-12-10T11:58:10.434+0000] {python.py:177} INFO - 🤪 Done. Returned value was: None
[2022-12-10T11:58:10.440+0000] {taskinstance.py:1401} INFO - 🤪 Marking task as SUCCESS. dag_id=get_raw_data_from_sources, task_id=get_raw_data_from_mysql_sources, execution_date=20221210T115759, start_date=20221210T115810, end_date=20221210T115810
[2022-12-10T11:58:10.560+0000] {local_task_job.py:159} INFO - 🤪 Task exited with return code 0
[2022-12-10T11:58:10.580+0000] {taskinstance.py:2623} INFO - 🤪 0 downstream tasks scheduled from follow-on schedule check
