[2023-02-28T02:56:08.800+0000] {taskinstance.py:1165} INFO - 🤪 Dependencies all met for <TaskInstance: ingest_bo_voucher_report.ingest_bo_voucher_report scheduled__2023-02-26T19:00:00+00:00 [queued]>
[2023-02-28T02:56:08.809+0000] {taskinstance.py:1165} INFO - 🤪 Dependencies all met for <TaskInstance: ingest_bo_voucher_report.ingest_bo_voucher_report scheduled__2023-02-26T19:00:00+00:00 [queued]>
[2023-02-28T02:56:08.810+0000] {taskinstance.py:1362} INFO - 🤪 
--------------------------------------------------------------------------------
[2023-02-28T02:56:08.811+0000] {taskinstance.py:1363} INFO - 🤪 Starting attempt 2 of 5
[2023-02-28T02:56:08.812+0000] {taskinstance.py:1364} INFO - 🤪 
--------------------------------------------------------------------------------
[2023-02-28T02:56:08.828+0000] {taskinstance.py:1383} INFO - 🤪 Executing <Task(PythonOperator): ingest_bo_voucher_report> on 2023-02-26 19:00:00+00:00
[2023-02-28T02:56:08.833+0000] {standard_task_runner.py:55} INFO - 🤪 Started process 529 to run task
[2023-02-28T02:56:08.837+0000] {standard_task_runner.py:82} INFO - 🤪 Running: ['airflow', 'tasks', 'run', 'ingest_bo_voucher_report', 'ingest_bo_voucher_report', 'scheduled__2023-02-26T19:00:00+00:00', '--job-id', '3', '--raw', '--subdir', 'DAGS_FOLDER/ingest_bo_voucher_report.py', '--cfg-path', '/tmp/tmpcasdxp6g']
[2023-02-28T02:56:08.840+0000] {standard_task_runner.py:83} INFO - 🤪 Job 3: Subtask ingest_bo_voucher_report
[2023-02-28T02:56:08.940+0000] {task_command.py:376} INFO - 🤪 Running <TaskInstance: ingest_bo_voucher_report.ingest_bo_voucher_report scheduled__2023-02-26T19:00:00+00:00 [running]> on host 4be6b16c5ee0
[2023-02-28T02:56:09.020+0000] {taskinstance.py:1590} INFO - 🤪 Exporting the following env vars:
AIRFLOW_CTX_DAG_EMAIL=gp.data@galaxy.com.vn
AIRFLOW_CTX_DAG_OWNER=data_team
AIRFLOW_CTX_DAG_ID=ingest_bo_voucher_report
AIRFLOW_CTX_TASK_ID=ingest_bo_voucher_report
AIRFLOW_CTX_EXECUTION_DATE=2023-02-26T19:00:00+00:00
AIRFLOW_CTX_TRY_NUMBER=2
AIRFLOW_CTX_DAG_RUN_ID=scheduled__2023-02-26T19:00:00+00:00
[2023-02-28T02:56:09.033+0000] {logging_mixin.py:137} WARNING - 🤪 /opt/bitnami/python/lib/python3.8/site-packages/airflow/utils/context.py:297 AirflowContextDeprecationWarning: Accessing 'execution_date' from the template is deprecated and will be removed in a future version. Please use 'data_interval_start' or 'logical_date' instead.
[2023-02-28T02:56:09.130+0000] {logging_mixin.py:137} INFO - 🤪 pathhh /airflow/dags/config/
[2023-02-28T02:56:14.671+0000] {logging_mixin.py:137} INFO - 🤪 Error: invalid input syntax for type integer: "2023CHÚ01"
LINE 1: ...1','20231231','202312','total_sold','daily',0,0),('2023CHÚ01...
                                                             ^
[2023-02-28T02:56:14.673+0000] {python.py:177} INFO - 🤪 Done. Returned value was: None
[2023-02-28T02:56:14.679+0000] {taskinstance.py:1401} INFO - 🤪 Marking task as SUCCESS. dag_id=ingest_bo_voucher_report, task_id=ingest_bo_voucher_report, execution_date=20230226T190000, start_date=20230228T025608, end_date=20230228T025614
[2023-02-28T02:56:14.708+0000] {local_task_job.py:159} INFO - 🤪 Task exited with return code 0
[2023-02-28T02:56:14.722+0000] {taskinstance.py:2623} INFO - 🤪 0 downstream tasks scheduled from follow-on schedule check
