[2022-12-09T19:00:06.122+0000] {taskinstance.py:1165} INFO - 🤪 Dependencies all met for <TaskInstance: get_raw_data_from_sources.get_raw_data_from_mysql_sources scheduled__2022-12-08T19:00:00+00:00 [queued]>
[2022-12-09T19:00:06.130+0000] {taskinstance.py:1165} INFO - 🤪 Dependencies all met for <TaskInstance: get_raw_data_from_sources.get_raw_data_from_mysql_sources scheduled__2022-12-08T19:00:00+00:00 [queued]>
[2022-12-09T19:00:06.131+0000] {taskinstance.py:1362} INFO - 🤪 
--------------------------------------------------------------------------------
[2022-12-09T19:00:06.132+0000] {taskinstance.py:1363} INFO - 🤪 Starting attempt 1 of 4
[2022-12-09T19:00:06.133+0000] {taskinstance.py:1364} INFO - 🤪 
--------------------------------------------------------------------------------
[2022-12-09T19:00:06.148+0000] {taskinstance.py:1383} INFO - 🤪 Executing <Task(PythonOperator): get_raw_data_from_mysql_sources> on 2022-12-08 19:00:00+00:00
[2022-12-09T19:00:06.152+0000] {standard_task_runner.py:55} INFO - 🤪 Started process 544 to run task
[2022-12-09T19:00:06.157+0000] {standard_task_runner.py:82} INFO - 🤪 Running: ['airflow', 'tasks', 'run', 'get_raw_data_from_sources', 'get_raw_data_from_mysql_sources', 'scheduled__2022-12-08T19:00:00+00:00', '--job-id', '19', '--raw', '--subdir', 'DAGS_FOLDER/ingest_dwh_daily.py', '--cfg-path', '/tmp/tmpwyrchpzz']
[2022-12-09T19:00:06.159+0000] {standard_task_runner.py:83} INFO - 🤪 Job 19: Subtask get_raw_data_from_mysql_sources
[2022-12-09T19:00:06.218+0000] {task_command.py:376} INFO - 🤪 Running <TaskInstance: get_raw_data_from_sources.get_raw_data_from_mysql_sources scheduled__2022-12-08T19:00:00+00:00 [running]> on host 31f0fd0ea32a
[2022-12-09T19:00:06.278+0000] {taskinstance.py:1590} INFO - 🤪 Exporting the following env vars:
AIRFLOW_CTX_DAG_EMAIL=gp.data@galaxy.com.vn
AIRFLOW_CTX_DAG_OWNER=data_team
AIRFLOW_CTX_DAG_ID=get_raw_data_from_sources
AIRFLOW_CTX_TASK_ID=get_raw_data_from_mysql_sources
AIRFLOW_CTX_EXECUTION_DATE=2022-12-08T19:00:00+00:00
AIRFLOW_CTX_TRY_NUMBER=1
AIRFLOW_CTX_DAG_RUN_ID=scheduled__2022-12-08T19:00:00+00:00
[2022-12-09T19:00:06.290+0000] {logging_mixin.py:137} INFO - 🤪 Start getting data from source Mysql - Table: users
[2022-12-09T19:00:06.300+0000] {logging_mixin.py:137} INFO - 🤪 Found 100 records need to be inserted
[2022-12-09T19:00:06.302+0000] {logging_mixin.py:137} INFO - 🤪 Start ingesting data from source Mysql to DW - Table: users
[2022-12-09T19:00:06.318+0000] {logging_mixin.py:137} INFO - 🤪 the dataframe is inserted
[2022-12-09T19:00:06.319+0000] {logging_mixin.py:137} INFO - 🤪 Finished ingesting data from source to DW - Table: users
[2022-12-09T19:00:06.320+0000] {logging_mixin.py:137} INFO - 🤪 Start getting data from source Mysql - Table: orders
[2022-12-09T19:00:06.329+0000] {logging_mixin.py:137} INFO - 🤪 Found 0 records need to be inserted
[2022-12-09T19:00:06.330+0000] {logging_mixin.py:137} INFO - 🤪 Start ingesting data from source Mysql to DW - Table: orders
[2022-12-09T19:00:06.336+0000] {logging_mixin.py:137} INFO - 🤪 the dataframe is inserted
[2022-12-09T19:00:06.337+0000] {logging_mixin.py:137} INFO - 🤪 Finished ingesting data from source to DW - Table: orders
[2022-12-09T19:00:06.339+0000] {logging_mixin.py:137} INFO - 🤪 Start getting data from source Mysql - Table: transactions
[2022-12-09T19:00:06.344+0000] {logging_mixin.py:137} INFO - 🤪 Found 0 records need to be inserted
[2022-12-09T19:00:06.345+0000] {logging_mixin.py:137} INFO - 🤪 Start ingesting data from source Mysql to DW - Table: transactions
[2022-12-09T19:00:06.350+0000] {logging_mixin.py:137} INFO - 🤪 the dataframe is inserted
[2022-12-09T19:00:06.351+0000] {logging_mixin.py:137} INFO - 🤪 Finished ingesting data from source to DW - Table: transactions
[2022-12-09T19:00:06.351+0000] {logging_mixin.py:137} INFO - 🤪 Start getting data from source Mysql - Table: menus
[2022-12-09T19:00:06.356+0000] {logging_mixin.py:137} INFO - 🤪 Found 0 records need to be inserted
[2022-12-09T19:00:06.357+0000] {logging_mixin.py:137} INFO - 🤪 Start ingesting data from source Mysql to DW - Table: menus
[2022-12-09T19:00:06.365+0000] {logging_mixin.py:137} INFO - 🤪 the dataframe is inserted
[2022-12-09T19:00:06.365+0000] {logging_mixin.py:137} INFO - 🤪 Finished ingesting data from source to DW - Table: menus
[2022-12-09T19:00:06.366+0000] {python.py:177} INFO - 🤪 Done. Returned value was: None
[2022-12-09T19:00:06.373+0000] {taskinstance.py:1401} INFO - 🤪 Marking task as SUCCESS. dag_id=get_raw_data_from_sources, task_id=get_raw_data_from_mysql_sources, execution_date=20221208T190000, start_date=20221209T190006, end_date=20221209T190006
[2022-12-09T19:00:06.532+0000] {local_task_job.py:159} INFO - 🤪 Task exited with return code 0
[2022-12-09T19:00:06.556+0000] {taskinstance.py:2623} INFO - 🤪 0 downstream tasks scheduled from follow-on schedule check
[2022-12-10T11:45:55.197+0000] {taskinstance.py:1165} INFO - 🤪 Dependencies all met for <TaskInstance: get_raw_data_from_sources.get_raw_data_from_mysql_sources scheduled__2022-12-08T19:00:00+00:00 [queued]>
[2022-12-10T11:45:55.209+0000] {taskinstance.py:1165} INFO - 🤪 Dependencies all met for <TaskInstance: get_raw_data_from_sources.get_raw_data_from_mysql_sources scheduled__2022-12-08T19:00:00+00:00 [queued]>
[2022-12-10T11:45:55.210+0000] {taskinstance.py:1362} INFO - 🤪 
--------------------------------------------------------------------------------
[2022-12-10T11:45:55.211+0000] {taskinstance.py:1363} INFO - 🤪 Starting attempt 1 of 4
[2022-12-10T11:45:55.212+0000] {taskinstance.py:1364} INFO - 🤪 
--------------------------------------------------------------------------------
[2022-12-10T11:45:55.237+0000] {taskinstance.py:1383} INFO - 🤪 Executing <Task(PythonOperator): get_raw_data_from_mysql_sources> on 2022-12-08 19:00:00+00:00
[2022-12-10T11:45:55.244+0000] {standard_task_runner.py:55} INFO - 🤪 Started process 1169 to run task
[2022-12-10T11:45:55.252+0000] {standard_task_runner.py:82} INFO - 🤪 Running: ['airflow', 'tasks', 'run', 'get_raw_data_from_sources', 'get_raw_data_from_mysql_sources', 'scheduled__2022-12-08T19:00:00+00:00', '--job-id', '10', '--raw', '--subdir', 'DAGS_FOLDER/ingest_dwh_daily.py', '--cfg-path', '/tmp/tmp7eitv435']
[2022-12-10T11:45:55.254+0000] {standard_task_runner.py:83} INFO - 🤪 Job 10: Subtask get_raw_data_from_mysql_sources
[2022-12-10T11:45:55.339+0000] {task_command.py:376} INFO - 🤪 Running <TaskInstance: get_raw_data_from_sources.get_raw_data_from_mysql_sources scheduled__2022-12-08T19:00:00+00:00 [running]> on host f9163ca376ce
[2022-12-10T11:45:55.410+0000] {taskinstance.py:1590} INFO - 🤪 Exporting the following env vars:
AIRFLOW_CTX_DAG_EMAIL=gp.data@galaxy.com.vn
AIRFLOW_CTX_DAG_OWNER=data_team
AIRFLOW_CTX_DAG_ID=get_raw_data_from_sources
AIRFLOW_CTX_TASK_ID=get_raw_data_from_mysql_sources
AIRFLOW_CTX_EXECUTION_DATE=2022-12-08T19:00:00+00:00
AIRFLOW_CTX_TRY_NUMBER=1
AIRFLOW_CTX_DAG_RUN_ID=scheduled__2022-12-08T19:00:00+00:00
[2022-12-10T11:45:55.426+0000] {logging_mixin.py:137} INFO - 🤪 Start getting data from source Mysql - Table: users
[2022-12-10T11:45:55.437+0000] {logging_mixin.py:137} INFO - 🤪 Found 0 records need to be inserted
[2022-12-10T11:45:55.438+0000] {logging_mixin.py:137} INFO - 🤪 Start ingesting data from source Mysql to DW - Table: users
[2022-12-10T11:45:55.445+0000] {logging_mixin.py:137} INFO - 🤪 the dataframe is inserted
[2022-12-10T11:45:55.446+0000] {logging_mixin.py:137} INFO - 🤪 Finished ingesting data from source to DW - Table: users
[2022-12-10T11:45:55.446+0000] {logging_mixin.py:137} INFO - 🤪 Start getting data from source Mysql - Table: orders
[2022-12-10T11:45:55.451+0000] {logging_mixin.py:137} INFO - 🤪 Found 0 records need to be inserted
[2022-12-10T11:45:55.452+0000] {logging_mixin.py:137} INFO - 🤪 Start ingesting data from source Mysql to DW - Table: orders
[2022-12-10T11:45:55.456+0000] {logging_mixin.py:137} INFO - 🤪 the dataframe is inserted
[2022-12-10T11:45:55.457+0000] {logging_mixin.py:137} INFO - 🤪 Finished ingesting data from source to DW - Table: orders
[2022-12-10T11:45:55.458+0000] {logging_mixin.py:137} INFO - 🤪 Start getting data from source Mysql - Table: transactions
[2022-12-10T11:45:55.467+0000] {logging_mixin.py:137} INFO - 🤪 Found 0 records need to be inserted
[2022-12-10T11:45:55.468+0000] {logging_mixin.py:137} INFO - 🤪 Start ingesting data from source Mysql to DW - Table: transactions
[2022-12-10T11:45:55.476+0000] {logging_mixin.py:137} INFO - 🤪 the dataframe is inserted
[2022-12-10T11:45:55.477+0000] {logging_mixin.py:137} INFO - 🤪 Finished ingesting data from source to DW - Table: transactions
[2022-12-10T11:45:55.478+0000] {logging_mixin.py:137} INFO - 🤪 Start getting data from source Mysql - Table: menus
[2022-12-10T11:45:55.485+0000] {logging_mixin.py:137} INFO - 🤪 Found 0 records need to be inserted
[2022-12-10T11:45:55.486+0000] {logging_mixin.py:137} INFO - 🤪 Start ingesting data from source Mysql to DW - Table: menus
[2022-12-10T11:45:55.491+0000] {logging_mixin.py:137} INFO - 🤪 the dataframe is inserted
[2022-12-10T11:45:55.492+0000] {logging_mixin.py:137} INFO - 🤪 Finished ingesting data from source to DW - Table: menus
[2022-12-10T11:45:55.494+0000] {python.py:177} INFO - 🤪 Done. Returned value was: None
[2022-12-10T11:45:55.501+0000] {taskinstance.py:1401} INFO - 🤪 Marking task as SUCCESS. dag_id=get_raw_data_from_sources, task_id=get_raw_data_from_mysql_sources, execution_date=20221208T190000, start_date=20221210T114555, end_date=20221210T114555
[2022-12-10T11:45:55.545+0000] {local_task_job.py:159} INFO - 🤪 Task exited with return code 0
[2022-12-10T11:45:55.566+0000] {taskinstance.py:2623} INFO - 🤪 0 downstream tasks scheduled from follow-on schedule check
[2022-12-10T11:58:03.656+0000] {taskinstance.py:1165} INFO - 🤪 Dependencies all met for <TaskInstance: get_raw_data_from_sources.get_raw_data_from_mysql_sources scheduled__2022-12-08T19:00:00+00:00 [queued]>
[2022-12-10T11:58:03.664+0000] {taskinstance.py:1165} INFO - 🤪 Dependencies all met for <TaskInstance: get_raw_data_from_sources.get_raw_data_from_mysql_sources scheduled__2022-12-08T19:00:00+00:00 [queued]>
[2022-12-10T11:58:03.668+0000] {taskinstance.py:1362} INFO - 🤪 
--------------------------------------------------------------------------------
[2022-12-10T11:58:03.668+0000] {taskinstance.py:1363} INFO - 🤪 Starting attempt 1 of 4
[2022-12-10T11:58:03.669+0000] {taskinstance.py:1364} INFO - 🤪 
--------------------------------------------------------------------------------
[2022-12-10T11:58:03.682+0000] {taskinstance.py:1383} INFO - 🤪 Executing <Task(PythonOperator): get_raw_data_from_mysql_sources> on 2022-12-08 19:00:00+00:00
[2022-12-10T11:58:03.685+0000] {standard_task_runner.py:55} INFO - 🤪 Started process 82 to run task
[2022-12-10T11:58:03.689+0000] {standard_task_runner.py:82} INFO - 🤪 Running: ['airflow', 'tasks', 'run', 'get_raw_data_from_sources', 'get_raw_data_from_mysql_sources', 'scheduled__2022-12-08T19:00:00+00:00', '--job-id', '3', '--raw', '--subdir', 'DAGS_FOLDER/ingest_dwh_daily.py', '--cfg-path', '/tmp/tmpptdok9dz']
[2022-12-10T11:58:03.690+0000] {standard_task_runner.py:83} INFO - 🤪 Job 3: Subtask get_raw_data_from_mysql_sources
[2022-12-10T11:58:03.738+0000] {task_command.py:376} INFO - 🤪 Running <TaskInstance: get_raw_data_from_sources.get_raw_data_from_mysql_sources scheduled__2022-12-08T19:00:00+00:00 [running]> on host 06f648095881
[2022-12-10T11:58:03.818+0000] {taskinstance.py:1590} INFO - 🤪 Exporting the following env vars:
AIRFLOW_CTX_DAG_EMAIL=gp.data@galaxy.com.vn
AIRFLOW_CTX_DAG_OWNER=data_team
AIRFLOW_CTX_DAG_ID=get_raw_data_from_sources
AIRFLOW_CTX_TASK_ID=get_raw_data_from_mysql_sources
AIRFLOW_CTX_EXECUTION_DATE=2022-12-08T19:00:00+00:00
AIRFLOW_CTX_TRY_NUMBER=1
AIRFLOW_CTX_DAG_RUN_ID=scheduled__2022-12-08T19:00:00+00:00
[2022-12-10T11:58:03.832+0000] {logging_mixin.py:137} INFO - 🤪 Start getting data from source Mysql - Table: users
[2022-12-10T11:58:03.842+0000] {logging_mixin.py:137} INFO - 🤪 Found 100 records need to be inserted
[2022-12-10T11:58:03.844+0000] {logging_mixin.py:137} INFO - 🤪 Start ingesting data from source Mysql to DW - Table: users
[2022-12-10T11:58:03.858+0000] {logging_mixin.py:137} INFO - 🤪 the dataframe is inserted
[2022-12-10T11:58:03.859+0000] {logging_mixin.py:137} INFO - 🤪 Finished ingesting data from source to DW - Table: users
[2022-12-10T11:58:03.860+0000] {logging_mixin.py:137} INFO - 🤪 Start getting data from source Mysql - Table: orders
[2022-12-10T11:58:03.870+0000] {logging_mixin.py:137} INFO - 🤪 Found 0 records need to be inserted
[2022-12-10T11:58:03.871+0000] {logging_mixin.py:137} INFO - 🤪 Start ingesting data from source Mysql to DW - Table: orders
[2022-12-10T11:58:03.877+0000] {logging_mixin.py:137} INFO - 🤪 the dataframe is inserted
[2022-12-10T11:58:03.879+0000] {logging_mixin.py:137} INFO - 🤪 Finished ingesting data from source to DW - Table: orders
[2022-12-10T11:58:03.880+0000] {logging_mixin.py:137} INFO - 🤪 Start getting data from source Mysql - Table: transactions
[2022-12-10T11:58:03.885+0000] {logging_mixin.py:137} INFO - 🤪 Found 0 records need to be inserted
[2022-12-10T11:58:03.885+0000] {logging_mixin.py:137} INFO - 🤪 Start ingesting data from source Mysql to DW - Table: transactions
[2022-12-10T11:58:03.890+0000] {logging_mixin.py:137} INFO - 🤪 the dataframe is inserted
[2022-12-10T11:58:03.891+0000] {logging_mixin.py:137} INFO - 🤪 Finished ingesting data from source to DW - Table: transactions
[2022-12-10T11:58:03.892+0000] {logging_mixin.py:137} INFO - 🤪 Start getting data from source Mysql - Table: menus
[2022-12-10T11:58:03.897+0000] {logging_mixin.py:137} INFO - 🤪 Found 0 records need to be inserted
[2022-12-10T11:58:03.897+0000] {logging_mixin.py:137} INFO - 🤪 Start ingesting data from source Mysql to DW - Table: menus
[2022-12-10T11:58:03.902+0000] {logging_mixin.py:137} INFO - 🤪 the dataframe is inserted
[2022-12-10T11:58:03.903+0000] {logging_mixin.py:137} INFO - 🤪 Finished ingesting data from source to DW - Table: menus
[2022-12-10T11:58:03.904+0000] {python.py:177} INFO - 🤪 Done. Returned value was: None
[2022-12-10T11:58:03.911+0000] {taskinstance.py:1401} INFO - 🤪 Marking task as SUCCESS. dag_id=get_raw_data_from_sources, task_id=get_raw_data_from_mysql_sources, execution_date=20221208T190000, start_date=20221210T115803, end_date=20221210T115803
[2022-12-10T11:58:04.063+0000] {local_task_job.py:159} INFO - 🤪 Task exited with return code 0
[2022-12-10T11:58:04.079+0000] {taskinstance.py:2623} INFO - 🤪 0 downstream tasks scheduled from follow-on schedule check
