[2022-12-01T02:13:01.253+0000] {taskinstance.py:1165} INFO - 🤪 Dependencies all met for <TaskInstance: get_raw_data_from_sources.get_raw_data_from_postgres_sources scheduled__2022-11-29T19:00:00+00:00 [queued]>
[2022-12-01T02:13:01.260+0000] {taskinstance.py:1165} INFO - 🤪 Dependencies all met for <TaskInstance: get_raw_data_from_sources.get_raw_data_from_postgres_sources scheduled__2022-11-29T19:00:00+00:00 [queued]>
[2022-12-01T02:13:01.261+0000] {taskinstance.py:1362} INFO - 🤪 
--------------------------------------------------------------------------------
[2022-12-01T02:13:01.261+0000] {taskinstance.py:1363} INFO - 🤪 Starting attempt 1 of 4
[2022-12-01T02:13:01.262+0000] {taskinstance.py:1364} INFO - 🤪 
--------------------------------------------------------------------------------
[2022-12-01T02:13:01.255+0000] {taskinstance.py:1383} INFO - 🤪 Executing <Task(PythonOperator): get_raw_data_from_postgres_sources> on 2022-11-29 19:00:00+00:00
[2022-12-01T02:13:01.258+0000] {standard_task_runner.py:55} INFO - 🤪 Started process 46 to run task
[2022-12-01T02:13:01.262+0000] {standard_task_runner.py:82} INFO - 🤪 Running: ['airflow', 'tasks', 'run', 'get_raw_data_from_sources', 'get_raw_data_from_postgres_sources', 'scheduled__2022-11-29T19:00:00+00:00', '--job-id', '71', '--raw', '--subdir', 'DAGS_FOLDER/get_data_from_sources.py', '--cfg-path', '/tmp/tmp_ppmcfij']
[2022-12-01T02:13:01.263+0000] {standard_task_runner.py:83} INFO - 🤪 Job 71: Subtask get_raw_data_from_postgres_sources
[2022-12-01T02:13:01.312+0000] {task_command.py:376} INFO - 🤪 Running <TaskInstance: get_raw_data_from_sources.get_raw_data_from_postgres_sources scheduled__2022-11-29T19:00:00+00:00 [running]> on host 298e6b8d1257
[2022-12-01T02:13:01.361+0000] {taskinstance.py:1590} INFO - 🤪 Exporting the following env vars:
AIRFLOW_CTX_DAG_EMAIL=gp.data@galaxy.com.vn
AIRFLOW_CTX_DAG_OWNER=data_team
AIRFLOW_CTX_DAG_ID=get_raw_data_from_sources
AIRFLOW_CTX_TASK_ID=get_raw_data_from_postgres_sources
AIRFLOW_CTX_EXECUTION_DATE=2022-11-29T19:00:00+00:00
AIRFLOW_CTX_TRY_NUMBER=1
AIRFLOW_CTX_DAG_RUN_ID=scheduled__2022-11-29T19:00:00+00:00
[2022-12-01T02:13:01.386+0000] {logging_mixin.py:137} INFO - 🤪 connect succeeded
[2022-12-01T02:13:01.448+0000] {logging_mixin.py:137} INFO - 🤪 the dataframe is inserted
[2022-12-01T02:13:01.450+0000] {python.py:177} INFO - 🤪 Done. Returned value was: None
[2022-12-01T02:13:01.456+0000] {taskinstance.py:1401} INFO - 🤪 Marking task as SUCCESS. dag_id=get_raw_data_from_sources, task_id=get_raw_data_from_postgres_sources, execution_date=20221129T190000, start_date=20221201T021301, end_date=20221201T021301
[2022-12-01T02:13:01.474+0000] {local_task_job.py:159} INFO - 🤪 Task exited with return code 0
[2022-12-01T02:13:01.492+0000] {taskinstance.py:2623} INFO - 🤪 0 downstream tasks scheduled from follow-on schedule check
