[2023-02-28T15:20:55.844+0000] {taskinstance.py:1165} INFO - 🤪 Dependencies all met for <TaskInstance: ingest_bo_voucher_report.ingest_bo_voucher_report manual__2023-02-28T15:20:50.826709+00:00 [queued]>
[2023-02-28T15:20:55.857+0000] {taskinstance.py:1165} INFO - 🤪 Dependencies all met for <TaskInstance: ingest_bo_voucher_report.ingest_bo_voucher_report manual__2023-02-28T15:20:50.826709+00:00 [queued]>
[2023-02-28T15:20:55.858+0000] {taskinstance.py:1362} INFO - 🤪 
--------------------------------------------------------------------------------
[2023-02-28T15:20:55.860+0000] {taskinstance.py:1363} INFO - 🤪 Starting attempt 1 of 4
[2023-02-28T15:20:55.861+0000] {taskinstance.py:1364} INFO - 🤪 
--------------------------------------------------------------------------------
[2023-02-28T15:20:55.879+0000] {taskinstance.py:1383} INFO - 🤪 Executing <Task(PythonOperator): ingest_bo_voucher_report> on 2023-02-28 15:20:50.826709+00:00
[2023-02-28T15:20:55.885+0000] {standard_task_runner.py:55} INFO - 🤪 Started process 67 to run task
[2023-02-28T15:20:55.892+0000] {standard_task_runner.py:82} INFO - 🤪 Running: ['airflow', 'tasks', 'run', 'ingest_bo_voucher_report', 'ingest_bo_voucher_report', 'manual__2023-02-28T15:20:50.826709+00:00', '--job-id', '2', '--raw', '--subdir', 'DAGS_FOLDER/ingest_bo_voucher_report.py', '--cfg-path', '/tmp/tmpub6mdu9n']
[2023-02-28T15:20:55.895+0000] {standard_task_runner.py:83} INFO - 🤪 Job 2: Subtask ingest_bo_voucher_report
[2023-02-28T15:20:55.989+0000] {task_command.py:376} INFO - 🤪 Running <TaskInstance: ingest_bo_voucher_report.ingest_bo_voucher_report manual__2023-02-28T15:20:50.826709+00:00 [running]> on host cb426d137a6e
[2023-02-28T15:20:56.083+0000] {taskinstance.py:1590} INFO - 🤪 Exporting the following env vars:
AIRFLOW_CTX_DAG_EMAIL=gp.data@galaxy.com.vn
AIRFLOW_CTX_DAG_OWNER=data_team
AIRFLOW_CTX_DAG_ID=ingest_bo_voucher_report
AIRFLOW_CTX_TASK_ID=ingest_bo_voucher_report
AIRFLOW_CTX_EXECUTION_DATE=2023-02-28T15:20:50.826709+00:00
AIRFLOW_CTX_TRY_NUMBER=1
AIRFLOW_CTX_DAG_RUN_ID=manual__2023-02-28T15:20:50.826709+00:00
[2023-02-28T15:20:56.097+0000] {logging_mixin.py:137} WARNING - 🤪 /opt/bitnami/python/lib/python3.8/site-packages/airflow/utils/context.py:297 AirflowContextDeprecationWarning: Accessing 'execution_date' from the template is deprecated and will be removed in a future version. Please use 'data_interval_start' or 'logical_date' instead.
[2023-02-28T15:20:56.100+0000] {logging_mixin.py:137} WARNING - 🤪 /opt/bitnami/python/lib/python3.8/site-packages/airflow/utils/context.py:297 AirflowContextDeprecationWarning: Accessing 'next_execution_date' from the template is deprecated and will be removed in a future version. Please use 'data_interval_end' instead.
[2023-02-28T15:20:56.122+0000] {logging_mixin.py:137} INFO - 🤪 execution_date: 2023-02-28
[2023-02-28T15:20:56.124+0000] {logging_mixin.py:137} INFO - 🤪 day_before: 2023-02-27
[2023-02-28T15:20:56.125+0000] {logging_mixin.py:137} INFO - 🤪 next_execution_day 2023-02-28
[2023-02-28T15:20:56.126+0000] {logging_mixin.py:137} INFO - 🤪 pathhh /airflow/dags/config/
[2023-02-28T15:21:00.332+0000] {logging_mixin.py:137} INFO - 🤪 Error: relation "raw_data.partnership_cinema_daily" does not exist
LINE 1: INSERT INTO raw_data.partnership_cinema_daily(date_key,date_...
                    ^
[2023-02-28T15:21:00.336+0000] {python.py:177} INFO - 🤪 Done. Returned value was: None
[2023-02-28T15:21:00.343+0000] {taskinstance.py:1401} INFO - 🤪 Marking task as SUCCESS. dag_id=ingest_bo_voucher_report, task_id=ingest_bo_voucher_report, execution_date=20230228T152050, start_date=20230228T152055, end_date=20230228T152100
[2023-02-28T15:21:00.382+0000] {local_task_job.py:159} INFO - 🤪 Task exited with return code 0
[2023-02-28T15:21:00.399+0000] {taskinstance.py:2623} INFO - 🤪 0 downstream tasks scheduled from follow-on schedule check
