[2023-02-28T15:22:35.753+0000] {taskinstance.py:1165} INFO - 🤪 Dependencies all met for <TaskInstance: ingest_bo_voucher_report.ingest_bo_voucher_report manual__2023-02-28T15:20:50.826709+00:00 [queued]>
[2023-02-28T15:22:35.777+0000] {taskinstance.py:1165} INFO - 🤪 Dependencies all met for <TaskInstance: ingest_bo_voucher_report.ingest_bo_voucher_report manual__2023-02-28T15:20:50.826709+00:00 [queued]>
[2023-02-28T15:22:35.779+0000] {taskinstance.py:1362} INFO - 🤪 
--------------------------------------------------------------------------------
[2023-02-28T15:22:35.783+0000] {taskinstance.py:1363} INFO - 🤪 Starting attempt 2 of 5
[2023-02-28T15:22:35.786+0000] {taskinstance.py:1364} INFO - 🤪 
--------------------------------------------------------------------------------
[2023-02-28T15:22:35.827+0000] {taskinstance.py:1383} INFO - 🤪 Executing <Task(PythonOperator): ingest_bo_voucher_report> on 2023-02-28 15:20:50.826709+00:00
[2023-02-28T15:22:35.838+0000] {standard_task_runner.py:55} INFO - 🤪 Started process 82 to run task
[2023-02-28T15:22:35.851+0000] {standard_task_runner.py:82} INFO - 🤪 Running: ['airflow', 'tasks', 'run', 'ingest_bo_voucher_report', 'ingest_bo_voucher_report', 'manual__2023-02-28T15:20:50.826709+00:00', '--job-id', '3', '--raw', '--subdir', 'DAGS_FOLDER/ingest_bo_voucher_report.py', '--cfg-path', '/tmp/tmpurme0giy']
[2023-02-28T15:22:35.861+0000] {standard_task_runner.py:83} INFO - 🤪 Job 3: Subtask ingest_bo_voucher_report
[2023-02-28T15:22:36.131+0000] {task_command.py:376} INFO - 🤪 Running <TaskInstance: ingest_bo_voucher_report.ingest_bo_voucher_report manual__2023-02-28T15:20:50.826709+00:00 [running]> on host cb426d137a6e
[2023-02-28T15:22:36.338+0000] {taskinstance.py:1590} INFO - 🤪 Exporting the following env vars:
AIRFLOW_CTX_DAG_EMAIL=gp.data@galaxy.com.vn
AIRFLOW_CTX_DAG_OWNER=data_team
AIRFLOW_CTX_DAG_ID=ingest_bo_voucher_report
AIRFLOW_CTX_TASK_ID=ingest_bo_voucher_report
AIRFLOW_CTX_EXECUTION_DATE=2023-02-28T15:20:50.826709+00:00
AIRFLOW_CTX_TRY_NUMBER=2
AIRFLOW_CTX_DAG_RUN_ID=manual__2023-02-28T15:20:50.826709+00:00
[2023-02-28T15:22:36.374+0000] {logging_mixin.py:137} WARNING - 🤪 /opt/bitnami/python/lib/python3.8/site-packages/airflow/utils/context.py:297 AirflowContextDeprecationWarning: Accessing 'execution_date' from the template is deprecated and will be removed in a future version. Please use 'data_interval_start' or 'logical_date' instead.
[2023-02-28T15:22:36.384+0000] {logging_mixin.py:137} WARNING - 🤪 /opt/bitnami/python/lib/python3.8/site-packages/airflow/utils/context.py:297 AirflowContextDeprecationWarning: Accessing 'next_execution_date' from the template is deprecated and will be removed in a future version. Please use 'data_interval_end' instead.
[2023-02-28T15:22:36.447+0000] {logging_mixin.py:137} INFO - 🤪 execution_date: 2023-02-28
[2023-02-28T15:22:36.452+0000] {logging_mixin.py:137} INFO - 🤪 day_before: 2023-02-27
[2023-02-28T15:22:36.457+0000] {logging_mixin.py:137} INFO - 🤪 next_execution_day 2023-02-28
[2023-02-28T15:22:36.465+0000] {logging_mixin.py:137} INFO - 🤪 pathhh /airflow/dags/config/
[2023-02-28T15:22:41.207+0000] {logging_mixin.py:137} INFO - 🤪 the dataframe is inserted
[2023-02-28T15:22:41.216+0000] {python.py:177} INFO - 🤪 Done. Returned value was: None
[2023-02-28T15:22:41.244+0000] {taskinstance.py:1401} INFO - 🤪 Marking task as SUCCESS. dag_id=ingest_bo_voucher_report, task_id=ingest_bo_voucher_report, execution_date=20230228T152050, start_date=20230228T152235, end_date=20230228T152241
[2023-02-28T15:22:41.334+0000] {local_task_job.py:159} INFO - 🤪 Task exited with return code 0
[2023-02-28T15:22:41.384+0000] {taskinstance.py:2623} INFO - 🤪 0 downstream tasks scheduled from follow-on schedule check
