[2022-12-03T13:21:28.183+0000] {processor.py:154} INFO - 🤪 Started process (PID=532) to work on /airflow/dags/ingest_dwh_daily.py
[2022-12-03T13:21:28.185+0000] {processor.py:756} INFO - 🤪 Processing file /airflow/dags/ingest_dwh_daily.py for tasks to queue
[2022-12-03T13:21:28.188+0000] {logging_mixin.py:137} INFO - 🤪 [2022-12-03T13:21:28.187+0000] {dagbag.py:537} INFO - 🤪 Filling up the DagBag from /airflow/dags/ingest_dwh_daily.py
[2022-12-03T13:21:28.573+0000] {processor.py:766} INFO - 🤪 DAG(s) dict_keys(['get_raw_data_from_sources']) retrieved from /airflow/dags/ingest_dwh_daily.py
[2022-12-03T13:21:28.673+0000] {logging_mixin.py:137} INFO - 🤪 [2022-12-03T13:21:28.673+0000] {dag.py:2585} INFO - 🤪 Sync 1 DAGs
[2022-12-03T13:21:28.707+0000] {logging_mixin.py:137} INFO - 🤪 [2022-12-03T13:21:28.706+0000] {dag.py:3336} INFO - 🤪 Setting next_dagrun for get_raw_data_from_sources to 2022-12-02T19:00:00+00:00, run_after=2022-12-03T19:00:00+00:00
[2022-12-03T13:21:28.745+0000] {processor.py:176} INFO - 🤪 Processing /airflow/dags/ingest_dwh_daily.py took 0.568 seconds
[2022-12-03T13:21:59.325+0000] {processor.py:154} INFO - 🤪 Started process (PID=534) to work on /airflow/dags/ingest_dwh_daily.py
[2022-12-03T13:21:59.327+0000] {processor.py:756} INFO - 🤪 Processing file /airflow/dags/ingest_dwh_daily.py for tasks to queue
[2022-12-03T13:21:59.330+0000] {logging_mixin.py:137} INFO - 🤪 [2022-12-03T13:21:59.330+0000] {dagbag.py:537} INFO - 🤪 Filling up the DagBag from /airflow/dags/ingest_dwh_daily.py
[2022-12-03T13:21:59.711+0000] {processor.py:766} INFO - 🤪 DAG(s) dict_keys(['get_raw_data_from_sources']) retrieved from /airflow/dags/ingest_dwh_daily.py
[2022-12-03T13:21:59.752+0000] {logging_mixin.py:137} INFO - 🤪 [2022-12-03T13:21:59.751+0000] {dag.py:2585} INFO - 🤪 Sync 1 DAGs
[2022-12-03T13:21:59.790+0000] {logging_mixin.py:137} INFO - 🤪 [2022-12-03T13:21:59.790+0000] {dag.py:3336} INFO - 🤪 Setting next_dagrun for get_raw_data_from_sources to 2022-12-02T19:00:00+00:00, run_after=2022-12-03T19:00:00+00:00
[2022-12-03T13:21:59.823+0000] {processor.py:176} INFO - 🤪 Processing /airflow/dags/ingest_dwh_daily.py took 0.503 seconds
[2022-12-03T13:22:30.477+0000] {processor.py:154} INFO - 🤪 Started process (PID=536) to work on /airflow/dags/ingest_dwh_daily.py
[2022-12-03T13:22:30.480+0000] {processor.py:756} INFO - 🤪 Processing file /airflow/dags/ingest_dwh_daily.py for tasks to queue
[2022-12-03T13:22:30.482+0000] {logging_mixin.py:137} INFO - 🤪 [2022-12-03T13:22:30.482+0000] {dagbag.py:537} INFO - 🤪 Filling up the DagBag from /airflow/dags/ingest_dwh_daily.py
[2022-12-03T13:22:30.815+0000] {processor.py:766} INFO - 🤪 DAG(s) dict_keys(['get_raw_data_from_sources']) retrieved from /airflow/dags/ingest_dwh_daily.py
[2022-12-03T13:22:30.852+0000] {logging_mixin.py:137} INFO - 🤪 [2022-12-03T13:22:30.852+0000] {dag.py:2585} INFO - 🤪 Sync 1 DAGs
[2022-12-03T13:22:30.885+0000] {logging_mixin.py:137} INFO - 🤪 [2022-12-03T13:22:30.885+0000] {dag.py:3336} INFO - 🤪 Setting next_dagrun for get_raw_data_from_sources to 2022-12-02T19:00:00+00:00, run_after=2022-12-03T19:00:00+00:00
[2022-12-03T13:22:30.918+0000] {processor.py:176} INFO - 🤪 Processing /airflow/dags/ingest_dwh_daily.py took 0.444 seconds
[2022-12-03T13:23:01.652+0000] {processor.py:154} INFO - 🤪 Started process (PID=538) to work on /airflow/dags/ingest_dwh_daily.py
[2022-12-03T13:23:01.654+0000] {processor.py:756} INFO - 🤪 Processing file /airflow/dags/ingest_dwh_daily.py for tasks to queue
[2022-12-03T13:23:01.656+0000] {logging_mixin.py:137} INFO - 🤪 [2022-12-03T13:23:01.656+0000] {dagbag.py:537} INFO - 🤪 Filling up the DagBag from /airflow/dags/ingest_dwh_daily.py
[2022-12-03T13:23:02.034+0000] {processor.py:766} INFO - 🤪 DAG(s) dict_keys(['get_raw_data_from_sources']) retrieved from /airflow/dags/ingest_dwh_daily.py
[2022-12-03T13:23:02.070+0000] {logging_mixin.py:137} INFO - 🤪 [2022-12-03T13:23:02.069+0000] {dag.py:2585} INFO - 🤪 Sync 1 DAGs
[2022-12-03T13:23:02.104+0000] {logging_mixin.py:137} INFO - 🤪 [2022-12-03T13:23:02.104+0000] {dag.py:3336} INFO - 🤪 Setting next_dagrun for get_raw_data_from_sources to 2022-12-02T19:00:00+00:00, run_after=2022-12-03T19:00:00+00:00
[2022-12-03T13:23:02.145+0000] {processor.py:176} INFO - 🤪 Processing /airflow/dags/ingest_dwh_daily.py took 0.499 seconds
[2022-12-03T13:23:32.364+0000] {processor.py:154} INFO - 🤪 Started process (PID=540) to work on /airflow/dags/ingest_dwh_daily.py
[2022-12-03T13:23:32.366+0000] {processor.py:756} INFO - 🤪 Processing file /airflow/dags/ingest_dwh_daily.py for tasks to queue
[2022-12-03T13:23:32.368+0000] {logging_mixin.py:137} INFO - 🤪 [2022-12-03T13:23:32.368+0000] {dagbag.py:537} INFO - 🤪 Filling up the DagBag from /airflow/dags/ingest_dwh_daily.py
[2022-12-03T13:23:32.746+0000] {processor.py:766} INFO - 🤪 DAG(s) dict_keys(['get_raw_data_from_sources']) retrieved from /airflow/dags/ingest_dwh_daily.py
[2022-12-03T13:23:32.789+0000] {logging_mixin.py:137} INFO - 🤪 [2022-12-03T13:23:32.789+0000] {dag.py:2585} INFO - 🤪 Sync 1 DAGs
[2022-12-03T13:23:32.840+0000] {logging_mixin.py:137} INFO - 🤪 [2022-12-03T13:23:32.839+0000] {dag.py:3336} INFO - 🤪 Setting next_dagrun for get_raw_data_from_sources to 2022-12-02T19:00:00+00:00, run_after=2022-12-03T19:00:00+00:00
[2022-12-03T13:23:32.870+0000] {processor.py:176} INFO - 🤪 Processing /airflow/dags/ingest_dwh_daily.py took 0.511 seconds
[2022-12-03T13:24:03.062+0000] {processor.py:154} INFO - 🤪 Started process (PID=542) to work on /airflow/dags/ingest_dwh_daily.py
[2022-12-03T13:24:03.070+0000] {processor.py:756} INFO - 🤪 Processing file /airflow/dags/ingest_dwh_daily.py for tasks to queue
[2022-12-03T13:24:03.072+0000] {logging_mixin.py:137} INFO - 🤪 [2022-12-03T13:24:03.071+0000] {dagbag.py:537} INFO - 🤪 Filling up the DagBag from /airflow/dags/ingest_dwh_daily.py
[2022-12-03T13:24:03.468+0000] {processor.py:766} INFO - 🤪 DAG(s) dict_keys(['get_raw_data_from_sources']) retrieved from /airflow/dags/ingest_dwh_daily.py
[2022-12-03T13:24:03.508+0000] {logging_mixin.py:137} INFO - 🤪 [2022-12-03T13:24:03.508+0000] {dag.py:2585} INFO - 🤪 Sync 1 DAGs
[2022-12-03T13:24:03.548+0000] {logging_mixin.py:137} INFO - 🤪 [2022-12-03T13:24:03.547+0000] {dag.py:3336} INFO - 🤪 Setting next_dagrun for get_raw_data_from_sources to 2022-12-02T19:00:00+00:00, run_after=2022-12-03T19:00:00+00:00
[2022-12-03T13:24:03.583+0000] {processor.py:176} INFO - 🤪 Processing /airflow/dags/ingest_dwh_daily.py took 0.524 seconds
[2022-12-03T13:24:33.760+0000] {processor.py:154} INFO - 🤪 Started process (PID=544) to work on /airflow/dags/ingest_dwh_daily.py
[2022-12-03T13:24:33.762+0000] {processor.py:756} INFO - 🤪 Processing file /airflow/dags/ingest_dwh_daily.py for tasks to queue
[2022-12-03T13:24:33.765+0000] {logging_mixin.py:137} INFO - 🤪 [2022-12-03T13:24:33.764+0000] {dagbag.py:537} INFO - 🤪 Filling up the DagBag from /airflow/dags/ingest_dwh_daily.py
[2022-12-03T13:24:34.111+0000] {processor.py:766} INFO - 🤪 DAG(s) dict_keys(['get_raw_data_from_sources']) retrieved from /airflow/dags/ingest_dwh_daily.py
[2022-12-03T13:24:34.149+0000] {logging_mixin.py:137} INFO - 🤪 [2022-12-03T13:24:34.149+0000] {dag.py:2585} INFO - 🤪 Sync 1 DAGs
[2022-12-03T13:24:34.182+0000] {logging_mixin.py:137} INFO - 🤪 [2022-12-03T13:24:34.182+0000] {dag.py:3336} INFO - 🤪 Setting next_dagrun for get_raw_data_from_sources to 2022-12-02T19:00:00+00:00, run_after=2022-12-03T19:00:00+00:00
[2022-12-03T13:24:34.216+0000] {processor.py:176} INFO - 🤪 Processing /airflow/dags/ingest_dwh_daily.py took 0.461 seconds
[2022-12-03T13:25:04.360+0000] {processor.py:154} INFO - 🤪 Started process (PID=546) to work on /airflow/dags/ingest_dwh_daily.py
[2022-12-03T13:25:04.362+0000] {processor.py:756} INFO - 🤪 Processing file /airflow/dags/ingest_dwh_daily.py for tasks to queue
[2022-12-03T13:25:04.364+0000] {logging_mixin.py:137} INFO - 🤪 [2022-12-03T13:25:04.364+0000] {dagbag.py:537} INFO - 🤪 Filling up the DagBag from /airflow/dags/ingest_dwh_daily.py
[2022-12-03T13:25:04.733+0000] {processor.py:766} INFO - 🤪 DAG(s) dict_keys(['get_raw_data_from_sources']) retrieved from /airflow/dags/ingest_dwh_daily.py
[2022-12-03T13:25:04.770+0000] {logging_mixin.py:137} INFO - 🤪 [2022-12-03T13:25:04.769+0000] {dag.py:2585} INFO - 🤪 Sync 1 DAGs
[2022-12-03T13:25:04.805+0000] {logging_mixin.py:137} INFO - 🤪 [2022-12-03T13:25:04.804+0000] {dag.py:3336} INFO - 🤪 Setting next_dagrun for get_raw_data_from_sources to 2022-12-02T19:00:00+00:00, run_after=2022-12-03T19:00:00+00:00
[2022-12-03T13:25:04.838+0000] {processor.py:176} INFO - 🤪 Processing /airflow/dags/ingest_dwh_daily.py took 0.483 seconds
[2022-12-03T13:25:34.973+0000] {processor.py:154} INFO - 🤪 Started process (PID=548) to work on /airflow/dags/ingest_dwh_daily.py
[2022-12-03T13:25:34.981+0000] {processor.py:756} INFO - 🤪 Processing file /airflow/dags/ingest_dwh_daily.py for tasks to queue
[2022-12-03T13:25:34.984+0000] {logging_mixin.py:137} INFO - 🤪 [2022-12-03T13:25:34.983+0000] {dagbag.py:537} INFO - 🤪 Filling up the DagBag from /airflow/dags/ingest_dwh_daily.py
[2022-12-03T13:25:35.348+0000] {processor.py:766} INFO - 🤪 DAG(s) dict_keys(['get_raw_data_from_sources']) retrieved from /airflow/dags/ingest_dwh_daily.py
[2022-12-03T13:25:35.384+0000] {logging_mixin.py:137} INFO - 🤪 [2022-12-03T13:25:35.383+0000] {dag.py:2585} INFO - 🤪 Sync 1 DAGs
[2022-12-03T13:25:35.421+0000] {logging_mixin.py:137} INFO - 🤪 [2022-12-03T13:25:35.421+0000] {dag.py:3336} INFO - 🤪 Setting next_dagrun for get_raw_data_from_sources to 2022-12-02T19:00:00+00:00, run_after=2022-12-03T19:00:00+00:00
[2022-12-03T13:25:35.456+0000] {processor.py:176} INFO - 🤪 Processing /airflow/dags/ingest_dwh_daily.py took 0.489 seconds
[2022-12-03T13:26:05.590+0000] {processor.py:154} INFO - 🤪 Started process (PID=550) to work on /airflow/dags/ingest_dwh_daily.py
[2022-12-03T13:26:05.598+0000] {processor.py:756} INFO - 🤪 Processing file /airflow/dags/ingest_dwh_daily.py for tasks to queue
[2022-12-03T13:26:05.601+0000] {logging_mixin.py:137} INFO - 🤪 [2022-12-03T13:26:05.600+0000] {dagbag.py:537} INFO - 🤪 Filling up the DagBag from /airflow/dags/ingest_dwh_daily.py
[2022-12-03T13:26:05.982+0000] {processor.py:766} INFO - 🤪 DAG(s) dict_keys(['get_raw_data_from_sources']) retrieved from /airflow/dags/ingest_dwh_daily.py
[2022-12-03T13:26:06.016+0000] {logging_mixin.py:137} INFO - 🤪 [2022-12-03T13:26:06.016+0000] {dag.py:2585} INFO - 🤪 Sync 1 DAGs
[2022-12-03T13:26:06.055+0000] {logging_mixin.py:137} INFO - 🤪 [2022-12-03T13:26:06.055+0000] {dag.py:3336} INFO - 🤪 Setting next_dagrun for get_raw_data_from_sources to 2022-12-02T19:00:00+00:00, run_after=2022-12-03T19:00:00+00:00
[2022-12-03T13:26:06.097+0000] {processor.py:176} INFO - 🤪 Processing /airflow/dags/ingest_dwh_daily.py took 0.514 seconds
[2022-12-03T13:26:36.209+0000] {processor.py:154} INFO - 🤪 Started process (PID=552) to work on /airflow/dags/ingest_dwh_daily.py
[2022-12-03T13:26:36.212+0000] {processor.py:756} INFO - 🤪 Processing file /airflow/dags/ingest_dwh_daily.py for tasks to queue
[2022-12-03T13:26:36.214+0000] {logging_mixin.py:137} INFO - 🤪 [2022-12-03T13:26:36.213+0000] {dagbag.py:537} INFO - 🤪 Filling up the DagBag from /airflow/dags/ingest_dwh_daily.py
[2022-12-03T13:26:36.566+0000] {processor.py:766} INFO - 🤪 DAG(s) dict_keys(['get_raw_data_from_sources']) retrieved from /airflow/dags/ingest_dwh_daily.py
[2022-12-03T13:26:36.596+0000] {logging_mixin.py:137} INFO - 🤪 [2022-12-03T13:26:36.596+0000] {dag.py:2585} INFO - 🤪 Sync 1 DAGs
[2022-12-03T13:26:36.629+0000] {logging_mixin.py:137} INFO - 🤪 [2022-12-03T13:26:36.629+0000] {dag.py:3336} INFO - 🤪 Setting next_dagrun for get_raw_data_from_sources to 2022-12-02T19:00:00+00:00, run_after=2022-12-03T19:00:00+00:00
[2022-12-03T13:26:36.660+0000] {processor.py:176} INFO - 🤪 Processing /airflow/dags/ingest_dwh_daily.py took 0.457 seconds
[2022-12-03T13:27:06.780+0000] {processor.py:154} INFO - 🤪 Started process (PID=554) to work on /airflow/dags/ingest_dwh_daily.py
[2022-12-03T13:27:06.784+0000] {processor.py:756} INFO - 🤪 Processing file /airflow/dags/ingest_dwh_daily.py for tasks to queue
[2022-12-03T13:27:06.786+0000] {logging_mixin.py:137} INFO - 🤪 [2022-12-03T13:27:06.786+0000] {dagbag.py:537} INFO - 🤪 Filling up the DagBag from /airflow/dags/ingest_dwh_daily.py
[2022-12-03T13:27:07.161+0000] {processor.py:766} INFO - 🤪 DAG(s) dict_keys(['get_raw_data_from_sources']) retrieved from /airflow/dags/ingest_dwh_daily.py
[2022-12-03T13:27:07.199+0000] {logging_mixin.py:137} INFO - 🤪 [2022-12-03T13:27:07.199+0000] {dag.py:2585} INFO - 🤪 Sync 1 DAGs
[2022-12-03T13:27:07.241+0000] {logging_mixin.py:137} INFO - 🤪 [2022-12-03T13:27:07.240+0000] {dag.py:3336} INFO - 🤪 Setting next_dagrun for get_raw_data_from_sources to 2022-12-02T19:00:00+00:00, run_after=2022-12-03T19:00:00+00:00
[2022-12-03T13:27:07.277+0000] {processor.py:176} INFO - 🤪 Processing /airflow/dags/ingest_dwh_daily.py took 0.501 seconds
[2022-12-03T13:27:37.476+0000] {processor.py:154} INFO - 🤪 Started process (PID=556) to work on /airflow/dags/ingest_dwh_daily.py
[2022-12-03T13:27:37.478+0000] {processor.py:756} INFO - 🤪 Processing file /airflow/dags/ingest_dwh_daily.py for tasks to queue
[2022-12-03T13:27:37.480+0000] {logging_mixin.py:137} INFO - 🤪 [2022-12-03T13:27:37.480+0000] {dagbag.py:537} INFO - 🤪 Filling up the DagBag from /airflow/dags/ingest_dwh_daily.py
[2022-12-03T13:27:37.845+0000] {processor.py:766} INFO - 🤪 DAG(s) dict_keys(['get_raw_data_from_sources']) retrieved from /airflow/dags/ingest_dwh_daily.py
[2022-12-03T13:27:37.883+0000] {logging_mixin.py:137} INFO - 🤪 [2022-12-03T13:27:37.883+0000] {dag.py:2585} INFO - 🤪 Sync 1 DAGs
[2022-12-03T13:27:37.920+0000] {logging_mixin.py:137} INFO - 🤪 [2022-12-03T13:27:37.920+0000] {dag.py:3336} INFO - 🤪 Setting next_dagrun for get_raw_data_from_sources to 2022-12-02T19:00:00+00:00, run_after=2022-12-03T19:00:00+00:00
[2022-12-03T13:27:37.957+0000] {processor.py:176} INFO - 🤪 Processing /airflow/dags/ingest_dwh_daily.py took 0.487 seconds
[2022-12-03T13:28:08.083+0000] {processor.py:154} INFO - 🤪 Started process (PID=558) to work on /airflow/dags/ingest_dwh_daily.py
[2022-12-03T13:28:08.085+0000] {processor.py:756} INFO - 🤪 Processing file /airflow/dags/ingest_dwh_daily.py for tasks to queue
[2022-12-03T13:28:08.088+0000] {logging_mixin.py:137} INFO - 🤪 [2022-12-03T13:28:08.087+0000] {dagbag.py:537} INFO - 🤪 Filling up the DagBag from /airflow/dags/ingest_dwh_daily.py
[2022-12-03T13:28:08.474+0000] {processor.py:766} INFO - 🤪 DAG(s) dict_keys(['get_raw_data_from_sources']) retrieved from /airflow/dags/ingest_dwh_daily.py
[2022-12-03T13:28:08.510+0000] {logging_mixin.py:137} INFO - 🤪 [2022-12-03T13:28:08.509+0000] {dag.py:2585} INFO - 🤪 Sync 1 DAGs
[2022-12-03T13:28:08.546+0000] {logging_mixin.py:137} INFO - 🤪 [2022-12-03T13:28:08.546+0000] {dag.py:3336} INFO - 🤪 Setting next_dagrun for get_raw_data_from_sources to 2022-12-02T19:00:00+00:00, run_after=2022-12-03T19:00:00+00:00
[2022-12-03T13:28:08.588+0000] {processor.py:176} INFO - 🤪 Processing /airflow/dags/ingest_dwh_daily.py took 0.509 seconds
[2022-12-03T13:28:38.780+0000] {processor.py:154} INFO - 🤪 Started process (PID=560) to work on /airflow/dags/ingest_dwh_daily.py
[2022-12-03T13:28:38.788+0000] {processor.py:756} INFO - 🤪 Processing file /airflow/dags/ingest_dwh_daily.py for tasks to queue
[2022-12-03T13:28:38.790+0000] {logging_mixin.py:137} INFO - 🤪 [2022-12-03T13:28:38.790+0000] {dagbag.py:537} INFO - 🤪 Filling up the DagBag from /airflow/dags/ingest_dwh_daily.py
[2022-12-03T13:28:39.172+0000] {processor.py:766} INFO - 🤪 DAG(s) dict_keys(['get_raw_data_from_sources']) retrieved from /airflow/dags/ingest_dwh_daily.py
[2022-12-03T13:28:39.210+0000] {logging_mixin.py:137} INFO - 🤪 [2022-12-03T13:28:39.209+0000] {dag.py:2585} INFO - 🤪 Sync 1 DAGs
[2022-12-03T13:28:39.249+0000] {logging_mixin.py:137} INFO - 🤪 [2022-12-03T13:28:39.248+0000] {dag.py:3336} INFO - 🤪 Setting next_dagrun for get_raw_data_from_sources to 2022-12-02T19:00:00+00:00, run_after=2022-12-03T19:00:00+00:00
[2022-12-03T13:28:39.289+0000] {processor.py:176} INFO - 🤪 Processing /airflow/dags/ingest_dwh_daily.py took 0.513 seconds
[2022-12-03T13:29:09.489+0000] {processor.py:154} INFO - 🤪 Started process (PID=562) to work on /airflow/dags/ingest_dwh_daily.py
[2022-12-03T13:29:09.494+0000] {processor.py:756} INFO - 🤪 Processing file /airflow/dags/ingest_dwh_daily.py for tasks to queue
[2022-12-03T13:29:09.496+0000] {logging_mixin.py:137} INFO - 🤪 [2022-12-03T13:29:09.496+0000] {dagbag.py:537} INFO - 🤪 Filling up the DagBag from /airflow/dags/ingest_dwh_daily.py
[2022-12-03T13:29:09.880+0000] {processor.py:766} INFO - 🤪 DAG(s) dict_keys(['get_raw_data_from_sources']) retrieved from /airflow/dags/ingest_dwh_daily.py
[2022-12-03T13:29:09.918+0000] {logging_mixin.py:137} INFO - 🤪 [2022-12-03T13:29:09.918+0000] {dag.py:2585} INFO - 🤪 Sync 1 DAGs
[2022-12-03T13:29:09.956+0000] {logging_mixin.py:137} INFO - 🤪 [2022-12-03T13:29:09.956+0000] {dag.py:3336} INFO - 🤪 Setting next_dagrun for get_raw_data_from_sources to 2022-12-02T19:00:00+00:00, run_after=2022-12-03T19:00:00+00:00
[2022-12-03T13:29:09.989+0000] {processor.py:176} INFO - 🤪 Processing /airflow/dags/ingest_dwh_daily.py took 0.505 seconds
[2022-12-03T13:29:40.195+0000] {processor.py:154} INFO - 🤪 Started process (PID=564) to work on /airflow/dags/ingest_dwh_daily.py
[2022-12-03T13:29:40.200+0000] {processor.py:756} INFO - 🤪 Processing file /airflow/dags/ingest_dwh_daily.py for tasks to queue
[2022-12-03T13:29:40.202+0000] {logging_mixin.py:137} INFO - 🤪 [2022-12-03T13:29:40.202+0000] {dagbag.py:537} INFO - 🤪 Filling up the DagBag from /airflow/dags/ingest_dwh_daily.py
[2022-12-03T13:29:40.777+0000] {processor.py:766} INFO - 🤪 DAG(s) dict_keys(['get_raw_data_from_sources']) retrieved from /airflow/dags/ingest_dwh_daily.py
[2022-12-03T13:29:40.817+0000] {logging_mixin.py:137} INFO - 🤪 [2022-12-03T13:29:40.816+0000] {dag.py:2585} INFO - 🤪 Sync 1 DAGs
[2022-12-03T13:29:40.864+0000] {logging_mixin.py:137} INFO - 🤪 [2022-12-03T13:29:40.864+0000] {dag.py:3336} INFO - 🤪 Setting next_dagrun for get_raw_data_from_sources to 2022-12-02T19:00:00+00:00, run_after=2022-12-03T19:00:00+00:00
[2022-12-03T13:29:40.902+0000] {processor.py:176} INFO - 🤪 Processing /airflow/dags/ingest_dwh_daily.py took 0.714 seconds
[2022-12-03T13:30:11.098+0000] {processor.py:154} INFO - 🤪 Started process (PID=566) to work on /airflow/dags/ingest_dwh_daily.py
[2022-12-03T13:30:11.107+0000] {processor.py:756} INFO - 🤪 Processing file /airflow/dags/ingest_dwh_daily.py for tasks to queue
[2022-12-03T13:30:11.109+0000] {logging_mixin.py:137} INFO - 🤪 [2022-12-03T13:30:11.109+0000] {dagbag.py:537} INFO - 🤪 Filling up the DagBag from /airflow/dags/ingest_dwh_daily.py
[2022-12-03T13:30:11.498+0000] {processor.py:766} INFO - 🤪 DAG(s) dict_keys(['get_raw_data_from_sources']) retrieved from /airflow/dags/ingest_dwh_daily.py
[2022-12-03T13:30:11.538+0000] {logging_mixin.py:137} INFO - 🤪 [2022-12-03T13:30:11.538+0000] {dag.py:2585} INFO - 🤪 Sync 1 DAGs
[2022-12-03T13:30:11.574+0000] {logging_mixin.py:137} INFO - 🤪 [2022-12-03T13:30:11.574+0000] {dag.py:3336} INFO - 🤪 Setting next_dagrun for get_raw_data_from_sources to 2022-12-02T19:00:00+00:00, run_after=2022-12-03T19:00:00+00:00
[2022-12-03T13:30:11.604+0000] {processor.py:176} INFO - 🤪 Processing /airflow/dags/ingest_dwh_daily.py took 0.511 seconds
[2022-12-03T13:30:41.794+0000] {processor.py:154} INFO - 🤪 Started process (PID=568) to work on /airflow/dags/ingest_dwh_daily.py
[2022-12-03T13:30:41.802+0000] {processor.py:756} INFO - 🤪 Processing file /airflow/dags/ingest_dwh_daily.py for tasks to queue
[2022-12-03T13:30:41.805+0000] {logging_mixin.py:137} INFO - 🤪 [2022-12-03T13:30:41.804+0000] {dagbag.py:537} INFO - 🤪 Filling up the DagBag from /airflow/dags/ingest_dwh_daily.py
[2022-12-03T13:30:42.189+0000] {processor.py:766} INFO - 🤪 DAG(s) dict_keys(['get_raw_data_from_sources']) retrieved from /airflow/dags/ingest_dwh_daily.py
[2022-12-03T13:30:42.228+0000] {logging_mixin.py:137} INFO - 🤪 [2022-12-03T13:30:42.228+0000] {dag.py:2585} INFO - 🤪 Sync 1 DAGs
[2022-12-03T13:30:42.262+0000] {logging_mixin.py:137} INFO - 🤪 [2022-12-03T13:30:42.262+0000] {dag.py:3336} INFO - 🤪 Setting next_dagrun for get_raw_data_from_sources to 2022-12-02T19:00:00+00:00, run_after=2022-12-03T19:00:00+00:00
[2022-12-03T13:30:42.297+0000] {processor.py:176} INFO - 🤪 Processing /airflow/dags/ingest_dwh_daily.py took 0.508 seconds
[2022-12-03T13:31:12.491+0000] {processor.py:154} INFO - 🤪 Started process (PID=570) to work on /airflow/dags/ingest_dwh_daily.py
[2022-12-03T13:31:12.498+0000] {processor.py:756} INFO - 🤪 Processing file /airflow/dags/ingest_dwh_daily.py for tasks to queue
[2022-12-03T13:31:12.500+0000] {logging_mixin.py:137} INFO - 🤪 [2022-12-03T13:31:12.500+0000] {dagbag.py:537} INFO - 🤪 Filling up the DagBag from /airflow/dags/ingest_dwh_daily.py
[2022-12-03T13:31:12.841+0000] {processor.py:766} INFO - 🤪 DAG(s) dict_keys(['get_raw_data_from_sources']) retrieved from /airflow/dags/ingest_dwh_daily.py
[2022-12-03T13:31:12.879+0000] {logging_mixin.py:137} INFO - 🤪 [2022-12-03T13:31:12.879+0000] {dag.py:2585} INFO - 🤪 Sync 1 DAGs
[2022-12-03T13:31:12.913+0000] {logging_mixin.py:137} INFO - 🤪 [2022-12-03T13:31:12.913+0000] {dag.py:3336} INFO - 🤪 Setting next_dagrun for get_raw_data_from_sources to 2022-12-02T19:00:00+00:00, run_after=2022-12-03T19:00:00+00:00
[2022-12-03T13:31:12.936+0000] {processor.py:176} INFO - 🤪 Processing /airflow/dags/ingest_dwh_daily.py took 0.449 seconds
[2022-12-03T15:16:17.539+0000] {processor.py:154} INFO - 🤪 Started process (PID=45) to work on /airflow/dags/ingest_dwh_daily.py
[2022-12-03T15:16:17.543+0000] {processor.py:756} INFO - 🤪 Processing file /airflow/dags/ingest_dwh_daily.py for tasks to queue
[2022-12-03T15:16:17.553+0000] {logging_mixin.py:137} INFO - 🤪 [2022-12-03T15:16:17.553+0000] {dagbag.py:537} INFO - 🤪 Filling up the DagBag from /airflow/dags/ingest_dwh_daily.py
[2022-12-03T15:16:17.983+0000] {processor.py:766} INFO - 🤪 DAG(s) dict_keys(['get_raw_data_from_sources']) retrieved from /airflow/dags/ingest_dwh_daily.py
[2022-12-03T15:16:18.091+0000] {logging_mixin.py:137} INFO - 🤪 [2022-12-03T15:16:18.091+0000] {manager.py:507} INFO - 🤪 Created Permission View: can edit on DAG:get_raw_data_from_sources
[2022-12-03T15:16:18.101+0000] {logging_mixin.py:137} INFO - 🤪 [2022-12-03T15:16:18.100+0000] {manager.py:507} INFO - 🤪 Created Permission View: can delete on DAG:get_raw_data_from_sources
[2022-12-03T15:16:18.109+0000] {logging_mixin.py:137} INFO - 🤪 [2022-12-03T15:16:18.109+0000] {manager.py:507} INFO - 🤪 Created Permission View: can read on DAG:get_raw_data_from_sources
[2022-12-03T15:16:18.110+0000] {logging_mixin.py:137} INFO - 🤪 [2022-12-03T15:16:18.110+0000] {dag.py:2585} INFO - 🤪 Sync 1 DAGs
[2022-12-03T15:16:18.121+0000] {logging_mixin.py:137} INFO - 🤪 [2022-12-03T15:16:18.121+0000] {dag.py:2606} INFO - 🤪 Creating ORM DAG for get_raw_data_from_sources
[2022-12-03T15:16:18.133+0000] {logging_mixin.py:137} INFO - 🤪 [2022-12-03T15:16:18.133+0000] {dag.py:3336} INFO - 🤪 Setting next_dagrun for get_raw_data_from_sources to 2022-12-01T19:00:00+00:00, run_after=2022-12-02T19:00:00+00:00
[2022-12-03T15:16:18.153+0000] {processor.py:176} INFO - 🤪 Processing /airflow/dags/ingest_dwh_daily.py took 0.617 seconds
[2022-12-03T15:16:49.119+0000] {processor.py:154} INFO - 🤪 Started process (PID=51) to work on /airflow/dags/ingest_dwh_daily.py
[2022-12-03T15:16:49.121+0000] {processor.py:756} INFO - 🤪 Processing file /airflow/dags/ingest_dwh_daily.py for tasks to queue
[2022-12-03T15:16:49.127+0000] {logging_mixin.py:137} INFO - 🤪 [2022-12-03T15:16:49.127+0000] {dagbag.py:537} INFO - 🤪 Filling up the DagBag from /airflow/dags/ingest_dwh_daily.py
[2022-12-03T15:16:49.543+0000] {processor.py:766} INFO - 🤪 DAG(s) dict_keys(['get_raw_data_from_sources']) retrieved from /airflow/dags/ingest_dwh_daily.py
[2022-12-03T15:16:49.577+0000] {logging_mixin.py:137} INFO - 🤪 [2022-12-03T15:16:49.577+0000] {dag.py:2585} INFO - 🤪 Sync 1 DAGs
[2022-12-03T15:16:49.606+0000] {logging_mixin.py:137} INFO - 🤪 [2022-12-03T15:16:49.606+0000] {dag.py:3336} INFO - 🤪 Setting next_dagrun for get_raw_data_from_sources to 2022-12-01T19:00:00+00:00, run_after=2022-12-02T19:00:00+00:00
[2022-12-03T15:16:49.634+0000] {processor.py:176} INFO - 🤪 Processing /airflow/dags/ingest_dwh_daily.py took 0.520 seconds
[2022-12-03T15:17:20.695+0000] {processor.py:154} INFO - 🤪 Started process (PID=53) to work on /airflow/dags/ingest_dwh_daily.py
[2022-12-03T15:17:20.698+0000] {processor.py:756} INFO - 🤪 Processing file /airflow/dags/ingest_dwh_daily.py for tasks to queue
[2022-12-03T15:17:20.700+0000] {logging_mixin.py:137} INFO - 🤪 [2022-12-03T15:17:20.700+0000] {dagbag.py:537} INFO - 🤪 Filling up the DagBag from /airflow/dags/ingest_dwh_daily.py
[2022-12-03T15:17:21.097+0000] {processor.py:766} INFO - 🤪 DAG(s) dict_keys(['get_raw_data_from_sources']) retrieved from /airflow/dags/ingest_dwh_daily.py
[2022-12-03T15:17:21.128+0000] {logging_mixin.py:137} INFO - 🤪 [2022-12-03T15:17:21.127+0000] {dag.py:2585} INFO - 🤪 Sync 1 DAGs
[2022-12-03T15:17:21.156+0000] {logging_mixin.py:137} INFO - 🤪 [2022-12-03T15:17:21.156+0000] {dag.py:3336} INFO - 🤪 Setting next_dagrun for get_raw_data_from_sources to 2022-12-01T19:00:00+00:00, run_after=2022-12-02T19:00:00+00:00
[2022-12-03T15:17:21.184+0000] {processor.py:176} INFO - 🤪 Processing /airflow/dags/ingest_dwh_daily.py took 0.493 seconds
[2022-12-03T15:17:51.507+0000] {processor.py:154} INFO - 🤪 Started process (PID=55) to work on /airflow/dags/ingest_dwh_daily.py
[2022-12-03T15:17:51.509+0000] {processor.py:756} INFO - 🤪 Processing file /airflow/dags/ingest_dwh_daily.py for tasks to queue
[2022-12-03T15:17:51.510+0000] {logging_mixin.py:137} INFO - 🤪 [2022-12-03T15:17:51.510+0000] {dagbag.py:537} INFO - 🤪 Filling up the DagBag from /airflow/dags/ingest_dwh_daily.py
[2022-12-03T15:17:51.913+0000] {processor.py:766} INFO - 🤪 DAG(s) dict_keys(['get_raw_data_from_sources']) retrieved from /airflow/dags/ingest_dwh_daily.py
[2022-12-03T15:17:51.936+0000] {logging_mixin.py:137} INFO - 🤪 [2022-12-03T15:17:51.936+0000] {dag.py:2585} INFO - 🤪 Sync 1 DAGs
[2022-12-03T15:17:51.958+0000] {logging_mixin.py:137} INFO - 🤪 [2022-12-03T15:17:51.958+0000] {dag.py:3336} INFO - 🤪 Setting next_dagrun for get_raw_data_from_sources to 2022-12-01T19:00:00+00:00, run_after=2022-12-02T19:00:00+00:00
[2022-12-03T15:17:51.984+0000] {processor.py:176} INFO - 🤪 Processing /airflow/dags/ingest_dwh_daily.py took 0.482 seconds
[2022-12-03T15:18:22.966+0000] {processor.py:154} INFO - 🤪 Started process (PID=57) to work on /airflow/dags/ingest_dwh_daily.py
[2022-12-03T15:18:22.968+0000] {processor.py:756} INFO - 🤪 Processing file /airflow/dags/ingest_dwh_daily.py for tasks to queue
[2022-12-03T15:18:22.970+0000] {logging_mixin.py:137} INFO - 🤪 [2022-12-03T15:18:22.969+0000] {dagbag.py:537} INFO - 🤪 Filling up the DagBag from /airflow/dags/ingest_dwh_daily.py
[2022-12-03T15:18:23.392+0000] {processor.py:766} INFO - 🤪 DAG(s) dict_keys(['get_raw_data_from_sources']) retrieved from /airflow/dags/ingest_dwh_daily.py
[2022-12-03T15:18:23.423+0000] {logging_mixin.py:137} INFO - 🤪 [2022-12-03T15:18:23.423+0000] {dag.py:2585} INFO - 🤪 Sync 1 DAGs
[2022-12-03T15:18:23.453+0000] {logging_mixin.py:137} INFO - 🤪 [2022-12-03T15:18:23.452+0000] {dag.py:3336} INFO - 🤪 Setting next_dagrun for get_raw_data_from_sources to 2022-12-01T19:00:00+00:00, run_after=2022-12-02T19:00:00+00:00
[2022-12-03T15:18:23.477+0000] {processor.py:176} INFO - 🤪 Processing /airflow/dags/ingest_dwh_daily.py took 0.516 seconds
[2022-12-03T15:18:54.576+0000] {processor.py:154} INFO - 🤪 Started process (PID=59) to work on /airflow/dags/ingest_dwh_daily.py
[2022-12-03T15:18:54.584+0000] {processor.py:756} INFO - 🤪 Processing file /airflow/dags/ingest_dwh_daily.py for tasks to queue
[2022-12-03T15:18:54.586+0000] {logging_mixin.py:137} INFO - 🤪 [2022-12-03T15:18:54.585+0000] {dagbag.py:537} INFO - 🤪 Filling up the DagBag from /airflow/dags/ingest_dwh_daily.py
[2022-12-03T15:18:54.958+0000] {processor.py:766} INFO - 🤪 DAG(s) dict_keys(['get_raw_data_from_sources']) retrieved from /airflow/dags/ingest_dwh_daily.py
[2022-12-03T15:18:54.980+0000] {logging_mixin.py:137} INFO - 🤪 [2022-12-03T15:18:54.980+0000] {dag.py:2585} INFO - 🤪 Sync 1 DAGs
[2022-12-03T15:18:55.003+0000] {logging_mixin.py:137} INFO - 🤪 [2022-12-03T15:18:55.003+0000] {dag.py:3336} INFO - 🤪 Setting next_dagrun for get_raw_data_from_sources to 2022-12-01T19:00:00+00:00, run_after=2022-12-02T19:00:00+00:00
[2022-12-03T15:18:55.022+0000] {processor.py:176} INFO - 🤪 Processing /airflow/dags/ingest_dwh_daily.py took 0.450 seconds
[2022-12-03T15:19:25.380+0000] {processor.py:154} INFO - 🤪 Started process (PID=61) to work on /airflow/dags/ingest_dwh_daily.py
[2022-12-03T15:19:25.398+0000] {processor.py:756} INFO - 🤪 Processing file /airflow/dags/ingest_dwh_daily.py for tasks to queue
[2022-12-03T15:19:25.405+0000] {logging_mixin.py:137} INFO - 🤪 [2022-12-03T15:19:25.405+0000] {dagbag.py:537} INFO - 🤪 Filling up the DagBag from /airflow/dags/ingest_dwh_daily.py
[2022-12-03T15:19:25.830+0000] {processor.py:766} INFO - 🤪 DAG(s) dict_keys(['get_raw_data_from_sources']) retrieved from /airflow/dags/ingest_dwh_daily.py
[2022-12-03T15:19:25.856+0000] {logging_mixin.py:137} INFO - 🤪 [2022-12-03T15:19:25.856+0000] {dag.py:2585} INFO - 🤪 Sync 1 DAGs
[2022-12-03T15:19:25.883+0000] {logging_mixin.py:137} INFO - 🤪 [2022-12-03T15:19:25.883+0000] {dag.py:3336} INFO - 🤪 Setting next_dagrun for get_raw_data_from_sources to 2022-12-01T19:00:00+00:00, run_after=2022-12-02T19:00:00+00:00
[2022-12-03T15:19:25.913+0000] {processor.py:176} INFO - 🤪 Processing /airflow/dags/ingest_dwh_daily.py took 0.538 seconds
[2022-12-03T15:19:56.173+0000] {processor.py:154} INFO - 🤪 Started process (PID=63) to work on /airflow/dags/ingest_dwh_daily.py
[2022-12-03T15:19:56.181+0000] {processor.py:756} INFO - 🤪 Processing file /airflow/dags/ingest_dwh_daily.py for tasks to queue
[2022-12-03T15:19:56.184+0000] {logging_mixin.py:137} INFO - 🤪 [2022-12-03T15:19:56.184+0000] {dagbag.py:537} INFO - 🤪 Filling up the DagBag from /airflow/dags/ingest_dwh_daily.py
[2022-12-03T15:19:56.567+0000] {processor.py:766} INFO - 🤪 DAG(s) dict_keys(['get_raw_data_from_sources']) retrieved from /airflow/dags/ingest_dwh_daily.py
[2022-12-03T15:19:56.590+0000] {logging_mixin.py:137} INFO - 🤪 [2022-12-03T15:19:56.589+0000] {dag.py:2585} INFO - 🤪 Sync 1 DAGs
[2022-12-03T15:19:56.611+0000] {logging_mixin.py:137} INFO - 🤪 [2022-12-03T15:19:56.610+0000] {dag.py:3336} INFO - 🤪 Setting next_dagrun for get_raw_data_from_sources to 2022-12-01T19:00:00+00:00, run_after=2022-12-02T19:00:00+00:00
[2022-12-03T15:19:56.631+0000] {processor.py:176} INFO - 🤪 Processing /airflow/dags/ingest_dwh_daily.py took 0.485 seconds
[2022-12-03T15:20:26.921+0000] {processor.py:154} INFO - 🤪 Started process (PID=65) to work on /airflow/dags/ingest_dwh_daily.py
[2022-12-03T15:20:26.929+0000] {processor.py:756} INFO - 🤪 Processing file /airflow/dags/ingest_dwh_daily.py for tasks to queue
[2022-12-03T15:20:26.931+0000] {logging_mixin.py:137} INFO - 🤪 [2022-12-03T15:20:26.931+0000] {dagbag.py:537} INFO - 🤪 Filling up the DagBag from /airflow/dags/ingest_dwh_daily.py
[2022-12-03T15:20:27.370+0000] {processor.py:766} INFO - 🤪 DAG(s) dict_keys(['get_raw_data_from_sources']) retrieved from /airflow/dags/ingest_dwh_daily.py
[2022-12-03T15:20:27.402+0000] {logging_mixin.py:137} INFO - 🤪 [2022-12-03T15:20:27.401+0000] {dag.py:2585} INFO - 🤪 Sync 1 DAGs
[2022-12-03T15:20:27.431+0000] {logging_mixin.py:137} INFO - 🤪 [2022-12-03T15:20:27.431+0000] {dag.py:3336} INFO - 🤪 Setting next_dagrun for get_raw_data_from_sources to 2022-12-01T19:00:00+00:00, run_after=2022-12-02T19:00:00+00:00
[2022-12-03T15:20:27.461+0000] {processor.py:176} INFO - 🤪 Processing /airflow/dags/ingest_dwh_daily.py took 0.545 seconds
[2022-12-03T15:20:57.682+0000] {processor.py:154} INFO - 🤪 Started process (PID=67) to work on /airflow/dags/ingest_dwh_daily.py
[2022-12-03T15:20:57.684+0000] {processor.py:756} INFO - 🤪 Processing file /airflow/dags/ingest_dwh_daily.py for tasks to queue
[2022-12-03T15:20:57.686+0000] {logging_mixin.py:137} INFO - 🤪 [2022-12-03T15:20:57.686+0000] {dagbag.py:537} INFO - 🤪 Filling up the DagBag from /airflow/dags/ingest_dwh_daily.py
[2022-12-03T15:20:58.069+0000] {processor.py:766} INFO - 🤪 DAG(s) dict_keys(['get_raw_data_from_sources']) retrieved from /airflow/dags/ingest_dwh_daily.py
[2022-12-03T15:20:58.091+0000] {logging_mixin.py:137} INFO - 🤪 [2022-12-03T15:20:58.091+0000] {dag.py:2585} INFO - 🤪 Sync 1 DAGs
[2022-12-03T15:20:58.114+0000] {logging_mixin.py:137} INFO - 🤪 [2022-12-03T15:20:58.113+0000] {dag.py:3336} INFO - 🤪 Setting next_dagrun for get_raw_data_from_sources to 2022-12-01T19:00:00+00:00, run_after=2022-12-02T19:00:00+00:00
[2022-12-03T15:20:58.132+0000] {processor.py:176} INFO - 🤪 Processing /airflow/dags/ingest_dwh_daily.py took 0.455 seconds
[2022-12-03T15:21:28.750+0000] {processor.py:154} INFO - 🤪 Started process (PID=69) to work on /airflow/dags/ingest_dwh_daily.py
[2022-12-03T15:21:28.754+0000] {processor.py:756} INFO - 🤪 Processing file /airflow/dags/ingest_dwh_daily.py for tasks to queue
[2022-12-03T15:21:28.758+0000] {logging_mixin.py:137} INFO - 🤪 [2022-12-03T15:21:28.758+0000] {dagbag.py:537} INFO - 🤪 Filling up the DagBag from /airflow/dags/ingest_dwh_daily.py
[2022-12-03T15:21:29.372+0000] {processor.py:766} INFO - 🤪 DAG(s) dict_keys(['get_raw_data_from_sources']) retrieved from /airflow/dags/ingest_dwh_daily.py
[2022-12-03T15:21:29.395+0000] {logging_mixin.py:137} INFO - 🤪 [2022-12-03T15:21:29.395+0000] {dag.py:2585} INFO - 🤪 Sync 1 DAGs
[2022-12-03T15:21:29.419+0000] {logging_mixin.py:137} INFO - 🤪 [2022-12-03T15:21:29.418+0000] {dag.py:3336} INFO - 🤪 Setting next_dagrun for get_raw_data_from_sources to 2022-12-01T19:00:00+00:00, run_after=2022-12-02T19:00:00+00:00
[2022-12-03T15:21:29.445+0000] {processor.py:176} INFO - 🤪 Processing /airflow/dags/ingest_dwh_daily.py took 0.711 seconds
[2022-12-03T15:21:59.668+0000] {processor.py:154} INFO - 🤪 Started process (PID=71) to work on /airflow/dags/ingest_dwh_daily.py
[2022-12-03T15:21:59.675+0000] {processor.py:756} INFO - 🤪 Processing file /airflow/dags/ingest_dwh_daily.py for tasks to queue
[2022-12-03T15:21:59.682+0000] {logging_mixin.py:137} INFO - 🤪 [2022-12-03T15:21:59.680+0000] {dagbag.py:537} INFO - 🤪 Filling up the DagBag from /airflow/dags/ingest_dwh_daily.py
[2022-12-03T15:22:00.339+0000] {processor.py:766} INFO - 🤪 DAG(s) dict_keys(['get_raw_data_from_sources']) retrieved from /airflow/dags/ingest_dwh_daily.py
[2022-12-03T15:22:00.425+0000] {logging_mixin.py:137} INFO - 🤪 [2022-12-03T15:22:00.424+0000] {dag.py:2585} INFO - 🤪 Sync 1 DAGs
[2022-12-03T15:22:00.496+0000] {logging_mixin.py:137} INFO - 🤪 [2022-12-03T15:22:00.496+0000] {dag.py:3336} INFO - 🤪 Setting next_dagrun for get_raw_data_from_sources to 2022-12-01T19:00:00+00:00, run_after=2022-12-02T19:00:00+00:00
[2022-12-03T15:22:00.530+0000] {processor.py:176} INFO - 🤪 Processing /airflow/dags/ingest_dwh_daily.py took 0.871 seconds
[2022-12-03T15:22:30.691+0000] {processor.py:154} INFO - 🤪 Started process (PID=73) to work on /airflow/dags/ingest_dwh_daily.py
[2022-12-03T15:22:30.693+0000] {processor.py:756} INFO - 🤪 Processing file /airflow/dags/ingest_dwh_daily.py for tasks to queue
[2022-12-03T15:22:30.695+0000] {logging_mixin.py:137} INFO - 🤪 [2022-12-03T15:22:30.694+0000] {dagbag.py:537} INFO - 🤪 Filling up the DagBag from /airflow/dags/ingest_dwh_daily.py
[2022-12-03T15:22:31.185+0000] {processor.py:766} INFO - 🤪 DAG(s) dict_keys(['get_raw_data_from_sources']) retrieved from /airflow/dags/ingest_dwh_daily.py
[2022-12-03T15:22:31.206+0000] {logging_mixin.py:137} INFO - 🤪 [2022-12-03T15:22:31.206+0000] {dag.py:2585} INFO - 🤪 Sync 1 DAGs
[2022-12-03T15:22:31.229+0000] {logging_mixin.py:137} INFO - 🤪 [2022-12-03T15:22:31.229+0000] {dag.py:3336} INFO - 🤪 Setting next_dagrun for get_raw_data_from_sources to 2022-12-01T19:00:00+00:00, run_after=2022-12-02T19:00:00+00:00
[2022-12-03T15:22:31.257+0000] {processor.py:176} INFO - 🤪 Processing /airflow/dags/ingest_dwh_daily.py took 0.570 seconds
[2022-12-03T15:23:01.443+0000] {processor.py:154} INFO - 🤪 Started process (PID=75) to work on /airflow/dags/ingest_dwh_daily.py
[2022-12-03T15:23:01.445+0000] {processor.py:756} INFO - 🤪 Processing file /airflow/dags/ingest_dwh_daily.py for tasks to queue
[2022-12-03T15:23:01.446+0000] {logging_mixin.py:137} INFO - 🤪 [2022-12-03T15:23:01.446+0000] {dagbag.py:537} INFO - 🤪 Filling up the DagBag from /airflow/dags/ingest_dwh_daily.py
[2022-12-03T15:23:01.775+0000] {processor.py:766} INFO - 🤪 DAG(s) dict_keys(['get_raw_data_from_sources']) retrieved from /airflow/dags/ingest_dwh_daily.py
[2022-12-03T15:23:01.797+0000] {logging_mixin.py:137} INFO - 🤪 [2022-12-03T15:23:01.797+0000] {dag.py:2585} INFO - 🤪 Sync 1 DAGs
[2022-12-03T15:23:01.819+0000] {logging_mixin.py:137} INFO - 🤪 [2022-12-03T15:23:01.819+0000] {dag.py:3336} INFO - 🤪 Setting next_dagrun for get_raw_data_from_sources to 2022-12-01T19:00:00+00:00, run_after=2022-12-02T19:00:00+00:00
[2022-12-03T15:23:01.844+0000] {processor.py:176} INFO - 🤪 Processing /airflow/dags/ingest_dwh_daily.py took 0.406 seconds
[2022-12-03T15:23:32.062+0000] {processor.py:154} INFO - 🤪 Started process (PID=77) to work on /airflow/dags/ingest_dwh_daily.py
[2022-12-03T15:23:32.064+0000] {processor.py:756} INFO - 🤪 Processing file /airflow/dags/ingest_dwh_daily.py for tasks to queue
[2022-12-03T15:23:32.066+0000] {logging_mixin.py:137} INFO - 🤪 [2022-12-03T15:23:32.065+0000] {dagbag.py:537} INFO - 🤪 Filling up the DagBag from /airflow/dags/ingest_dwh_daily.py
[2022-12-03T15:23:32.430+0000] {processor.py:766} INFO - 🤪 DAG(s) dict_keys(['get_raw_data_from_sources']) retrieved from /airflow/dags/ingest_dwh_daily.py
[2022-12-03T15:23:32.451+0000] {logging_mixin.py:137} INFO - 🤪 [2022-12-03T15:23:32.451+0000] {dag.py:2585} INFO - 🤪 Sync 1 DAGs
[2022-12-03T15:23:32.472+0000] {logging_mixin.py:137} INFO - 🤪 [2022-12-03T15:23:32.472+0000] {dag.py:3336} INFO - 🤪 Setting next_dagrun for get_raw_data_from_sources to 2022-12-01T19:00:00+00:00, run_after=2022-12-02T19:00:00+00:00
[2022-12-03T15:23:32.497+0000] {processor.py:176} INFO - 🤪 Processing /airflow/dags/ingest_dwh_daily.py took 0.439 seconds
[2022-12-03T15:24:02.683+0000] {processor.py:154} INFO - 🤪 Started process (PID=79) to work on /airflow/dags/ingest_dwh_daily.py
[2022-12-03T15:24:02.690+0000] {processor.py:756} INFO - 🤪 Processing file /airflow/dags/ingest_dwh_daily.py for tasks to queue
[2022-12-03T15:24:02.692+0000] {logging_mixin.py:137} INFO - 🤪 [2022-12-03T15:24:02.692+0000] {dagbag.py:537} INFO - 🤪 Filling up the DagBag from /airflow/dags/ingest_dwh_daily.py
[2022-12-03T15:24:02.941+0000] {processor.py:766} INFO - 🤪 DAG(s) dict_keys(['get_raw_data_from_sources']) retrieved from /airflow/dags/ingest_dwh_daily.py
[2022-12-03T15:24:02.967+0000] {logging_mixin.py:137} INFO - 🤪 [2022-12-03T15:24:02.967+0000] {dag.py:2585} INFO - 🤪 Sync 1 DAGs
[2022-12-03T15:24:02.993+0000] {logging_mixin.py:137} INFO - 🤪 [2022-12-03T15:24:02.992+0000] {dag.py:3336} INFO - 🤪 Setting next_dagrun for get_raw_data_from_sources to 2022-12-01T19:00:00+00:00, run_after=2022-12-02T19:00:00+00:00
[2022-12-03T15:24:03.019+0000] {processor.py:176} INFO - 🤪 Processing /airflow/dags/ingest_dwh_daily.py took 0.340 seconds
[2022-12-03T15:24:33.204+0000] {processor.py:154} INFO - 🤪 Started process (PID=81) to work on /airflow/dags/ingest_dwh_daily.py
[2022-12-03T15:24:33.205+0000] {processor.py:756} INFO - 🤪 Processing file /airflow/dags/ingest_dwh_daily.py for tasks to queue
[2022-12-03T15:24:33.207+0000] {logging_mixin.py:137} INFO - 🤪 [2022-12-03T15:24:33.207+0000] {dagbag.py:537} INFO - 🤪 Filling up the DagBag from /airflow/dags/ingest_dwh_daily.py
[2022-12-03T15:24:33.465+0000] {processor.py:766} INFO - 🤪 DAG(s) dict_keys(['get_raw_data_from_sources']) retrieved from /airflow/dags/ingest_dwh_daily.py
[2022-12-03T15:24:33.490+0000] {logging_mixin.py:137} INFO - 🤪 [2022-12-03T15:24:33.490+0000] {dag.py:2585} INFO - 🤪 Sync 1 DAGs
[2022-12-03T15:24:33.518+0000] {logging_mixin.py:137} INFO - 🤪 [2022-12-03T15:24:33.518+0000] {dag.py:3336} INFO - 🤪 Setting next_dagrun for get_raw_data_from_sources to 2022-12-01T19:00:00+00:00, run_after=2022-12-02T19:00:00+00:00
[2022-12-03T15:24:33.537+0000] {processor.py:176} INFO - 🤪 Processing /airflow/dags/ingest_dwh_daily.py took 0.338 seconds
[2022-12-03T15:25:03.798+0000] {processor.py:154} INFO - 🤪 Started process (PID=83) to work on /airflow/dags/ingest_dwh_daily.py
[2022-12-03T15:25:03.804+0000] {processor.py:756} INFO - 🤪 Processing file /airflow/dags/ingest_dwh_daily.py for tasks to queue
[2022-12-03T15:25:03.809+0000] {logging_mixin.py:137} INFO - 🤪 [2022-12-03T15:25:03.808+0000] {dagbag.py:537} INFO - 🤪 Filling up the DagBag from /airflow/dags/ingest_dwh_daily.py
[2022-12-03T15:25:04.496+0000] {processor.py:766} INFO - 🤪 DAG(s) dict_keys(['get_raw_data_from_sources']) retrieved from /airflow/dags/ingest_dwh_daily.py
[2022-12-03T15:25:04.560+0000] {logging_mixin.py:137} INFO - 🤪 [2022-12-03T15:25:04.560+0000] {dag.py:2585} INFO - 🤪 Sync 1 DAGs
[2022-12-03T15:25:04.603+0000] {logging_mixin.py:137} INFO - 🤪 [2022-12-03T15:25:04.603+0000] {dag.py:3336} INFO - 🤪 Setting next_dagrun for get_raw_data_from_sources to 2022-12-01T19:00:00+00:00, run_after=2022-12-02T19:00:00+00:00
[2022-12-03T15:25:04.635+0000] {processor.py:176} INFO - 🤪 Processing /airflow/dags/ingest_dwh_daily.py took 0.848 seconds
[2022-12-03T15:25:34.824+0000] {processor.py:154} INFO - 🤪 Started process (PID=85) to work on /airflow/dags/ingest_dwh_daily.py
[2022-12-03T15:25:34.833+0000] {processor.py:756} INFO - 🤪 Processing file /airflow/dags/ingest_dwh_daily.py for tasks to queue
[2022-12-03T15:25:34.835+0000] {logging_mixin.py:137} INFO - 🤪 [2022-12-03T15:25:34.835+0000] {dagbag.py:537} INFO - 🤪 Filling up the DagBag from /airflow/dags/ingest_dwh_daily.py
[2022-12-03T15:25:35.075+0000] {processor.py:766} INFO - 🤪 DAG(s) dict_keys(['get_raw_data_from_sources']) retrieved from /airflow/dags/ingest_dwh_daily.py
[2022-12-03T15:25:35.101+0000] {logging_mixin.py:137} INFO - 🤪 [2022-12-03T15:25:35.101+0000] {dag.py:2585} INFO - 🤪 Sync 1 DAGs
[2022-12-03T15:25:35.127+0000] {logging_mixin.py:137} INFO - 🤪 [2022-12-03T15:25:35.126+0000] {dag.py:3336} INFO - 🤪 Setting next_dagrun for get_raw_data_from_sources to 2022-12-01T19:00:00+00:00, run_after=2022-12-02T19:00:00+00:00
[2022-12-03T15:25:35.152+0000] {processor.py:176} INFO - 🤪 Processing /airflow/dags/ingest_dwh_daily.py took 0.334 seconds
[2022-12-03T15:26:05.304+0000] {processor.py:154} INFO - 🤪 Started process (PID=87) to work on /airflow/dags/ingest_dwh_daily.py
[2022-12-03T15:26:05.312+0000] {processor.py:756} INFO - 🤪 Processing file /airflow/dags/ingest_dwh_daily.py for tasks to queue
[2022-12-03T15:26:05.314+0000] {logging_mixin.py:137} INFO - 🤪 [2022-12-03T15:26:05.314+0000] {dagbag.py:537} INFO - 🤪 Filling up the DagBag from /airflow/dags/ingest_dwh_daily.py
[2022-12-03T15:26:05.565+0000] {processor.py:766} INFO - 🤪 DAG(s) dict_keys(['get_raw_data_from_sources']) retrieved from /airflow/dags/ingest_dwh_daily.py
[2022-12-03T15:26:05.590+0000] {logging_mixin.py:137} INFO - 🤪 [2022-12-03T15:26:05.590+0000] {dag.py:2585} INFO - 🤪 Sync 1 DAGs
[2022-12-03T15:26:05.614+0000] {logging_mixin.py:137} INFO - 🤪 [2022-12-03T15:26:05.614+0000] {dag.py:3336} INFO - 🤪 Setting next_dagrun for get_raw_data_from_sources to 2022-12-01T19:00:00+00:00, run_after=2022-12-02T19:00:00+00:00
[2022-12-03T15:26:05.640+0000] {processor.py:176} INFO - 🤪 Processing /airflow/dags/ingest_dwh_daily.py took 0.340 seconds
[2022-12-03T15:26:35.788+0000] {processor.py:154} INFO - 🤪 Started process (PID=89) to work on /airflow/dags/ingest_dwh_daily.py
[2022-12-03T15:26:35.790+0000] {processor.py:756} INFO - 🤪 Processing file /airflow/dags/ingest_dwh_daily.py for tasks to queue
[2022-12-03T15:26:35.792+0000] {logging_mixin.py:137} INFO - 🤪 [2022-12-03T15:26:35.792+0000] {dagbag.py:537} INFO - 🤪 Filling up the DagBag from /airflow/dags/ingest_dwh_daily.py
[2022-12-03T15:26:36.029+0000] {processor.py:766} INFO - 🤪 DAG(s) dict_keys(['get_raw_data_from_sources']) retrieved from /airflow/dags/ingest_dwh_daily.py
[2022-12-03T15:26:36.056+0000] {logging_mixin.py:137} INFO - 🤪 [2022-12-03T15:26:36.056+0000] {dag.py:2585} INFO - 🤪 Sync 1 DAGs
[2022-12-03T15:26:36.079+0000] {logging_mixin.py:137} INFO - 🤪 [2022-12-03T15:26:36.078+0000] {dag.py:3336} INFO - 🤪 Setting next_dagrun for get_raw_data_from_sources to 2022-12-01T19:00:00+00:00, run_after=2022-12-02T19:00:00+00:00
[2022-12-03T15:26:36.102+0000] {processor.py:176} INFO - 🤪 Processing /airflow/dags/ingest_dwh_daily.py took 0.319 seconds
[2022-12-03T15:46:57.515+0000] {processor.py:154} INFO - 🤪 Started process (PID=93) to work on /airflow/dags/ingest_dwh_daily.py
[2022-12-03T15:46:57.523+0000] {processor.py:756} INFO - 🤪 Processing file /airflow/dags/ingest_dwh_daily.py for tasks to queue
[2022-12-03T15:46:57.528+0000] {logging_mixin.py:137} INFO - 🤪 [2022-12-03T15:46:57.528+0000] {dagbag.py:537} INFO - 🤪 Filling up the DagBag from /airflow/dags/ingest_dwh_daily.py
[2022-12-03T15:46:59.120+0000] {processor.py:766} INFO - 🤪 DAG(s) dict_keys(['get_raw_data_from_sources']) retrieved from /airflow/dags/ingest_dwh_daily.py
[2022-12-03T15:46:59.252+0000] {logging_mixin.py:137} INFO - 🤪 [2022-12-03T15:46:59.251+0000] {dag.py:2585} INFO - 🤪 Sync 1 DAGs
[2022-12-03T15:46:59.371+0000] {logging_mixin.py:137} INFO - 🤪 [2022-12-03T15:46:59.370+0000] {dag.py:3336} INFO - 🤪 Setting next_dagrun for get_raw_data_from_sources to 2022-12-01T19:00:00+00:00, run_after=2022-12-02T19:00:00+00:00
[2022-12-03T15:46:59.470+0000] {processor.py:176} INFO - 🤪 Processing /airflow/dags/ingest_dwh_daily.py took 1.969 seconds
[2022-12-03T15:47:29.756+0000] {processor.py:154} INFO - 🤪 Started process (PID=99) to work on /airflow/dags/ingest_dwh_daily.py
[2022-12-03T15:47:29.764+0000] {processor.py:756} INFO - 🤪 Processing file /airflow/dags/ingest_dwh_daily.py for tasks to queue
[2022-12-03T15:47:29.765+0000] {logging_mixin.py:137} INFO - 🤪 [2022-12-03T15:47:29.765+0000] {dagbag.py:537} INFO - 🤪 Filling up the DagBag from /airflow/dags/ingest_dwh_daily.py
[2022-12-03T15:47:29.997+0000] {processor.py:766} INFO - 🤪 DAG(s) dict_keys(['get_raw_data_from_sources']) retrieved from /airflow/dags/ingest_dwh_daily.py
[2022-12-03T15:47:30.022+0000] {logging_mixin.py:137} INFO - 🤪 [2022-12-03T15:47:30.022+0000] {dag.py:2585} INFO - 🤪 Sync 1 DAGs
[2022-12-03T15:47:30.045+0000] {logging_mixin.py:137} INFO - 🤪 [2022-12-03T15:47:30.045+0000] {dag.py:3336} INFO - 🤪 Setting next_dagrun for get_raw_data_from_sources to 2022-12-01T19:00:00+00:00, run_after=2022-12-02T19:00:00+00:00
[2022-12-03T15:47:30.071+0000] {processor.py:176} INFO - 🤪 Processing /airflow/dags/ingest_dwh_daily.py took 0.321 seconds
[2022-12-03T15:48:56.791+0000] {processor.py:154} INFO - 🤪 Started process (PID=101) to work on /airflow/dags/ingest_dwh_daily.py
[2022-12-03T15:48:56.792+0000] {processor.py:756} INFO - 🤪 Processing file /airflow/dags/ingest_dwh_daily.py for tasks to queue
[2022-12-03T15:48:56.794+0000] {logging_mixin.py:137} INFO - 🤪 [2022-12-03T15:48:56.793+0000] {dagbag.py:537} INFO - 🤪 Filling up the DagBag from /airflow/dags/ingest_dwh_daily.py
[2022-12-03T15:48:57.032+0000] {processor.py:766} INFO - 🤪 DAG(s) dict_keys(['get_raw_data_from_sources']) retrieved from /airflow/dags/ingest_dwh_daily.py
[2022-12-03T15:48:57.058+0000] {logging_mixin.py:137} INFO - 🤪 [2022-12-03T15:48:57.058+0000] {dag.py:2585} INFO - 🤪 Sync 1 DAGs
[2022-12-03T15:48:57.083+0000] {logging_mixin.py:137} INFO - 🤪 [2022-12-03T15:48:57.083+0000] {dag.py:3336} INFO - 🤪 Setting next_dagrun for get_raw_data_from_sources to 2022-12-01T19:00:00+00:00, run_after=2022-12-02T19:00:00+00:00
[2022-12-03T15:48:57.103+0000] {processor.py:176} INFO - 🤪 Processing /airflow/dags/ingest_dwh_daily.py took 0.316 seconds
[2022-12-03T15:49:28.030+0000] {processor.py:154} INFO - 🤪 Started process (PID=103) to work on /airflow/dags/ingest_dwh_daily.py
[2022-12-03T15:49:28.038+0000] {processor.py:756} INFO - 🤪 Processing file /airflow/dags/ingest_dwh_daily.py for tasks to queue
[2022-12-03T15:49:28.039+0000] {logging_mixin.py:137} INFO - 🤪 [2022-12-03T15:49:28.039+0000] {dagbag.py:537} INFO - 🤪 Filling up the DagBag from /airflow/dags/ingest_dwh_daily.py
[2022-12-03T15:49:28.270+0000] {processor.py:766} INFO - 🤪 DAG(s) dict_keys(['get_raw_data_from_sources']) retrieved from /airflow/dags/ingest_dwh_daily.py
[2022-12-03T15:49:28.296+0000] {logging_mixin.py:137} INFO - 🤪 [2022-12-03T15:49:28.296+0000] {dag.py:2585} INFO - 🤪 Sync 1 DAGs
[2022-12-03T15:49:28.319+0000] {logging_mixin.py:137} INFO - 🤪 [2022-12-03T15:49:28.319+0000] {dag.py:3336} INFO - 🤪 Setting next_dagrun for get_raw_data_from_sources to 2022-12-01T19:00:00+00:00, run_after=2022-12-02T19:00:00+00:00
[2022-12-03T15:49:28.346+0000] {processor.py:176} INFO - 🤪 Processing /airflow/dags/ingest_dwh_daily.py took 0.320 seconds
[2022-12-03T15:49:58.520+0000] {processor.py:154} INFO - 🤪 Started process (PID=105) to work on /airflow/dags/ingest_dwh_daily.py
[2022-12-03T15:49:58.521+0000] {processor.py:756} INFO - 🤪 Processing file /airflow/dags/ingest_dwh_daily.py for tasks to queue
[2022-12-03T15:49:58.523+0000] {logging_mixin.py:137} INFO - 🤪 [2022-12-03T15:49:58.522+0000] {dagbag.py:537} INFO - 🤪 Filling up the DagBag from /airflow/dags/ingest_dwh_daily.py
[2022-12-03T15:49:58.777+0000] {processor.py:766} INFO - 🤪 DAG(s) dict_keys(['get_raw_data_from_sources']) retrieved from /airflow/dags/ingest_dwh_daily.py
[2022-12-03T15:49:58.804+0000] {logging_mixin.py:137} INFO - 🤪 [2022-12-03T15:49:58.804+0000] {dag.py:2585} INFO - 🤪 Sync 1 DAGs
[2022-12-03T15:49:58.831+0000] {logging_mixin.py:137} INFO - 🤪 [2022-12-03T15:49:58.830+0000] {dag.py:3336} INFO - 🤪 Setting next_dagrun for get_raw_data_from_sources to 2022-12-01T19:00:00+00:00, run_after=2022-12-02T19:00:00+00:00
[2022-12-03T15:49:58.852+0000] {processor.py:176} INFO - 🤪 Processing /airflow/dags/ingest_dwh_daily.py took 0.335 seconds
[2022-12-03T15:50:29.026+0000] {processor.py:154} INFO - 🤪 Started process (PID=107) to work on /airflow/dags/ingest_dwh_daily.py
[2022-12-03T15:50:29.028+0000] {processor.py:756} INFO - 🤪 Processing file /airflow/dags/ingest_dwh_daily.py for tasks to queue
[2022-12-03T15:50:29.029+0000] {logging_mixin.py:137} INFO - 🤪 [2022-12-03T15:50:29.029+0000] {dagbag.py:537} INFO - 🤪 Filling up the DagBag from /airflow/dags/ingest_dwh_daily.py
[2022-12-03T15:50:29.264+0000] {processor.py:766} INFO - 🤪 DAG(s) dict_keys(['get_raw_data_from_sources']) retrieved from /airflow/dags/ingest_dwh_daily.py
[2022-12-03T15:50:29.288+0000] {logging_mixin.py:137} INFO - 🤪 [2022-12-03T15:50:29.288+0000] {dag.py:2585} INFO - 🤪 Sync 1 DAGs
[2022-12-03T15:50:29.311+0000] {logging_mixin.py:137} INFO - 🤪 [2022-12-03T15:50:29.311+0000] {dag.py:3336} INFO - 🤪 Setting next_dagrun for get_raw_data_from_sources to 2022-12-01T19:00:00+00:00, run_after=2022-12-02T19:00:00+00:00
[2022-12-03T15:50:29.338+0000] {processor.py:176} INFO - 🤪 Processing /airflow/dags/ingest_dwh_daily.py took 0.315 seconds
[2022-12-03T15:50:59.596+0000] {processor.py:154} INFO - 🤪 Started process (PID=109) to work on /airflow/dags/ingest_dwh_daily.py
[2022-12-03T15:50:59.598+0000] {processor.py:756} INFO - 🤪 Processing file /airflow/dags/ingest_dwh_daily.py for tasks to queue
[2022-12-03T15:50:59.599+0000] {logging_mixin.py:137} INFO - 🤪 [2022-12-03T15:50:59.599+0000] {dagbag.py:537} INFO - 🤪 Filling up the DagBag from /airflow/dags/ingest_dwh_daily.py
[2022-12-03T15:50:59.888+0000] {processor.py:766} INFO - 🤪 DAG(s) dict_keys(['get_raw_data_from_sources']) retrieved from /airflow/dags/ingest_dwh_daily.py
[2022-12-03T15:50:59.926+0000] {logging_mixin.py:137} INFO - 🤪 [2022-12-03T15:50:59.926+0000] {dag.py:2585} INFO - 🤪 Sync 1 DAGs
[2022-12-03T15:50:59.953+0000] {logging_mixin.py:137} INFO - 🤪 [2022-12-03T15:50:59.953+0000] {dag.py:3336} INFO - 🤪 Setting next_dagrun for get_raw_data_from_sources to 2022-12-01T19:00:00+00:00, run_after=2022-12-02T19:00:00+00:00
[2022-12-03T15:50:59.978+0000] {processor.py:176} INFO - 🤪 Processing /airflow/dags/ingest_dwh_daily.py took 0.391 seconds
[2022-12-03T16:11:27.237+0000] {processor.py:154} INFO - 🤪 Started process (PID=111) to work on /airflow/dags/ingest_dwh_daily.py
[2022-12-03T16:11:27.239+0000] {processor.py:756} INFO - 🤪 Processing file /airflow/dags/ingest_dwh_daily.py for tasks to queue
[2022-12-03T16:11:27.240+0000] {logging_mixin.py:137} INFO - 🤪 [2022-12-03T16:11:27.240+0000] {dagbag.py:537} INFO - 🤪 Filling up the DagBag from /airflow/dags/ingest_dwh_daily.py
[2022-12-03T16:11:27.471+0000] {processor.py:766} INFO - 🤪 DAG(s) dict_keys(['get_raw_data_from_sources']) retrieved from /airflow/dags/ingest_dwh_daily.py
[2022-12-03T16:11:27.496+0000] {logging_mixin.py:137} INFO - 🤪 [2022-12-03T16:11:27.495+0000] {dag.py:2585} INFO - 🤪 Sync 1 DAGs
[2022-12-03T16:11:27.520+0000] {logging_mixin.py:137} INFO - 🤪 [2022-12-03T16:11:27.520+0000] {dag.py:3336} INFO - 🤪 Setting next_dagrun for get_raw_data_from_sources to 2022-12-01T19:00:00+00:00, run_after=2022-12-02T19:00:00+00:00
[2022-12-03T16:11:27.548+0000] {processor.py:176} INFO - 🤪 Processing /airflow/dags/ingest_dwh_daily.py took 0.314 seconds
[2022-12-03T16:11:57.942+0000] {processor.py:154} INFO - 🤪 Started process (PID=117) to work on /airflow/dags/ingest_dwh_daily.py
[2022-12-03T16:11:57.949+0000] {processor.py:756} INFO - 🤪 Processing file /airflow/dags/ingest_dwh_daily.py for tasks to queue
[2022-12-03T16:11:57.950+0000] {logging_mixin.py:137} INFO - 🤪 [2022-12-03T16:11:57.950+0000] {dagbag.py:537} INFO - 🤪 Filling up the DagBag from /airflow/dags/ingest_dwh_daily.py
[2022-12-03T16:11:58.182+0000] {processor.py:766} INFO - 🤪 DAG(s) dict_keys(['get_raw_data_from_sources']) retrieved from /airflow/dags/ingest_dwh_daily.py
[2022-12-03T16:11:58.207+0000] {logging_mixin.py:137} INFO - 🤪 [2022-12-03T16:11:58.206+0000] {dag.py:2585} INFO - 🤪 Sync 1 DAGs
[2022-12-03T16:11:58.230+0000] {logging_mixin.py:137} INFO - 🤪 [2022-12-03T16:11:58.229+0000] {dag.py:3336} INFO - 🤪 Setting next_dagrun for get_raw_data_from_sources to 2022-12-01T19:00:00+00:00, run_after=2022-12-02T19:00:00+00:00
[2022-12-03T16:11:58.258+0000] {processor.py:176} INFO - 🤪 Processing /airflow/dags/ingest_dwh_daily.py took 0.320 seconds
[2022-12-03T16:12:28.677+0000] {processor.py:154} INFO - 🤪 Started process (PID=119) to work on /airflow/dags/ingest_dwh_daily.py
[2022-12-03T16:12:28.684+0000] {processor.py:756} INFO - 🤪 Processing file /airflow/dags/ingest_dwh_daily.py for tasks to queue
[2022-12-03T16:12:28.686+0000] {logging_mixin.py:137} INFO - 🤪 [2022-12-03T16:12:28.686+0000] {dagbag.py:537} INFO - 🤪 Filling up the DagBag from /airflow/dags/ingest_dwh_daily.py
[2022-12-03T16:12:28.927+0000] {processor.py:766} INFO - 🤪 DAG(s) dict_keys(['get_raw_data_from_sources']) retrieved from /airflow/dags/ingest_dwh_daily.py
[2022-12-03T16:12:28.951+0000] {logging_mixin.py:137} INFO - 🤪 [2022-12-03T16:12:28.951+0000] {dag.py:2585} INFO - 🤪 Sync 1 DAGs
[2022-12-03T16:12:28.975+0000] {logging_mixin.py:137} INFO - 🤪 [2022-12-03T16:12:28.975+0000] {dag.py:3336} INFO - 🤪 Setting next_dagrun for get_raw_data_from_sources to 2022-12-01T19:00:00+00:00, run_after=2022-12-02T19:00:00+00:00
[2022-12-03T16:12:29.001+0000] {processor.py:176} INFO - 🤪 Processing /airflow/dags/ingest_dwh_daily.py took 0.328 seconds
[2022-12-03T16:14:40.323+0000] {processor.py:154} INFO - 🤪 Started process (PID=121) to work on /airflow/dags/ingest_dwh_daily.py
[2022-12-03T16:14:40.330+0000] {processor.py:756} INFO - 🤪 Processing file /airflow/dags/ingest_dwh_daily.py for tasks to queue
[2022-12-03T16:14:40.332+0000] {logging_mixin.py:137} INFO - 🤪 [2022-12-03T16:14:40.331+0000] {dagbag.py:537} INFO - 🤪 Filling up the DagBag from /airflow/dags/ingest_dwh_daily.py
[2022-12-03T16:14:40.559+0000] {processor.py:766} INFO - 🤪 DAG(s) dict_keys(['get_raw_data_from_sources']) retrieved from /airflow/dags/ingest_dwh_daily.py
[2022-12-03T16:14:40.584+0000] {logging_mixin.py:137} INFO - 🤪 [2022-12-03T16:14:40.584+0000] {dag.py:2585} INFO - 🤪 Sync 1 DAGs
[2022-12-03T16:14:40.607+0000] {logging_mixin.py:137} INFO - 🤪 [2022-12-03T16:14:40.607+0000] {dag.py:3336} INFO - 🤪 Setting next_dagrun for get_raw_data_from_sources to 2022-12-01T19:00:00+00:00, run_after=2022-12-02T19:00:00+00:00
[2022-12-03T16:14:40.634+0000] {processor.py:176} INFO - 🤪 Processing /airflow/dags/ingest_dwh_daily.py took 0.314 seconds
[2022-12-03T16:15:11.550+0000] {processor.py:154} INFO - 🤪 Started process (PID=127) to work on /airflow/dags/ingest_dwh_daily.py
[2022-12-03T16:15:11.552+0000] {processor.py:756} INFO - 🤪 Processing file /airflow/dags/ingest_dwh_daily.py for tasks to queue
[2022-12-03T16:15:11.553+0000] {logging_mixin.py:137} INFO - 🤪 [2022-12-03T16:15:11.553+0000] {dagbag.py:537} INFO - 🤪 Filling up the DagBag from /airflow/dags/ingest_dwh_daily.py
[2022-12-03T16:15:11.789+0000] {processor.py:766} INFO - 🤪 DAG(s) dict_keys(['get_raw_data_from_sources']) retrieved from /airflow/dags/ingest_dwh_daily.py
[2022-12-03T16:15:11.813+0000] {logging_mixin.py:137} INFO - 🤪 [2022-12-03T16:15:11.813+0000] {dag.py:2585} INFO - 🤪 Sync 1 DAGs
[2022-12-03T16:15:11.836+0000] {logging_mixin.py:137} INFO - 🤪 [2022-12-03T16:15:11.836+0000] {dag.py:3336} INFO - 🤪 Setting next_dagrun for get_raw_data_from_sources to 2022-12-01T19:00:00+00:00, run_after=2022-12-02T19:00:00+00:00
[2022-12-03T16:15:11.861+0000] {processor.py:176} INFO - 🤪 Processing /airflow/dags/ingest_dwh_daily.py took 0.316 seconds
[2022-12-03T16:15:42.082+0000] {processor.py:154} INFO - 🤪 Started process (PID=129) to work on /airflow/dags/ingest_dwh_daily.py
[2022-12-03T16:15:42.084+0000] {processor.py:756} INFO - 🤪 Processing file /airflow/dags/ingest_dwh_daily.py for tasks to queue
[2022-12-03T16:15:42.086+0000] {logging_mixin.py:137} INFO - 🤪 [2022-12-03T16:15:42.086+0000] {dagbag.py:537} INFO - 🤪 Filling up the DagBag from /airflow/dags/ingest_dwh_daily.py
[2022-12-03T16:15:42.327+0000] {processor.py:766} INFO - 🤪 DAG(s) dict_keys(['get_raw_data_from_sources']) retrieved from /airflow/dags/ingest_dwh_daily.py
[2022-12-03T16:15:42.351+0000] {logging_mixin.py:137} INFO - 🤪 [2022-12-03T16:15:42.351+0000] {dag.py:2585} INFO - 🤪 Sync 1 DAGs
[2022-12-03T16:15:42.373+0000] {logging_mixin.py:137} INFO - 🤪 [2022-12-03T16:15:42.373+0000] {dag.py:3336} INFO - 🤪 Setting next_dagrun for get_raw_data_from_sources to 2022-12-01T19:00:00+00:00, run_after=2022-12-02T19:00:00+00:00
[2022-12-03T16:15:42.401+0000] {processor.py:176} INFO - 🤪 Processing /airflow/dags/ingest_dwh_daily.py took 0.322 seconds
[2022-12-03T16:16:12.659+0000] {processor.py:154} INFO - 🤪 Started process (PID=131) to work on /airflow/dags/ingest_dwh_daily.py
[2022-12-03T16:16:12.660+0000] {processor.py:756} INFO - 🤪 Processing file /airflow/dags/ingest_dwh_daily.py for tasks to queue
[2022-12-03T16:16:12.662+0000] {logging_mixin.py:137} INFO - 🤪 [2022-12-03T16:16:12.662+0000] {dagbag.py:537} INFO - 🤪 Filling up the DagBag from /airflow/dags/ingest_dwh_daily.py
[2022-12-03T16:16:12.911+0000] {processor.py:766} INFO - 🤪 DAG(s) dict_keys(['get_raw_data_from_sources']) retrieved from /airflow/dags/ingest_dwh_daily.py
[2022-12-03T16:16:12.935+0000] {logging_mixin.py:137} INFO - 🤪 [2022-12-03T16:16:12.935+0000] {dag.py:2585} INFO - 🤪 Sync 1 DAGs
[2022-12-03T16:16:12.958+0000] {logging_mixin.py:137} INFO - 🤪 [2022-12-03T16:16:12.958+0000] {dag.py:3336} INFO - 🤪 Setting next_dagrun for get_raw_data_from_sources to 2022-12-01T19:00:00+00:00, run_after=2022-12-02T19:00:00+00:00
[2022-12-03T16:16:12.983+0000] {processor.py:176} INFO - 🤪 Processing /airflow/dags/ingest_dwh_daily.py took 0.328 seconds
[2022-12-03T16:31:35.135+0000] {processor.py:154} INFO - 🤪 Started process (PID=133) to work on /airflow/dags/ingest_dwh_daily.py
[2022-12-03T16:31:35.136+0000] {processor.py:756} INFO - 🤪 Processing file /airflow/dags/ingest_dwh_daily.py for tasks to queue
[2022-12-03T16:31:35.137+0000] {logging_mixin.py:137} INFO - 🤪 [2022-12-03T16:31:35.137+0000] {dagbag.py:537} INFO - 🤪 Filling up the DagBag from /airflow/dags/ingest_dwh_daily.py
[2022-12-03T16:31:35.380+0000] {processor.py:766} INFO - 🤪 DAG(s) dict_keys(['get_raw_data_from_sources']) retrieved from /airflow/dags/ingest_dwh_daily.py
[2022-12-03T16:31:35.405+0000] {logging_mixin.py:137} INFO - 🤪 [2022-12-03T16:31:35.405+0000] {dag.py:2585} INFO - 🤪 Sync 1 DAGs
[2022-12-03T16:31:35.431+0000] {logging_mixin.py:137} INFO - 🤪 [2022-12-03T16:31:35.431+0000] {dag.py:3336} INFO - 🤪 Setting next_dagrun for get_raw_data_from_sources to 2022-12-01T19:00:00+00:00, run_after=2022-12-02T19:00:00+00:00
[2022-12-03T16:31:35.455+0000] {processor.py:176} INFO - 🤪 Processing /airflow/dags/ingest_dwh_daily.py took 0.323 seconds
[2022-12-03T16:43:38.618+0000] {processor.py:154} INFO - 🤪 Started process (PID=141) to work on /airflow/dags/ingest_dwh_daily.py
[2022-12-03T16:43:38.619+0000] {processor.py:756} INFO - 🤪 Processing file /airflow/dags/ingest_dwh_daily.py for tasks to queue
[2022-12-03T16:43:38.622+0000] {logging_mixin.py:137} INFO - 🤪 [2022-12-03T16:43:38.622+0000] {dagbag.py:537} INFO - 🤪 Filling up the DagBag from /airflow/dags/ingest_dwh_daily.py
[2022-12-03T16:43:38.924+0000] {processor.py:766} INFO - 🤪 DAG(s) dict_keys(['get_raw_data_from_sources']) retrieved from /airflow/dags/ingest_dwh_daily.py
[2022-12-03T16:43:38.951+0000] {logging_mixin.py:137} INFO - 🤪 [2022-12-03T16:43:38.950+0000] {dag.py:2585} INFO - 🤪 Sync 1 DAGs
[2022-12-03T16:43:39.002+0000] {logging_mixin.py:137} INFO - 🤪 [2022-12-03T16:43:39.002+0000] {dag.py:3336} INFO - 🤪 Setting next_dagrun for get_raw_data_from_sources to 2022-12-01T19:00:00+00:00, run_after=2022-12-02T19:00:00+00:00
[2022-12-03T16:43:39.073+0000] {processor.py:176} INFO - 🤪 Processing /airflow/dags/ingest_dwh_daily.py took 0.459 seconds
[2022-12-03T16:44:10.017+0000] {processor.py:154} INFO - 🤪 Started process (PID=147) to work on /airflow/dags/ingest_dwh_daily.py
[2022-12-03T16:44:10.018+0000] {processor.py:756} INFO - 🤪 Processing file /airflow/dags/ingest_dwh_daily.py for tasks to queue
[2022-12-03T16:44:10.020+0000] {logging_mixin.py:137} INFO - 🤪 [2022-12-03T16:44:10.020+0000] {dagbag.py:537} INFO - 🤪 Filling up the DagBag from /airflow/dags/ingest_dwh_daily.py
[2022-12-03T16:44:10.246+0000] {processor.py:766} INFO - 🤪 DAG(s) dict_keys(['get_raw_data_from_sources']) retrieved from /airflow/dags/ingest_dwh_daily.py
[2022-12-03T16:44:10.270+0000] {logging_mixin.py:137} INFO - 🤪 [2022-12-03T16:44:10.270+0000] {dag.py:2585} INFO - 🤪 Sync 1 DAGs
[2022-12-03T16:44:10.294+0000] {logging_mixin.py:137} INFO - 🤪 [2022-12-03T16:44:10.294+0000] {dag.py:3336} INFO - 🤪 Setting next_dagrun for get_raw_data_from_sources to 2022-12-01T19:00:00+00:00, run_after=2022-12-02T19:00:00+00:00
[2022-12-03T16:44:10.319+0000] {processor.py:176} INFO - 🤪 Processing /airflow/dags/ingest_dwh_daily.py took 0.305 seconds
[2022-12-03T16:54:39.639+0000] {processor.py:154} INFO - 🤪 Started process (PID=151) to work on /airflow/dags/ingest_dwh_daily.py
[2022-12-03T16:54:39.641+0000] {processor.py:756} INFO - 🤪 Processing file /airflow/dags/ingest_dwh_daily.py for tasks to queue
[2022-12-03T16:54:39.642+0000] {logging_mixin.py:137} INFO - 🤪 [2022-12-03T16:54:39.642+0000] {dagbag.py:537} INFO - 🤪 Filling up the DagBag from /airflow/dags/ingest_dwh_daily.py
[2022-12-03T16:54:39.886+0000] {processor.py:766} INFO - 🤪 DAG(s) dict_keys(['get_raw_data_from_sources']) retrieved from /airflow/dags/ingest_dwh_daily.py
[2022-12-03T16:54:39.912+0000] {logging_mixin.py:137} INFO - 🤪 [2022-12-03T16:54:39.911+0000] {dag.py:2585} INFO - 🤪 Sync 1 DAGs
[2022-12-03T16:54:39.939+0000] {logging_mixin.py:137} INFO - 🤪 [2022-12-03T16:54:39.939+0000] {dag.py:3336} INFO - 🤪 Setting next_dagrun for get_raw_data_from_sources to 2022-12-01T19:00:00+00:00, run_after=2022-12-02T19:00:00+00:00
[2022-12-03T16:54:39.966+0000] {processor.py:176} INFO - 🤪 Processing /airflow/dags/ingest_dwh_daily.py took 0.330 seconds
