[2022-12-05T07:57:07.995+0000] {taskinstance.py:1165} INFO - 🤪 Dependencies all met for <TaskInstance: get_raw_data_from_sources.get_raw_data_from_postgres_sources manual__2022-12-05T07:38:07.084226+00:00 [queued]>
[2022-12-05T07:57:08.002+0000] {taskinstance.py:1165} INFO - 🤪 Dependencies all met for <TaskInstance: get_raw_data_from_sources.get_raw_data_from_postgres_sources manual__2022-12-05T07:38:07.084226+00:00 [queued]>
[2022-12-05T07:57:08.003+0000] {taskinstance.py:1362} INFO - 🤪 
--------------------------------------------------------------------------------
[2022-12-05T07:57:08.004+0000] {taskinstance.py:1363} INFO - 🤪 Starting attempt 2 of 4
[2022-12-05T07:57:08.004+0000] {taskinstance.py:1364} INFO - 🤪 
--------------------------------------------------------------------------------
[2022-12-05T07:57:08.019+0000] {taskinstance.py:1383} INFO - 🤪 Executing <Task(PythonOperator): get_raw_data_from_postgres_sources> on 2022-12-05 07:38:07.084226+00:00
[2022-12-05T07:57:08.023+0000] {standard_task_runner.py:55} INFO - 🤪 Started process 925 to run task
[2022-12-05T07:57:08.027+0000] {standard_task_runner.py:82} INFO - 🤪 Running: ['airflow', 'tasks', 'run', 'get_raw_data_from_sources', 'get_raw_data_from_postgres_sources', 'manual__2022-12-05T07:38:07.084226+00:00', '--job-id', '25', '--raw', '--subdir', 'DAGS_FOLDER/ingest_dwh_daily.py', '--cfg-path', '/tmp/tmpfkelo34k']
[2022-12-05T07:57:08.028+0000] {standard_task_runner.py:83} INFO - 🤪 Job 25: Subtask get_raw_data_from_postgres_sources
[2022-12-05T07:57:08.074+0000] {task_command.py:376} INFO - 🤪 Running <TaskInstance: get_raw_data_from_sources.get_raw_data_from_postgres_sources manual__2022-12-05T07:38:07.084226+00:00 [running]> on host 2387a8df1781
[2022-12-05T07:57:08.120+0000] {taskinstance.py:1590} INFO - 🤪 Exporting the following env vars:
AIRFLOW_CTX_DAG_EMAIL=gp.data@galaxy.com.vn
AIRFLOW_CTX_DAG_OWNER=data_team
AIRFLOW_CTX_DAG_ID=get_raw_data_from_sources
AIRFLOW_CTX_TASK_ID=get_raw_data_from_postgres_sources
AIRFLOW_CTX_EXECUTION_DATE=2022-12-05T07:38:07.084226+00:00
AIRFLOW_CTX_TRY_NUMBER=2
AIRFLOW_CTX_DAG_RUN_ID=manual__2022-12-05T07:38:07.084226+00:00
[2022-12-05T07:57:08.130+0000] {logging_mixin.py:137} INFO - 🤪 Start getting data from source - Table: users
[2022-12-05T07:57:08.135+0000] {logging_mixin.py:137} INFO - 🤪 Found 100 records need to be inserted
[2022-12-05T07:57:08.136+0000] {logging_mixin.py:137} INFO - 🤪 Start ingesting data from source to DW - Table: users
[2022-12-05T07:57:08.148+0000] {logging_mixin.py:137} INFO - 🤪 the dataframe is inserted
[2022-12-05T07:57:08.149+0000] {logging_mixin.py:137} INFO - 🤪 Finished ingesting data from source to DW - Table: users
[2022-12-05T07:57:08.151+0000] {python.py:177} INFO - 🤪 Done. Returned value was: None
[2022-12-05T07:57:08.158+0000] {taskinstance.py:1401} INFO - 🤪 Marking task as SUCCESS. dag_id=get_raw_data_from_sources, task_id=get_raw_data_from_postgres_sources, execution_date=20221205T073807, start_date=20221205T075707, end_date=20221205T075708
[2022-12-05T07:57:08.202+0000] {local_task_job.py:159} INFO - 🤪 Task exited with return code 0
[2022-12-05T07:57:08.217+0000] {taskinstance.py:2623} INFO - 🤪 0 downstream tasks scheduled from follow-on schedule check
