[2022-12-10T19:00:03.872+0000] {taskinstance.py:1165} INFO - 🤪 Dependencies all met for <TaskInstance: get_raw_data_from_sources.get_raw_data_from_postgres_sources scheduled__2022-12-09T19:00:00+00:00 [queued]>
[2022-12-10T19:00:03.880+0000] {taskinstance.py:1165} INFO - 🤪 Dependencies all met for <TaskInstance: get_raw_data_from_sources.get_raw_data_from_postgres_sources scheduled__2022-12-09T19:00:00+00:00 [queued]>
[2022-12-10T19:00:03.881+0000] {taskinstance.py:1362} INFO - 🤪 
--------------------------------------------------------------------------------
[2022-12-10T19:00:03.881+0000] {taskinstance.py:1363} INFO - 🤪 Starting attempt 1 of 4
[2022-12-10T19:00:03.882+0000] {taskinstance.py:1364} INFO - 🤪 
--------------------------------------------------------------------------------
[2022-12-10T19:00:03.894+0000] {taskinstance.py:1383} INFO - 🤪 Executing <Task(PythonOperator): get_raw_data_from_postgres_sources> on 2022-12-09 19:00:00+00:00
[2022-12-10T19:00:03.898+0000] {standard_task_runner.py:55} INFO - 🤪 Started process 1147 to run task
[2022-12-10T19:00:03.901+0000] {standard_task_runner.py:82} INFO - 🤪 Running: ['airflow', 'tasks', 'run', 'get_raw_data_from_sources', 'get_raw_data_from_postgres_sources', 'scheduled__2022-12-09T19:00:00+00:00', '--job-id', '18', '--raw', '--subdir', 'DAGS_FOLDER/ingest_dwh_daily.py', '--cfg-path', '/tmp/tmphph3ix1e']
[2022-12-10T19:00:03.903+0000] {standard_task_runner.py:83} INFO - 🤪 Job 18: Subtask get_raw_data_from_postgres_sources
[2022-12-10T19:00:03.950+0000] {task_command.py:376} INFO - 🤪 Running <TaskInstance: get_raw_data_from_sources.get_raw_data_from_postgres_sources scheduled__2022-12-09T19:00:00+00:00 [running]> on host 06f648095881
[2022-12-10T19:00:04.001+0000] {taskinstance.py:1590} INFO - 🤪 Exporting the following env vars:
AIRFLOW_CTX_DAG_EMAIL=gp.data@galaxy.com.vn
AIRFLOW_CTX_DAG_OWNER=data_team
AIRFLOW_CTX_DAG_ID=get_raw_data_from_sources
AIRFLOW_CTX_TASK_ID=get_raw_data_from_postgres_sources
AIRFLOW_CTX_EXECUTION_DATE=2022-12-09T19:00:00+00:00
AIRFLOW_CTX_TRY_NUMBER=1
AIRFLOW_CTX_DAG_RUN_ID=scheduled__2022-12-09T19:00:00+00:00
[2022-12-10T19:00:04.013+0000] {logging_mixin.py:137} INFO - 🤪 Start getting data from source Postgres - Table: users
[2022-12-10T19:00:04.020+0000] {logging_mixin.py:137} INFO - 🤪 Found 100 records need to be inserted
[2022-12-10T19:00:04.020+0000] {logging_mixin.py:137} INFO - 🤪 Start ingesting data from source Postgres to DW - Table: users
[2022-12-10T19:00:04.030+0000] {logging_mixin.py:137} INFO - 🤪 the dataframe is inserted
[2022-12-10T19:00:04.031+0000] {logging_mixin.py:137} INFO - 🤪 Finished ingesting data from source to DW - Table: users
[2022-12-10T19:00:04.032+0000] {python.py:177} INFO - 🤪 Done. Returned value was: None
[2022-12-10T19:00:04.039+0000] {taskinstance.py:1401} INFO - 🤪 Marking task as SUCCESS. dag_id=get_raw_data_from_sources, task_id=get_raw_data_from_postgres_sources, execution_date=20221209T190000, start_date=20221210T190003, end_date=20221210T190004
[2022-12-10T19:00:04.075+0000] {local_task_job.py:159} INFO - 🤪 Task exited with return code 0
[2022-12-10T19:00:04.089+0000] {taskinstance.py:2623} INFO - 🤪 0 downstream tasks scheduled from follow-on schedule check
[2022-12-11T05:54:59.861+0000] {taskinstance.py:1165} INFO - 🤪 Dependencies all met for <TaskInstance: get_raw_data_from_sources.get_raw_data_from_postgres_sources scheduled__2022-12-09T19:00:00+00:00 [queued]>
[2022-12-11T05:54:59.869+0000] {taskinstance.py:1165} INFO - 🤪 Dependencies all met for <TaskInstance: get_raw_data_from_sources.get_raw_data_from_postgres_sources scheduled__2022-12-09T19:00:00+00:00 [queued]>
[2022-12-11T05:54:59.870+0000] {taskinstance.py:1362} INFO - 🤪 
--------------------------------------------------------------------------------
[2022-12-11T05:54:59.870+0000] {taskinstance.py:1363} INFO - 🤪 Starting attempt 1 of 4
[2022-12-11T05:54:59.871+0000] {taskinstance.py:1364} INFO - 🤪 
--------------------------------------------------------------------------------
[2022-12-11T05:54:59.883+0000] {taskinstance.py:1383} INFO - 🤪 Executing <Task(PythonOperator): get_raw_data_from_postgres_sources> on 2022-12-09 19:00:00+00:00
[2022-12-11T05:54:59.887+0000] {standard_task_runner.py:55} INFO - 🤪 Started process 63 to run task
[2022-12-11T05:54:59.891+0000] {standard_task_runner.py:82} INFO - 🤪 Running: ['airflow', 'tasks', 'run', 'get_raw_data_from_sources', 'get_raw_data_from_postgres_sources', 'scheduled__2022-12-09T19:00:00+00:00', '--job-id', '2', '--raw', '--subdir', 'DAGS_FOLDER/ingest_dwh_daily.py', '--cfg-path', '/tmp/tmp48lv1kag']
[2022-12-11T05:54:59.892+0000] {standard_task_runner.py:83} INFO - 🤪 Job 2: Subtask get_raw_data_from_postgres_sources
[2022-12-11T05:54:59.959+0000] {task_command.py:376} INFO - 🤪 Running <TaskInstance: get_raw_data_from_sources.get_raw_data_from_postgres_sources scheduled__2022-12-09T19:00:00+00:00 [running]> on host 2557b583fff6
[2022-12-11T05:55:00.015+0000] {taskinstance.py:1590} INFO - 🤪 Exporting the following env vars:
AIRFLOW_CTX_DAG_EMAIL=gp.data@galaxy.com.vn
AIRFLOW_CTX_DAG_OWNER=data_team
AIRFLOW_CTX_DAG_ID=get_raw_data_from_sources
AIRFLOW_CTX_TASK_ID=get_raw_data_from_postgres_sources
AIRFLOW_CTX_EXECUTION_DATE=2022-12-09T19:00:00+00:00
AIRFLOW_CTX_TRY_NUMBER=1
AIRFLOW_CTX_DAG_RUN_ID=scheduled__2022-12-09T19:00:00+00:00
[2022-12-11T05:55:00.038+0000] {logging_mixin.py:137} INFO - 🤪 Start getting data from source Postgres - Table: users
[2022-12-11T05:55:00.052+0000] {logging_mixin.py:137} INFO - 🤪 Found 100 records need to be inserted
[2022-12-11T05:55:00.053+0000] {logging_mixin.py:137} INFO - 🤪 Start ingesting data from source Postgres to DW - Table: users
[2022-12-11T05:55:00.065+0000] {logging_mixin.py:137} INFO - 🤪 the dataframe is inserted
[2022-12-11T05:55:00.066+0000] {logging_mixin.py:137} INFO - 🤪 Finished ingesting data from source to DW - Table: users
[2022-12-11T05:55:00.067+0000] {python.py:177} INFO - 🤪 Done. Returned value was: None
[2022-12-11T05:55:00.075+0000] {taskinstance.py:1401} INFO - 🤪 Marking task as SUCCESS. dag_id=get_raw_data_from_sources, task_id=get_raw_data_from_postgres_sources, execution_date=20221209T190000, start_date=20221211T055459, end_date=20221211T055500
[2022-12-11T05:55:00.104+0000] {local_task_job.py:159} INFO - 🤪 Task exited with return code 0
[2022-12-11T05:55:00.117+0000] {taskinstance.py:2623} INFO - 🤪 0 downstream tasks scheduled from follow-on schedule check
