[2022-12-10T11:58:07.998+0000] {taskinstance.py:1165} INFO - 🤪 Dependencies all met for <TaskInstance: get_raw_data_from_sources.get_raw_data_from_postgres_sources manual__2022-12-10T11:57:59.997114+00:00 [queued]>
[2022-12-10T11:58:08.007+0000] {taskinstance.py:1165} INFO - 🤪 Dependencies all met for <TaskInstance: get_raw_data_from_sources.get_raw_data_from_postgres_sources manual__2022-12-10T11:57:59.997114+00:00 [queued]>
[2022-12-10T11:58:08.008+0000] {taskinstance.py:1362} INFO - 🤪 
--------------------------------------------------------------------------------
[2022-12-10T11:58:08.009+0000] {taskinstance.py:1363} INFO - 🤪 Starting attempt 1 of 4
[2022-12-10T11:58:08.009+0000] {taskinstance.py:1364} INFO - 🤪 
--------------------------------------------------------------------------------
[2022-12-10T11:58:08.023+0000] {taskinstance.py:1383} INFO - 🤪 Executing <Task(PythonOperator): get_raw_data_from_postgres_sources> on 2022-12-10 11:57:59.997114+00:00
[2022-12-10T11:58:08.027+0000] {standard_task_runner.py:55} INFO - 🤪 Started process 88 to run task
[2022-12-10T11:58:08.030+0000] {standard_task_runner.py:82} INFO - 🤪 Running: ['airflow', 'tasks', 'run', 'get_raw_data_from_sources', 'get_raw_data_from_postgres_sources', 'manual__2022-12-10T11:57:59.997114+00:00', '--job-id', '4', '--raw', '--subdir', 'DAGS_FOLDER/ingest_dwh_daily.py', '--cfg-path', '/tmp/tmp7_fctfin']
[2022-12-10T11:58:08.032+0000] {standard_task_runner.py:83} INFO - 🤪 Job 4: Subtask get_raw_data_from_postgres_sources
[2022-12-10T11:58:08.080+0000] {task_command.py:376} INFO - 🤪 Running <TaskInstance: get_raw_data_from_sources.get_raw_data_from_postgres_sources manual__2022-12-10T11:57:59.997114+00:00 [running]> on host 06f648095881
[2022-12-10T11:58:08.140+0000] {taskinstance.py:1590} INFO - 🤪 Exporting the following env vars:
AIRFLOW_CTX_DAG_EMAIL=gp.data@galaxy.com.vn
AIRFLOW_CTX_DAG_OWNER=data_team
AIRFLOW_CTX_DAG_ID=get_raw_data_from_sources
AIRFLOW_CTX_TASK_ID=get_raw_data_from_postgres_sources
AIRFLOW_CTX_EXECUTION_DATE=2022-12-10T11:57:59.997114+00:00
AIRFLOW_CTX_TRY_NUMBER=1
AIRFLOW_CTX_DAG_RUN_ID=manual__2022-12-10T11:57:59.997114+00:00
[2022-12-10T11:58:08.151+0000] {logging_mixin.py:137} INFO - 🤪 Start getting data from source Postgres - Table: users
[2022-12-10T11:58:08.157+0000] {logging_mixin.py:137} INFO - 🤪 Found 100 records need to be inserted
[2022-12-10T11:58:08.158+0000] {logging_mixin.py:137} INFO - 🤪 Start ingesting data from source Postgres to DW - Table: users
[2022-12-10T11:58:08.165+0000] {logging_mixin.py:137} INFO - 🤪 the dataframe is inserted
[2022-12-10T11:58:08.166+0000] {logging_mixin.py:137} INFO - 🤪 Finished ingesting data from source to DW - Table: users
[2022-12-10T11:58:08.167+0000] {logging_mixin.py:137} INFO - 🤪 Start getting data from source Postgres - Table: orders
[2022-12-10T11:58:08.172+0000] {logging_mixin.py:137} INFO - 🤪 Found 0 records need to be inserted
[2022-12-10T11:58:08.173+0000] {logging_mixin.py:137} INFO - 🤪 Start ingesting data from source Postgres to DW - Table: orders
[2022-12-10T11:58:08.174+0000] {logging_mixin.py:137} INFO - 🤪 the dataframe is inserted
[2022-12-10T11:58:08.174+0000] {logging_mixin.py:137} INFO - 🤪 Finished ingesting data from source to DW - Table: orders
[2022-12-10T11:58:08.175+0000] {logging_mixin.py:137} INFO - 🤪 Start getting data from source Postgres - Table: transactions
[2022-12-10T11:58:08.178+0000] {logging_mixin.py:137} INFO - 🤪 Found 0 records need to be inserted
[2022-12-10T11:58:08.179+0000] {logging_mixin.py:137} INFO - 🤪 Start ingesting data from source Postgres to DW - Table: transactions
[2022-12-10T11:58:08.179+0000] {logging_mixin.py:137} INFO - 🤪 the dataframe is inserted
[2022-12-10T11:58:08.180+0000] {logging_mixin.py:137} INFO - 🤪 Finished ingesting data from source to DW - Table: transactions
[2022-12-10T11:58:08.181+0000] {logging_mixin.py:137} INFO - 🤪 Start getting data from source Postgres - Table: menus
[2022-12-10T11:58:08.184+0000] {logging_mixin.py:137} INFO - 🤪 Found 0 records need to be inserted
[2022-12-10T11:58:08.185+0000] {logging_mixin.py:137} INFO - 🤪 Start ingesting data from source Postgres to DW - Table: menus
[2022-12-10T11:58:08.186+0000] {logging_mixin.py:137} INFO - 🤪 the dataframe is inserted
[2022-12-10T11:58:08.186+0000] {logging_mixin.py:137} INFO - 🤪 Finished ingesting data from source to DW - Table: menus
[2022-12-10T11:58:08.187+0000] {python.py:177} INFO - 🤪 Done. Returned value was: None
[2022-12-10T11:58:08.195+0000] {taskinstance.py:1401} INFO - 🤪 Marking task as SUCCESS. dag_id=get_raw_data_from_sources, task_id=get_raw_data_from_postgres_sources, execution_date=20221210T115759, start_date=20221210T115808, end_date=20221210T115808
[2022-12-10T11:58:08.244+0000] {local_task_job.py:159} INFO - 🤪 Task exited with return code 0
[2022-12-10T11:58:08.262+0000] {taskinstance.py:2623} INFO - 🤪 0 downstream tasks scheduled from follow-on schedule check
