[2022-12-05T09:25:41.762+0000] {taskinstance.py:1165} INFO - 🤪 Dependencies all met for <TaskInstance: get_raw_data_from_sources.get_raw_data_from_mysql_sources manual__2022-12-05T09:25:31.431036+00:00 [queued]>
[2022-12-05T09:25:41.776+0000] {taskinstance.py:1165} INFO - 🤪 Dependencies all met for <TaskInstance: get_raw_data_from_sources.get_raw_data_from_mysql_sources manual__2022-12-05T09:25:31.431036+00:00 [queued]>
[2022-12-05T09:25:41.778+0000] {taskinstance.py:1362} INFO - 🤪 
--------------------------------------------------------------------------------
[2022-12-05T09:25:41.779+0000] {taskinstance.py:1363} INFO - 🤪 Starting attempt 1 of 4
[2022-12-05T09:25:41.780+0000] {taskinstance.py:1364} INFO - 🤪 
--------------------------------------------------------------------------------
[2022-12-05T09:25:41.804+0000] {taskinstance.py:1383} INFO - 🤪 Executing <Task(PythonOperator): get_raw_data_from_mysql_sources> on 2022-12-05 09:25:31.431036+00:00
[2022-12-05T09:25:41.809+0000] {standard_task_runner.py:55} INFO - 🤪 Started process 113 to run task
[2022-12-05T09:25:41.816+0000] {standard_task_runner.py:82} INFO - 🤪 Running: ['airflow', 'tasks', 'run', 'get_raw_data_from_sources', 'get_raw_data_from_mysql_sources', 'manual__2022-12-05T09:25:31.431036+00:00', '--job-id', '5', '--raw', '--subdir', 'DAGS_FOLDER/ingest_dwh_daily.py', '--cfg-path', '/tmp/tmpy4s5xaw5']
[2022-12-05T09:25:41.822+0000] {standard_task_runner.py:83} INFO - 🤪 Job 5: Subtask get_raw_data_from_mysql_sources
[2022-12-05T09:25:41.908+0000] {task_command.py:376} INFO - 🤪 Running <TaskInstance: get_raw_data_from_sources.get_raw_data_from_mysql_sources manual__2022-12-05T09:25:31.431036+00:00 [running]> on host 97416e2a1062
[2022-12-05T09:25:41.990+0000] {taskinstance.py:1590} INFO - 🤪 Exporting the following env vars:
AIRFLOW_CTX_DAG_EMAIL=gp.data@galaxy.com.vn
AIRFLOW_CTX_DAG_OWNER=data_team
AIRFLOW_CTX_DAG_ID=get_raw_data_from_sources
AIRFLOW_CTX_TASK_ID=get_raw_data_from_mysql_sources
AIRFLOW_CTX_EXECUTION_DATE=2022-12-05T09:25:31.431036+00:00
AIRFLOW_CTX_TRY_NUMBER=1
AIRFLOW_CTX_DAG_RUN_ID=manual__2022-12-05T09:25:31.431036+00:00
[2022-12-05T09:25:42.002+0000] {logging_mixin.py:137} INFO - 🤪 Start getting data from source Mysql - Table: users
[2022-12-05T09:25:42.004+0000] {logging_mixin.py:137} INFO - 🤪 Found 0 records need to be inserted
[2022-12-05T09:25:42.013+0000] {logging_mixin.py:137} INFO - 🤪 Start ingesting data from source Mysql to DW - Table: users
[2022-12-05T09:25:42.015+0000] {logging_mixin.py:137} INFO - 🤪 the dataframe is inserted
[2022-12-05T09:25:42.016+0000] {logging_mixin.py:137} INFO - 🤪 Finished ingesting data from source to DW - Table: users
[2022-12-05T09:25:42.018+0000] {python.py:177} INFO - 🤪 Done. Returned value was: None
[2022-12-05T09:25:42.031+0000] {taskinstance.py:1401} INFO - 🤪 Marking task as SUCCESS. dag_id=get_raw_data_from_sources, task_id=get_raw_data_from_mysql_sources, execution_date=20221205T092531, start_date=20221205T092541, end_date=20221205T092542
[2022-12-05T09:25:42.072+0000] {local_task_job.py:159} INFO - 🤪 Task exited with return code 0
[2022-12-05T09:25:42.091+0000] {taskinstance.py:2623} INFO - 🤪 0 downstream tasks scheduled from follow-on schedule check
