[2022-12-09T18:20:39.755+0000] {taskinstance.py:1165} INFO - 🤪 Dependencies all met for <TaskInstance: get_raw_data_from_sources.get_raw_data_from_postgres_sources scheduled__2022-12-07T19:00:00+00:00 [queued]>
[2022-12-09T18:20:39.764+0000] {taskinstance.py:1165} INFO - 🤪 Dependencies all met for <TaskInstance: get_raw_data_from_sources.get_raw_data_from_postgres_sources scheduled__2022-12-07T19:00:00+00:00 [queued]>
[2022-12-09T18:20:39.765+0000] {taskinstance.py:1362} INFO - 🤪 
--------------------------------------------------------------------------------
[2022-12-09T18:20:39.765+0000] {taskinstance.py:1363} INFO - 🤪 Starting attempt 7 of 10
[2022-12-09T18:20:39.766+0000] {taskinstance.py:1364} INFO - 🤪 
--------------------------------------------------------------------------------
[2022-12-09T18:20:39.783+0000] {taskinstance.py:1383} INFO - 🤪 Executing <Task(PythonOperator): get_raw_data_from_postgres_sources> on 2022-12-07 19:00:00+00:00
[2022-12-09T18:20:39.787+0000] {standard_task_runner.py:55} INFO - 🤪 Started process 277 to run task
[2022-12-09T18:20:39.791+0000] {standard_task_runner.py:82} INFO - 🤪 Running: ['airflow', 'tasks', 'run', 'get_raw_data_from_sources', 'get_raw_data_from_postgres_sources', 'scheduled__2022-12-07T19:00:00+00:00', '--job-id', '13', '--raw', '--subdir', 'DAGS_FOLDER/ingest_dwh_daily.py', '--cfg-path', '/tmp/tmp8cuyxop9']
[2022-12-09T18:20:39.792+0000] {standard_task_runner.py:83} INFO - 🤪 Job 13: Subtask get_raw_data_from_postgres_sources
[2022-12-09T18:20:39.851+0000] {task_command.py:376} INFO - 🤪 Running <TaskInstance: get_raw_data_from_sources.get_raw_data_from_postgres_sources scheduled__2022-12-07T19:00:00+00:00 [running]> on host 31f0fd0ea32a
[2022-12-09T18:20:39.906+0000] {taskinstance.py:1590} INFO - 🤪 Exporting the following env vars:
AIRFLOW_CTX_DAG_EMAIL=gp.data@galaxy.com.vn
AIRFLOW_CTX_DAG_OWNER=data_team
AIRFLOW_CTX_DAG_ID=get_raw_data_from_sources
AIRFLOW_CTX_TASK_ID=get_raw_data_from_postgres_sources
AIRFLOW_CTX_EXECUTION_DATE=2022-12-07T19:00:00+00:00
AIRFLOW_CTX_TRY_NUMBER=7
AIRFLOW_CTX_DAG_RUN_ID=scheduled__2022-12-07T19:00:00+00:00
[2022-12-09T18:20:39.924+0000] {logging_mixin.py:137} INFO - 🤪 Start getting data from source Postgres - Table: users
[2022-12-09T18:20:39.935+0000] {logging_mixin.py:137} INFO - 🤪 Found 100 records need to be inserted
[2022-12-09T18:20:39.937+0000] {logging_mixin.py:137} INFO - 🤪 Start ingesting data from source Postgres to DW - Table: users
[2022-12-09T18:20:39.937+0000] {logging_mixin.py:137} INFO - 🤪 hello world <connection object at 0x7fe74d746cc0; dsn: 'user=report_admin password=xxx dbname=report host=psql_dw port=5432 options='-c search_path=raw_data'', closed: 0>
[2022-12-09T18:20:39.950+0000] {logging_mixin.py:137} INFO - 🤪 the dataframe is inserted
[2022-12-09T18:20:39.951+0000] {logging_mixin.py:137} INFO - 🤪 Finished ingesting data from source to DW - Table: users
[2022-12-09T18:20:39.951+0000] {logging_mixin.py:137} INFO - 🤪 Start getting data from source Postgres - Table: orders
[2022-12-09T18:20:39.960+0000] {logging_mixin.py:137} INFO - 🤪 Found 0 records need to be inserted
[2022-12-09T18:20:39.961+0000] {logging_mixin.py:137} INFO - 🤪 Start ingesting data from source Postgres to DW - Table: orders
[2022-12-09T18:20:39.962+0000] {logging_mixin.py:137} INFO - 🤪 hello world <connection object at 0x7fe74d746cc0; dsn: 'user=report_admin password=xxx dbname=report host=psql_dw port=5432 options='-c search_path=raw_data'', closed: 0>
[2022-12-09T18:20:39.963+0000] {logging_mixin.py:137} INFO - 🤪 the dataframe is inserted
[2022-12-09T18:20:39.963+0000] {logging_mixin.py:137} INFO - 🤪 Finished ingesting data from source to DW - Table: orders
[2022-12-09T18:20:39.964+0000] {logging_mixin.py:137} INFO - 🤪 Start getting data from source Postgres - Table: transactions
[2022-12-09T18:20:39.968+0000] {logging_mixin.py:137} INFO - 🤪 Found 0 records need to be inserted
[2022-12-09T18:20:39.969+0000] {logging_mixin.py:137} INFO - 🤪 Start ingesting data from source Postgres to DW - Table: transactions
[2022-12-09T18:20:39.970+0000] {logging_mixin.py:137} INFO - 🤪 hello world <connection object at 0x7fe74d746cc0; dsn: 'user=report_admin password=xxx dbname=report host=psql_dw port=5432 options='-c search_path=raw_data'', closed: 0>
[2022-12-09T18:20:39.971+0000] {logging_mixin.py:137} INFO - 🤪 the dataframe is inserted
[2022-12-09T18:20:39.971+0000] {logging_mixin.py:137} INFO - 🤪 Finished ingesting data from source to DW - Table: transactions
[2022-12-09T18:20:39.972+0000] {logging_mixin.py:137} INFO - 🤪 Start getting data from source Postgres - Table: menus
[2022-12-09T18:20:39.975+0000] {logging_mixin.py:137} INFO - 🤪 Found 0 records need to be inserted
[2022-12-09T18:20:39.975+0000] {logging_mixin.py:137} INFO - 🤪 Start ingesting data from source Postgres to DW - Table: menus
[2022-12-09T18:20:39.976+0000] {logging_mixin.py:137} INFO - 🤪 hello world <connection object at 0x7fe74d746cc0; dsn: 'user=report_admin password=xxx dbname=report host=psql_dw port=5432 options='-c search_path=raw_data'', closed: 0>
[2022-12-09T18:20:39.976+0000] {logging_mixin.py:137} INFO - 🤪 the dataframe is inserted
[2022-12-09T18:20:39.977+0000] {logging_mixin.py:137} INFO - 🤪 Finished ingesting data from source to DW - Table: menus
[2022-12-09T18:20:39.978+0000] {python.py:177} INFO - 🤪 Done. Returned value was: None
[2022-12-09T18:20:39.985+0000] {taskinstance.py:1401} INFO - 🤪 Marking task as SUCCESS. dag_id=get_raw_data_from_sources, task_id=get_raw_data_from_postgres_sources, execution_date=20221207T190000, start_date=20221209T182039, end_date=20221209T182039
[2022-12-09T18:20:40.166+0000] {local_task_job.py:159} INFO - 🤪 Task exited with return code 0
[2022-12-09T18:20:40.181+0000] {taskinstance.py:2623} INFO - 🤪 0 downstream tasks scheduled from follow-on schedule check
