[2022-12-08T04:29:50.388+0000] {taskinstance.py:1165} INFO - 🤪 Dependencies all met for <TaskInstance: get_raw_data_from_sources.get_raw_data_from_postgres_sources manual__2022-12-08T03:19:26.347472+00:00 [queued]>
[2022-12-08T04:29:50.397+0000] {taskinstance.py:1165} INFO - 🤪 Dependencies all met for <TaskInstance: get_raw_data_from_sources.get_raw_data_from_postgres_sources manual__2022-12-08T03:19:26.347472+00:00 [queued]>
[2022-12-08T04:29:50.398+0000] {taskinstance.py:1362} INFO - 🤪 
--------------------------------------------------------------------------------
[2022-12-08T04:29:50.399+0000] {taskinstance.py:1363} INFO - 🤪 Starting attempt 3 of 6
[2022-12-08T04:29:50.400+0000] {taskinstance.py:1364} INFO - 🤪 
--------------------------------------------------------------------------------
[2022-12-08T04:29:50.414+0000] {taskinstance.py:1383} INFO - 🤪 Executing <Task(PythonOperator): get_raw_data_from_postgres_sources> on 2022-12-08 03:19:26.347472+00:00
[2022-12-08T04:29:50.418+0000] {standard_task_runner.py:55} INFO - 🤪 Started process 547 to run task
[2022-12-08T04:29:50.425+0000] {standard_task_runner.py:82} INFO - 🤪 Running: ['airflow', 'tasks', 'run', 'get_raw_data_from_sources', 'get_raw_data_from_postgres_sources', 'manual__2022-12-08T03:19:26.347472+00:00', '--job-id', '13', '--raw', '--subdir', 'DAGS_FOLDER/ingest_dwh_daily.py', '--cfg-path', '/tmp/tmpmrk67ezs']
[2022-12-08T04:29:50.429+0000] {standard_task_runner.py:83} INFO - 🤪 Job 13: Subtask get_raw_data_from_postgres_sources
[2022-12-08T04:29:50.528+0000] {task_command.py:376} INFO - 🤪 Running <TaskInstance: get_raw_data_from_sources.get_raw_data_from_postgres_sources manual__2022-12-08T03:19:26.347472+00:00 [running]> on host a249d6482057
[2022-12-08T04:29:50.584+0000] {taskinstance.py:1590} INFO - 🤪 Exporting the following env vars:
AIRFLOW_CTX_DAG_EMAIL=gp.data@galaxy.com.vn
AIRFLOW_CTX_DAG_OWNER=data_team
AIRFLOW_CTX_DAG_ID=get_raw_data_from_sources
AIRFLOW_CTX_TASK_ID=get_raw_data_from_postgres_sources
AIRFLOW_CTX_EXECUTION_DATE=2022-12-08T03:19:26.347472+00:00
AIRFLOW_CTX_TRY_NUMBER=3
AIRFLOW_CTX_DAG_RUN_ID=manual__2022-12-08T03:19:26.347472+00:00
[2022-12-08T04:29:50.595+0000] {logging_mixin.py:137} INFO - 🤪 Start getting data from source Postgres - Table: users
[2022-12-08T04:29:50.605+0000] {logging_mixin.py:137} INFO - 🤪 Found 100 records need to be inserted
[2022-12-08T04:29:50.606+0000] {logging_mixin.py:137} INFO - 🤪 Start ingesting data from source Postgres to DW - Table: users
[2022-12-08T04:29:50.626+0000] {logging_mixin.py:137} INFO - 🤪 the dataframe is inserted
[2022-12-08T04:29:50.627+0000] {logging_mixin.py:137} INFO - 🤪 Finished ingesting data from source to DW - Table: users
[2022-12-08T04:29:50.628+0000] {python.py:177} INFO - 🤪 Done. Returned value was: None
[2022-12-08T04:29:50.636+0000] {taskinstance.py:1401} INFO - 🤪 Marking task as SUCCESS. dag_id=get_raw_data_from_sources, task_id=get_raw_data_from_postgres_sources, execution_date=20221208T031926, start_date=20221208T042950, end_date=20221208T042950
[2022-12-08T04:29:50.678+0000] {local_task_job.py:159} INFO - 🤪 Task exited with return code 0
[2022-12-08T04:29:50.697+0000] {taskinstance.py:2623} INFO - 🤪 0 downstream tasks scheduled from follow-on schedule check
