[2022-12-08T03:28:39.438+0000] {taskinstance.py:1165} INFO - 🤪 Dependencies all met for <TaskInstance: get_raw_data_from_sources.get_raw_data_from_postgres_sources manual__2022-12-08T03:19:26.347472+00:00 [queued]>
[2022-12-08T03:28:39.450+0000] {taskinstance.py:1165} INFO - 🤪 Dependencies all met for <TaskInstance: get_raw_data_from_sources.get_raw_data_from_postgres_sources manual__2022-12-08T03:19:26.347472+00:00 [queued]>
[2022-12-08T03:28:39.451+0000] {taskinstance.py:1362} INFO - 🤪 
--------------------------------------------------------------------------------
[2022-12-08T03:28:39.452+0000] {taskinstance.py:1363} INFO - 🤪 Starting attempt 1 of 4
[2022-12-08T03:28:39.453+0000] {taskinstance.py:1364} INFO - 🤪 
--------------------------------------------------------------------------------
[2022-12-08T03:28:39.448+0000] {taskinstance.py:1383} INFO - 🤪 Executing <Task(PythonOperator): get_raw_data_from_postgres_sources> on 2022-12-08 03:19:26.347472+00:00
[2022-12-08T03:28:39.452+0000] {standard_task_runner.py:55} INFO - 🤪 Started process 157 to run task
[2022-12-08T03:28:39.458+0000] {standard_task_runner.py:82} INFO - 🤪 Running: ['airflow', 'tasks', 'run', 'get_raw_data_from_sources', 'get_raw_data_from_postgres_sources', 'manual__2022-12-08T03:19:26.347472+00:00', '--job-id', '8', '--raw', '--subdir', 'DAGS_FOLDER/ingest_dwh_daily.py', '--cfg-path', '/tmp/tmppjm7yjm5']
[2022-12-08T03:28:39.460+0000] {standard_task_runner.py:83} INFO - 🤪 Job 8: Subtask get_raw_data_from_postgres_sources
[2022-12-08T03:28:39.508+0000] {task_command.py:376} INFO - 🤪 Running <TaskInstance: get_raw_data_from_sources.get_raw_data_from_postgres_sources manual__2022-12-08T03:19:26.347472+00:00 [running]> on host a249d6482057
[2022-12-08T03:28:39.556+0000] {taskinstance.py:1590} INFO - 🤪 Exporting the following env vars:
AIRFLOW_CTX_DAG_EMAIL=gp.data@galaxy.com.vn
AIRFLOW_CTX_DAG_OWNER=data_team
AIRFLOW_CTX_DAG_ID=get_raw_data_from_sources
AIRFLOW_CTX_TASK_ID=get_raw_data_from_postgres_sources
AIRFLOW_CTX_EXECUTION_DATE=2022-12-08T03:19:26.347472+00:00
AIRFLOW_CTX_TRY_NUMBER=1
AIRFLOW_CTX_DAG_RUN_ID=manual__2022-12-08T03:19:26.347472+00:00
[2022-12-08T03:28:39.566+0000] {logging_mixin.py:137} INFO - 🤪 Start getting data from source Postgres - Table: users
[2022-12-08T03:28:39.574+0000] {logging_mixin.py:137} INFO - 🤪 Found 100 records need to be inserted
[2022-12-08T03:28:39.575+0000] {logging_mixin.py:137} INFO - 🤪 Start ingesting data from source Postgres to DW - Table: users
[2022-12-08T03:28:39.590+0000] {logging_mixin.py:137} INFO - 🤪 Error: relation "users" does not exist
LINE 1: INSERT INTO users(user_id,name,email,mobile,location) VALUES...
                    ^
[2022-12-08T03:28:39.591+0000] {logging_mixin.py:137} INFO - 🤪 Finished ingesting data from source to DW - Table: users
[2022-12-08T03:28:39.592+0000] {python.py:177} INFO - 🤪 Done. Returned value was: None
[2022-12-08T03:28:39.598+0000] {taskinstance.py:1401} INFO - 🤪 Marking task as SUCCESS. dag_id=get_raw_data_from_sources, task_id=get_raw_data_from_postgres_sources, execution_date=20221208T031926, start_date=20221208T032839, end_date=20221208T032839
[2022-12-08T03:28:39.631+0000] {local_task_job.py:159} INFO - 🤪 Task exited with return code 0
[2022-12-08T03:28:39.646+0000] {taskinstance.py:2623} INFO - 🤪 0 downstream tasks scheduled from follow-on schedule check
