[2022-12-05T09:06:23.624+0000] {taskinstance.py:1165} INFO - 🤪 Dependencies all met for <TaskInstance: get_raw_data_from_sources.get_raw_data_from_postgres_sources manual__2022-12-05T09:06:20.006250+00:00 [queued]>
[2022-12-05T09:06:23.631+0000] {taskinstance.py:1165} INFO - 🤪 Dependencies all met for <TaskInstance: get_raw_data_from_sources.get_raw_data_from_postgres_sources manual__2022-12-05T09:06:20.006250+00:00 [queued]>
[2022-12-05T09:06:23.632+0000] {taskinstance.py:1362} INFO - 🤪 
--------------------------------------------------------------------------------
[2022-12-05T09:06:23.633+0000] {taskinstance.py:1363} INFO - 🤪 Starting attempt 1 of 4
[2022-12-05T09:06:23.634+0000] {taskinstance.py:1364} INFO - 🤪 
--------------------------------------------------------------------------------
[2022-12-05T09:06:23.648+0000] {taskinstance.py:1383} INFO - 🤪 Executing <Task(PythonOperator): get_raw_data_from_postgres_sources> on 2022-12-05 09:06:20.006250+00:00
[2022-12-05T09:06:23.651+0000] {standard_task_runner.py:55} INFO - 🤪 Started process 1266 to run task
[2022-12-05T09:06:23.655+0000] {standard_task_runner.py:82} INFO - 🤪 Running: ['airflow', 'tasks', 'run', 'get_raw_data_from_sources', 'get_raw_data_from_postgres_sources', 'manual__2022-12-05T09:06:20.006250+00:00', '--job-id', '37', '--raw', '--subdir', 'DAGS_FOLDER/ingest_dwh_daily.py', '--cfg-path', '/tmp/tmp6f82oqll']
[2022-12-05T09:06:23.657+0000] {standard_task_runner.py:83} INFO - 🤪 Job 37: Subtask get_raw_data_from_postgres_sources
[2022-12-05T09:06:23.710+0000] {task_command.py:376} INFO - 🤪 Running <TaskInstance: get_raw_data_from_sources.get_raw_data_from_postgres_sources manual__2022-12-05T09:06:20.006250+00:00 [running]> on host 2387a8df1781
[2022-12-05T09:06:23.763+0000] {taskinstance.py:1590} INFO - 🤪 Exporting the following env vars:
AIRFLOW_CTX_DAG_EMAIL=gp.data@galaxy.com.vn
AIRFLOW_CTX_DAG_OWNER=data_team
AIRFLOW_CTX_DAG_ID=get_raw_data_from_sources
AIRFLOW_CTX_TASK_ID=get_raw_data_from_postgres_sources
AIRFLOW_CTX_EXECUTION_DATE=2022-12-05T09:06:20.006250+00:00
AIRFLOW_CTX_TRY_NUMBER=1
AIRFLOW_CTX_DAG_RUN_ID=manual__2022-12-05T09:06:20.006250+00:00
[2022-12-05T09:06:23.774+0000] {logging_mixin.py:137} INFO - 🤪 Start getting data from source - Table: users
[2022-12-05T09:06:23.777+0000] {logging_mixin.py:137} INFO - 🤪 Found 100 records need to be inserted
[2022-12-05T09:06:23.782+0000] {logging_mixin.py:137} INFO - 🤪 Start ingesting data from source to DW - Table: users
[2022-12-05T09:06:23.790+0000] {logging_mixin.py:137} INFO - 🤪 the dataframe is inserted
[2022-12-05T09:06:23.791+0000] {logging_mixin.py:137} INFO - 🤪 Finished ingesting data from source to DW - Table: users
[2022-12-05T09:06:23.792+0000] {python.py:177} INFO - 🤪 Done. Returned value was: None
[2022-12-05T09:06:23.802+0000] {taskinstance.py:1401} INFO - 🤪 Marking task as SUCCESS. dag_id=get_raw_data_from_sources, task_id=get_raw_data_from_postgres_sources, execution_date=20221205T090620, start_date=20221205T090623, end_date=20221205T090623
[2022-12-05T09:06:23.828+0000] {local_task_job.py:159} INFO - 🤪 Task exited with return code 0
[2022-12-05T09:06:23.842+0000] {taskinstance.py:2623} INFO - 🤪 0 downstream tasks scheduled from follow-on schedule check
