[2023-02-24T04:00:51.038+0000] {taskinstance.py:1165} INFO - 🤪 Dependencies all met for <TaskInstance: ingest_bo_voucher_report.ingest_bo_voucher_report manual__2023-02-24T03:42:55.306852+00:00 [queued]>
[2023-02-24T04:00:51.049+0000] {taskinstance.py:1165} INFO - 🤪 Dependencies all met for <TaskInstance: ingest_bo_voucher_report.ingest_bo_voucher_report manual__2023-02-24T03:42:55.306852+00:00 [queued]>
[2023-02-24T04:00:51.050+0000] {taskinstance.py:1362} INFO - 🤪 
--------------------------------------------------------------------------------
[2023-02-24T04:00:51.051+0000] {taskinstance.py:1363} INFO - 🤪 Starting attempt 1 of 4
[2023-02-24T04:00:51.053+0000] {taskinstance.py:1364} INFO - 🤪 
--------------------------------------------------------------------------------
[2023-02-24T04:00:51.069+0000] {taskinstance.py:1383} INFO - 🤪 Executing <Task(PythonOperator): ingest_bo_voucher_report> on 2023-02-24 03:42:55.306852+00:00
[2023-02-24T04:00:51.073+0000] {standard_task_runner.py:55} INFO - 🤪 Started process 514 to run task
[2023-02-24T04:00:51.077+0000] {standard_task_runner.py:82} INFO - 🤪 Running: ['airflow', 'tasks', 'run', 'ingest_bo_voucher_report', 'ingest_bo_voucher_report', 'manual__2023-02-24T03:42:55.306852+00:00', '--job-id', '8', '--raw', '--subdir', 'DAGS_FOLDER/ingest_bo_voucher_report.py', '--cfg-path', '/tmp/tmpyqtf6skh']
[2023-02-24T04:00:51.080+0000] {standard_task_runner.py:83} INFO - 🤪 Job 8: Subtask ingest_bo_voucher_report
[2023-02-24T04:00:51.142+0000] {task_command.py:376} INFO - 🤪 Running <TaskInstance: ingest_bo_voucher_report.ingest_bo_voucher_report manual__2023-02-24T03:42:55.306852+00:00 [running]> on host 8d8c6b853c06
[2023-02-24T04:00:51.212+0000] {taskinstance.py:1590} INFO - 🤪 Exporting the following env vars:
AIRFLOW_CTX_DAG_EMAIL=gp.data@galaxy.com.vn
AIRFLOW_CTX_DAG_OWNER=data_team
AIRFLOW_CTX_DAG_ID=ingest_bo_voucher_report
AIRFLOW_CTX_TASK_ID=ingest_bo_voucher_report
AIRFLOW_CTX_EXECUTION_DATE=2023-02-24T03:42:55.306852+00:00
AIRFLOW_CTX_TRY_NUMBER=1
AIRFLOW_CTX_DAG_RUN_ID=manual__2023-02-24T03:42:55.306852+00:00
[2023-02-24T04:00:55.778+0000] {logging_mixin.py:137} INFO - 🤪 Error: relation "raw_data.partnership_cinema_daily" does not exist
LINE 1: INSERT INTO raw_data.partnership_cinema_daily(date_key,date_...
                    ^
[2023-02-24T04:00:55.782+0000] {python.py:177} INFO - 🤪 Done. Returned value was: None
[2023-02-24T04:00:55.790+0000] {taskinstance.py:1401} INFO - 🤪 Marking task as SUCCESS. dag_id=ingest_bo_voucher_report, task_id=ingest_bo_voucher_report, execution_date=20230224T034255, start_date=20230224T040051, end_date=20230224T040055
[2023-02-24T04:00:55.837+0000] {local_task_job.py:159} INFO - 🤪 Task exited with return code 0
[2023-02-24T04:00:55.857+0000] {taskinstance.py:2623} INFO - 🤪 0 downstream tasks scheduled from follow-on schedule check
