[2023-02-24T04:02:09.562+0000] {taskinstance.py:1165} INFO - 🤪 Dependencies all met for <TaskInstance: ingest_bo_voucher_report.ingest_bo_voucher_report manual__2023-02-24T03:42:55.306852+00:00 [queued]>
[2023-02-24T04:02:09.575+0000] {taskinstance.py:1165} INFO - 🤪 Dependencies all met for <TaskInstance: ingest_bo_voucher_report.ingest_bo_voucher_report manual__2023-02-24T03:42:55.306852+00:00 [queued]>
[2023-02-24T04:02:09.577+0000] {taskinstance.py:1362} INFO - 🤪 
--------------------------------------------------------------------------------
[2023-02-24T04:02:09.578+0000] {taskinstance.py:1363} INFO - 🤪 Starting attempt 2 of 5
[2023-02-24T04:02:09.579+0000] {taskinstance.py:1364} INFO - 🤪 
--------------------------------------------------------------------------------
[2023-02-24T04:02:09.601+0000] {taskinstance.py:1383} INFO - 🤪 Executing <Task(PythonOperator): ingest_bo_voucher_report> on 2023-02-24 03:42:55.306852+00:00
[2023-02-24T04:02:09.607+0000] {standard_task_runner.py:55} INFO - 🤪 Started process 530 to run task
[2023-02-24T04:02:09.612+0000] {standard_task_runner.py:82} INFO - 🤪 Running: ['airflow', 'tasks', 'run', 'ingest_bo_voucher_report', 'ingest_bo_voucher_report', 'manual__2023-02-24T03:42:55.306852+00:00', '--job-id', '9', '--raw', '--subdir', 'DAGS_FOLDER/ingest_bo_voucher_report.py', '--cfg-path', '/tmp/tmpspep5kfu']
[2023-02-24T04:02:09.614+0000] {standard_task_runner.py:83} INFO - 🤪 Job 9: Subtask ingest_bo_voucher_report
[2023-02-24T04:02:09.682+0000] {task_command.py:376} INFO - 🤪 Running <TaskInstance: ingest_bo_voucher_report.ingest_bo_voucher_report manual__2023-02-24T03:42:55.306852+00:00 [running]> on host 8d8c6b853c06
[2023-02-24T04:02:09.744+0000] {taskinstance.py:1590} INFO - 🤪 Exporting the following env vars:
AIRFLOW_CTX_DAG_EMAIL=gp.data@galaxy.com.vn
AIRFLOW_CTX_DAG_OWNER=data_team
AIRFLOW_CTX_DAG_ID=ingest_bo_voucher_report
AIRFLOW_CTX_TASK_ID=ingest_bo_voucher_report
AIRFLOW_CTX_EXECUTION_DATE=2023-02-24T03:42:55.306852+00:00
AIRFLOW_CTX_TRY_NUMBER=2
AIRFLOW_CTX_DAG_RUN_ID=manual__2023-02-24T03:42:55.306852+00:00
[2023-02-24T04:02:14.820+0000] {logging_mixin.py:137} INFO - 🤪 the dataframe is inserted
[2023-02-24T04:02:14.824+0000] {python.py:177} INFO - 🤪 Done. Returned value was: None
[2023-02-24T04:02:14.831+0000] {taskinstance.py:1401} INFO - 🤪 Marking task as SUCCESS. dag_id=ingest_bo_voucher_report, task_id=ingest_bo_voucher_report, execution_date=20230224T034255, start_date=20230224T040209, end_date=20230224T040214
[2023-02-24T04:02:14.848+0000] {local_task_job.py:159} INFO - 🤪 Task exited with return code 0
[2023-02-24T04:02:14.861+0000] {taskinstance.py:2623} INFO - 🤪 0 downstream tasks scheduled from follow-on schedule check
