[2022-12-11T06:10:49.194+0000] {taskinstance.py:1165} INFO - 🤪 Dependencies all met for <TaskInstance: update_dwh_daily.check_update_mysql_source scheduled__2022-12-09T19:30:00+00:00 [queued]>
[2022-12-11T06:10:49.202+0000] {taskinstance.py:1165} INFO - 🤪 Dependencies all met for <TaskInstance: update_dwh_daily.check_update_mysql_source scheduled__2022-12-09T19:30:00+00:00 [queued]>
[2022-12-11T06:10:49.203+0000] {taskinstance.py:1362} INFO - 🤪 
--------------------------------------------------------------------------------
[2022-12-11T06:10:49.204+0000] {taskinstance.py:1363} INFO - 🤪 Starting attempt 3 of 6
[2022-12-11T06:10:49.204+0000] {taskinstance.py:1364} INFO - 🤪 
--------------------------------------------------------------------------------
[2022-12-11T06:10:49.217+0000] {taskinstance.py:1383} INFO - 🤪 Executing <Task(PythonOperator): check_update_mysql_source> on 2022-12-09 19:30:00+00:00
[2022-12-11T06:10:49.222+0000] {standard_task_runner.py:55} INFO - 🤪 Started process 228 to run task
[2022-12-11T06:10:49.227+0000] {standard_task_runner.py:82} INFO - 🤪 Running: ['airflow', 'tasks', 'run', 'update_dwh_daily', 'check_update_mysql_source', 'scheduled__2022-12-09T19:30:00+00:00', '--job-id', '14', '--raw', '--subdir', 'DAGS_FOLDER/update_dwh_daily.py', '--cfg-path', '/tmp/tmpzcw61mwm']
[2022-12-11T06:10:49.229+0000] {standard_task_runner.py:83} INFO - 🤪 Job 14: Subtask check_update_mysql_source
[2022-12-11T06:10:49.301+0000] {task_command.py:376} INFO - 🤪 Running <TaskInstance: update_dwh_daily.check_update_mysql_source scheduled__2022-12-09T19:30:00+00:00 [running]> on host 2557b583fff6
[2022-12-11T06:10:49.349+0000] {taskinstance.py:1590} INFO - 🤪 Exporting the following env vars:
AIRFLOW_CTX_DAG_EMAIL=gp.data@galaxy.com.vn
AIRFLOW_CTX_DAG_OWNER=data_team
AIRFLOW_CTX_DAG_ID=update_dwh_daily
AIRFLOW_CTX_TASK_ID=check_update_mysql_source
AIRFLOW_CTX_EXECUTION_DATE=2022-12-09T19:30:00+00:00
AIRFLOW_CTX_TRY_NUMBER=3
AIRFLOW_CTX_DAG_RUN_ID=scheduled__2022-12-09T19:30:00+00:00
[2022-12-11T06:10:49.362+0000] {logging_mixin.py:137} INFO - 🤪 Start checking for updated data from source Mysql - Table: users
[2022-12-11T06:10:49.375+0000] {logging_mixin.py:137} INFO - 🤪 Found 0 updated records
[2022-12-11T06:10:49.377+0000] {logging_mixin.py:137} INFO - 🤪 Start updating DWH data - Table: users
[2022-12-11T06:10:49.378+0000] {logging_mixin.py:137} INFO - 🤪 Finished update DWH data - Table: users
[2022-12-11T06:10:49.378+0000] {logging_mixin.py:137} INFO - 🤪 Start checking for updated data from source Mysql - Table: orders
[2022-12-11T06:10:49.381+0000] {logging_mixin.py:137} INFO - 🤪 Found 0 updated records
[2022-12-11T06:10:49.382+0000] {logging_mixin.py:137} INFO - 🤪 Start updating DWH data - Table: orders
[2022-12-11T06:10:49.383+0000] {logging_mixin.py:137} INFO - 🤪 Finished update DWH data - Table: orders
[2022-12-11T06:10:49.384+0000] {logging_mixin.py:137} INFO - 🤪 Start checking for updated data from source Mysql - Table: transactions
[2022-12-11T06:10:49.387+0000] {logging_mixin.py:137} INFO - 🤪 Found 0 updated records
[2022-12-11T06:10:49.388+0000] {logging_mixin.py:137} INFO - 🤪 Start updating DWH data - Table: transactions
[2022-12-11T06:10:49.389+0000] {logging_mixin.py:137} INFO - 🤪 Finished update DWH data - Table: transactions
[2022-12-11T06:10:49.389+0000] {logging_mixin.py:137} INFO - 🤪 Start checking for updated data from source Mysql - Table: menus
[2022-12-11T06:10:49.393+0000] {logging_mixin.py:137} INFO - 🤪 Found 0 updated records
[2022-12-11T06:10:49.394+0000] {logging_mixin.py:137} INFO - 🤪 Start updating DWH data - Table: menus
[2022-12-11T06:10:49.395+0000] {logging_mixin.py:137} INFO - 🤪 Finished update DWH data - Table: menus
[2022-12-11T06:10:49.396+0000] {python.py:177} INFO - 🤪 Done. Returned value was: None
[2022-12-11T06:10:49.404+0000] {taskinstance.py:1401} INFO - 🤪 Marking task as SUCCESS. dag_id=update_dwh_daily, task_id=check_update_mysql_source, execution_date=20221209T193000, start_date=20221211T061049, end_date=20221211T061049
[2022-12-11T06:10:49.443+0000] {local_task_job.py:159} INFO - 🤪 Task exited with return code 0
[2022-12-11T06:10:49.459+0000] {taskinstance.py:2623} INFO - 🤪 0 downstream tasks scheduled from follow-on schedule check
