[2022-12-10T11:33:27.802+0000] {taskinstance.py:1165} INFO - 🤪 Dependencies all met for <TaskInstance: update_dwh_daily.check_update_mysql_source scheduled__2022-12-08T19:30:00+00:00 [queued]>
[2022-12-10T11:33:27.810+0000] {taskinstance.py:1165} INFO - 🤪 Dependencies all met for <TaskInstance: update_dwh_daily.check_update_mysql_source scheduled__2022-12-08T19:30:00+00:00 [queued]>
[2022-12-10T11:33:27.811+0000] {taskinstance.py:1362} INFO - 🤪 
--------------------------------------------------------------------------------
[2022-12-10T11:33:27.811+0000] {taskinstance.py:1363} INFO - 🤪 Starting attempt 1 of 4
[2022-12-10T11:33:27.812+0000] {taskinstance.py:1364} INFO - 🤪 
--------------------------------------------------------------------------------
[2022-12-10T11:33:27.831+0000] {taskinstance.py:1383} INFO - 🤪 Executing <Task(PythonOperator): check_update_mysql_source> on 2022-12-08 19:30:00+00:00
[2022-12-10T11:33:27.838+0000] {standard_task_runner.py:55} INFO - 🤪 Started process 1049 to run task
[2022-12-10T11:33:27.842+0000] {standard_task_runner.py:82} INFO - 🤪 Running: ['airflow', 'tasks', 'run', 'update_dwh_daily', 'check_update_mysql_source', 'scheduled__2022-12-08T19:30:00+00:00', '--job-id', '2', '--raw', '--subdir', 'DAGS_FOLDER/update_dwh_daily.py', '--cfg-path', '/tmp/tmpunduqe8z']
[2022-12-10T11:33:27.844+0000] {standard_task_runner.py:83} INFO - 🤪 Job 2: Subtask check_update_mysql_source
[2022-12-10T11:33:27.911+0000] {task_command.py:376} INFO - 🤪 Running <TaskInstance: update_dwh_daily.check_update_mysql_source scheduled__2022-12-08T19:30:00+00:00 [running]> on host f9163ca376ce
[2022-12-10T11:33:27.996+0000] {taskinstance.py:1590} INFO - 🤪 Exporting the following env vars:
AIRFLOW_CTX_DAG_EMAIL=gp.data@galaxy.com.vn
AIRFLOW_CTX_DAG_OWNER=data_team
AIRFLOW_CTX_DAG_ID=update_dwh_daily
AIRFLOW_CTX_TASK_ID=check_update_mysql_source
AIRFLOW_CTX_EXECUTION_DATE=2022-12-08T19:30:00+00:00
AIRFLOW_CTX_TRY_NUMBER=1
AIRFLOW_CTX_DAG_RUN_ID=scheduled__2022-12-08T19:30:00+00:00
[2022-12-10T11:33:27.998+0000] {python.py:177} INFO - 🤪 Done. Returned value was: None
[2022-12-10T11:33:28.006+0000] {taskinstance.py:1401} INFO - 🤪 Marking task as SUCCESS. dag_id=update_dwh_daily, task_id=check_update_mysql_source, execution_date=20221208T193000, start_date=20221210T113327, end_date=20221210T113328
[2022-12-10T11:33:28.055+0000] {local_task_job.py:159} INFO - 🤪 Task exited with return code 0
[2022-12-10T11:33:28.078+0000] {taskinstance.py:2623} INFO - 🤪 0 downstream tasks scheduled from follow-on schedule check
[2022-12-10T12:00:24.496+0000] {taskinstance.py:1165} INFO - 🤪 Dependencies all met for <TaskInstance: update_dwh_daily.check_update_mysql_source scheduled__2022-12-08T19:30:00+00:00 [queued]>
[2022-12-10T12:00:24.506+0000] {taskinstance.py:1165} INFO - 🤪 Dependencies all met for <TaskInstance: update_dwh_daily.check_update_mysql_source scheduled__2022-12-08T19:30:00+00:00 [queued]>
[2022-12-10T12:00:24.508+0000] {taskinstance.py:1362} INFO - 🤪 
--------------------------------------------------------------------------------
[2022-12-10T12:00:24.509+0000] {taskinstance.py:1363} INFO - 🤪 Starting attempt 1 of 4
[2022-12-10T12:00:24.510+0000] {taskinstance.py:1364} INFO - 🤪 
--------------------------------------------------------------------------------
[2022-12-10T12:00:24.525+0000] {taskinstance.py:1383} INFO - 🤪 Executing <Task(PythonOperator): check_update_mysql_source> on 2022-12-08 19:30:00+00:00
[2022-12-10T12:00:24.529+0000] {standard_task_runner.py:55} INFO - 🤪 Started process 125 to run task
[2022-12-10T12:00:24.534+0000] {standard_task_runner.py:82} INFO - 🤪 Running: ['airflow', 'tasks', 'run', 'update_dwh_daily', 'check_update_mysql_source', 'scheduled__2022-12-08T19:30:00+00:00', '--job-id', '8', '--raw', '--subdir', 'DAGS_FOLDER/update_dwh_daily.py', '--cfg-path', '/tmp/tmppx247hkd']
[2022-12-10T12:00:24.535+0000] {standard_task_runner.py:83} INFO - 🤪 Job 8: Subtask check_update_mysql_source
[2022-12-10T12:00:24.595+0000] {task_command.py:376} INFO - 🤪 Running <TaskInstance: update_dwh_daily.check_update_mysql_source scheduled__2022-12-08T19:30:00+00:00 [running]> on host 06f648095881
[2022-12-10T12:00:24.657+0000] {taskinstance.py:1590} INFO - 🤪 Exporting the following env vars:
AIRFLOW_CTX_DAG_EMAIL=gp.data@galaxy.com.vn
AIRFLOW_CTX_DAG_OWNER=data_team
AIRFLOW_CTX_DAG_ID=update_dwh_daily
AIRFLOW_CTX_TASK_ID=check_update_mysql_source
AIRFLOW_CTX_EXECUTION_DATE=2022-12-08T19:30:00+00:00
AIRFLOW_CTX_TRY_NUMBER=1
AIRFLOW_CTX_DAG_RUN_ID=scheduled__2022-12-08T19:30:00+00:00
[2022-12-10T12:00:24.659+0000] {python.py:177} INFO - 🤪 Done. Returned value was: None
[2022-12-10T12:00:24.665+0000] {taskinstance.py:1401} INFO - 🤪 Marking task as SUCCESS. dag_id=update_dwh_daily, task_id=check_update_mysql_source, execution_date=20221208T193000, start_date=20221210T120024, end_date=20221210T120024
[2022-12-10T12:00:24.708+0000] {local_task_job.py:159} INFO - 🤪 Task exited with return code 0
[2022-12-10T12:00:24.724+0000] {taskinstance.py:2623} INFO - 🤪 0 downstream tasks scheduled from follow-on schedule check
