[2022-12-07T16:52:51.910+0000] {taskinstance.py:1165} INFO - 🤪 Dependencies all met for <TaskInstance: get_raw_data_from_sources.get_raw_data_from_mysql_sources manual__2022-12-07T16:07:56.670965+00:00 [queued]>
[2022-12-07T16:52:51.917+0000] {taskinstance.py:1165} INFO - 🤪 Dependencies all met for <TaskInstance: get_raw_data_from_sources.get_raw_data_from_mysql_sources manual__2022-12-07T16:07:56.670965+00:00 [queued]>
[2022-12-07T16:52:51.918+0000] {taskinstance.py:1362} INFO - 🤪 
--------------------------------------------------------------------------------
[2022-12-07T16:52:51.919+0000] {taskinstance.py:1363} INFO - 🤪 Starting attempt 3 of 4
[2022-12-07T16:52:51.920+0000] {taskinstance.py:1364} INFO - 🤪 
--------------------------------------------------------------------------------
[2022-12-07T16:52:51.934+0000] {taskinstance.py:1383} INFO - 🤪 Executing <Task(PythonOperator): get_raw_data_from_mysql_sources> on 2022-12-07 16:07:56.670965+00:00
[2022-12-07T16:52:51.939+0000] {standard_task_runner.py:55} INFO - 🤪 Started process 552 to run task
[2022-12-07T16:52:51.945+0000] {standard_task_runner.py:82} INFO - 🤪 Running: ['airflow', 'tasks', 'run', 'get_raw_data_from_sources', 'get_raw_data_from_mysql_sources', 'manual__2022-12-07T16:07:56.670965+00:00', '--job-id', '37', '--raw', '--subdir', 'DAGS_FOLDER/ingest_dwh_daily.py', '--cfg-path', '/tmp/tmpffgpkw71']
[2022-12-07T16:52:51.947+0000] {standard_task_runner.py:83} INFO - 🤪 Job 37: Subtask get_raw_data_from_mysql_sources
[2022-12-07T16:52:52.001+0000] {task_command.py:376} INFO - 🤪 Running <TaskInstance: get_raw_data_from_sources.get_raw_data_from_mysql_sources manual__2022-12-07T16:07:56.670965+00:00 [running]> on host db3df0a6f633
[2022-12-07T16:52:52.053+0000] {taskinstance.py:1590} INFO - 🤪 Exporting the following env vars:
AIRFLOW_CTX_DAG_EMAIL=gp.data@galaxy.com.vn
AIRFLOW_CTX_DAG_OWNER=data_team
AIRFLOW_CTX_DAG_ID=get_raw_data_from_sources
AIRFLOW_CTX_TASK_ID=get_raw_data_from_mysql_sources
AIRFLOW_CTX_EXECUTION_DATE=2022-12-07T16:07:56.670965+00:00
AIRFLOW_CTX_TRY_NUMBER=3
AIRFLOW_CTX_DAG_RUN_ID=manual__2022-12-07T16:07:56.670965+00:00
[2022-12-07T16:52:52.068+0000] {taskinstance.py:1851} ERROR - 🤪 Task failed with exception
Traceback (most recent call last):
  File "/opt/bitnami/python/lib/python3.8/site-packages/airflow/operators/python.py", line 175, in execute
    return_value = self.execute_callable()
  File "/opt/bitnami/python/lib/python3.8/site-packages/airflow/operators/python.py", line 193, in execute_callable
    return self.python_callable(*self.op_args, **self.op_kwargs)
  File "/airflow/dags/processing/ingest_mysql_source.py", line 16, in ingest_mysql_source
    for index, table in enumerate(MysqlStatements.list_tables):
AttributeError: type object 'MysqlStatements' has no attribute 'list_tables'
[2022-12-07T16:52:52.075+0000] {taskinstance.py:1401} INFO - 🤪 Marking task as UP_FOR_RETRY. dag_id=get_raw_data_from_sources, task_id=get_raw_data_from_mysql_sources, execution_date=20221207T160756, start_date=20221207T165251, end_date=20221207T165252
[2022-12-07T16:52:52.086+0000] {standard_task_runner.py:100} ERROR - 🤪 Failed to execute job 37 for task get_raw_data_from_mysql_sources (type object 'MysqlStatements' has no attribute 'list_tables'; 552)
[2022-12-07T16:52:52.118+0000] {local_task_job.py:159} INFO - 🤪 Task exited with return code 1
[2022-12-07T16:52:52.139+0000] {taskinstance.py:2623} INFO - 🤪 0 downstream tasks scheduled from follow-on schedule check
