[2022-12-07T16:55:53.600+0000] {taskinstance.py:1165} INFO - 🤪 Dependencies all met for <TaskInstance: get_raw_data_from_sources.get_raw_data_from_mysql_sources manual__2022-12-07T16:07:56.670965+00:00 [queued]>
[2022-12-07T16:55:53.609+0000] {taskinstance.py:1165} INFO - 🤪 Dependencies all met for <TaskInstance: get_raw_data_from_sources.get_raw_data_from_mysql_sources manual__2022-12-07T16:07:56.670965+00:00 [queued]>
[2022-12-07T16:55:53.610+0000] {taskinstance.py:1362} INFO - 🤪 
--------------------------------------------------------------------------------
[2022-12-07T16:55:53.611+0000] {taskinstance.py:1363} INFO - 🤪 Starting attempt 4 of 4
[2022-12-07T16:55:53.612+0000] {taskinstance.py:1364} INFO - 🤪 
--------------------------------------------------------------------------------
[2022-12-07T16:55:53.628+0000] {taskinstance.py:1383} INFO - 🤪 Executing <Task(PythonOperator): get_raw_data_from_mysql_sources> on 2022-12-07 16:07:56.670965+00:00
[2022-12-07T16:55:53.632+0000] {standard_task_runner.py:55} INFO - 🤪 Started process 575 to run task
[2022-12-07T16:55:53.637+0000] {standard_task_runner.py:82} INFO - 🤪 Running: ['airflow', 'tasks', 'run', 'get_raw_data_from_sources', 'get_raw_data_from_mysql_sources', 'manual__2022-12-07T16:07:56.670965+00:00', '--job-id', '38', '--raw', '--subdir', 'DAGS_FOLDER/ingest_dwh_daily.py', '--cfg-path', '/tmp/tmpsiiorc8l']
[2022-12-07T16:55:53.642+0000] {standard_task_runner.py:83} INFO - 🤪 Job 38: Subtask get_raw_data_from_mysql_sources
[2022-12-07T16:55:53.693+0000] {task_command.py:376} INFO - 🤪 Running <TaskInstance: get_raw_data_from_sources.get_raw_data_from_mysql_sources manual__2022-12-07T16:07:56.670965+00:00 [running]> on host db3df0a6f633
[2022-12-07T16:55:53.738+0000] {taskinstance.py:1590} INFO - 🤪 Exporting the following env vars:
AIRFLOW_CTX_DAG_EMAIL=gp.data@galaxy.com.vn
AIRFLOW_CTX_DAG_OWNER=data_team
AIRFLOW_CTX_DAG_ID=get_raw_data_from_sources
AIRFLOW_CTX_TASK_ID=get_raw_data_from_mysql_sources
AIRFLOW_CTX_EXECUTION_DATE=2022-12-07T16:07:56.670965+00:00
AIRFLOW_CTX_TRY_NUMBER=4
AIRFLOW_CTX_DAG_RUN_ID=manual__2022-12-07T16:07:56.670965+00:00
[2022-12-07T16:55:53.749+0000] {taskinstance.py:1851} ERROR - 🤪 Task failed with exception
Traceback (most recent call last):
  File "/opt/bitnami/python/lib/python3.8/site-packages/airflow/operators/python.py", line 175, in execute
    return_value = self.execute_callable()
  File "/opt/bitnami/python/lib/python3.8/site-packages/airflow/operators/python.py", line 193, in execute_callable
    return self.python_callable(*self.op_args, **self.op_kwargs)
  File "/airflow/dags/processing/ingest_mysql_source.py", line 16, in ingest_mysql_source
    for index, table in enumerate(MysqlStatements.list_tables):
AttributeError: type object 'MysqlStatements' has no attribute 'list_tables'
[2022-12-07T16:55:53.755+0000] {taskinstance.py:1401} INFO - 🤪 Marking task as FAILED. dag_id=get_raw_data_from_sources, task_id=get_raw_data_from_mysql_sources, execution_date=20221207T160756, start_date=20221207T165553, end_date=20221207T165553
[2022-12-07T16:55:53.765+0000] {standard_task_runner.py:100} ERROR - 🤪 Failed to execute job 38 for task get_raw_data_from_mysql_sources (type object 'MysqlStatements' has no attribute 'list_tables'; 575)
[2022-12-07T16:55:53.811+0000] {local_task_job.py:159} INFO - 🤪 Task exited with return code 1
[2022-12-07T16:55:53.831+0000] {taskinstance.py:2623} INFO - 🤪 0 downstream tasks scheduled from follow-on schedule check
