[2022-12-11T06:06:39.342+0000] {taskinstance.py:1165} INFO - 🤪 Dependencies all met for <TaskInstance: update_dwh_daily.check_update_psql_source scheduled__2022-12-09T19:30:00+00:00 [queued]>
[2022-12-11T06:06:39.350+0000] {taskinstance.py:1165} INFO - 🤪 Dependencies all met for <TaskInstance: update_dwh_daily.check_update_psql_source scheduled__2022-12-09T19:30:00+00:00 [queued]>
[2022-12-11T06:06:39.351+0000] {taskinstance.py:1362} INFO - 🤪 
--------------------------------------------------------------------------------
[2022-12-11T06:06:39.351+0000] {taskinstance.py:1363} INFO - 🤪 Starting attempt 1 of 4
[2022-12-11T06:06:39.352+0000] {taskinstance.py:1364} INFO - 🤪 
--------------------------------------------------------------------------------
[2022-12-11T06:06:39.365+0000] {taskinstance.py:1383} INFO - 🤪 Executing <Task(PythonOperator): check_update_psql_source> on 2022-12-09 19:30:00+00:00
[2022-12-11T06:06:39.370+0000] {standard_task_runner.py:55} INFO - 🤪 Started process 186 to run task
[2022-12-11T06:06:39.379+0000] {standard_task_runner.py:82} INFO - 🤪 Running: ['airflow', 'tasks', 'run', 'update_dwh_daily', 'check_update_psql_source', 'scheduled__2022-12-09T19:30:00+00:00', '--job-id', '11', '--raw', '--subdir', 'DAGS_FOLDER/update_dwh_daily.py', '--cfg-path', '/tmp/tmpztyr9zzg']
[2022-12-11T06:06:39.381+0000] {standard_task_runner.py:83} INFO - 🤪 Job 11: Subtask check_update_psql_source
[2022-12-11T06:06:39.445+0000] {task_command.py:376} INFO - 🤪 Running <TaskInstance: update_dwh_daily.check_update_psql_source scheduled__2022-12-09T19:30:00+00:00 [running]> on host 2557b583fff6
[2022-12-11T06:06:39.510+0000] {taskinstance.py:1590} INFO - 🤪 Exporting the following env vars:
AIRFLOW_CTX_DAG_EMAIL=gp.data@galaxy.com.vn
AIRFLOW_CTX_DAG_OWNER=data_team
AIRFLOW_CTX_DAG_ID=update_dwh_daily
AIRFLOW_CTX_TASK_ID=check_update_psql_source
AIRFLOW_CTX_EXECUTION_DATE=2022-12-09T19:30:00+00:00
AIRFLOW_CTX_TRY_NUMBER=1
AIRFLOW_CTX_DAG_RUN_ID=scheduled__2022-12-09T19:30:00+00:00
[2022-12-11T06:06:39.531+0000] {logging_mixin.py:137} INFO - 🤪 Start checking for updated data from source Postgres - Table: users
[2022-12-11T06:06:39.548+0000] {logging_mixin.py:137} INFO - 🤪 Found 1 updated records
[2022-12-11T06:06:39.549+0000] {logging_mixin.py:137} INFO - 🤪 Start updating DWH data - Table: users
[2022-12-11T06:06:39.550+0000] {taskinstance.py:1851} ERROR - 🤪 Task failed with exception
Traceback (most recent call last):
  File "/opt/bitnami/python/lib/python3.8/site-packages/airflow/operators/python.py", line 175, in execute
    return_value = self.execute_callable()
  File "/opt/bitnami/python/lib/python3.8/site-packages/airflow/operators/python.py", line 193, in execute_callable
    return self.python_callable(*self.op_args, **self.op_kwargs)
  File "/airflow/dags/processing/check_update_psql_source.py", line 40, in check_update_psql_source
    update_dwh_data(data=data, table=table['table'])
TypeError: update_dwh_data() missing 1 required positional argument: 'postgres_handler'
[2022-12-11T06:06:39.561+0000] {taskinstance.py:1401} INFO - 🤪 Marking task as UP_FOR_RETRY. dag_id=update_dwh_daily, task_id=check_update_psql_source, execution_date=20221209T193000, start_date=20221211T060639, end_date=20221211T060639
[2022-12-11T06:06:39.577+0000] {standard_task_runner.py:100} ERROR - 🤪 Failed to execute job 11 for task check_update_psql_source (update_dwh_data() missing 1 required positional argument: 'postgres_handler'; 186)
[2022-12-11T06:06:39.591+0000] {local_task_job.py:159} INFO - 🤪 Task exited with return code 1
[2022-12-11T06:06:39.606+0000] {taskinstance.py:2623} INFO - 🤪 0 downstream tasks scheduled from follow-on schedule check
