[2022-12-11T06:09:26.410+0000] {taskinstance.py:1165} INFO - 🤪 Dependencies all met for <TaskInstance: update_dwh_daily.check_update_psql_source scheduled__2022-12-09T19:30:00+00:00 [queued]>
[2022-12-11T06:09:26.421+0000] {taskinstance.py:1165} INFO - 🤪 Dependencies all met for <TaskInstance: update_dwh_daily.check_update_psql_source scheduled__2022-12-09T19:30:00+00:00 [queued]>
[2022-12-11T06:09:26.422+0000] {taskinstance.py:1362} INFO - 🤪 
--------------------------------------------------------------------------------
[2022-12-11T06:09:26.423+0000] {taskinstance.py:1363} INFO - 🤪 Starting attempt 2 of 5
[2022-12-11T06:09:26.423+0000] {taskinstance.py:1364} INFO - 🤪 
--------------------------------------------------------------------------------
[2022-12-11T06:09:26.437+0000] {taskinstance.py:1383} INFO - 🤪 Executing <Task(PythonOperator): check_update_psql_source> on 2022-12-09 19:30:00+00:00
[2022-12-11T06:09:26.440+0000] {standard_task_runner.py:55} INFO - 🤪 Started process 207 to run task
[2022-12-11T06:09:26.444+0000] {standard_task_runner.py:82} INFO - 🤪 Running: ['airflow', 'tasks', 'run', 'update_dwh_daily', 'check_update_psql_source', 'scheduled__2022-12-09T19:30:00+00:00', '--job-id', '12', '--raw', '--subdir', 'DAGS_FOLDER/update_dwh_daily.py', '--cfg-path', '/tmp/tmp6pfm4ufx']
[2022-12-11T06:09:26.446+0000] {standard_task_runner.py:83} INFO - 🤪 Job 12: Subtask check_update_psql_source
[2022-12-11T06:09:26.500+0000] {task_command.py:376} INFO - 🤪 Running <TaskInstance: update_dwh_daily.check_update_psql_source scheduled__2022-12-09T19:30:00+00:00 [running]> on host 2557b583fff6
[2022-12-11T06:09:26.556+0000] {taskinstance.py:1590} INFO - 🤪 Exporting the following env vars:
AIRFLOW_CTX_DAG_EMAIL=gp.data@galaxy.com.vn
AIRFLOW_CTX_DAG_OWNER=data_team
AIRFLOW_CTX_DAG_ID=update_dwh_daily
AIRFLOW_CTX_TASK_ID=check_update_psql_source
AIRFLOW_CTX_EXECUTION_DATE=2022-12-09T19:30:00+00:00
AIRFLOW_CTX_TRY_NUMBER=2
AIRFLOW_CTX_DAG_RUN_ID=scheduled__2022-12-09T19:30:00+00:00
[2022-12-11T06:09:26.571+0000] {logging_mixin.py:137} INFO - 🤪 Start checking for updated data from source Postgres - Table: users
[2022-12-11T06:09:26.584+0000] {logging_mixin.py:137} INFO - 🤪 Found 1 updated records
[2022-12-11T06:09:26.585+0000] {logging_mixin.py:137} INFO - 🤪 Start updating DWH data - Table: users
[2022-12-11T06:09:26.595+0000] {logging_mixin.py:137} INFO - 🤪 Finished update DWH data - Table: users
[2022-12-11T06:09:26.596+0000] {python.py:177} INFO - 🤪 Done. Returned value was: None
[2022-12-11T06:09:26.606+0000] {taskinstance.py:1401} INFO - 🤪 Marking task as SUCCESS. dag_id=update_dwh_daily, task_id=check_update_psql_source, execution_date=20221209T193000, start_date=20221211T060926, end_date=20221211T060926
[2022-12-11T06:09:26.658+0000] {local_task_job.py:159} INFO - 🤪 Task exited with return code 0
[2022-12-11T06:09:26.676+0000] {taskinstance.py:2623} INFO - 🤪 0 downstream tasks scheduled from follow-on schedule check
