[2023-02-25T15:57:06.571+0000] {taskinstance.py:1165} INFO - 🤪 Dependencies all met for <TaskInstance: ingest_bo_voucher_report.ingest_bo_voucher_report scheduled__2023-02-23T19:00:00+00:00 [queued]>
[2023-02-25T15:57:06.588+0000] {taskinstance.py:1165} INFO - 🤪 Dependencies all met for <TaskInstance: ingest_bo_voucher_report.ingest_bo_voucher_report scheduled__2023-02-23T19:00:00+00:00 [queued]>
[2023-02-25T15:57:06.590+0000] {taskinstance.py:1362} INFO - 🤪 
--------------------------------------------------------------------------------
[2023-02-25T15:57:06.593+0000] {taskinstance.py:1363} INFO - 🤪 Starting attempt 1 of 4
[2023-02-25T15:57:06.595+0000] {taskinstance.py:1364} INFO - 🤪 
--------------------------------------------------------------------------------
[2023-02-25T15:57:06.627+0000] {taskinstance.py:1383} INFO - 🤪 Executing <Task(PythonOperator): ingest_bo_voucher_report> on 2023-02-23 19:00:00+00:00
[2023-02-25T15:57:06.635+0000] {standard_task_runner.py:55} INFO - 🤪 Started process 191 to run task
[2023-02-25T15:57:06.654+0000] {standard_task_runner.py:82} INFO - 🤪 Running: ['airflow', 'tasks', 'run', 'ingest_bo_voucher_report', 'ingest_bo_voucher_report', 'scheduled__2023-02-23T19:00:00+00:00', '--job-id', '2', '--raw', '--subdir', 'DAGS_FOLDER/ingest_bo_voucher_report.py', '--cfg-path', '/tmp/tmp4axf70cu']
[2023-02-25T15:57:06.660+0000] {standard_task_runner.py:83} INFO - 🤪 Job 2: Subtask ingest_bo_voucher_report
[2023-02-25T15:57:06.792+0000] {task_command.py:376} INFO - 🤪 Running <TaskInstance: ingest_bo_voucher_report.ingest_bo_voucher_report scheduled__2023-02-23T19:00:00+00:00 [running]> on host 6854c1cbd5eb
[2023-02-25T15:57:06.873+0000] {taskinstance.py:1590} INFO - 🤪 Exporting the following env vars:
AIRFLOW_CTX_DAG_EMAIL=gp.data@galaxy.com.vn
AIRFLOW_CTX_DAG_OWNER=data_team
AIRFLOW_CTX_DAG_ID=ingest_bo_voucher_report
AIRFLOW_CTX_TASK_ID=ingest_bo_voucher_report
AIRFLOW_CTX_EXECUTION_DATE=2023-02-23T19:00:00+00:00
AIRFLOW_CTX_TRY_NUMBER=1
AIRFLOW_CTX_DAG_RUN_ID=scheduled__2023-02-23T19:00:00+00:00
[2023-02-25T15:57:06.929+0000] {logging_mixin.py:137} INFO - 🤪 pathhh /airflow/dags/config/
[2023-02-25T15:57:12.597+0000] {logging_mixin.py:137} INFO - 🤪 the dataframe is inserted
[2023-02-25T15:57:12.600+0000] {python.py:177} INFO - 🤪 Done. Returned value was: None
[2023-02-25T15:57:12.605+0000] {taskinstance.py:1401} INFO - 🤪 Marking task as SUCCESS. dag_id=ingest_bo_voucher_report, task_id=ingest_bo_voucher_report, execution_date=20230223T190000, start_date=20230225T155706, end_date=20230225T155712
[2023-02-25T15:57:12.632+0000] {local_task_job.py:159} INFO - 🤪 Task exited with return code 0
[2023-02-25T15:57:12.646+0000] {taskinstance.py:2623} INFO - 🤪 0 downstream tasks scheduled from follow-on schedule check
