[2023-02-28T03:12:09.339+0000] {taskinstance.py:1165} INFO - 🤪 Dependencies all met for <TaskInstance: ingest_bo_voucher_report.ingest_bo_voucher_report manual__2023-02-28T03:12:05.689947+00:00 [queued]>
[2023-02-28T03:12:09.348+0000] {taskinstance.py:1165} INFO - 🤪 Dependencies all met for <TaskInstance: ingest_bo_voucher_report.ingest_bo_voucher_report manual__2023-02-28T03:12:05.689947+00:00 [queued]>
[2023-02-28T03:12:09.349+0000] {taskinstance.py:1362} INFO - 🤪 
--------------------------------------------------------------------------------
[2023-02-28T03:12:09.350+0000] {taskinstance.py:1363} INFO - 🤪 Starting attempt 1 of 4
[2023-02-28T03:12:09.351+0000] {taskinstance.py:1364} INFO - 🤪 
--------------------------------------------------------------------------------
[2023-02-28T03:12:09.368+0000] {taskinstance.py:1383} INFO - 🤪 Executing <Task(PythonOperator): ingest_bo_voucher_report> on 2023-02-28 03:12:05.689947+00:00
[2023-02-28T03:12:09.373+0000] {standard_task_runner.py:55} INFO - 🤪 Started process 111 to run task
[2023-02-28T03:12:09.378+0000] {standard_task_runner.py:82} INFO - 🤪 Running: ['airflow', 'tasks', 'run', 'ingest_bo_voucher_report', 'ingest_bo_voucher_report', 'manual__2023-02-28T03:12:05.689947+00:00', '--job-id', '2', '--raw', '--subdir', 'DAGS_FOLDER/ingest_bo_voucher_report.py', '--cfg-path', '/tmp/tmple4cok7n']
[2023-02-28T03:12:09.382+0000] {standard_task_runner.py:83} INFO - 🤪 Job 2: Subtask ingest_bo_voucher_report
[2023-02-28T03:12:09.448+0000] {task_command.py:376} INFO - 🤪 Running <TaskInstance: ingest_bo_voucher_report.ingest_bo_voucher_report manual__2023-02-28T03:12:05.689947+00:00 [running]> on host 4b5d1339935c
[2023-02-28T03:12:09.514+0000] {taskinstance.py:1590} INFO - 🤪 Exporting the following env vars:
AIRFLOW_CTX_DAG_EMAIL=gp.data@galaxy.com.vn
AIRFLOW_CTX_DAG_OWNER=data_team
AIRFLOW_CTX_DAG_ID=ingest_bo_voucher_report
AIRFLOW_CTX_TASK_ID=ingest_bo_voucher_report
AIRFLOW_CTX_EXECUTION_DATE=2023-02-28T03:12:05.689947+00:00
AIRFLOW_CTX_TRY_NUMBER=1
AIRFLOW_CTX_DAG_RUN_ID=manual__2023-02-28T03:12:05.689947+00:00
[2023-02-28T03:12:09.531+0000] {logging_mixin.py:137} WARNING - 🤪 /opt/bitnami/python/lib/python3.8/site-packages/airflow/utils/context.py:297 AirflowContextDeprecationWarning: Accessing 'execution_date' from the template is deprecated and will be removed in a future version. Please use 'data_interval_start' or 'logical_date' instead.
[2023-02-28T03:12:09.546+0000] {logging_mixin.py:137} INFO - 🤪 pathhh /airflow/dags/config/
[2023-02-28T03:12:14.006+0000] {logging_mixin.py:137} INFO - 🤪 Error: invalid input syntax for type integer: "2023CHÚ01"
LINE 1: ...1','20231231','202312','total_sold','daily',0,0),('2023CHÚ01...
                                                             ^
[2023-02-28T03:12:14.009+0000] {python.py:177} INFO - 🤪 Done. Returned value was: None
[2023-02-28T03:12:14.016+0000] {taskinstance.py:1401} INFO - 🤪 Marking task as SUCCESS. dag_id=ingest_bo_voucher_report, task_id=ingest_bo_voucher_report, execution_date=20230228T031205, start_date=20230228T031209, end_date=20230228T031214
[2023-02-28T03:12:14.040+0000] {local_task_job.py:159} INFO - 🤪 Task exited with return code 0
[2023-02-28T03:12:14.055+0000] {taskinstance.py:2623} INFO - 🤪 0 downstream tasks scheduled from follow-on schedule check
