[2023-02-28T03:31:25.894+0000] {taskinstance.py:1165} INFO - 🤪 Dependencies all met for <TaskInstance: ingest_bo_voucher_report.ingest_bo_voucher_report manual__2023-02-28T03:12:05.689947+00:00 [queued]>
[2023-02-28T03:31:25.905+0000] {taskinstance.py:1165} INFO - 🤪 Dependencies all met for <TaskInstance: ingest_bo_voucher_report.ingest_bo_voucher_report manual__2023-02-28T03:12:05.689947+00:00 [queued]>
[2023-02-28T03:31:25.906+0000] {taskinstance.py:1362} INFO - 🤪 
--------------------------------------------------------------------------------
[2023-02-28T03:31:25.907+0000] {taskinstance.py:1363} INFO - 🤪 Starting attempt 2 of 5
[2023-02-28T03:31:25.908+0000] {taskinstance.py:1364} INFO - 🤪 
--------------------------------------------------------------------------------
[2023-02-28T03:31:25.924+0000] {taskinstance.py:1383} INFO - 🤪 Executing <Task(PythonOperator): ingest_bo_voucher_report> on 2023-02-28 03:12:05.689947+00:00
[2023-02-28T03:31:25.930+0000] {standard_task_runner.py:55} INFO - 🤪 Started process 267 to run task
[2023-02-28T03:31:25.937+0000] {standard_task_runner.py:82} INFO - 🤪 Running: ['airflow', 'tasks', 'run', 'ingest_bo_voucher_report', 'ingest_bo_voucher_report', 'manual__2023-02-28T03:12:05.689947+00:00', '--job-id', '3', '--raw', '--subdir', 'DAGS_FOLDER/ingest_bo_voucher_report.py', '--cfg-path', '/tmp/tmpuhpsveaw']
[2023-02-28T03:31:25.947+0000] {standard_task_runner.py:83} INFO - 🤪 Job 3: Subtask ingest_bo_voucher_report
[2023-02-28T03:31:26.058+0000] {task_command.py:376} INFO - 🤪 Running <TaskInstance: ingest_bo_voucher_report.ingest_bo_voucher_report manual__2023-02-28T03:12:05.689947+00:00 [running]> on host 4b5d1339935c
[2023-02-28T03:31:26.142+0000] {taskinstance.py:1590} INFO - 🤪 Exporting the following env vars:
AIRFLOW_CTX_DAG_EMAIL=gp.data@galaxy.com.vn
AIRFLOW_CTX_DAG_OWNER=data_team
AIRFLOW_CTX_DAG_ID=ingest_bo_voucher_report
AIRFLOW_CTX_TASK_ID=ingest_bo_voucher_report
AIRFLOW_CTX_EXECUTION_DATE=2023-02-28T03:12:05.689947+00:00
AIRFLOW_CTX_TRY_NUMBER=2
AIRFLOW_CTX_DAG_RUN_ID=manual__2023-02-28T03:12:05.689947+00:00
[2023-02-28T03:31:26.157+0000] {logging_mixin.py:137} WARNING - 🤪 /opt/bitnami/python/lib/python3.8/site-packages/airflow/utils/context.py:297 AirflowContextDeprecationWarning: Accessing 'execution_date' from the template is deprecated and will be removed in a future version. Please use 'data_interval_start' or 'logical_date' instead.
[2023-02-28T03:31:26.180+0000] {logging_mixin.py:137} INFO - 🤪 pathhh /airflow/dags/config/
[2023-02-28T03:31:30.040+0000] {logging_mixin.py:137} INFO - 🤪 the dataframe is inserted
[2023-02-28T03:31:30.042+0000] {python.py:177} INFO - 🤪 Done. Returned value was: None
[2023-02-28T03:31:30.049+0000] {taskinstance.py:1401} INFO - 🤪 Marking task as SUCCESS. dag_id=ingest_bo_voucher_report, task_id=ingest_bo_voucher_report, execution_date=20230228T031205, start_date=20230228T033125, end_date=20230228T033130
[2023-02-28T03:31:30.098+0000] {local_task_job.py:159} INFO - 🤪 Task exited with return code 0
[2023-02-28T03:31:30.111+0000] {taskinstance.py:2623} INFO - 🤪 0 downstream tasks scheduled from follow-on schedule check
