[2022-11-30T08:07:48.843+0000] {taskinstance.py:1165} INFO - 🤪 Dependencies all met for <TaskInstance: get_raw_data_from_sources.get_raw_data_from_mysql_sources manual__2022-11-30T05:03:14.223869+00:00 [queued]>
[2022-11-30T08:07:48.850+0000] {taskinstance.py:1165} INFO - 🤪 Dependencies all met for <TaskInstance: get_raw_data_from_sources.get_raw_data_from_mysql_sources manual__2022-11-30T05:03:14.223869+00:00 [queued]>
[2022-11-30T08:07:48.851+0000] {taskinstance.py:1362} INFO - 🤪 
--------------------------------------------------------------------------------
[2022-11-30T08:07:48.852+0000] {taskinstance.py:1363} INFO - 🤪 Starting attempt 13 of 16
[2022-11-30T08:07:48.852+0000] {taskinstance.py:1364} INFO - 🤪 
--------------------------------------------------------------------------------
[2022-11-30T08:07:48.868+0000] {taskinstance.py:1383} INFO - 🤪 Executing <Task(PythonOperator): get_raw_data_from_mysql_sources> on 2022-11-30 05:03:14.223869+00:00
[2022-11-30T08:07:48.872+0000] {standard_task_runner.py:55} INFO - 🤪 Started process 1032 to run task
[2022-11-30T08:07:48.876+0000] {standard_task_runner.py:82} INFO - 🤪 Running: ['airflow', 'tasks', 'run', 'get_raw_data_from_sources', 'get_raw_data_from_mysql_sources', 'manual__2022-11-30T05:03:14.223869+00:00', '--job-id', '69', '--raw', '--subdir', 'DAGS_FOLDER/get_data_from_sources.py', '--cfg-path', '/tmp/tmpb6lyxijn']
[2022-11-30T08:07:48.878+0000] {standard_task_runner.py:83} INFO - 🤪 Job 69: Subtask get_raw_data_from_mysql_sources
[2022-11-30T08:07:48.929+0000] {task_command.py:376} INFO - 🤪 Running <TaskInstance: get_raw_data_from_sources.get_raw_data_from_mysql_sources manual__2022-11-30T05:03:14.223869+00:00 [running]> on host 298e6b8d1257
[2022-11-30T08:07:48.979+0000] {taskinstance.py:1590} INFO - 🤪 Exporting the following env vars:
AIRFLOW_CTX_DAG_EMAIL=gp.data@galaxy.com.vn
AIRFLOW_CTX_DAG_OWNER=data_team
AIRFLOW_CTX_DAG_ID=get_raw_data_from_sources
AIRFLOW_CTX_TASK_ID=get_raw_data_from_mysql_sources
AIRFLOW_CTX_EXECUTION_DATE=2022-11-30T05:03:14.223869+00:00
AIRFLOW_CTX_TRY_NUMBER=13
AIRFLOW_CTX_DAG_RUN_ID=manual__2022-11-30T05:03:14.223869+00:00
[2022-11-30T08:07:48.984+0000] {logging_mixin.py:137} INFO - 🤪 connect succeeded
[2022-11-30T08:07:49.002+0000] {logging_mixin.py:137} INFO - 🤪 the dataframe is inserted
[2022-11-30T08:07:49.003+0000] {python.py:177} INFO - 🤪 Done. Returned value was: None
[2022-11-30T08:07:49.011+0000] {taskinstance.py:1401} INFO - 🤪 Marking task as SUCCESS. dag_id=get_raw_data_from_sources, task_id=get_raw_data_from_mysql_sources, execution_date=20221130T050314, start_date=20221130T080748, end_date=20221130T080749
[2022-11-30T08:07:49.049+0000] {local_task_job.py:159} INFO - 🤪 Task exited with return code 0
[2022-11-30T08:07:49.069+0000] {taskinstance.py:2623} INFO - 🤪 0 downstream tasks scheduled from follow-on schedule check
