[2022-12-11T06:10:53.865+0000] {taskinstance.py:1165} INFO - 🤪 Dependencies all met for <TaskInstance: update_dwh_daily.check_update_psql_source manual__2022-12-11T06:06:36.725655+00:00 [queued]>
[2022-12-11T06:10:53.872+0000] {taskinstance.py:1165} INFO - 🤪 Dependencies all met for <TaskInstance: update_dwh_daily.check_update_psql_source manual__2022-12-11T06:06:36.725655+00:00 [queued]>
[2022-12-11T06:10:53.873+0000] {taskinstance.py:1362} INFO - 🤪 
--------------------------------------------------------------------------------
[2022-12-11T06:10:53.874+0000] {taskinstance.py:1363} INFO - 🤪 Starting attempt 1 of 4
[2022-12-11T06:10:53.875+0000] {taskinstance.py:1364} INFO - 🤪 
--------------------------------------------------------------------------------
[2022-12-11T06:10:53.887+0000] {taskinstance.py:1383} INFO - 🤪 Executing <Task(PythonOperator): check_update_psql_source> on 2022-12-11 06:06:36.725655+00:00
[2022-12-11T06:10:53.891+0000] {standard_task_runner.py:55} INFO - 🤪 Started process 240 to run task
[2022-12-11T06:10:53.894+0000] {standard_task_runner.py:82} INFO - 🤪 Running: ['airflow', 'tasks', 'run', 'update_dwh_daily', 'check_update_psql_source', 'manual__2022-12-11T06:06:36.725655+00:00', '--job-id', '16', '--raw', '--subdir', 'DAGS_FOLDER/update_dwh_daily.py', '--cfg-path', '/tmp/tmpyt7urk4k']
[2022-12-11T06:10:53.896+0000] {standard_task_runner.py:83} INFO - 🤪 Job 16: Subtask check_update_psql_source
[2022-12-11T06:10:53.945+0000] {task_command.py:376} INFO - 🤪 Running <TaskInstance: update_dwh_daily.check_update_psql_source manual__2022-12-11T06:06:36.725655+00:00 [running]> on host 2557b583fff6
[2022-12-11T06:10:54.000+0000] {taskinstance.py:1590} INFO - 🤪 Exporting the following env vars:
AIRFLOW_CTX_DAG_EMAIL=gp.data@galaxy.com.vn
AIRFLOW_CTX_DAG_OWNER=data_team
AIRFLOW_CTX_DAG_ID=update_dwh_daily
AIRFLOW_CTX_TASK_ID=check_update_psql_source
AIRFLOW_CTX_EXECUTION_DATE=2022-12-11T06:06:36.725655+00:00
AIRFLOW_CTX_TRY_NUMBER=1
AIRFLOW_CTX_DAG_RUN_ID=manual__2022-12-11T06:06:36.725655+00:00
[2022-12-11T06:10:54.012+0000] {logging_mixin.py:137} INFO - 🤪 Start checking for updated data from source Postgres - Table: users
[2022-12-11T06:10:54.018+0000] {logging_mixin.py:137} INFO - 🤪 Found 1 updated records
[2022-12-11T06:10:54.019+0000] {logging_mixin.py:137} INFO - 🤪 Start updating DWH data - Table: users
[2022-12-11T06:10:54.025+0000] {logging_mixin.py:137} INFO - 🤪 Finished update DWH data - Table: users
[2022-12-11T06:10:54.026+0000] {python.py:177} INFO - 🤪 Done. Returned value was: None
[2022-12-11T06:10:54.035+0000] {taskinstance.py:1401} INFO - 🤪 Marking task as SUCCESS. dag_id=update_dwh_daily, task_id=check_update_psql_source, execution_date=20221211T060636, start_date=20221211T061053, end_date=20221211T061054
[2022-12-11T06:10:54.068+0000] {local_task_job.py:159} INFO - 🤪 Task exited with return code 0
[2022-12-11T06:10:54.082+0000] {taskinstance.py:2623} INFO - 🤪 0 downstream tasks scheduled from follow-on schedule check
