[2022-12-11T05:59:41.707+0000] {taskinstance.py:1165} INFO - 🤪 Dependencies all met for <TaskInstance: get_raw_data_from_sources.get_raw_data_from_mysql_sources manual__2022-12-11T05:54:57.637260+00:00 [queued]>
[2022-12-11T05:59:41.717+0000] {taskinstance.py:1165} INFO - 🤪 Dependencies all met for <TaskInstance: get_raw_data_from_sources.get_raw_data_from_mysql_sources manual__2022-12-11T05:54:57.637260+00:00 [queued]>
[2022-12-11T05:59:41.718+0000] {taskinstance.py:1362} INFO - 🤪 
--------------------------------------------------------------------------------
[2022-12-11T05:59:41.719+0000] {taskinstance.py:1363} INFO - 🤪 Starting attempt 3 of 6
[2022-12-11T05:59:41.720+0000] {taskinstance.py:1364} INFO - 🤪 
--------------------------------------------------------------------------------
[2022-12-11T05:59:41.737+0000] {taskinstance.py:1383} INFO - 🤪 Executing <Task(PythonOperator): get_raw_data_from_mysql_sources> on 2022-12-11 05:54:57.637260+00:00
[2022-12-11T05:59:41.742+0000] {standard_task_runner.py:55} INFO - 🤪 Started process 132 to run task
[2022-12-11T05:59:41.746+0000] {standard_task_runner.py:82} INFO - 🤪 Running: ['airflow', 'tasks', 'run', 'get_raw_data_from_sources', 'get_raw_data_from_mysql_sources', 'manual__2022-12-11T05:54:57.637260+00:00', '--job-id', '9', '--raw', '--subdir', 'DAGS_FOLDER/ingest_dwh_daily.py', '--cfg-path', '/tmp/tmpeaj0d2te']
[2022-12-11T05:59:41.747+0000] {standard_task_runner.py:83} INFO - 🤪 Job 9: Subtask get_raw_data_from_mysql_sources
[2022-12-11T05:59:41.793+0000] {task_command.py:376} INFO - 🤪 Running <TaskInstance: get_raw_data_from_sources.get_raw_data_from_mysql_sources manual__2022-12-11T05:54:57.637260+00:00 [running]> on host 2557b583fff6
[2022-12-11T05:59:41.840+0000] {taskinstance.py:1590} INFO - 🤪 Exporting the following env vars:
AIRFLOW_CTX_DAG_EMAIL=gp.data@galaxy.com.vn
AIRFLOW_CTX_DAG_OWNER=data_team
AIRFLOW_CTX_DAG_ID=get_raw_data_from_sources
AIRFLOW_CTX_TASK_ID=get_raw_data_from_mysql_sources
AIRFLOW_CTX_EXECUTION_DATE=2022-12-11T05:54:57.637260+00:00
AIRFLOW_CTX_TRY_NUMBER=3
AIRFLOW_CTX_DAG_RUN_ID=manual__2022-12-11T05:54:57.637260+00:00
[2022-12-11T05:59:41.849+0000] {logging_mixin.py:137} INFO - 🤪 Start getting data from source Mysql - Table: users
[2022-12-11T05:59:41.856+0000] {logging_mixin.py:137} INFO - 🤪 Found 100 records need to be inserted
[2022-12-11T05:59:41.857+0000] {logging_mixin.py:137} INFO - 🤪 Start ingesting data from source Mysql to DW - Table: users
[2022-12-11T05:59:41.866+0000] {logging_mixin.py:137} INFO - 🤪 the dataframe is inserted
[2022-12-11T05:59:41.867+0000] {logging_mixin.py:137} INFO - 🤪 Finished ingesting data from source to DW - Table: users
[2022-12-11T05:59:41.868+0000] {logging_mixin.py:137} INFO - 🤪 Start getting data from source Mysql - Table: orders
[2022-12-11T05:59:41.876+0000] {logging_mixin.py:137} INFO - 🤪 Found 0 records need to be inserted
[2022-12-11T05:59:41.877+0000] {logging_mixin.py:137} INFO - 🤪 Start ingesting data from source Mysql to DW - Table: orders
[2022-12-11T05:59:41.878+0000] {logging_mixin.py:137} INFO - 🤪 the dataframe is inserted
[2022-12-11T05:59:41.879+0000] {logging_mixin.py:137} INFO - 🤪 Finished ingesting data from source to DW - Table: orders
[2022-12-11T05:59:41.880+0000] {logging_mixin.py:137} INFO - 🤪 Start getting data from source Mysql - Table: transactions
[2022-12-11T05:59:41.884+0000] {logging_mixin.py:137} INFO - 🤪 Found 0 records need to be inserted
[2022-12-11T05:59:41.885+0000] {logging_mixin.py:137} INFO - 🤪 Start ingesting data from source Mysql to DW - Table: transactions
[2022-12-11T05:59:41.886+0000] {logging_mixin.py:137} INFO - 🤪 the dataframe is inserted
[2022-12-11T05:59:41.887+0000] {logging_mixin.py:137} INFO - 🤪 Finished ingesting data from source to DW - Table: transactions
[2022-12-11T05:59:41.887+0000] {logging_mixin.py:137} INFO - 🤪 Start getting data from source Mysql - Table: menus
[2022-12-11T05:59:41.891+0000] {logging_mixin.py:137} INFO - 🤪 Found 0 records need to be inserted
[2022-12-11T05:59:41.892+0000] {logging_mixin.py:137} INFO - 🤪 Start ingesting data from source Mysql to DW - Table: menus
[2022-12-11T05:59:41.893+0000] {logging_mixin.py:137} INFO - 🤪 the dataframe is inserted
[2022-12-11T05:59:41.894+0000] {logging_mixin.py:137} INFO - 🤪 Finished ingesting data from source to DW - Table: menus
[2022-12-11T05:59:41.896+0000] {python.py:177} INFO - 🤪 Done. Returned value was: None
[2022-12-11T05:59:41.902+0000] {taskinstance.py:1401} INFO - 🤪 Marking task as SUCCESS. dag_id=get_raw_data_from_sources, task_id=get_raw_data_from_mysql_sources, execution_date=20221211T055457, start_date=20221211T055941, end_date=20221211T055941
[2022-12-11T05:59:42.000+0000] {local_task_job.py:159} INFO - 🤪 Task exited with return code 0
[2022-12-11T05:59:42.015+0000] {taskinstance.py:2623} INFO - 🤪 0 downstream tasks scheduled from follow-on schedule check
