[2022-11-30T05:08:06.314+0000] {taskinstance.py:1165} INFO - 🤪 Dependencies all met for <TaskInstance: get_raw_data_from_sources.get_raw_data_from_postgres_sources manual__2022-11-30T04:58:25.587418+00:00 [queued]>
[2022-11-30T05:08:06.327+0000] {taskinstance.py:1165} INFO - 🤪 Dependencies all met for <TaskInstance: get_raw_data_from_sources.get_raw_data_from_postgres_sources manual__2022-11-30T04:58:25.587418+00:00 [queued]>
[2022-11-30T05:08:06.329+0000] {taskinstance.py:1362} INFO - 🤪 
--------------------------------------------------------------------------------
[2022-11-30T05:08:06.329+0000] {taskinstance.py:1363} INFO - 🤪 Starting attempt 8 of 11
[2022-11-30T05:08:06.330+0000] {taskinstance.py:1364} INFO - 🤪 
--------------------------------------------------------------------------------
[2022-11-30T05:08:06.346+0000] {taskinstance.py:1383} INFO - 🤪 Executing <Task(PythonOperator): get_raw_data_from_postgres_sources> on 2022-11-30 04:58:25.587418+00:00
[2022-11-30T05:08:06.350+0000] {standard_task_runner.py:55} INFO - 🤪 Started process 639 to run task
[2022-11-30T05:08:06.354+0000] {standard_task_runner.py:82} INFO - 🤪 Running: ['airflow', 'tasks', 'run', 'get_raw_data_from_sources', 'get_raw_data_from_postgres_sources', 'manual__2022-11-30T04:58:25.587418+00:00', '--job-id', '45', '--raw', '--subdir', 'DAGS_FOLDER/get_data_from_sources.py', '--cfg-path', '/tmp/tmp5e1p0sxc']
[2022-11-30T05:08:06.355+0000] {standard_task_runner.py:83} INFO - 🤪 Job 45: Subtask get_raw_data_from_postgres_sources
[2022-11-30T05:08:06.410+0000] {task_command.py:376} INFO - 🤪 Running <TaskInstance: get_raw_data_from_sources.get_raw_data_from_postgres_sources manual__2022-11-30T04:58:25.587418+00:00 [running]> on host 298e6b8d1257
[2022-11-30T05:08:06.465+0000] {taskinstance.py:1590} INFO - 🤪 Exporting the following env vars:
AIRFLOW_CTX_DAG_EMAIL=gp.data@galaxy.com.vn
AIRFLOW_CTX_DAG_OWNER=data_team
AIRFLOW_CTX_DAG_ID=get_raw_data_from_sources
AIRFLOW_CTX_TASK_ID=get_raw_data_from_postgres_sources
AIRFLOW_CTX_EXECUTION_DATE=2022-11-30T04:58:25.587418+00:00
AIRFLOW_CTX_TRY_NUMBER=8
AIRFLOW_CTX_DAG_RUN_ID=manual__2022-11-30T04:58:25.587418+00:00
[2022-11-30T05:08:06.474+0000] {logging_mixin.py:137} INFO - 🤪 connect succeeded
[2022-11-30T05:08:06.507+0000] {logging_mixin.py:137} INFO - 🤪 data:       id        name  ...                 created_at updated_at
0     1      Rivera  ... 2022-11-30 03:46:58.296313       None
1     2    Phillips  ... 2022-11-30 03:46:58.296313       None
2     3        Ross  ... 2022-11-30 03:46:58.296313       None
3     4       Lewis  ... 2022-11-30 03:46:58.296313       None
4     5      Walker  ... 2022-11-30 03:46:58.296313       None
..  ...         ...  ...                        ...        ...
95   96    Phillips  ... 2022-11-30 03:46:58.296313       None
96   97       Green  ... 2022-11-30 03:46:58.296313       None
97   98  Washington  ... 2022-11-30 03:46:58.296313       None
98   99  Washington  ... 2022-11-30 03:46:58.296313       None
99  100      Cooper  ... 2022-11-30 03:46:58.296313       None

[100 rows x 6 columns]
[2022-11-30T05:08:06.509+0000] {taskinstance.py:1851} ERROR - 🤪 Task failed with exception
Traceback (most recent call last):
  File "/opt/bitnami/python/lib/python3.8/site-packages/airflow/operators/python.py", line 175, in execute
    return_value = self.execute_callable()
  File "/opt/bitnami/python/lib/python3.8/site-packages/airflow/operators/python.py", line 193, in execute_callable
    return self.python_callable(*self.op_args, **self.op_kwargs)
  File "/airflow/dags/controller/get_raw_data_from_postgres_source.py", line 47, in get_raw_data_from_postgres_source
    conn = psycopg2.connect(
  File "/opt/bitnami/python/lib/python3.8/site-packages/psycopg2/__init__.py", line 122, in connect
    conn = _connect(dsn, connection_factory=connection_factory, **kwasync)
psycopg2.OperationalError: connection to server at "localhost" (127.0.0.1), port 5432 failed: Connection refused
	Is the server running on that host and accepting TCP/IP connections?
connection to server at "localhost" (::1), port 5432 failed: Cannot assign requested address
	Is the server running on that host and accepting TCP/IP connections?

[2022-11-30T05:08:06.517+0000] {taskinstance.py:1401} INFO - 🤪 Marking task as UP_FOR_RETRY. dag_id=get_raw_data_from_sources, task_id=get_raw_data_from_postgres_sources, execution_date=20221130T045825, start_date=20221130T050806, end_date=20221130T050806
[2022-11-30T05:08:06.656+0000] {standard_task_runner.py:100} ERROR - 🤪 Failed to execute job 45 for task get_raw_data_from_postgres_sources (connection to server at "localhost" (127.0.0.1), port 5432 failed: Connection refused
	Is the server running on that host and accepting TCP/IP connections?
connection to server at "localhost" (::1), port 5432 failed: Cannot assign requested address
	Is the server running on that host and accepting TCP/IP connections?
; 639)
[2022-11-30T05:08:06.688+0000] {local_task_job.py:159} INFO - 🤪 Task exited with return code 1
[2022-11-30T05:08:06.704+0000] {taskinstance.py:2623} INFO - 🤪 0 downstream tasks scheduled from follow-on schedule check
