[2022-11-30T05:03:25.038+0000] {taskinstance.py:1165} INFO - 🤪 Dependencies all met for <TaskInstance: get_raw_data_from_sources.get_raw_data_from_postgres_sources manual__2022-11-30T04:58:25.587418+00:00 [queued]>
[2022-11-30T05:03:25.046+0000] {taskinstance.py:1165} INFO - 🤪 Dependencies all met for <TaskInstance: get_raw_data_from_sources.get_raw_data_from_postgres_sources manual__2022-11-30T04:58:25.587418+00:00 [queued]>
[2022-11-30T05:03:25.047+0000] {taskinstance.py:1362} INFO - 🤪 
--------------------------------------------------------------------------------
[2022-11-30T05:03:25.048+0000] {taskinstance.py:1363} INFO - 🤪 Starting attempt 3 of 6
[2022-11-30T05:03:25.049+0000] {taskinstance.py:1364} INFO - 🤪 
--------------------------------------------------------------------------------
[2022-11-30T05:03:25.068+0000] {taskinstance.py:1383} INFO - 🤪 Executing <Task(PythonOperator): get_raw_data_from_postgres_sources> on 2022-11-30 04:58:25.587418+00:00
[2022-11-30T05:03:25.073+0000] {standard_task_runner.py:55} INFO - 🤪 Started process 579 to run task
[2022-11-30T05:03:25.078+0000] {standard_task_runner.py:82} INFO - 🤪 Running: ['airflow', 'tasks', 'run', 'get_raw_data_from_sources', 'get_raw_data_from_postgres_sources', 'manual__2022-11-30T04:58:25.587418+00:00', '--job-id', '38', '--raw', '--subdir', 'DAGS_FOLDER/get_data_from_sources.py', '--cfg-path', '/tmp/tmpymve5s_o']
[2022-11-30T05:03:25.080+0000] {standard_task_runner.py:83} INFO - 🤪 Job 38: Subtask get_raw_data_from_postgres_sources
[2022-11-30T05:03:25.130+0000] {task_command.py:376} INFO - 🤪 Running <TaskInstance: get_raw_data_from_sources.get_raw_data_from_postgres_sources manual__2022-11-30T04:58:25.587418+00:00 [running]> on host 298e6b8d1257
[2022-11-30T05:03:25.179+0000] {taskinstance.py:1590} INFO - 🤪 Exporting the following env vars:
AIRFLOW_CTX_DAG_EMAIL=gp.data@galaxy.com.vn
AIRFLOW_CTX_DAG_OWNER=data_team
AIRFLOW_CTX_DAG_ID=get_raw_data_from_sources
AIRFLOW_CTX_TASK_ID=get_raw_data_from_postgres_sources
AIRFLOW_CTX_EXECUTION_DATE=2022-11-30T04:58:25.587418+00:00
AIRFLOW_CTX_TRY_NUMBER=3
AIRFLOW_CTX_DAG_RUN_ID=manual__2022-11-30T04:58:25.587418+00:00
[2022-11-30T05:03:25.207+0000] {taskinstance.py:1851} ERROR - 🤪 Task failed with exception
Traceback (most recent call last):
  File "/opt/bitnami/python/lib/python3.8/site-packages/airflow/operators/python.py", line 175, in execute
    return_value = self.execute_callable()
  File "/opt/bitnami/python/lib/python3.8/site-packages/airflow/operators/python.py", line 193, in execute_callable
    return self.python_callable(*self.op_args, **self.op_kwargs)
  File "/airflow/dags/controller/get_raw_data_from_postgres_source.py", line 8, in get_raw_data_from_postgres_source
    conn = psycopg2.connect(
  File "/opt/bitnami/python/lib/python3.8/site-packages/psycopg2/__init__.py", line 122, in connect
    conn = _connect(dsn, connection_factory=connection_factory, **kwasync)
psycopg2.OperationalError: connection to server at "host.docker.internal" (192.168.65.2), port 5433 failed: FATAL:  database "public" does not exist

[2022-11-30T05:03:25.220+0000] {taskinstance.py:1401} INFO - 🤪 Marking task as UP_FOR_RETRY. dag_id=get_raw_data_from_sources, task_id=get_raw_data_from_postgres_sources, execution_date=20221130T045825, start_date=20221130T050325, end_date=20221130T050325
[2022-11-30T05:03:25.232+0000] {standard_task_runner.py:100} ERROR - 🤪 Failed to execute job 38 for task get_raw_data_from_postgres_sources (connection to server at "host.docker.internal" (192.168.65.2), port 5433 failed: FATAL:  database "public" does not exist
; 579)
[2022-11-30T05:03:25.250+0000] {local_task_job.py:159} INFO - 🤪 Task exited with return code 1
[2022-11-30T05:03:25.264+0000] {taskinstance.py:2623} INFO - 🤪 0 downstream tasks scheduled from follow-on schedule check
