[2022-11-30T04:58:31.171+0000] {taskinstance.py:1165} INFO - 🤪 Dependencies all met for <TaskInstance: get_raw_data_from_sources.get_raw_data_from_postgres_sources manual__2022-11-30T04:58:25.587418+00:00 [queued]>
[2022-11-30T04:58:31.179+0000] {taskinstance.py:1165} INFO - 🤪 Dependencies all met for <TaskInstance: get_raw_data_from_sources.get_raw_data_from_postgres_sources manual__2022-11-30T04:58:25.587418+00:00 [queued]>
[2022-11-30T04:58:31.180+0000] {taskinstance.py:1362} INFO - 🤪 
--------------------------------------------------------------------------------
[2022-11-30T04:58:31.181+0000] {taskinstance.py:1363} INFO - 🤪 Starting attempt 1 of 4
[2022-11-30T04:58:31.182+0000] {taskinstance.py:1364} INFO - 🤪 
--------------------------------------------------------------------------------
[2022-11-30T04:58:31.198+0000] {taskinstance.py:1383} INFO - 🤪 Executing <Task(PythonOperator): get_raw_data_from_postgres_sources> on 2022-11-30 04:58:25.587418+00:00
[2022-11-30T04:58:31.203+0000] {standard_task_runner.py:55} INFO - 🤪 Started process 542 to run task
[2022-11-30T04:58:31.208+0000] {standard_task_runner.py:82} INFO - 🤪 Running: ['airflow', 'tasks', 'run', 'get_raw_data_from_sources', 'get_raw_data_from_postgres_sources', 'manual__2022-11-30T04:58:25.587418+00:00', '--job-id', '35', '--raw', '--subdir', 'DAGS_FOLDER/get_data_from_sources.py', '--cfg-path', '/tmp/tmpnmf3n49j']
[2022-11-30T04:58:31.210+0000] {standard_task_runner.py:83} INFO - 🤪 Job 35: Subtask get_raw_data_from_postgres_sources
[2022-11-30T04:58:31.270+0000] {task_command.py:376} INFO - 🤪 Running <TaskInstance: get_raw_data_from_sources.get_raw_data_from_postgres_sources manual__2022-11-30T04:58:25.587418+00:00 [running]> on host 298e6b8d1257
[2022-11-30T04:58:31.331+0000] {taskinstance.py:1590} INFO - 🤪 Exporting the following env vars:
AIRFLOW_CTX_DAG_EMAIL=gp.data@galaxy.com.vn
AIRFLOW_CTX_DAG_OWNER=data_team
AIRFLOW_CTX_DAG_ID=get_raw_data_from_sources
AIRFLOW_CTX_TASK_ID=get_raw_data_from_postgres_sources
AIRFLOW_CTX_EXECUTION_DATE=2022-11-30T04:58:25.587418+00:00
AIRFLOW_CTX_TRY_NUMBER=1
AIRFLOW_CTX_DAG_RUN_ID=manual__2022-11-30T04:58:25.587418+00:00
[2022-11-30T04:58:31.392+0000] {taskinstance.py:1851} ERROR - 🤪 Task failed with exception
Traceback (most recent call last):
  File "/opt/bitnami/python/lib/python3.8/site-packages/airflow/operators/python.py", line 175, in execute
    return_value = self.execute_callable()
  File "/opt/bitnami/python/lib/python3.8/site-packages/airflow/operators/python.py", line 193, in execute_callable
    return self.python_callable(*self.op_args, **self.op_kwargs)
  File "/airflow/dags/controller/get_raw_data_from_postgres_source.py", line 21, in get_raw_data_from_postgres_source
    cursor.execute(sql_query)
psycopg2.errors.UndefinedTable: relation "report.users" does not exist
LINE 2:     SELECT * FROM report.users
                          ^

[2022-11-30T04:58:31.398+0000] {taskinstance.py:1401} INFO - 🤪 Marking task as UP_FOR_RETRY. dag_id=get_raw_data_from_sources, task_id=get_raw_data_from_postgres_sources, execution_date=20221130T045825, start_date=20221130T045831, end_date=20221130T045831
[2022-11-30T04:58:31.410+0000] {standard_task_runner.py:100} ERROR - 🤪 Failed to execute job 35 for task get_raw_data_from_postgres_sources (relation "report.users" does not exist
LINE 2:     SELECT * FROM report.users
                          ^
; 542)
[2022-11-30T04:58:31.421+0000] {local_task_job.py:159} INFO - 🤪 Task exited with return code 1
[2022-11-30T04:58:31.435+0000] {taskinstance.py:2623} INFO - 🤪 0 downstream tasks scheduled from follow-on schedule check
