[2022-11-30T05:12:03.431+0000] {taskinstance.py:1165} INFO - 🤪 Dependencies all met for <TaskInstance: get_raw_data_from_sources.get_raw_data_from_postgres_sources manual__2022-11-30T04:58:25.587418+00:00 [queued]>
[2022-11-30T05:12:03.439+0000] {taskinstance.py:1165} INFO - 🤪 Dependencies all met for <TaskInstance: get_raw_data_from_sources.get_raw_data_from_postgres_sources manual__2022-11-30T04:58:25.587418+00:00 [queued]>
[2022-11-30T05:12:03.440+0000] {taskinstance.py:1362} INFO - 🤪 
--------------------------------------------------------------------------------
[2022-11-30T05:12:03.441+0000] {taskinstance.py:1363} INFO - 🤪 Starting attempt 10 of 13
[2022-11-30T05:12:03.441+0000] {taskinstance.py:1364} INFO - 🤪 
--------------------------------------------------------------------------------
[2022-11-30T05:12:03.454+0000] {taskinstance.py:1383} INFO - 🤪 Executing <Task(PythonOperator): get_raw_data_from_postgres_sources> on 2022-11-30 04:58:25.587418+00:00
[2022-11-30T05:12:03.458+0000] {standard_task_runner.py:55} INFO - 🤪 Started process 685 to run task
[2022-11-30T05:12:03.462+0000] {standard_task_runner.py:82} INFO - 🤪 Running: ['airflow', 'tasks', 'run', 'get_raw_data_from_sources', 'get_raw_data_from_postgres_sources', 'manual__2022-11-30T04:58:25.587418+00:00', '--job-id', '50', '--raw', '--subdir', 'DAGS_FOLDER/get_data_from_sources.py', '--cfg-path', '/tmp/tmp6956k6m_']
[2022-11-30T05:12:03.464+0000] {standard_task_runner.py:83} INFO - 🤪 Job 50: Subtask get_raw_data_from_postgres_sources
[2022-11-30T05:12:03.513+0000] {task_command.py:376} INFO - 🤪 Running <TaskInstance: get_raw_data_from_sources.get_raw_data_from_postgres_sources manual__2022-11-30T04:58:25.587418+00:00 [running]> on host 298e6b8d1257
[2022-11-30T05:12:03.563+0000] {taskinstance.py:1590} INFO - 🤪 Exporting the following env vars:
AIRFLOW_CTX_DAG_EMAIL=gp.data@galaxy.com.vn
AIRFLOW_CTX_DAG_OWNER=data_team
AIRFLOW_CTX_DAG_ID=get_raw_data_from_sources
AIRFLOW_CTX_TASK_ID=get_raw_data_from_postgres_sources
AIRFLOW_CTX_EXECUTION_DATE=2022-11-30T04:58:25.587418+00:00
AIRFLOW_CTX_TRY_NUMBER=10
AIRFLOW_CTX_DAG_RUN_ID=manual__2022-11-30T04:58:25.587418+00:00
[2022-11-30T05:12:03.570+0000] {logging_mixin.py:137} INFO - 🤪 connect succeeded
[2022-11-30T05:12:03.597+0000] {logging_mixin.py:137} INFO - 🤪 data:       id        name  ...                 created_at updated_at
0     1      Rivera  ... 2022-11-30 03:46:58.296313       None
1     2    Phillips  ... 2022-11-30 03:46:58.296313       None
2     3        Ross  ... 2022-11-30 03:46:58.296313       None
3     4       Lewis  ... 2022-11-30 03:46:58.296313       None
4     5      Walker  ... 2022-11-30 03:46:58.296313       None
..  ...         ...  ...                        ...        ...
95   96    Phillips  ... 2022-11-30 03:46:58.296313       None
96   97       Green  ... 2022-11-30 03:46:58.296313       None
97   98  Washington  ... 2022-11-30 03:46:58.296313       None
98   99  Washington  ... 2022-11-30 03:46:58.296313       None
99  100      Cooper  ... 2022-11-30 03:46:58.296313       None

[100 rows x 6 columns]
[2022-11-30T05:12:03.627+0000] {logging_mixin.py:137} INFO - 🤪 the dataframe is inserted
[2022-11-30T05:12:03.628+0000] {python.py:177} INFO - 🤪 Done. Returned value was: None
[2022-11-30T05:12:03.719+0000] {taskinstance.py:1401} INFO - 🤪 Marking task as SUCCESS. dag_id=get_raw_data_from_sources, task_id=get_raw_data_from_postgres_sources, execution_date=20221130T045825, start_date=20221130T051203, end_date=20221130T051203
[2022-11-30T05:12:03.755+0000] {local_task_job.py:159} INFO - 🤪 Task exited with return code 0
[2022-11-30T05:12:03.772+0000] {taskinstance.py:2623} INFO - 🤪 0 downstream tasks scheduled from follow-on schedule check
