[2023-02-25T16:04:12.055+0000] {taskinstance.py:1165} INFO - 🤪 Dependencies all met for <TaskInstance: ingest_bo_voucher_report.ingest_bo_voucher_report manual__2023-02-25T15:57:04.967064+00:00 [queued]>
[2023-02-25T16:04:12.064+0000] {taskinstance.py:1165} INFO - 🤪 Dependencies all met for <TaskInstance: ingest_bo_voucher_report.ingest_bo_voucher_report manual__2023-02-25T15:57:04.967064+00:00 [queued]>
[2023-02-25T16:04:12.065+0000] {taskinstance.py:1362} INFO - 🤪 
--------------------------------------------------------------------------------
[2023-02-25T16:04:12.065+0000] {taskinstance.py:1363} INFO - 🤪 Starting attempt 3 of 6
[2023-02-25T16:04:12.066+0000] {taskinstance.py:1364} INFO - 🤪 
--------------------------------------------------------------------------------
[2023-02-25T16:04:12.079+0000] {taskinstance.py:1383} INFO - 🤪 Executing <Task(PythonOperator): ingest_bo_voucher_report> on 2023-02-25 15:57:04.967064+00:00
[2023-02-25T16:04:12.086+0000] {standard_task_runner.py:55} INFO - 🤪 Started process 265 to run task
[2023-02-25T16:04:12.096+0000] {standard_task_runner.py:82} INFO - 🤪 Running: ['airflow', 'tasks', 'run', 'ingest_bo_voucher_report', 'ingest_bo_voucher_report', 'manual__2023-02-25T15:57:04.967064+00:00', '--job-id', '5', '--raw', '--subdir', 'DAGS_FOLDER/ingest_bo_voucher_report.py', '--cfg-path', '/tmp/tmpxkqza_mu']
[2023-02-25T16:04:12.099+0000] {standard_task_runner.py:83} INFO - 🤪 Job 5: Subtask ingest_bo_voucher_report
[2023-02-25T16:04:12.181+0000] {task_command.py:376} INFO - 🤪 Running <TaskInstance: ingest_bo_voucher_report.ingest_bo_voucher_report manual__2023-02-25T15:57:04.967064+00:00 [running]> on host 6854c1cbd5eb
[2023-02-25T16:04:12.235+0000] {taskinstance.py:1590} INFO - 🤪 Exporting the following env vars:
AIRFLOW_CTX_DAG_EMAIL=gp.data@galaxy.com.vn
AIRFLOW_CTX_DAG_OWNER=data_team
AIRFLOW_CTX_DAG_ID=ingest_bo_voucher_report
AIRFLOW_CTX_TASK_ID=ingest_bo_voucher_report
AIRFLOW_CTX_EXECUTION_DATE=2023-02-25T15:57:04.967064+00:00
AIRFLOW_CTX_TRY_NUMBER=3
AIRFLOW_CTX_DAG_RUN_ID=manual__2023-02-25T15:57:04.967064+00:00
[2023-02-25T16:04:12.248+0000] {logging_mixin.py:137} INFO - 🤪 pathhh /airflow/dags/config/
[2023-02-25T16:04:17.005+0000] {logging_mixin.py:137} INFO - 🤪 the dataframe is inserted
[2023-02-25T16:04:17.007+0000] {python.py:177} INFO - 🤪 Done. Returned value was: None
[2023-02-25T16:04:17.016+0000] {taskinstance.py:1401} INFO - 🤪 Marking task as SUCCESS. dag_id=ingest_bo_voucher_report, task_id=ingest_bo_voucher_report, execution_date=20230225T155704, start_date=20230225T160412, end_date=20230225T160417
[2023-02-25T16:04:17.048+0000] {local_task_job.py:159} INFO - 🤪 Task exited with return code 0
[2023-02-25T16:04:17.067+0000] {taskinstance.py:2623} INFO - 🤪 0 downstream tasks scheduled from follow-on schedule check
