[2023-02-25T15:59:44.855+0000] {taskinstance.py:1165} INFO - 🤪 Dependencies all met for <TaskInstance: ingest_bo_voucher_report.ingest_bo_voucher_report manual__2023-02-25T15:57:04.967064+00:00 [queued]>
[2023-02-25T15:59:44.866+0000] {taskinstance.py:1165} INFO - 🤪 Dependencies all met for <TaskInstance: ingest_bo_voucher_report.ingest_bo_voucher_report manual__2023-02-25T15:57:04.967064+00:00 [queued]>
[2023-02-25T15:59:44.867+0000] {taskinstance.py:1362} INFO - 🤪 
--------------------------------------------------------------------------------
[2023-02-25T15:59:44.868+0000] {taskinstance.py:1363} INFO - 🤪 Starting attempt 2 of 5
[2023-02-25T15:59:44.869+0000] {taskinstance.py:1364} INFO - 🤪 
--------------------------------------------------------------------------------
[2023-02-25T15:59:44.888+0000] {taskinstance.py:1383} INFO - 🤪 Executing <Task(PythonOperator): ingest_bo_voucher_report> on 2023-02-25 15:57:04.967064+00:00
[2023-02-25T15:59:44.892+0000] {standard_task_runner.py:55} INFO - 🤪 Started process 223 to run task
[2023-02-25T15:59:44.897+0000] {standard_task_runner.py:82} INFO - 🤪 Running: ['airflow', 'tasks', 'run', 'ingest_bo_voucher_report', 'ingest_bo_voucher_report', 'manual__2023-02-25T15:57:04.967064+00:00', '--job-id', '4', '--raw', '--subdir', 'DAGS_FOLDER/ingest_bo_voucher_report.py', '--cfg-path', '/tmp/tmpuee8cekn']
[2023-02-25T15:59:44.900+0000] {standard_task_runner.py:83} INFO - 🤪 Job 4: Subtask ingest_bo_voucher_report
[2023-02-25T15:59:44.972+0000] {task_command.py:376} INFO - 🤪 Running <TaskInstance: ingest_bo_voucher_report.ingest_bo_voucher_report manual__2023-02-25T15:57:04.967064+00:00 [running]> on host 6854c1cbd5eb
[2023-02-25T15:59:45.036+0000] {taskinstance.py:1590} INFO - 🤪 Exporting the following env vars:
AIRFLOW_CTX_DAG_EMAIL=gp.data@galaxy.com.vn
AIRFLOW_CTX_DAG_OWNER=data_team
AIRFLOW_CTX_DAG_ID=ingest_bo_voucher_report
AIRFLOW_CTX_TASK_ID=ingest_bo_voucher_report
AIRFLOW_CTX_EXECUTION_DATE=2023-02-25T15:57:04.967064+00:00
AIRFLOW_CTX_TRY_NUMBER=2
AIRFLOW_CTX_DAG_RUN_ID=manual__2023-02-25T15:57:04.967064+00:00
[2023-02-25T15:59:45.049+0000] {logging_mixin.py:137} INFO - 🤪 pathhh /airflow/dags/config/
[2023-02-25T15:59:49.090+0000] {logging_mixin.py:137} INFO - 🤪 the dataframe is inserted
[2023-02-25T15:59:49.092+0000] {python.py:177} INFO - 🤪 Done. Returned value was: None
[2023-02-25T15:59:49.098+0000] {taskinstance.py:1401} INFO - 🤪 Marking task as SUCCESS. dag_id=ingest_bo_voucher_report, task_id=ingest_bo_voucher_report, execution_date=20230225T155704, start_date=20230225T155944, end_date=20230225T155949
[2023-02-25T15:59:49.148+0000] {local_task_job.py:159} INFO - 🤪 Task exited with return code 0
[2023-02-25T15:59:49.165+0000] {taskinstance.py:2623} INFO - 🤪 0 downstream tasks scheduled from follow-on schedule check
