[2023-02-25T15:57:18.935+0000] {taskinstance.py:1165} INFO - 🤪 Dependencies all met for <TaskInstance: ingest_bo_voucher_report.ingest_bo_voucher_report manual__2023-02-25T15:57:04.967064+00:00 [queued]>
[2023-02-25T15:57:18.945+0000] {taskinstance.py:1165} INFO - 🤪 Dependencies all met for <TaskInstance: ingest_bo_voucher_report.ingest_bo_voucher_report manual__2023-02-25T15:57:04.967064+00:00 [queued]>
[2023-02-25T15:57:18.948+0000] {taskinstance.py:1362} INFO - 🤪 
--------------------------------------------------------------------------------
[2023-02-25T15:57:18.949+0000] {taskinstance.py:1363} INFO - 🤪 Starting attempt 1 of 4
[2023-02-25T15:57:18.950+0000] {taskinstance.py:1364} INFO - 🤪 
--------------------------------------------------------------------------------
[2023-02-25T15:57:18.965+0000] {taskinstance.py:1383} INFO - 🤪 Executing <Task(PythonOperator): ingest_bo_voucher_report> on 2023-02-25 15:57:04.967064+00:00
[2023-02-25T15:57:18.969+0000] {standard_task_runner.py:55} INFO - 🤪 Started process 200 to run task
[2023-02-25T15:57:18.973+0000] {standard_task_runner.py:82} INFO - 🤪 Running: ['airflow', 'tasks', 'run', 'ingest_bo_voucher_report', 'ingest_bo_voucher_report', 'manual__2023-02-25T15:57:04.967064+00:00', '--job-id', '3', '--raw', '--subdir', 'DAGS_FOLDER/ingest_bo_voucher_report.py', '--cfg-path', '/tmp/tmpkuz5ukww']
[2023-02-25T15:57:18.974+0000] {standard_task_runner.py:83} INFO - 🤪 Job 3: Subtask ingest_bo_voucher_report
[2023-02-25T15:57:19.031+0000] {task_command.py:376} INFO - 🤪 Running <TaskInstance: ingest_bo_voucher_report.ingest_bo_voucher_report manual__2023-02-25T15:57:04.967064+00:00 [running]> on host 6854c1cbd5eb
[2023-02-25T15:57:19.091+0000] {taskinstance.py:1590} INFO - 🤪 Exporting the following env vars:
AIRFLOW_CTX_DAG_EMAIL=gp.data@galaxy.com.vn
AIRFLOW_CTX_DAG_OWNER=data_team
AIRFLOW_CTX_DAG_ID=ingest_bo_voucher_report
AIRFLOW_CTX_TASK_ID=ingest_bo_voucher_report
AIRFLOW_CTX_EXECUTION_DATE=2023-02-25T15:57:04.967064+00:00
AIRFLOW_CTX_TRY_NUMBER=1
AIRFLOW_CTX_DAG_RUN_ID=manual__2023-02-25T15:57:04.967064+00:00
[2023-02-25T15:57:19.103+0000] {logging_mixin.py:137} INFO - 🤪 pathhh /airflow/dags/config/
[2023-02-25T15:57:23.195+0000] {logging_mixin.py:137} INFO - 🤪 the dataframe is inserted
[2023-02-25T15:57:23.197+0000] {python.py:177} INFO - 🤪 Done. Returned value was: None
[2023-02-25T15:57:23.205+0000] {taskinstance.py:1401} INFO - 🤪 Marking task as SUCCESS. dag_id=ingest_bo_voucher_report, task_id=ingest_bo_voucher_report, execution_date=20230225T155704, start_date=20230225T155718, end_date=20230225T155723
[2023-02-25T15:57:23.254+0000] {local_task_job.py:159} INFO - 🤪 Task exited with return code 0
[2023-02-25T15:57:23.268+0000] {taskinstance.py:2623} INFO - 🤪 0 downstream tasks scheduled from follow-on schedule check
