[2022-12-09T18:36:44.727+0000] {taskinstance.py:1165} INFO - 🤪 Dependencies all met for <TaskInstance: get_raw_data_from_sources.get_raw_data_from_mysql_sources manual__2022-12-09T17:54:45.795156+00:00 [queued]>
[2022-12-09T18:36:44.734+0000] {taskinstance.py:1165} INFO - 🤪 Dependencies all met for <TaskInstance: get_raw_data_from_sources.get_raw_data_from_mysql_sources manual__2022-12-09T17:54:45.795156+00:00 [queued]>
[2022-12-09T18:36:44.735+0000] {taskinstance.py:1362} INFO - 🤪 
--------------------------------------------------------------------------------
[2022-12-09T18:36:44.736+0000] {taskinstance.py:1363} INFO - 🤪 Starting attempt 2 of 5
[2022-12-09T18:36:44.736+0000] {taskinstance.py:1364} INFO - 🤪 
--------------------------------------------------------------------------------
[2022-12-09T18:36:44.750+0000] {taskinstance.py:1383} INFO - 🤪 Executing <Task(PythonOperator): get_raw_data_from_mysql_sources> on 2022-12-09 17:54:45.795156+00:00
[2022-12-09T18:36:44.754+0000] {standard_task_runner.py:55} INFO - 🤪 Started process 394 to run task
[2022-12-09T18:36:44.758+0000] {standard_task_runner.py:82} INFO - 🤪 Running: ['airflow', 'tasks', 'run', 'get_raw_data_from_sources', 'get_raw_data_from_mysql_sources', 'manual__2022-12-09T17:54:45.795156+00:00', '--job-id', '17', '--raw', '--subdir', 'DAGS_FOLDER/ingest_dwh_daily.py', '--cfg-path', '/tmp/tmp5ei5c9bm']
[2022-12-09T18:36:44.760+0000] {standard_task_runner.py:83} INFO - 🤪 Job 17: Subtask get_raw_data_from_mysql_sources
[2022-12-09T18:36:44.811+0000] {task_command.py:376} INFO - 🤪 Running <TaskInstance: get_raw_data_from_sources.get_raw_data_from_mysql_sources manual__2022-12-09T17:54:45.795156+00:00 [running]> on host 31f0fd0ea32a
[2022-12-09T18:36:44.861+0000] {taskinstance.py:1590} INFO - 🤪 Exporting the following env vars:
AIRFLOW_CTX_DAG_EMAIL=gp.data@galaxy.com.vn
AIRFLOW_CTX_DAG_OWNER=data_team
AIRFLOW_CTX_DAG_ID=get_raw_data_from_sources
AIRFLOW_CTX_TASK_ID=get_raw_data_from_mysql_sources
AIRFLOW_CTX_EXECUTION_DATE=2022-12-09T17:54:45.795156+00:00
AIRFLOW_CTX_TRY_NUMBER=2
AIRFLOW_CTX_DAG_RUN_ID=manual__2022-12-09T17:54:45.795156+00:00
[2022-12-09T18:36:44.873+0000] {logging_mixin.py:137} INFO - 🤪 Start getting data from source Mysql - Table: users
[2022-12-09T18:36:44.883+0000] {logging_mixin.py:137} INFO - 🤪 Found 100 records need to be inserted
[2022-12-09T18:36:44.884+0000] {logging_mixin.py:137} INFO - 🤪 Start ingesting data from source Mysql to DW - Table: users
[2022-12-09T18:36:44.896+0000] {logging_mixin.py:137} INFO - 🤪 the dataframe is inserted
[2022-12-09T18:36:44.897+0000] {logging_mixin.py:137} INFO - 🤪 Finished ingesting data from source to DW - Table: users
[2022-12-09T18:36:44.898+0000] {logging_mixin.py:137} INFO - 🤪 Start getting data from source Mysql - Table: orders
[2022-12-09T18:36:44.907+0000] {logging_mixin.py:137} INFO - 🤪 Found 0 records need to be inserted
[2022-12-09T18:36:44.908+0000] {logging_mixin.py:137} INFO - 🤪 Start ingesting data from source Mysql to DW - Table: orders
[2022-12-09T18:36:44.913+0000] {logging_mixin.py:137} INFO - 🤪 the dataframe is inserted
[2022-12-09T18:36:44.914+0000] {logging_mixin.py:137} INFO - 🤪 Finished ingesting data from source to DW - Table: orders
[2022-12-09T18:36:44.914+0000] {logging_mixin.py:137} INFO - 🤪 Start getting data from source Mysql - Table: transactions
[2022-12-09T18:36:44.918+0000] {logging_mixin.py:137} INFO - 🤪 Found 0 records need to be inserted
[2022-12-09T18:36:44.919+0000] {logging_mixin.py:137} INFO - 🤪 Start ingesting data from source Mysql to DW - Table: transactions
[2022-12-09T18:36:44.923+0000] {logging_mixin.py:137} INFO - 🤪 the dataframe is inserted
[2022-12-09T18:36:44.924+0000] {logging_mixin.py:137} INFO - 🤪 Finished ingesting data from source to DW - Table: transactions
[2022-12-09T18:36:44.925+0000] {logging_mixin.py:137} INFO - 🤪 Start getting data from source Mysql - Table: menus
[2022-12-09T18:36:44.928+0000] {logging_mixin.py:137} INFO - 🤪 Found 0 records need to be inserted
[2022-12-09T18:36:44.930+0000] {logging_mixin.py:137} INFO - 🤪 Start ingesting data from source Mysql to DW - Table: menus
[2022-12-09T18:36:44.935+0000] {logging_mixin.py:137} INFO - 🤪 the dataframe is inserted
[2022-12-09T18:36:44.936+0000] {logging_mixin.py:137} INFO - 🤪 Finished ingesting data from source to DW - Table: menus
[2022-12-09T18:36:44.937+0000] {python.py:177} INFO - 🤪 Done. Returned value was: None
[2022-12-09T18:36:44.945+0000] {taskinstance.py:1401} INFO - 🤪 Marking task as SUCCESS. dag_id=get_raw_data_from_sources, task_id=get_raw_data_from_mysql_sources, execution_date=20221209T175445, start_date=20221209T183644, end_date=20221209T183644
[2022-12-09T18:36:45.052+0000] {local_task_job.py:159} INFO - 🤪 Task exited with return code 0
[2022-12-09T18:36:45.068+0000] {taskinstance.py:2623} INFO - 🤪 0 downstream tasks scheduled from follow-on schedule check
