[2022-12-11T06:10:51.657+0000] {taskinstance.py:1165} INFO - 🤪 Dependencies all met for <TaskInstance: update_dwh_daily.check_update_mysql_source manual__2022-12-11T06:06:36.725655+00:00 [queued]>
[2022-12-11T06:10:51.664+0000] {taskinstance.py:1165} INFO - 🤪 Dependencies all met for <TaskInstance: update_dwh_daily.check_update_mysql_source manual__2022-12-11T06:06:36.725655+00:00 [queued]>
[2022-12-11T06:10:51.664+0000] {taskinstance.py:1362} INFO - 🤪 
--------------------------------------------------------------------------------
[2022-12-11T06:10:51.665+0000] {taskinstance.py:1363} INFO - 🤪 Starting attempt 1 of 4
[2022-12-11T06:10:51.665+0000] {taskinstance.py:1364} INFO - 🤪 
--------------------------------------------------------------------------------
[2022-12-11T06:10:51.678+0000] {taskinstance.py:1383} INFO - 🤪 Executing <Task(PythonOperator): check_update_mysql_source> on 2022-12-11 06:06:36.725655+00:00
[2022-12-11T06:10:51.681+0000] {standard_task_runner.py:55} INFO - 🤪 Started process 234 to run task
[2022-12-11T06:10:51.684+0000] {standard_task_runner.py:82} INFO - 🤪 Running: ['airflow', 'tasks', 'run', 'update_dwh_daily', 'check_update_mysql_source', 'manual__2022-12-11T06:06:36.725655+00:00', '--job-id', '15', '--raw', '--subdir', 'DAGS_FOLDER/update_dwh_daily.py', '--cfg-path', '/tmp/tmp95ofl1mn']
[2022-12-11T06:10:51.686+0000] {standard_task_runner.py:83} INFO - 🤪 Job 15: Subtask check_update_mysql_source
[2022-12-11T06:10:51.737+0000] {task_command.py:376} INFO - 🤪 Running <TaskInstance: update_dwh_daily.check_update_mysql_source manual__2022-12-11T06:06:36.725655+00:00 [running]> on host 2557b583fff6
[2022-12-11T06:10:51.792+0000] {taskinstance.py:1590} INFO - 🤪 Exporting the following env vars:
AIRFLOW_CTX_DAG_EMAIL=gp.data@galaxy.com.vn
AIRFLOW_CTX_DAG_OWNER=data_team
AIRFLOW_CTX_DAG_ID=update_dwh_daily
AIRFLOW_CTX_TASK_ID=check_update_mysql_source
AIRFLOW_CTX_EXECUTION_DATE=2022-12-11T06:06:36.725655+00:00
AIRFLOW_CTX_TRY_NUMBER=1
AIRFLOW_CTX_DAG_RUN_ID=manual__2022-12-11T06:06:36.725655+00:00
[2022-12-11T06:10:51.800+0000] {logging_mixin.py:137} INFO - 🤪 Start checking for updated data from source Mysql - Table: users
[2022-12-11T06:10:51.809+0000] {logging_mixin.py:137} INFO - 🤪 Found 0 updated records
[2022-12-11T06:10:51.810+0000] {logging_mixin.py:137} INFO - 🤪 Start updating DWH data - Table: users
[2022-12-11T06:10:51.811+0000] {logging_mixin.py:137} INFO - 🤪 Finished update DWH data - Table: users
[2022-12-11T06:10:51.812+0000] {logging_mixin.py:137} INFO - 🤪 Start checking for updated data from source Mysql - Table: orders
[2022-12-11T06:10:51.814+0000] {logging_mixin.py:137} INFO - 🤪 Found 0 updated records
[2022-12-11T06:10:51.815+0000] {logging_mixin.py:137} INFO - 🤪 Start updating DWH data - Table: orders
[2022-12-11T06:10:51.816+0000] {logging_mixin.py:137} INFO - 🤪 Finished update DWH data - Table: orders
[2022-12-11T06:10:51.816+0000] {logging_mixin.py:137} INFO - 🤪 Start checking for updated data from source Mysql - Table: transactions
[2022-12-11T06:10:51.819+0000] {logging_mixin.py:137} INFO - 🤪 Found 0 updated records
[2022-12-11T06:10:51.821+0000] {logging_mixin.py:137} INFO - 🤪 Start updating DWH data - Table: transactions
[2022-12-11T06:10:51.822+0000] {logging_mixin.py:137} INFO - 🤪 Finished update DWH data - Table: transactions
[2022-12-11T06:10:51.823+0000] {logging_mixin.py:137} INFO - 🤪 Start checking for updated data from source Mysql - Table: menus
[2022-12-11T06:10:51.826+0000] {logging_mixin.py:137} INFO - 🤪 Found 0 updated records
[2022-12-11T06:10:51.827+0000] {logging_mixin.py:137} INFO - 🤪 Start updating DWH data - Table: menus
[2022-12-11T06:10:51.828+0000] {logging_mixin.py:137} INFO - 🤪 Finished update DWH data - Table: menus
[2022-12-11T06:10:51.829+0000] {python.py:177} INFO - 🤪 Done. Returned value was: None
[2022-12-11T06:10:51.837+0000] {taskinstance.py:1401} INFO - 🤪 Marking task as SUCCESS. dag_id=update_dwh_daily, task_id=check_update_mysql_source, execution_date=20221211T060636, start_date=20221211T061051, end_date=20221211T061051
[2022-12-11T06:10:51.897+0000] {local_task_job.py:159} INFO - 🤪 Task exited with return code 0
[2022-12-11T06:10:51.914+0000] {taskinstance.py:2623} INFO - 🤪 0 downstream tasks scheduled from follow-on schedule check
