[2023-02-28T15:30:30.965+0000] {taskinstance.py:1165} INFO - 🤪 Dependencies all met for <TaskInstance: ingest_bo_voucher_report.ingest_bo_voucher_report scheduled__2023-02-27T01:00:00+00:00 [queued]>
[2023-02-28T15:30:30.990+0000] {taskinstance.py:1165} INFO - 🤪 Dependencies all met for <TaskInstance: ingest_bo_voucher_report.ingest_bo_voucher_report scheduled__2023-02-27T01:00:00+00:00 [queued]>
[2023-02-28T15:30:30.993+0000] {taskinstance.py:1362} INFO - 🤪 
--------------------------------------------------------------------------------
[2023-02-28T15:30:30.995+0000] {taskinstance.py:1363} INFO - 🤪 Starting attempt 1 of 4
[2023-02-28T15:30:30.997+0000] {taskinstance.py:1364} INFO - 🤪 
--------------------------------------------------------------------------------
[2023-02-28T15:30:31.033+0000] {taskinstance.py:1383} INFO - 🤪 Executing <Task(PythonOperator): ingest_bo_voucher_report> on 2023-02-27 01:00:00+00:00
[2023-02-28T15:30:31.042+0000] {standard_task_runner.py:55} INFO - 🤪 Started process 152 to run task
[2023-02-28T15:30:31.057+0000] {standard_task_runner.py:82} INFO - 🤪 Running: ['airflow', 'tasks', 'run', 'ingest_bo_voucher_report', 'ingest_bo_voucher_report', 'scheduled__2023-02-27T01:00:00+00:00', '--job-id', '2', '--raw', '--subdir', 'DAGS_FOLDER/ingest_bo_voucher_report.py', '--cfg-path', '/tmp/tmpztaph3im']
[2023-02-28T15:30:31.063+0000] {standard_task_runner.py:83} INFO - 🤪 Job 2: Subtask ingest_bo_voucher_report
[2023-02-28T15:30:31.198+0000] {task_command.py:376} INFO - 🤪 Running <TaskInstance: ingest_bo_voucher_report.ingest_bo_voucher_report scheduled__2023-02-27T01:00:00+00:00 [running]> on host cb426d137a6e
[2023-02-28T15:30:31.346+0000] {taskinstance.py:1590} INFO - 🤪 Exporting the following env vars:
AIRFLOW_CTX_DAG_EMAIL=gp.data@galaxy.com.vn
AIRFLOW_CTX_DAG_OWNER=data_team
AIRFLOW_CTX_DAG_ID=ingest_bo_voucher_report
AIRFLOW_CTX_TASK_ID=ingest_bo_voucher_report
AIRFLOW_CTX_EXECUTION_DATE=2023-02-27T01:00:00+00:00
AIRFLOW_CTX_TRY_NUMBER=1
AIRFLOW_CTX_DAG_RUN_ID=scheduled__2023-02-27T01:00:00+00:00
[2023-02-28T15:30:31.374+0000] {logging_mixin.py:137} WARNING - 🤪 /opt/bitnami/python/lib/python3.8/site-packages/airflow/utils/context.py:297 AirflowContextDeprecationWarning: Accessing 'execution_date' from the template is deprecated and will be removed in a future version. Please use 'data_interval_start' or 'logical_date' instead.
[2023-02-28T15:30:31.384+0000] {logging_mixin.py:137} WARNING - 🤪 /opt/bitnami/python/lib/python3.8/site-packages/airflow/utils/context.py:297 AirflowContextDeprecationWarning: Accessing 'next_execution_date' from the template is deprecated and will be removed in a future version. Please use 'data_interval_end' instead.
[2023-02-28T15:30:31.416+0000] {logging_mixin.py:137} INFO - 🤪 execution_date: 2023-02-27
[2023-02-28T15:30:31.418+0000] {logging_mixin.py:137} INFO - 🤪 day_before: 2023-02-26
[2023-02-28T15:30:31.420+0000] {logging_mixin.py:137} INFO - 🤪 next_execution_day 2023-02-28
[2023-02-28T15:30:31.423+0000] {logging_mixin.py:137} INFO - 🤪 pathhh /airflow/dags/config/
[2023-02-28T15:30:35.453+0000] {logging_mixin.py:137} INFO - 🤪 the dataframe is inserted
[2023-02-28T15:30:35.459+0000] {python.py:177} INFO - 🤪 Done. Returned value was: None
[2023-02-28T15:30:35.481+0000] {taskinstance.py:1401} INFO - 🤪 Marking task as SUCCESS. dag_id=ingest_bo_voucher_report, task_id=ingest_bo_voucher_report, execution_date=20230227T010000, start_date=20230228T153030, end_date=20230228T153035
[2023-02-28T15:30:35.544+0000] {local_task_job.py:159} INFO - 🤪 Task exited with return code 0
[2023-02-28T15:30:35.598+0000] {taskinstance.py:2623} INFO - 🤪 0 downstream tasks scheduled from follow-on schedule check
