[2022-12-03T12:08:12.129+0000] {taskinstance.py:1165} INFO - 🤪 Dependencies all met for <TaskInstance: get_raw_data_from_sources.get_raw_data_from_mysql_sources scheduled__2022-12-01T19:00:00+00:00 [queued]>
[2022-12-03T12:08:12.163+0000] {taskinstance.py:1165} INFO - 🤪 Dependencies all met for <TaskInstance: get_raw_data_from_sources.get_raw_data_from_mysql_sources scheduled__2022-12-01T19:00:00+00:00 [queued]>
[2022-12-03T12:08:12.191+0000] {taskinstance.py:1362} INFO - 🤪 
--------------------------------------------------------------------------------
[2022-12-03T12:08:12.197+0000] {taskinstance.py:1363} INFO - 🤪 Starting attempt 2 of 4
[2022-12-03T12:08:12.201+0000] {taskinstance.py:1364} INFO - 🤪 
--------------------------------------------------------------------------------
[2022-12-03T12:08:12.264+0000] {taskinstance.py:1383} INFO - 🤪 Executing <Task(PythonOperator): get_raw_data_from_mysql_sources> on 2022-12-01 19:00:00+00:00
[2022-12-03T12:08:12.273+0000] {standard_task_runner.py:55} INFO - 🤪 Started process 220 to run task
[2022-12-03T12:08:12.280+0000] {standard_task_runner.py:82} INFO - 🤪 Running: ['airflow', 'tasks', 'run', 'get_raw_data_from_sources', 'get_raw_data_from_mysql_sources', 'scheduled__2022-12-01T19:00:00+00:00', '--job-id', '4', '--raw', '--subdir', 'DAGS_FOLDER/get_data_from_sources.py', '--cfg-path', '/tmp/tmp4t96rirx']
[2022-12-03T12:08:12.284+0000] {standard_task_runner.py:83} INFO - 🤪 Job 4: Subtask get_raw_data_from_mysql_sources
[2022-12-03T12:08:12.376+0000] {task_command.py:376} INFO - 🤪 Running <TaskInstance: get_raw_data_from_sources.get_raw_data_from_mysql_sources scheduled__2022-12-01T19:00:00+00:00 [running]> on host d5f31096a69d
[2022-12-03T12:08:12.461+0000] {taskinstance.py:1590} INFO - 🤪 Exporting the following env vars:
AIRFLOW_CTX_DAG_EMAIL=gp.data@galaxy.com.vn
AIRFLOW_CTX_DAG_OWNER=data_team
AIRFLOW_CTX_DAG_ID=get_raw_data_from_sources
AIRFLOW_CTX_TASK_ID=get_raw_data_from_mysql_sources
AIRFLOW_CTX_EXECUTION_DATE=2022-12-01T19:00:00+00:00
AIRFLOW_CTX_TRY_NUMBER=2
AIRFLOW_CTX_DAG_RUN_ID=scheduled__2022-12-01T19:00:00+00:00
[2022-12-03T12:08:12.464+0000] {logging_mixin.py:137} INFO - 🤪 Connecting to the MySQL database...
[2022-12-03T12:08:12.500+0000] {logging_mixin.py:137} INFO - 🤪 Database connection closed.
[2022-12-03T12:08:12.513+0000] {logging_mixin.py:137} INFO - 🤪 the dataframe is inserted
[2022-12-03T12:08:12.515+0000] {python.py:177} INFO - 🤪 Done. Returned value was: None
[2022-12-03T12:08:12.529+0000] {taskinstance.py:1401} INFO - 🤪 Marking task as SUCCESS. dag_id=get_raw_data_from_sources, task_id=get_raw_data_from_mysql_sources, execution_date=20221201T190000, start_date=20221203T120812, end_date=20221203T120812
[2022-12-03T12:08:12.697+0000] {local_task_job.py:159} INFO - 🤪 Task exited with return code 0
[2022-12-03T12:08:12.716+0000] {taskinstance.py:2623} INFO - 🤪 0 downstream tasks scheduled from follow-on schedule check
