[2022-12-09T07:33:21.122+0000] {taskinstance.py:1165} INFO - 🤪 Dependencies all met for <TaskInstance: get_raw_data_from_sources.get_raw_data_from_mysql_sources scheduled__2022-12-07T19:00:00+00:00 [queued]>
[2022-12-09T07:33:21.132+0000] {taskinstance.py:1165} INFO - 🤪 Dependencies all met for <TaskInstance: get_raw_data_from_sources.get_raw_data_from_mysql_sources scheduled__2022-12-07T19:00:00+00:00 [queued]>
[2022-12-09T07:33:21.133+0000] {taskinstance.py:1362} INFO - 🤪 
--------------------------------------------------------------------------------
[2022-12-09T07:33:21.134+0000] {taskinstance.py:1363} INFO - 🤪 Starting attempt 1 of 4
[2022-12-09T07:33:21.136+0000] {taskinstance.py:1364} INFO - 🤪 
--------------------------------------------------------------------------------
[2022-12-09T07:33:21.150+0000] {taskinstance.py:1383} INFO - 🤪 Executing <Task(PythonOperator): get_raw_data_from_mysql_sources> on 2022-12-07 19:00:00+00:00
[2022-12-09T07:33:21.154+0000] {standard_task_runner.py:55} INFO - 🤪 Started process 58 to run task
[2022-12-09T07:33:21.163+0000] {standard_task_runner.py:82} INFO - 🤪 Running: ['airflow', 'tasks', 'run', 'get_raw_data_from_sources', 'get_raw_data_from_mysql_sources', 'scheduled__2022-12-07T19:00:00+00:00', '--job-id', '2', '--raw', '--subdir', 'DAGS_FOLDER/ingest_dwh_daily.py', '--cfg-path', '/tmp/tmp2clfs068']
[2022-12-09T07:33:21.164+0000] {standard_task_runner.py:83} INFO - 🤪 Job 2: Subtask get_raw_data_from_mysql_sources
[2022-12-09T07:33:21.259+0000] {task_command.py:376} INFO - 🤪 Running <TaskInstance: get_raw_data_from_sources.get_raw_data_from_mysql_sources scheduled__2022-12-07T19:00:00+00:00 [running]> on host 83309ba15041
[2022-12-09T07:33:21.323+0000] {taskinstance.py:1590} INFO - 🤪 Exporting the following env vars:
AIRFLOW_CTX_DAG_EMAIL=gp.data@galaxy.com.vn
AIRFLOW_CTX_DAG_OWNER=data_team
AIRFLOW_CTX_DAG_ID=get_raw_data_from_sources
AIRFLOW_CTX_TASK_ID=get_raw_data_from_mysql_sources
AIRFLOW_CTX_EXECUTION_DATE=2022-12-07T19:00:00+00:00
AIRFLOW_CTX_TRY_NUMBER=1
AIRFLOW_CTX_DAG_RUN_ID=scheduled__2022-12-07T19:00:00+00:00
[2022-12-09T07:33:21.604+0000] {logging_mixin.py:137} INFO - 🤪 Start getting data from source Mysql - Table: users
[2022-12-09T07:33:21.649+0000] {logging_mixin.py:137} INFO - 🤪 Found 0 records need to be inserted
[2022-12-09T07:33:21.650+0000] {logging_mixin.py:137} INFO - 🤪 Start ingesting data from source Mysql to DW - Table: users
[2022-12-09T07:33:21.660+0000] {logging_mixin.py:137} INFO - 🤪 the dataframe is inserted
[2022-12-09T07:33:21.661+0000] {logging_mixin.py:137} INFO - 🤪 Finished ingesting data from source to DW - Table: users
[2022-12-09T07:33:21.662+0000] {logging_mixin.py:137} INFO - 🤪 Start getting data from source Mysql - Table: orders
[2022-12-09T07:33:21.669+0000] {logging_mixin.py:137} INFO - 🤪 Found 0 records need to be inserted
[2022-12-09T07:33:21.670+0000] {logging_mixin.py:137} INFO - 🤪 Start ingesting data from source Mysql to DW - Table: orders
[2022-12-09T07:33:21.675+0000] {logging_mixin.py:137} INFO - 🤪 the dataframe is inserted
[2022-12-09T07:33:21.676+0000] {logging_mixin.py:137} INFO - 🤪 Finished ingesting data from source to DW - Table: orders
[2022-12-09T07:33:21.677+0000] {logging_mixin.py:137} INFO - 🤪 Start getting data from source Mysql - Table: transactions
[2022-12-09T07:33:21.682+0000] {logging_mixin.py:137} INFO - 🤪 Found 0 records need to be inserted
[2022-12-09T07:33:21.683+0000] {logging_mixin.py:137} INFO - 🤪 Start ingesting data from source Mysql to DW - Table: transactions
[2022-12-09T07:33:21.689+0000] {logging_mixin.py:137} INFO - 🤪 the dataframe is inserted
[2022-12-09T07:33:21.690+0000] {logging_mixin.py:137} INFO - 🤪 Finished ingesting data from source to DW - Table: transactions
[2022-12-09T07:33:21.691+0000] {logging_mixin.py:137} INFO - 🤪 Start getting data from source Mysql - Table: menus
[2022-12-09T07:33:21.696+0000] {logging_mixin.py:137} INFO - 🤪 Found 0 records need to be inserted
[2022-12-09T07:33:21.697+0000] {logging_mixin.py:137} INFO - 🤪 Start ingesting data from source Mysql to DW - Table: menus
[2022-12-09T07:33:21.704+0000] {logging_mixin.py:137} INFO - 🤪 the dataframe is inserted
[2022-12-09T07:33:21.706+0000] {logging_mixin.py:137} INFO - 🤪 Finished ingesting data from source to DW - Table: menus
[2022-12-09T07:33:21.707+0000] {python.py:177} INFO - 🤪 Done. Returned value was: None
[2022-12-09T07:33:21.716+0000] {taskinstance.py:1401} INFO - 🤪 Marking task as SUCCESS. dag_id=get_raw_data_from_sources, task_id=get_raw_data_from_mysql_sources, execution_date=20221207T190000, start_date=20221209T073321, end_date=20221209T073321
[2022-12-09T07:33:21.783+0000] {local_task_job.py:159} INFO - 🤪 Task exited with return code 0
[2022-12-09T07:33:21.848+0000] {taskinstance.py:2623} INFO - 🤪 0 downstream tasks scheduled from follow-on schedule check
[2022-12-09T17:54:46.511+0000] {taskinstance.py:1165} INFO - 🤪 Dependencies all met for <TaskInstance: get_raw_data_from_sources.get_raw_data_from_mysql_sources scheduled__2022-12-07T19:00:00+00:00 [queued]>
[2022-12-09T17:54:46.533+0000] {taskinstance.py:1165} INFO - 🤪 Dependencies all met for <TaskInstance: get_raw_data_from_sources.get_raw_data_from_mysql_sources scheduled__2022-12-07T19:00:00+00:00 [queued]>
[2022-12-09T17:54:46.535+0000] {taskinstance.py:1362} INFO - 🤪 
--------------------------------------------------------------------------------
[2022-12-09T17:54:46.537+0000] {taskinstance.py:1363} INFO - 🤪 Starting attempt 1 of 4
[2022-12-09T17:54:46.539+0000] {taskinstance.py:1364} INFO - 🤪 
--------------------------------------------------------------------------------
[2022-12-09T17:54:46.572+0000] {taskinstance.py:1383} INFO - 🤪 Executing <Task(PythonOperator): get_raw_data_from_mysql_sources> on 2022-12-07 19:00:00+00:00
[2022-12-09T17:54:46.580+0000] {standard_task_runner.py:55} INFO - 🤪 Started process 58 to run task
[2022-12-09T17:54:46.603+0000] {standard_task_runner.py:82} INFO - 🤪 Running: ['airflow', 'tasks', 'run', 'get_raw_data_from_sources', 'get_raw_data_from_mysql_sources', 'scheduled__2022-12-07T19:00:00+00:00', '--job-id', '2', '--raw', '--subdir', 'DAGS_FOLDER/ingest_dwh_daily.py', '--cfg-path', '/tmp/tmpbsymchbw']
[2022-12-09T17:54:46.606+0000] {standard_task_runner.py:83} INFO - 🤪 Job 2: Subtask get_raw_data_from_mysql_sources
[2022-12-09T17:54:46.743+0000] {task_command.py:376} INFO - 🤪 Running <TaskInstance: get_raw_data_from_sources.get_raw_data_from_mysql_sources scheduled__2022-12-07T19:00:00+00:00 [running]> on host 31f0fd0ea32a
[2022-12-09T17:54:46.874+0000] {taskinstance.py:1590} INFO - 🤪 Exporting the following env vars:
AIRFLOW_CTX_DAG_EMAIL=gp.data@galaxy.com.vn
AIRFLOW_CTX_DAG_OWNER=data_team
AIRFLOW_CTX_DAG_ID=get_raw_data_from_sources
AIRFLOW_CTX_TASK_ID=get_raw_data_from_mysql_sources
AIRFLOW_CTX_EXECUTION_DATE=2022-12-07T19:00:00+00:00
AIRFLOW_CTX_TRY_NUMBER=1
AIRFLOW_CTX_DAG_RUN_ID=scheduled__2022-12-07T19:00:00+00:00
[2022-12-09T17:54:47.048+0000] {logging_mixin.py:137} INFO - 🤪 Start getting data from source Mysql - Table: users
[2022-12-09T17:54:47.064+0000] {logging_mixin.py:137} INFO - 🤪 Found 0 records need to be inserted
[2022-12-09T17:54:47.065+0000] {logging_mixin.py:137} INFO - 🤪 Start ingesting data from source Mysql to DW - Table: users
[2022-12-09T17:54:47.073+0000] {logging_mixin.py:137} INFO - 🤪 the dataframe is inserted
[2022-12-09T17:54:47.074+0000] {logging_mixin.py:137} INFO - 🤪 Finished ingesting data from source to DW - Table: users
[2022-12-09T17:54:47.074+0000] {logging_mixin.py:137} INFO - 🤪 Start getting data from source Mysql - Table: orders
[2022-12-09T17:54:47.079+0000] {logging_mixin.py:137} INFO - 🤪 Found 0 records need to be inserted
[2022-12-09T17:54:47.080+0000] {logging_mixin.py:137} INFO - 🤪 Start ingesting data from source Mysql to DW - Table: orders
[2022-12-09T17:54:47.085+0000] {logging_mixin.py:137} INFO - 🤪 the dataframe is inserted
[2022-12-09T17:54:47.086+0000] {logging_mixin.py:137} INFO - 🤪 Finished ingesting data from source to DW - Table: orders
[2022-12-09T17:54:47.087+0000] {logging_mixin.py:137} INFO - 🤪 Start getting data from source Mysql - Table: transactions
[2022-12-09T17:54:47.091+0000] {logging_mixin.py:137} INFO - 🤪 Found 0 records need to be inserted
[2022-12-09T17:54:47.092+0000] {logging_mixin.py:137} INFO - 🤪 Start ingesting data from source Mysql to DW - Table: transactions
[2022-12-09T17:54:47.097+0000] {logging_mixin.py:137} INFO - 🤪 the dataframe is inserted
[2022-12-09T17:54:47.098+0000] {logging_mixin.py:137} INFO - 🤪 Finished ingesting data from source to DW - Table: transactions
[2022-12-09T17:54:47.098+0000] {logging_mixin.py:137} INFO - 🤪 Start getting data from source Mysql - Table: menus
[2022-12-09T17:54:47.102+0000] {logging_mixin.py:137} INFO - 🤪 Found 0 records need to be inserted
[2022-12-09T17:54:47.103+0000] {logging_mixin.py:137} INFO - 🤪 Start ingesting data from source Mysql to DW - Table: menus
[2022-12-09T17:54:47.108+0000] {logging_mixin.py:137} INFO - 🤪 the dataframe is inserted
[2022-12-09T17:54:47.109+0000] {logging_mixin.py:137} INFO - 🤪 Finished ingesting data from source to DW - Table: menus
[2022-12-09T17:54:47.110+0000] {python.py:177} INFO - 🤪 Done. Returned value was: None
[2022-12-09T17:54:47.116+0000] {taskinstance.py:1401} INFO - 🤪 Marking task as SUCCESS. dag_id=get_raw_data_from_sources, task_id=get_raw_data_from_mysql_sources, execution_date=20221207T190000, start_date=20221209T175446, end_date=20221209T175447
[2022-12-09T17:54:47.135+0000] {local_task_job.py:159} INFO - 🤪 Task exited with return code 0
[2022-12-09T17:54:47.149+0000] {taskinstance.py:2623} INFO - 🤪 0 downstream tasks scheduled from follow-on schedule check
