[2022-12-05T10:30:04.989+0000] {processor.py:154} INFO - 🤪 Started process (PID=244) to work on /airflow/dags/update_dwh_daily.py
[2022-12-05T10:30:04.992+0000] {processor.py:756} INFO - 🤪 Processing file /airflow/dags/update_dwh_daily.py for tasks to queue
[2022-12-05T10:30:04.993+0000] {logging_mixin.py:137} INFO - 🤪 [2022-12-05T10:30:04.993+0000] {dagbag.py:537} INFO - 🤪 Filling up the DagBag from /airflow/dags/update_dwh_daily.py
[2022-12-05T10:30:05.029+0000] {processor.py:766} INFO - 🤪 DAG(s) dict_keys(['get_raw_data_from_sources']) retrieved from /airflow/dags/update_dwh_daily.py
[2022-12-05T10:30:05.111+0000] {logging_mixin.py:137} INFO - 🤪 [2022-12-05T10:30:05.111+0000] {dag.py:2585} INFO - 🤪 Sync 1 DAGs
[2022-12-05T10:30:05.139+0000] {logging_mixin.py:137} INFO - 🤪 [2022-12-05T10:30:05.138+0000] {dag.py:3336} INFO - 🤪 Setting next_dagrun for get_raw_data_from_sources to 2022-12-04T19:00:00+00:00, run_after=2022-12-05T19:00:00+00:00
[2022-12-05T10:30:05.169+0000] {processor.py:176} INFO - 🤪 Processing /airflow/dags/update_dwh_daily.py took 0.186 seconds
[2022-12-05T10:30:35.468+0000] {processor.py:154} INFO - 🤪 Started process (PID=247) to work on /airflow/dags/update_dwh_daily.py
[2022-12-05T10:30:35.469+0000] {processor.py:756} INFO - 🤪 Processing file /airflow/dags/update_dwh_daily.py for tasks to queue
[2022-12-05T10:30:35.472+0000] {logging_mixin.py:137} INFO - 🤪 [2022-12-05T10:30:35.471+0000] {dagbag.py:537} INFO - 🤪 Filling up the DagBag from /airflow/dags/update_dwh_daily.py
[2022-12-05T10:30:35.535+0000] {processor.py:766} INFO - 🤪 DAG(s) dict_keys(['update_dwh_daily']) retrieved from /airflow/dags/update_dwh_daily.py
[2022-12-05T10:30:35.694+0000] {logging_mixin.py:137} INFO - 🤪 [2022-12-05T10:30:35.694+0000] {manager.py:507} INFO - 🤪 Created Permission View: can delete on DAG:update_dwh_daily
[2022-12-05T10:30:35.706+0000] {logging_mixin.py:137} INFO - 🤪 [2022-12-05T10:30:35.705+0000] {manager.py:507} INFO - 🤪 Created Permission View: can edit on DAG:update_dwh_daily
[2022-12-05T10:30:35.715+0000] {logging_mixin.py:137} INFO - 🤪 [2022-12-05T10:30:35.715+0000] {manager.py:507} INFO - 🤪 Created Permission View: can read on DAG:update_dwh_daily
[2022-12-05T10:30:35.717+0000] {logging_mixin.py:137} INFO - 🤪 [2022-12-05T10:30:35.716+0000] {dag.py:2585} INFO - 🤪 Sync 1 DAGs
[2022-12-05T10:30:35.732+0000] {logging_mixin.py:137} INFO - 🤪 [2022-12-05T10:30:35.732+0000] {dag.py:2606} INFO - 🤪 Creating ORM DAG for update_dwh_daily
[2022-12-05T10:30:35.749+0000] {logging_mixin.py:137} INFO - 🤪 [2022-12-05T10:30:35.749+0000] {dag.py:3336} INFO - 🤪 Setting next_dagrun for update_dwh_daily to 2022-12-03T19:00:00+00:00, run_after=2022-12-04T19:00:00+00:00
[2022-12-05T10:30:35.772+0000] {processor.py:176} INFO - 🤪 Processing /airflow/dags/update_dwh_daily.py took 0.309 seconds
[2022-12-05T10:31:06.201+0000] {processor.py:154} INFO - 🤪 Started process (PID=250) to work on /airflow/dags/update_dwh_daily.py
[2022-12-05T10:31:06.206+0000] {processor.py:756} INFO - 🤪 Processing file /airflow/dags/update_dwh_daily.py for tasks to queue
[2022-12-05T10:31:06.208+0000] {logging_mixin.py:137} INFO - 🤪 [2022-12-05T10:31:06.208+0000] {dagbag.py:537} INFO - 🤪 Filling up the DagBag from /airflow/dags/update_dwh_daily.py
[2022-12-05T10:31:06.256+0000] {processor.py:766} INFO - 🤪 DAG(s) dict_keys(['update_dwh_daily']) retrieved from /airflow/dags/update_dwh_daily.py
[2022-12-05T10:31:06.364+0000] {logging_mixin.py:137} INFO - 🤪 [2022-12-05T10:31:06.364+0000] {dag.py:2585} INFO - 🤪 Sync 1 DAGs
[2022-12-05T10:31:06.400+0000] {logging_mixin.py:137} INFO - 🤪 [2022-12-05T10:31:06.400+0000] {dag.py:3336} INFO - 🤪 Setting next_dagrun for update_dwh_daily to 2022-12-03T19:30:00+00:00, run_after=2022-12-04T19:30:00+00:00
[2022-12-05T10:31:06.444+0000] {processor.py:176} INFO - 🤪 Processing /airflow/dags/update_dwh_daily.py took 0.248 seconds
[2022-12-05T10:31:36.862+0000] {processor.py:154} INFO - 🤪 Started process (PID=253) to work on /airflow/dags/update_dwh_daily.py
[2022-12-05T10:31:36.866+0000] {processor.py:756} INFO - 🤪 Processing file /airflow/dags/update_dwh_daily.py for tasks to queue
[2022-12-05T10:31:36.869+0000] {logging_mixin.py:137} INFO - 🤪 [2022-12-05T10:31:36.868+0000] {dagbag.py:537} INFO - 🤪 Filling up the DagBag from /airflow/dags/update_dwh_daily.py
[2022-12-05T10:31:36.904+0000] {processor.py:766} INFO - 🤪 DAG(s) dict_keys(['update_dwh_daily']) retrieved from /airflow/dags/update_dwh_daily.py
[2022-12-05T10:31:36.947+0000] {logging_mixin.py:137} INFO - 🤪 [2022-12-05T10:31:36.947+0000] {dag.py:2585} INFO - 🤪 Sync 1 DAGs
[2022-12-05T10:31:36.988+0000] {logging_mixin.py:137} INFO - 🤪 [2022-12-05T10:31:36.987+0000] {dag.py:3336} INFO - 🤪 Setting next_dagrun for update_dwh_daily to 2022-12-03T19:30:00+00:00, run_after=2022-12-04T19:30:00+00:00
[2022-12-05T10:31:37.025+0000] {processor.py:176} INFO - 🤪 Processing /airflow/dags/update_dwh_daily.py took 0.168 seconds
[2022-12-05T10:32:07.463+0000] {processor.py:154} INFO - 🤪 Started process (PID=256) to work on /airflow/dags/update_dwh_daily.py
[2022-12-05T10:32:07.467+0000] {processor.py:756} INFO - 🤪 Processing file /airflow/dags/update_dwh_daily.py for tasks to queue
[2022-12-05T10:32:07.469+0000] {logging_mixin.py:137} INFO - 🤪 [2022-12-05T10:32:07.468+0000] {dagbag.py:537} INFO - 🤪 Filling up the DagBag from /airflow/dags/update_dwh_daily.py
[2022-12-05T10:32:07.503+0000] {processor.py:766} INFO - 🤪 DAG(s) dict_keys(['update_dwh_daily']) retrieved from /airflow/dags/update_dwh_daily.py
[2022-12-05T10:32:07.542+0000] {logging_mixin.py:137} INFO - 🤪 [2022-12-05T10:32:07.542+0000] {dag.py:2585} INFO - 🤪 Sync 1 DAGs
[2022-12-05T10:32:07.581+0000] {logging_mixin.py:137} INFO - 🤪 [2022-12-05T10:32:07.581+0000] {dag.py:3336} INFO - 🤪 Setting next_dagrun for update_dwh_daily to 2022-12-03T19:30:00+00:00, run_after=2022-12-04T19:30:00+00:00
[2022-12-05T10:32:07.621+0000] {processor.py:176} INFO - 🤪 Processing /airflow/dags/update_dwh_daily.py took 0.163 seconds
[2022-12-05T10:32:38.162+0000] {processor.py:154} INFO - 🤪 Started process (PID=259) to work on /airflow/dags/update_dwh_daily.py
[2022-12-05T10:32:38.166+0000] {processor.py:756} INFO - 🤪 Processing file /airflow/dags/update_dwh_daily.py for tasks to queue
[2022-12-05T10:32:38.169+0000] {logging_mixin.py:137} INFO - 🤪 [2022-12-05T10:32:38.168+0000] {dagbag.py:537} INFO - 🤪 Filling up the DagBag from /airflow/dags/update_dwh_daily.py
[2022-12-05T10:32:38.203+0000] {processor.py:766} INFO - 🤪 DAG(s) dict_keys(['update_dwh_daily']) retrieved from /airflow/dags/update_dwh_daily.py
[2022-12-05T10:32:38.244+0000] {logging_mixin.py:137} INFO - 🤪 [2022-12-05T10:32:38.244+0000] {dag.py:2585} INFO - 🤪 Sync 1 DAGs
[2022-12-05T10:32:38.282+0000] {logging_mixin.py:137} INFO - 🤪 [2022-12-05T10:32:38.282+0000] {dag.py:3336} INFO - 🤪 Setting next_dagrun for update_dwh_daily to 2022-12-03T19:30:00+00:00, run_after=2022-12-04T19:30:00+00:00
[2022-12-05T10:32:38.320+0000] {processor.py:176} INFO - 🤪 Processing /airflow/dags/update_dwh_daily.py took 0.163 seconds
[2022-12-05T10:33:08.786+0000] {processor.py:154} INFO - 🤪 Started process (PID=262) to work on /airflow/dags/update_dwh_daily.py
[2022-12-05T10:33:08.790+0000] {processor.py:756} INFO - 🤪 Processing file /airflow/dags/update_dwh_daily.py for tasks to queue
[2022-12-05T10:33:08.792+0000] {logging_mixin.py:137} INFO - 🤪 [2022-12-05T10:33:08.792+0000] {dagbag.py:537} INFO - 🤪 Filling up the DagBag from /airflow/dags/update_dwh_daily.py
[2022-12-05T10:33:08.828+0000] {processor.py:766} INFO - 🤪 DAG(s) dict_keys(['update_dwh_daily']) retrieved from /airflow/dags/update_dwh_daily.py
[2022-12-05T10:33:08.870+0000] {logging_mixin.py:137} INFO - 🤪 [2022-12-05T10:33:08.870+0000] {dag.py:2585} INFO - 🤪 Sync 1 DAGs
[2022-12-05T10:33:08.910+0000] {logging_mixin.py:137} INFO - 🤪 [2022-12-05T10:33:08.910+0000] {dag.py:3336} INFO - 🤪 Setting next_dagrun for update_dwh_daily to 2022-12-03T19:30:00+00:00, run_after=2022-12-04T19:30:00+00:00
[2022-12-05T10:33:08.949+0000] {processor.py:176} INFO - 🤪 Processing /airflow/dags/update_dwh_daily.py took 0.168 seconds
[2022-12-05T10:33:39.462+0000] {processor.py:154} INFO - 🤪 Started process (PID=265) to work on /airflow/dags/update_dwh_daily.py
[2022-12-05T10:33:39.465+0000] {processor.py:756} INFO - 🤪 Processing file /airflow/dags/update_dwh_daily.py for tasks to queue
[2022-12-05T10:33:39.467+0000] {logging_mixin.py:137} INFO - 🤪 [2022-12-05T10:33:39.467+0000] {dagbag.py:537} INFO - 🤪 Filling up the DagBag from /airflow/dags/update_dwh_daily.py
[2022-12-05T10:33:39.504+0000] {processor.py:766} INFO - 🤪 DAG(s) dict_keys(['update_dwh_daily']) retrieved from /airflow/dags/update_dwh_daily.py
[2022-12-05T10:33:39.547+0000] {logging_mixin.py:137} INFO - 🤪 [2022-12-05T10:33:39.546+0000] {dag.py:2585} INFO - 🤪 Sync 1 DAGs
[2022-12-05T10:33:39.587+0000] {logging_mixin.py:137} INFO - 🤪 [2022-12-05T10:33:39.587+0000] {dag.py:3336} INFO - 🤪 Setting next_dagrun for update_dwh_daily to 2022-12-03T19:30:00+00:00, run_after=2022-12-04T19:30:00+00:00
[2022-12-05T10:33:39.626+0000] {processor.py:176} INFO - 🤪 Processing /airflow/dags/update_dwh_daily.py took 0.171 seconds
[2022-12-05T10:34:10.071+0000] {processor.py:154} INFO - 🤪 Started process (PID=268) to work on /airflow/dags/update_dwh_daily.py
[2022-12-05T10:34:10.078+0000] {processor.py:756} INFO - 🤪 Processing file /airflow/dags/update_dwh_daily.py for tasks to queue
[2022-12-05T10:34:10.080+0000] {logging_mixin.py:137} INFO - 🤪 [2022-12-05T10:34:10.080+0000] {dagbag.py:537} INFO - 🤪 Filling up the DagBag from /airflow/dags/update_dwh_daily.py
[2022-12-05T10:34:10.108+0000] {processor.py:766} INFO - 🤪 DAG(s) dict_keys(['update_dwh_daily']) retrieved from /airflow/dags/update_dwh_daily.py
[2022-12-05T10:34:10.142+0000] {logging_mixin.py:137} INFO - 🤪 [2022-12-05T10:34:10.142+0000] {dag.py:2585} INFO - 🤪 Sync 1 DAGs
[2022-12-05T10:34:10.173+0000] {logging_mixin.py:137} INFO - 🤪 [2022-12-05T10:34:10.173+0000] {dag.py:3336} INFO - 🤪 Setting next_dagrun for update_dwh_daily to 2022-12-03T19:30:00+00:00, run_after=2022-12-04T19:30:00+00:00
[2022-12-05T10:34:10.205+0000] {processor.py:176} INFO - 🤪 Processing /airflow/dags/update_dwh_daily.py took 0.138 seconds
[2022-12-05T10:34:40.736+0000] {processor.py:154} INFO - 🤪 Started process (PID=271) to work on /airflow/dags/update_dwh_daily.py
[2022-12-05T10:34:40.738+0000] {processor.py:756} INFO - 🤪 Processing file /airflow/dags/update_dwh_daily.py for tasks to queue
[2022-12-05T10:34:40.739+0000] {logging_mixin.py:137} INFO - 🤪 [2022-12-05T10:34:40.739+0000] {dagbag.py:537} INFO - 🤪 Filling up the DagBag from /airflow/dags/update_dwh_daily.py
[2022-12-05T10:34:40.769+0000] {processor.py:766} INFO - 🤪 DAG(s) dict_keys(['update_dwh_daily']) retrieved from /airflow/dags/update_dwh_daily.py
[2022-12-05T10:34:40.803+0000] {logging_mixin.py:137} INFO - 🤪 [2022-12-05T10:34:40.803+0000] {dag.py:2585} INFO - 🤪 Sync 1 DAGs
[2022-12-05T10:34:40.839+0000] {logging_mixin.py:137} INFO - 🤪 [2022-12-05T10:34:40.838+0000] {dag.py:3336} INFO - 🤪 Setting next_dagrun for update_dwh_daily to 2022-12-03T19:30:00+00:00, run_after=2022-12-04T19:30:00+00:00
[2022-12-05T10:34:40.870+0000] {processor.py:176} INFO - 🤪 Processing /airflow/dags/update_dwh_daily.py took 0.138 seconds
[2022-12-05T10:35:11.405+0000] {processor.py:154} INFO - 🤪 Started process (PID=274) to work on /airflow/dags/update_dwh_daily.py
[2022-12-05T10:35:11.408+0000] {processor.py:756} INFO - 🤪 Processing file /airflow/dags/update_dwh_daily.py for tasks to queue
[2022-12-05T10:35:11.410+0000] {logging_mixin.py:137} INFO - 🤪 [2022-12-05T10:35:11.410+0000] {dagbag.py:537} INFO - 🤪 Filling up the DagBag from /airflow/dags/update_dwh_daily.py
[2022-12-05T10:35:11.472+0000] {processor.py:766} INFO - 🤪 DAG(s) dict_keys(['update_dwh_daily']) retrieved from /airflow/dags/update_dwh_daily.py
[2022-12-05T10:35:11.530+0000] {logging_mixin.py:137} INFO - 🤪 [2022-12-05T10:35:11.530+0000] {dag.py:2585} INFO - 🤪 Sync 1 DAGs
[2022-12-05T10:35:11.578+0000] {logging_mixin.py:137} INFO - 🤪 [2022-12-05T10:35:11.577+0000] {dag.py:3336} INFO - 🤪 Setting next_dagrun for update_dwh_daily to 2022-12-03T19:30:00+00:00, run_after=2022-12-04T19:30:00+00:00
[2022-12-05T10:35:11.618+0000] {processor.py:176} INFO - 🤪 Processing /airflow/dags/update_dwh_daily.py took 0.220 seconds
[2022-12-05T10:35:41.942+0000] {processor.py:154} INFO - 🤪 Started process (PID=277) to work on /airflow/dags/update_dwh_daily.py
[2022-12-05T10:35:41.950+0000] {processor.py:756} INFO - 🤪 Processing file /airflow/dags/update_dwh_daily.py for tasks to queue
[2022-12-05T10:35:41.952+0000] {logging_mixin.py:137} INFO - 🤪 [2022-12-05T10:35:41.952+0000] {dagbag.py:537} INFO - 🤪 Filling up the DagBag from /airflow/dags/update_dwh_daily.py
[2022-12-05T10:35:41.979+0000] {processor.py:766} INFO - 🤪 DAG(s) dict_keys(['update_dwh_daily']) retrieved from /airflow/dags/update_dwh_daily.py
[2022-12-05T10:35:42.012+0000] {logging_mixin.py:137} INFO - 🤪 [2022-12-05T10:35:42.011+0000] {dag.py:2585} INFO - 🤪 Sync 1 DAGs
[2022-12-05T10:35:42.039+0000] {logging_mixin.py:137} INFO - 🤪 [2022-12-05T10:35:42.039+0000] {dag.py:3336} INFO - 🤪 Setting next_dagrun for update_dwh_daily to 2022-12-03T19:30:00+00:00, run_after=2022-12-04T19:30:00+00:00
[2022-12-05T10:35:42.065+0000] {processor.py:176} INFO - 🤪 Processing /airflow/dags/update_dwh_daily.py took 0.126 seconds
[2022-12-05T10:36:12.781+0000] {processor.py:154} INFO - 🤪 Started process (PID=280) to work on /airflow/dags/update_dwh_daily.py
[2022-12-05T10:36:12.788+0000] {processor.py:756} INFO - 🤪 Processing file /airflow/dags/update_dwh_daily.py for tasks to queue
[2022-12-05T10:36:12.790+0000] {logging_mixin.py:137} INFO - 🤪 [2022-12-05T10:36:12.790+0000] {dagbag.py:537} INFO - 🤪 Filling up the DagBag from /airflow/dags/update_dwh_daily.py
[2022-12-05T10:36:12.834+0000] {processor.py:766} INFO - 🤪 DAG(s) dict_keys(['update_dwh_daily']) retrieved from /airflow/dags/update_dwh_daily.py
[2022-12-05T10:36:12.875+0000] {logging_mixin.py:137} INFO - 🤪 [2022-12-05T10:36:12.875+0000] {dag.py:2585} INFO - 🤪 Sync 1 DAGs
[2022-12-05T10:36:12.908+0000] {logging_mixin.py:137} INFO - 🤪 [2022-12-05T10:36:12.908+0000] {dag.py:3336} INFO - 🤪 Setting next_dagrun for update_dwh_daily to 2022-12-03T19:30:00+00:00, run_after=2022-12-04T19:30:00+00:00
[2022-12-05T10:36:12.937+0000] {processor.py:176} INFO - 🤪 Processing /airflow/dags/update_dwh_daily.py took 0.160 seconds
[2022-12-05T10:36:43.429+0000] {processor.py:154} INFO - 🤪 Started process (PID=283) to work on /airflow/dags/update_dwh_daily.py
[2022-12-05T10:36:43.438+0000] {processor.py:756} INFO - 🤪 Processing file /airflow/dags/update_dwh_daily.py for tasks to queue
[2022-12-05T10:36:43.443+0000] {logging_mixin.py:137} INFO - 🤪 [2022-12-05T10:36:43.442+0000] {dagbag.py:537} INFO - 🤪 Filling up the DagBag from /airflow/dags/update_dwh_daily.py
[2022-12-05T10:36:43.484+0000] {processor.py:766} INFO - 🤪 DAG(s) dict_keys(['update_dwh_daily']) retrieved from /airflow/dags/update_dwh_daily.py
[2022-12-05T10:36:43.533+0000] {logging_mixin.py:137} INFO - 🤪 [2022-12-05T10:36:43.533+0000] {dag.py:2585} INFO - 🤪 Sync 1 DAGs
[2022-12-05T10:36:43.580+0000] {logging_mixin.py:137} INFO - 🤪 [2022-12-05T10:36:43.580+0000] {dag.py:3336} INFO - 🤪 Setting next_dagrun for update_dwh_daily to 2022-12-03T19:30:00+00:00, run_after=2022-12-04T19:30:00+00:00
[2022-12-05T10:36:43.626+0000] {processor.py:176} INFO - 🤪 Processing /airflow/dags/update_dwh_daily.py took 0.204 seconds
[2022-12-05T10:37:13.874+0000] {processor.py:154} INFO - 🤪 Started process (PID=286) to work on /airflow/dags/update_dwh_daily.py
[2022-12-05T10:37:13.876+0000] {processor.py:756} INFO - 🤪 Processing file /airflow/dags/update_dwh_daily.py for tasks to queue
[2022-12-05T10:37:13.878+0000] {logging_mixin.py:137} INFO - 🤪 [2022-12-05T10:37:13.878+0000] {dagbag.py:537} INFO - 🤪 Filling up the DagBag from /airflow/dags/update_dwh_daily.py
[2022-12-05T10:37:13.909+0000] {processor.py:766} INFO - 🤪 DAG(s) dict_keys(['update_dwh_daily']) retrieved from /airflow/dags/update_dwh_daily.py
[2022-12-05T10:37:13.945+0000] {logging_mixin.py:137} INFO - 🤪 [2022-12-05T10:37:13.944+0000] {dag.py:2585} INFO - 🤪 Sync 1 DAGs
[2022-12-05T10:37:13.977+0000] {logging_mixin.py:137} INFO - 🤪 [2022-12-05T10:37:13.977+0000] {dag.py:3336} INFO - 🤪 Setting next_dagrun for update_dwh_daily to 2022-12-03T19:30:00+00:00, run_after=2022-12-04T19:30:00+00:00
[2022-12-05T10:37:14.018+0000] {processor.py:176} INFO - 🤪 Processing /airflow/dags/update_dwh_daily.py took 0.148 seconds
[2022-12-05T10:37:44.583+0000] {processor.py:154} INFO - 🤪 Started process (PID=289) to work on /airflow/dags/update_dwh_daily.py
[2022-12-05T10:37:44.586+0000] {processor.py:756} INFO - 🤪 Processing file /airflow/dags/update_dwh_daily.py for tasks to queue
[2022-12-05T10:37:44.588+0000] {logging_mixin.py:137} INFO - 🤪 [2022-12-05T10:37:44.588+0000] {dagbag.py:537} INFO - 🤪 Filling up the DagBag from /airflow/dags/update_dwh_daily.py
[2022-12-05T10:37:44.613+0000] {processor.py:766} INFO - 🤪 DAG(s) dict_keys(['update_dwh_daily']) retrieved from /airflow/dags/update_dwh_daily.py
[2022-12-05T10:37:44.644+0000] {logging_mixin.py:137} INFO - 🤪 [2022-12-05T10:37:44.643+0000] {dag.py:2585} INFO - 🤪 Sync 1 DAGs
[2022-12-05T10:37:44.670+0000] {logging_mixin.py:137} INFO - 🤪 [2022-12-05T10:37:44.670+0000] {dag.py:3336} INFO - 🤪 Setting next_dagrun for update_dwh_daily to 2022-12-03T19:30:00+00:00, run_after=2022-12-04T19:30:00+00:00
[2022-12-05T10:37:44.699+0000] {processor.py:176} INFO - 🤪 Processing /airflow/dags/update_dwh_daily.py took 0.120 seconds
[2022-12-05T10:38:15.002+0000] {processor.py:154} INFO - 🤪 Started process (PID=292) to work on /airflow/dags/update_dwh_daily.py
[2022-12-05T10:38:15.004+0000] {processor.py:756} INFO - 🤪 Processing file /airflow/dags/update_dwh_daily.py for tasks to queue
[2022-12-05T10:38:15.005+0000] {logging_mixin.py:137} INFO - 🤪 [2022-12-05T10:38:15.005+0000] {dagbag.py:537} INFO - 🤪 Filling up the DagBag from /airflow/dags/update_dwh_daily.py
[2022-12-05T10:38:15.031+0000] {processor.py:766} INFO - 🤪 DAG(s) dict_keys(['update_dwh_daily']) retrieved from /airflow/dags/update_dwh_daily.py
[2022-12-05T10:38:15.065+0000] {logging_mixin.py:137} INFO - 🤪 [2022-12-05T10:38:15.064+0000] {dag.py:2585} INFO - 🤪 Sync 1 DAGs
[2022-12-05T10:38:15.100+0000] {logging_mixin.py:137} INFO - 🤪 [2022-12-05T10:38:15.099+0000] {dag.py:3336} INFO - 🤪 Setting next_dagrun for update_dwh_daily to 2022-12-03T19:30:00+00:00, run_after=2022-12-04T19:30:00+00:00
[2022-12-05T10:38:15.126+0000] {processor.py:176} INFO - 🤪 Processing /airflow/dags/update_dwh_daily.py took 0.128 seconds
[2022-12-05T10:38:45.604+0000] {processor.py:154} INFO - 🤪 Started process (PID=295) to work on /airflow/dags/update_dwh_daily.py
[2022-12-05T10:38:45.608+0000] {processor.py:756} INFO - 🤪 Processing file /airflow/dags/update_dwh_daily.py for tasks to queue
[2022-12-05T10:38:45.609+0000] {logging_mixin.py:137} INFO - 🤪 [2022-12-05T10:38:45.609+0000] {dagbag.py:537} INFO - 🤪 Filling up the DagBag from /airflow/dags/update_dwh_daily.py
[2022-12-05T10:38:45.631+0000] {processor.py:766} INFO - 🤪 DAG(s) dict_keys(['update_dwh_daily']) retrieved from /airflow/dags/update_dwh_daily.py
[2022-12-05T10:38:45.659+0000] {logging_mixin.py:137} INFO - 🤪 [2022-12-05T10:38:45.659+0000] {dag.py:2585} INFO - 🤪 Sync 1 DAGs
[2022-12-05T10:38:45.686+0000] {logging_mixin.py:137} INFO - 🤪 [2022-12-05T10:38:45.685+0000] {dag.py:3336} INFO - 🤪 Setting next_dagrun for update_dwh_daily to 2022-12-03T19:30:00+00:00, run_after=2022-12-04T19:30:00+00:00
[2022-12-05T10:38:45.707+0000] {processor.py:176} INFO - 🤪 Processing /airflow/dags/update_dwh_daily.py took 0.106 seconds
[2022-12-05T10:39:16.032+0000] {processor.py:154} INFO - 🤪 Started process (PID=298) to work on /airflow/dags/update_dwh_daily.py
[2022-12-05T10:39:16.034+0000] {processor.py:756} INFO - 🤪 Processing file /airflow/dags/update_dwh_daily.py for tasks to queue
[2022-12-05T10:39:16.036+0000] {logging_mixin.py:137} INFO - 🤪 [2022-12-05T10:39:16.036+0000] {dagbag.py:537} INFO - 🤪 Filling up the DagBag from /airflow/dags/update_dwh_daily.py
[2022-12-05T10:39:16.058+0000] {processor.py:766} INFO - 🤪 DAG(s) dict_keys(['update_dwh_daily']) retrieved from /airflow/dags/update_dwh_daily.py
[2022-12-05T10:39:16.085+0000] {logging_mixin.py:137} INFO - 🤪 [2022-12-05T10:39:16.085+0000] {dag.py:2585} INFO - 🤪 Sync 1 DAGs
[2022-12-05T10:39:16.110+0000] {logging_mixin.py:137} INFO - 🤪 [2022-12-05T10:39:16.109+0000] {dag.py:3336} INFO - 🤪 Setting next_dagrun for update_dwh_daily to 2022-12-03T19:30:00+00:00, run_after=2022-12-04T19:30:00+00:00
[2022-12-05T10:39:16.141+0000] {processor.py:176} INFO - 🤪 Processing /airflow/dags/update_dwh_daily.py took 0.112 seconds
[2022-12-05T10:39:46.530+0000] {processor.py:154} INFO - 🤪 Started process (PID=301) to work on /airflow/dags/update_dwh_daily.py
[2022-12-05T10:39:46.531+0000] {processor.py:756} INFO - 🤪 Processing file /airflow/dags/update_dwh_daily.py for tasks to queue
[2022-12-05T10:39:46.533+0000] {logging_mixin.py:137} INFO - 🤪 [2022-12-05T10:39:46.533+0000] {dagbag.py:537} INFO - 🤪 Filling up the DagBag from /airflow/dags/update_dwh_daily.py
[2022-12-05T10:39:46.554+0000] {processor.py:766} INFO - 🤪 DAG(s) dict_keys(['update_dwh_daily']) retrieved from /airflow/dags/update_dwh_daily.py
[2022-12-05T10:39:46.582+0000] {logging_mixin.py:137} INFO - 🤪 [2022-12-05T10:39:46.582+0000] {dag.py:2585} INFO - 🤪 Sync 1 DAGs
[2022-12-05T10:39:46.609+0000] {logging_mixin.py:137} INFO - 🤪 [2022-12-05T10:39:46.608+0000] {dag.py:3336} INFO - 🤪 Setting next_dagrun for update_dwh_daily to 2022-12-03T19:30:00+00:00, run_after=2022-12-04T19:30:00+00:00
[2022-12-05T10:39:46.635+0000] {processor.py:176} INFO - 🤪 Processing /airflow/dags/update_dwh_daily.py took 0.109 seconds
[2022-12-05T10:40:17.002+0000] {processor.py:154} INFO - 🤪 Started process (PID=304) to work on /airflow/dags/update_dwh_daily.py
[2022-12-05T10:40:17.004+0000] {processor.py:756} INFO - 🤪 Processing file /airflow/dags/update_dwh_daily.py for tasks to queue
[2022-12-05T10:40:17.005+0000] {logging_mixin.py:137} INFO - 🤪 [2022-12-05T10:40:17.005+0000] {dagbag.py:537} INFO - 🤪 Filling up the DagBag from /airflow/dags/update_dwh_daily.py
[2022-12-05T10:40:17.026+0000] {processor.py:766} INFO - 🤪 DAG(s) dict_keys(['update_dwh_daily']) retrieved from /airflow/dags/update_dwh_daily.py
[2022-12-05T10:40:17.055+0000] {logging_mixin.py:137} INFO - 🤪 [2022-12-05T10:40:17.055+0000] {dag.py:2585} INFO - 🤪 Sync 1 DAGs
[2022-12-05T10:40:17.079+0000] {logging_mixin.py:137} INFO - 🤪 [2022-12-05T10:40:17.079+0000] {dag.py:3336} INFO - 🤪 Setting next_dagrun for update_dwh_daily to 2022-12-03T19:30:00+00:00, run_after=2022-12-04T19:30:00+00:00
[2022-12-05T10:40:17.105+0000] {processor.py:176} INFO - 🤪 Processing /airflow/dags/update_dwh_daily.py took 0.107 seconds
[2022-12-05T10:40:47.462+0000] {processor.py:154} INFO - 🤪 Started process (PID=307) to work on /airflow/dags/update_dwh_daily.py
[2022-12-05T10:40:47.464+0000] {processor.py:756} INFO - 🤪 Processing file /airflow/dags/update_dwh_daily.py for tasks to queue
[2022-12-05T10:40:47.465+0000] {logging_mixin.py:137} INFO - 🤪 [2022-12-05T10:40:47.465+0000] {dagbag.py:537} INFO - 🤪 Filling up the DagBag from /airflow/dags/update_dwh_daily.py
[2022-12-05T10:40:47.488+0000] {processor.py:766} INFO - 🤪 DAG(s) dict_keys(['update_dwh_daily']) retrieved from /airflow/dags/update_dwh_daily.py
[2022-12-05T10:40:47.515+0000] {logging_mixin.py:137} INFO - 🤪 [2022-12-05T10:40:47.514+0000] {dag.py:2585} INFO - 🤪 Sync 1 DAGs
[2022-12-05T10:40:47.540+0000] {logging_mixin.py:137} INFO - 🤪 [2022-12-05T10:40:47.539+0000] {dag.py:3336} INFO - 🤪 Setting next_dagrun for update_dwh_daily to 2022-12-03T19:30:00+00:00, run_after=2022-12-04T19:30:00+00:00
[2022-12-05T10:40:47.565+0000] {processor.py:176} INFO - 🤪 Processing /airflow/dags/update_dwh_daily.py took 0.106 seconds
[2022-12-05T10:41:17.933+0000] {processor.py:154} INFO - 🤪 Started process (PID=310) to work on /airflow/dags/update_dwh_daily.py
[2022-12-05T10:41:17.934+0000] {processor.py:756} INFO - 🤪 Processing file /airflow/dags/update_dwh_daily.py for tasks to queue
[2022-12-05T10:41:17.935+0000] {logging_mixin.py:137} INFO - 🤪 [2022-12-05T10:41:17.935+0000] {dagbag.py:537} INFO - 🤪 Filling up the DagBag from /airflow/dags/update_dwh_daily.py
[2022-12-05T10:41:17.957+0000] {processor.py:766} INFO - 🤪 DAG(s) dict_keys(['update_dwh_daily']) retrieved from /airflow/dags/update_dwh_daily.py
[2022-12-05T10:41:17.984+0000] {logging_mixin.py:137} INFO - 🤪 [2022-12-05T10:41:17.984+0000] {dag.py:2585} INFO - 🤪 Sync 1 DAGs
[2022-12-05T10:41:18.010+0000] {logging_mixin.py:137} INFO - 🤪 [2022-12-05T10:41:18.010+0000] {dag.py:3336} INFO - 🤪 Setting next_dagrun for update_dwh_daily to 2022-12-03T19:30:00+00:00, run_after=2022-12-04T19:30:00+00:00
[2022-12-05T10:41:18.036+0000] {processor.py:176} INFO - 🤪 Processing /airflow/dags/update_dwh_daily.py took 0.106 seconds
[2022-12-05T10:41:48.766+0000] {processor.py:154} INFO - 🤪 Started process (PID=313) to work on /airflow/dags/update_dwh_daily.py
[2022-12-05T10:41:48.767+0000] {processor.py:756} INFO - 🤪 Processing file /airflow/dags/update_dwh_daily.py for tasks to queue
[2022-12-05T10:41:48.769+0000] {logging_mixin.py:137} INFO - 🤪 [2022-12-05T10:41:48.768+0000] {dagbag.py:537} INFO - 🤪 Filling up the DagBag from /airflow/dags/update_dwh_daily.py
[2022-12-05T10:41:48.791+0000] {processor.py:766} INFO - 🤪 DAG(s) dict_keys(['update_dwh_daily']) retrieved from /airflow/dags/update_dwh_daily.py
[2022-12-05T10:41:48.819+0000] {logging_mixin.py:137} INFO - 🤪 [2022-12-05T10:41:48.819+0000] {dag.py:2585} INFO - 🤪 Sync 1 DAGs
[2022-12-05T10:41:48.843+0000] {logging_mixin.py:137} INFO - 🤪 [2022-12-05T10:41:48.843+0000] {dag.py:3336} INFO - 🤪 Setting next_dagrun for update_dwh_daily to 2022-12-03T19:30:00+00:00, run_after=2022-12-04T19:30:00+00:00
[2022-12-05T10:41:48.870+0000] {processor.py:176} INFO - 🤪 Processing /airflow/dags/update_dwh_daily.py took 0.107 seconds
[2022-12-05T10:42:19.906+0000] {processor.py:154} INFO - 🤪 Started process (PID=316) to work on /airflow/dags/update_dwh_daily.py
[2022-12-05T10:42:19.908+0000] {processor.py:756} INFO - 🤪 Processing file /airflow/dags/update_dwh_daily.py for tasks to queue
[2022-12-05T10:42:19.909+0000] {logging_mixin.py:137} INFO - 🤪 [2022-12-05T10:42:19.909+0000] {dagbag.py:537} INFO - 🤪 Filling up the DagBag from /airflow/dags/update_dwh_daily.py
[2022-12-05T10:42:19.930+0000] {processor.py:766} INFO - 🤪 DAG(s) dict_keys(['update_dwh_daily']) retrieved from /airflow/dags/update_dwh_daily.py
[2022-12-05T10:42:19.958+0000] {logging_mixin.py:137} INFO - 🤪 [2022-12-05T10:42:19.958+0000] {dag.py:2585} INFO - 🤪 Sync 1 DAGs
[2022-12-05T10:42:19.983+0000] {logging_mixin.py:137} INFO - 🤪 [2022-12-05T10:42:19.983+0000] {dag.py:3336} INFO - 🤪 Setting next_dagrun for update_dwh_daily to 2022-12-03T19:30:00+00:00, run_after=2022-12-04T19:30:00+00:00
[2022-12-05T10:42:20.003+0000] {processor.py:176} INFO - 🤪 Processing /airflow/dags/update_dwh_daily.py took 0.100 seconds
[2022-12-05T10:42:50.332+0000] {processor.py:154} INFO - 🤪 Started process (PID=319) to work on /airflow/dags/update_dwh_daily.py
[2022-12-05T10:42:50.334+0000] {processor.py:756} INFO - 🤪 Processing file /airflow/dags/update_dwh_daily.py for tasks to queue
[2022-12-05T10:42:50.335+0000] {logging_mixin.py:137} INFO - 🤪 [2022-12-05T10:42:50.335+0000] {dagbag.py:537} INFO - 🤪 Filling up the DagBag from /airflow/dags/update_dwh_daily.py
[2022-12-05T10:42:50.361+0000] {processor.py:766} INFO - 🤪 DAG(s) dict_keys(['update_dwh_daily']) retrieved from /airflow/dags/update_dwh_daily.py
[2022-12-05T10:42:50.394+0000] {logging_mixin.py:137} INFO - 🤪 [2022-12-05T10:42:50.394+0000] {dag.py:2585} INFO - 🤪 Sync 1 DAGs
[2022-12-05T10:42:50.422+0000] {logging_mixin.py:137} INFO - 🤪 [2022-12-05T10:42:50.422+0000] {dag.py:3336} INFO - 🤪 Setting next_dagrun for update_dwh_daily to 2022-12-03T19:30:00+00:00, run_after=2022-12-04T19:30:00+00:00
[2022-12-05T10:42:50.454+0000] {processor.py:176} INFO - 🤪 Processing /airflow/dags/update_dwh_daily.py took 0.126 seconds
[2022-12-05T10:43:20.884+0000] {processor.py:154} INFO - 🤪 Started process (PID=322) to work on /airflow/dags/update_dwh_daily.py
[2022-12-05T10:43:20.886+0000] {processor.py:756} INFO - 🤪 Processing file /airflow/dags/update_dwh_daily.py for tasks to queue
[2022-12-05T10:43:20.888+0000] {logging_mixin.py:137} INFO - 🤪 [2022-12-05T10:43:20.887+0000] {dagbag.py:537} INFO - 🤪 Filling up the DagBag from /airflow/dags/update_dwh_daily.py
[2022-12-05T10:43:20.913+0000] {processor.py:766} INFO - 🤪 DAG(s) dict_keys(['update_dwh_daily']) retrieved from /airflow/dags/update_dwh_daily.py
[2022-12-05T10:43:20.941+0000] {logging_mixin.py:137} INFO - 🤪 [2022-12-05T10:43:20.941+0000] {dag.py:2585} INFO - 🤪 Sync 1 DAGs
[2022-12-05T10:43:20.967+0000] {logging_mixin.py:137} INFO - 🤪 [2022-12-05T10:43:20.967+0000] {dag.py:3336} INFO - 🤪 Setting next_dagrun for update_dwh_daily to 2022-12-03T19:30:00+00:00, run_after=2022-12-04T19:30:00+00:00
[2022-12-05T10:43:20.993+0000] {processor.py:176} INFO - 🤪 Processing /airflow/dags/update_dwh_daily.py took 0.113 seconds
[2022-12-05T10:43:51.258+0000] {processor.py:154} INFO - 🤪 Started process (PID=325) to work on /airflow/dags/update_dwh_daily.py
[2022-12-05T10:43:51.260+0000] {processor.py:756} INFO - 🤪 Processing file /airflow/dags/update_dwh_daily.py for tasks to queue
[2022-12-05T10:43:51.261+0000] {logging_mixin.py:137} INFO - 🤪 [2022-12-05T10:43:51.261+0000] {dagbag.py:537} INFO - 🤪 Filling up the DagBag from /airflow/dags/update_dwh_daily.py
[2022-12-05T10:43:51.286+0000] {processor.py:766} INFO - 🤪 DAG(s) dict_keys(['update_dwh_daily']) retrieved from /airflow/dags/update_dwh_daily.py
[2022-12-05T10:43:51.315+0000] {logging_mixin.py:137} INFO - 🤪 [2022-12-05T10:43:51.314+0000] {dag.py:2585} INFO - 🤪 Sync 1 DAGs
[2022-12-05T10:43:51.339+0000] {logging_mixin.py:137} INFO - 🤪 [2022-12-05T10:43:51.338+0000] {dag.py:3336} INFO - 🤪 Setting next_dagrun for update_dwh_daily to 2022-12-03T19:30:00+00:00, run_after=2022-12-04T19:30:00+00:00
[2022-12-05T10:43:51.364+0000] {processor.py:176} INFO - 🤪 Processing /airflow/dags/update_dwh_daily.py took 0.111 seconds
[2022-12-05T10:44:21.777+0000] {processor.py:154} INFO - 🤪 Started process (PID=328) to work on /airflow/dags/update_dwh_daily.py
[2022-12-05T10:44:21.785+0000] {processor.py:756} INFO - 🤪 Processing file /airflow/dags/update_dwh_daily.py for tasks to queue
[2022-12-05T10:44:21.786+0000] {logging_mixin.py:137} INFO - 🤪 [2022-12-05T10:44:21.786+0000] {dagbag.py:537} INFO - 🤪 Filling up the DagBag from /airflow/dags/update_dwh_daily.py
[2022-12-05T10:44:21.811+0000] {processor.py:766} INFO - 🤪 DAG(s) dict_keys(['update_dwh_daily']) retrieved from /airflow/dags/update_dwh_daily.py
[2022-12-05T10:44:21.840+0000] {logging_mixin.py:137} INFO - 🤪 [2022-12-05T10:44:21.839+0000] {dag.py:2585} INFO - 🤪 Sync 1 DAGs
[2022-12-05T10:44:21.864+0000] {logging_mixin.py:137} INFO - 🤪 [2022-12-05T10:44:21.864+0000] {dag.py:3336} INFO - 🤪 Setting next_dagrun for update_dwh_daily to 2022-12-03T19:30:00+00:00, run_after=2022-12-04T19:30:00+00:00
[2022-12-05T10:44:21.885+0000] {processor.py:176} INFO - 🤪 Processing /airflow/dags/update_dwh_daily.py took 0.112 seconds
[2022-12-05T10:44:52.261+0000] {processor.py:154} INFO - 🤪 Started process (PID=331) to work on /airflow/dags/update_dwh_daily.py
[2022-12-05T10:44:52.263+0000] {processor.py:756} INFO - 🤪 Processing file /airflow/dags/update_dwh_daily.py for tasks to queue
[2022-12-05T10:44:52.264+0000] {logging_mixin.py:137} INFO - 🤪 [2022-12-05T10:44:52.264+0000] {dagbag.py:537} INFO - 🤪 Filling up the DagBag from /airflow/dags/update_dwh_daily.py
[2022-12-05T10:44:52.291+0000] {processor.py:766} INFO - 🤪 DAG(s) dict_keys(['update_dwh_daily']) retrieved from /airflow/dags/update_dwh_daily.py
[2022-12-05T10:44:52.319+0000] {logging_mixin.py:137} INFO - 🤪 [2022-12-05T10:44:52.319+0000] {dag.py:2585} INFO - 🤪 Sync 1 DAGs
[2022-12-05T10:44:52.345+0000] {logging_mixin.py:137} INFO - 🤪 [2022-12-05T10:44:52.345+0000] {dag.py:3336} INFO - 🤪 Setting next_dagrun for update_dwh_daily to 2022-12-03T19:30:00+00:00, run_after=2022-12-04T19:30:00+00:00
[2022-12-05T10:44:52.373+0000] {processor.py:176} INFO - 🤪 Processing /airflow/dags/update_dwh_daily.py took 0.116 seconds
[2022-12-05T10:45:22.733+0000] {processor.py:154} INFO - 🤪 Started process (PID=334) to work on /airflow/dags/update_dwh_daily.py
[2022-12-05T10:45:22.735+0000] {processor.py:756} INFO - 🤪 Processing file /airflow/dags/update_dwh_daily.py for tasks to queue
[2022-12-05T10:45:22.737+0000] {logging_mixin.py:137} INFO - 🤪 [2022-12-05T10:45:22.737+0000] {dagbag.py:537} INFO - 🤪 Filling up the DagBag from /airflow/dags/update_dwh_daily.py
[2022-12-05T10:45:22.767+0000] {processor.py:766} INFO - 🤪 DAG(s) dict_keys(['update_dwh_daily']) retrieved from /airflow/dags/update_dwh_daily.py
[2022-12-05T10:45:22.795+0000] {logging_mixin.py:137} INFO - 🤪 [2022-12-05T10:45:22.795+0000] {dag.py:2585} INFO - 🤪 Sync 1 DAGs
[2022-12-05T10:45:22.820+0000] {logging_mixin.py:137} INFO - 🤪 [2022-12-05T10:45:22.820+0000] {dag.py:3336} INFO - 🤪 Setting next_dagrun for update_dwh_daily to 2022-12-03T19:30:00+00:00, run_after=2022-12-04T19:30:00+00:00
[2022-12-05T10:45:22.845+0000] {processor.py:176} INFO - 🤪 Processing /airflow/dags/update_dwh_daily.py took 0.118 seconds
[2022-12-05T10:45:53.206+0000] {processor.py:154} INFO - 🤪 Started process (PID=337) to work on /airflow/dags/update_dwh_daily.py
[2022-12-05T10:45:53.208+0000] {processor.py:756} INFO - 🤪 Processing file /airflow/dags/update_dwh_daily.py for tasks to queue
[2022-12-05T10:45:53.210+0000] {logging_mixin.py:137} INFO - 🤪 [2022-12-05T10:45:53.210+0000] {dagbag.py:537} INFO - 🤪 Filling up the DagBag from /airflow/dags/update_dwh_daily.py
[2022-12-05T10:45:53.234+0000] {processor.py:766} INFO - 🤪 DAG(s) dict_keys(['update_dwh_daily']) retrieved from /airflow/dags/update_dwh_daily.py
[2022-12-05T10:45:53.262+0000] {logging_mixin.py:137} INFO - 🤪 [2022-12-05T10:45:53.262+0000] {dag.py:2585} INFO - 🤪 Sync 1 DAGs
[2022-12-05T10:45:53.286+0000] {logging_mixin.py:137} INFO - 🤪 [2022-12-05T10:45:53.286+0000] {dag.py:3336} INFO - 🤪 Setting next_dagrun for update_dwh_daily to 2022-12-03T19:30:00+00:00, run_after=2022-12-04T19:30:00+00:00
[2022-12-05T10:45:53.311+0000] {processor.py:176} INFO - 🤪 Processing /airflow/dags/update_dwh_daily.py took 0.110 seconds
[2022-12-05T10:46:23.694+0000] {processor.py:154} INFO - 🤪 Started process (PID=340) to work on /airflow/dags/update_dwh_daily.py
[2022-12-05T10:46:23.696+0000] {processor.py:756} INFO - 🤪 Processing file /airflow/dags/update_dwh_daily.py for tasks to queue
[2022-12-05T10:46:23.698+0000] {logging_mixin.py:137} INFO - 🤪 [2022-12-05T10:46:23.698+0000] {dagbag.py:537} INFO - 🤪 Filling up the DagBag from /airflow/dags/update_dwh_daily.py
[2022-12-05T10:46:23.727+0000] {processor.py:766} INFO - 🤪 DAG(s) dict_keys(['update_dwh_daily']) retrieved from /airflow/dags/update_dwh_daily.py
[2022-12-05T10:46:23.762+0000] {logging_mixin.py:137} INFO - 🤪 [2022-12-05T10:46:23.761+0000] {dag.py:2585} INFO - 🤪 Sync 1 DAGs
[2022-12-05T10:46:23.797+0000] {logging_mixin.py:137} INFO - 🤪 [2022-12-05T10:46:23.797+0000] {dag.py:3336} INFO - 🤪 Setting next_dagrun for update_dwh_daily to 2022-12-03T19:30:00+00:00, run_after=2022-12-04T19:30:00+00:00
[2022-12-05T10:46:23.828+0000] {processor.py:176} INFO - 🤪 Processing /airflow/dags/update_dwh_daily.py took 0.138 seconds
[2022-12-05T10:46:54.270+0000] {processor.py:154} INFO - 🤪 Started process (PID=343) to work on /airflow/dags/update_dwh_daily.py
[2022-12-05T10:46:54.272+0000] {processor.py:756} INFO - 🤪 Processing file /airflow/dags/update_dwh_daily.py for tasks to queue
[2022-12-05T10:46:54.273+0000] {logging_mixin.py:137} INFO - 🤪 [2022-12-05T10:46:54.273+0000] {dagbag.py:537} INFO - 🤪 Filling up the DagBag from /airflow/dags/update_dwh_daily.py
[2022-12-05T10:46:54.295+0000] {processor.py:766} INFO - 🤪 DAG(s) dict_keys(['update_dwh_daily']) retrieved from /airflow/dags/update_dwh_daily.py
[2022-12-05T10:46:54.322+0000] {logging_mixin.py:137} INFO - 🤪 [2022-12-05T10:46:54.321+0000] {dag.py:2585} INFO - 🤪 Sync 1 DAGs
[2022-12-05T10:46:54.346+0000] {logging_mixin.py:137} INFO - 🤪 [2022-12-05T10:46:54.346+0000] {dag.py:3336} INFO - 🤪 Setting next_dagrun for update_dwh_daily to 2022-12-03T19:30:00+00:00, run_after=2022-12-04T19:30:00+00:00
[2022-12-05T10:46:54.372+0000] {processor.py:176} INFO - 🤪 Processing /airflow/dags/update_dwh_daily.py took 0.106 seconds
[2022-12-05T10:47:24.741+0000] {processor.py:154} INFO - 🤪 Started process (PID=346) to work on /airflow/dags/update_dwh_daily.py
[2022-12-05T10:47:24.743+0000] {processor.py:756} INFO - 🤪 Processing file /airflow/dags/update_dwh_daily.py for tasks to queue
[2022-12-05T10:47:24.744+0000] {logging_mixin.py:137} INFO - 🤪 [2022-12-05T10:47:24.744+0000] {dagbag.py:537} INFO - 🤪 Filling up the DagBag from /airflow/dags/update_dwh_daily.py
[2022-12-05T10:47:24.765+0000] {processor.py:766} INFO - 🤪 DAG(s) dict_keys(['update_dwh_daily']) retrieved from /airflow/dags/update_dwh_daily.py
[2022-12-05T10:47:24.793+0000] {logging_mixin.py:137} INFO - 🤪 [2022-12-05T10:47:24.792+0000] {dag.py:2585} INFO - 🤪 Sync 1 DAGs
[2022-12-05T10:47:24.817+0000] {logging_mixin.py:137} INFO - 🤪 [2022-12-05T10:47:24.816+0000] {dag.py:3336} INFO - 🤪 Setting next_dagrun for update_dwh_daily to 2022-12-03T19:30:00+00:00, run_after=2022-12-04T19:30:00+00:00
[2022-12-05T10:47:24.842+0000] {processor.py:176} INFO - 🤪 Processing /airflow/dags/update_dwh_daily.py took 0.104 seconds
[2022-12-05T10:47:55.173+0000] {processor.py:154} INFO - 🤪 Started process (PID=349) to work on /airflow/dags/update_dwh_daily.py
[2022-12-05T10:47:55.175+0000] {processor.py:756} INFO - 🤪 Processing file /airflow/dags/update_dwh_daily.py for tasks to queue
[2022-12-05T10:47:55.176+0000] {logging_mixin.py:137} INFO - 🤪 [2022-12-05T10:47:55.176+0000] {dagbag.py:537} INFO - 🤪 Filling up the DagBag from /airflow/dags/update_dwh_daily.py
[2022-12-05T10:47:55.202+0000] {processor.py:766} INFO - 🤪 DAG(s) dict_keys(['update_dwh_daily']) retrieved from /airflow/dags/update_dwh_daily.py
[2022-12-05T10:47:55.233+0000] {logging_mixin.py:137} INFO - 🤪 [2022-12-05T10:47:55.233+0000] {dag.py:2585} INFO - 🤪 Sync 1 DAGs
[2022-12-05T10:47:55.261+0000] {logging_mixin.py:137} INFO - 🤪 [2022-12-05T10:47:55.261+0000] {dag.py:3336} INFO - 🤪 Setting next_dagrun for update_dwh_daily to 2022-12-03T19:30:00+00:00, run_after=2022-12-04T19:30:00+00:00
[2022-12-05T10:47:55.289+0000] {processor.py:176} INFO - 🤪 Processing /airflow/dags/update_dwh_daily.py took 0.120 seconds
[2022-12-05T10:48:25.743+0000] {processor.py:154} INFO - 🤪 Started process (PID=352) to work on /airflow/dags/update_dwh_daily.py
[2022-12-05T10:48:25.745+0000] {processor.py:756} INFO - 🤪 Processing file /airflow/dags/update_dwh_daily.py for tasks to queue
[2022-12-05T10:48:25.747+0000] {logging_mixin.py:137} INFO - 🤪 [2022-12-05T10:48:25.747+0000] {dagbag.py:537} INFO - 🤪 Filling up the DagBag from /airflow/dags/update_dwh_daily.py
[2022-12-05T10:48:25.773+0000] {processor.py:766} INFO - 🤪 DAG(s) dict_keys(['update_dwh_daily']) retrieved from /airflow/dags/update_dwh_daily.py
[2022-12-05T10:48:25.804+0000] {logging_mixin.py:137} INFO - 🤪 [2022-12-05T10:48:25.804+0000] {dag.py:2585} INFO - 🤪 Sync 1 DAGs
[2022-12-05T10:48:25.831+0000] {logging_mixin.py:137} INFO - 🤪 [2022-12-05T10:48:25.831+0000] {dag.py:3336} INFO - 🤪 Setting next_dagrun for update_dwh_daily to 2022-12-03T19:30:00+00:00, run_after=2022-12-04T19:30:00+00:00
[2022-12-05T10:48:25.856+0000] {processor.py:176} INFO - 🤪 Processing /airflow/dags/update_dwh_daily.py took 0.117 seconds
[2022-12-05T10:48:56.211+0000] {processor.py:154} INFO - 🤪 Started process (PID=355) to work on /airflow/dags/update_dwh_daily.py
[2022-12-05T10:48:56.214+0000] {processor.py:756} INFO - 🤪 Processing file /airflow/dags/update_dwh_daily.py for tasks to queue
[2022-12-05T10:48:56.216+0000] {logging_mixin.py:137} INFO - 🤪 [2022-12-05T10:48:56.216+0000] {dagbag.py:537} INFO - 🤪 Filling up the DagBag from /airflow/dags/update_dwh_daily.py
[2022-12-05T10:48:56.244+0000] {processor.py:766} INFO - 🤪 DAG(s) dict_keys(['update_dwh_daily']) retrieved from /airflow/dags/update_dwh_daily.py
[2022-12-05T10:48:56.276+0000] {logging_mixin.py:137} INFO - 🤪 [2022-12-05T10:48:56.276+0000] {dag.py:2585} INFO - 🤪 Sync 1 DAGs
[2022-12-05T10:48:56.303+0000] {logging_mixin.py:137} INFO - 🤪 [2022-12-05T10:48:56.303+0000] {dag.py:3336} INFO - 🤪 Setting next_dagrun for update_dwh_daily to 2022-12-03T19:30:00+00:00, run_after=2022-12-04T19:30:00+00:00
[2022-12-05T10:48:56.326+0000] {processor.py:176} INFO - 🤪 Processing /airflow/dags/update_dwh_daily.py took 0.118 seconds
[2022-12-05T10:49:26.715+0000] {processor.py:154} INFO - 🤪 Started process (PID=358) to work on /airflow/dags/update_dwh_daily.py
[2022-12-05T10:49:26.723+0000] {processor.py:756} INFO - 🤪 Processing file /airflow/dags/update_dwh_daily.py for tasks to queue
[2022-12-05T10:49:26.725+0000] {logging_mixin.py:137} INFO - 🤪 [2022-12-05T10:49:26.725+0000] {dagbag.py:537} INFO - 🤪 Filling up the DagBag from /airflow/dags/update_dwh_daily.py
[2022-12-05T10:49:26.751+0000] {processor.py:766} INFO - 🤪 DAG(s) dict_keys(['update_dwh_daily']) retrieved from /airflow/dags/update_dwh_daily.py
[2022-12-05T10:49:26.778+0000] {logging_mixin.py:137} INFO - 🤪 [2022-12-05T10:49:26.778+0000] {dag.py:2585} INFO - 🤪 Sync 1 DAGs
[2022-12-05T10:49:26.802+0000] {logging_mixin.py:137} INFO - 🤪 [2022-12-05T10:49:26.802+0000] {dag.py:3336} INFO - 🤪 Setting next_dagrun for update_dwh_daily to 2022-12-03T19:30:00+00:00, run_after=2022-12-04T19:30:00+00:00
[2022-12-05T10:49:26.822+0000] {processor.py:176} INFO - 🤪 Processing /airflow/dags/update_dwh_daily.py took 0.114 seconds
[2022-12-05T10:49:57.207+0000] {processor.py:154} INFO - 🤪 Started process (PID=361) to work on /airflow/dags/update_dwh_daily.py
[2022-12-05T10:49:57.209+0000] {processor.py:756} INFO - 🤪 Processing file /airflow/dags/update_dwh_daily.py for tasks to queue
[2022-12-05T10:49:57.210+0000] {logging_mixin.py:137} INFO - 🤪 [2022-12-05T10:49:57.210+0000] {dagbag.py:537} INFO - 🤪 Filling up the DagBag from /airflow/dags/update_dwh_daily.py
[2022-12-05T10:49:57.235+0000] {processor.py:766} INFO - 🤪 DAG(s) dict_keys(['update_dwh_daily']) retrieved from /airflow/dags/update_dwh_daily.py
[2022-12-05T10:49:57.262+0000] {logging_mixin.py:137} INFO - 🤪 [2022-12-05T10:49:57.262+0000] {dag.py:2585} INFO - 🤪 Sync 1 DAGs
[2022-12-05T10:49:57.288+0000] {logging_mixin.py:137} INFO - 🤪 [2022-12-05T10:49:57.287+0000] {dag.py:3336} INFO - 🤪 Setting next_dagrun for update_dwh_daily to 2022-12-03T19:30:00+00:00, run_after=2022-12-04T19:30:00+00:00
[2022-12-05T10:49:57.313+0000] {processor.py:176} INFO - 🤪 Processing /airflow/dags/update_dwh_daily.py took 0.110 seconds
[2022-12-05T10:50:27.671+0000] {processor.py:154} INFO - 🤪 Started process (PID=364) to work on /airflow/dags/update_dwh_daily.py
[2022-12-05T10:50:27.673+0000] {processor.py:756} INFO - 🤪 Processing file /airflow/dags/update_dwh_daily.py for tasks to queue
[2022-12-05T10:50:27.674+0000] {logging_mixin.py:137} INFO - 🤪 [2022-12-05T10:50:27.674+0000] {dagbag.py:537} INFO - 🤪 Filling up the DagBag from /airflow/dags/update_dwh_daily.py
[2022-12-05T10:50:27.699+0000] {processor.py:766} INFO - 🤪 DAG(s) dict_keys(['update_dwh_daily']) retrieved from /airflow/dags/update_dwh_daily.py
[2022-12-05T10:50:27.727+0000] {logging_mixin.py:137} INFO - 🤪 [2022-12-05T10:50:27.727+0000] {dag.py:2585} INFO - 🤪 Sync 1 DAGs
[2022-12-05T10:50:27.751+0000] {logging_mixin.py:137} INFO - 🤪 [2022-12-05T10:50:27.751+0000] {dag.py:3336} INFO - 🤪 Setting next_dagrun for update_dwh_daily to 2022-12-03T19:30:00+00:00, run_after=2022-12-04T19:30:00+00:00
[2022-12-05T10:50:27.777+0000] {processor.py:176} INFO - 🤪 Processing /airflow/dags/update_dwh_daily.py took 0.110 seconds
[2022-12-05T10:50:58.247+0000] {processor.py:154} INFO - 🤪 Started process (PID=367) to work on /airflow/dags/update_dwh_daily.py
[2022-12-05T10:50:58.249+0000] {processor.py:756} INFO - 🤪 Processing file /airflow/dags/update_dwh_daily.py for tasks to queue
[2022-12-05T10:50:58.250+0000] {logging_mixin.py:137} INFO - 🤪 [2022-12-05T10:50:58.250+0000] {dagbag.py:537} INFO - 🤪 Filling up the DagBag from /airflow/dags/update_dwh_daily.py
[2022-12-05T10:50:58.274+0000] {processor.py:766} INFO - 🤪 DAG(s) dict_keys(['update_dwh_daily']) retrieved from /airflow/dags/update_dwh_daily.py
[2022-12-05T10:50:58.300+0000] {logging_mixin.py:137} INFO - 🤪 [2022-12-05T10:50:58.300+0000] {dag.py:2585} INFO - 🤪 Sync 1 DAGs
[2022-12-05T10:50:58.324+0000] {logging_mixin.py:137} INFO - 🤪 [2022-12-05T10:50:58.324+0000] {dag.py:3336} INFO - 🤪 Setting next_dagrun for update_dwh_daily to 2022-12-03T19:30:00+00:00, run_after=2022-12-04T19:30:00+00:00
[2022-12-05T10:50:58.350+0000] {processor.py:176} INFO - 🤪 Processing /airflow/dags/update_dwh_daily.py took 0.106 seconds
[2022-12-05T10:51:28.716+0000] {processor.py:154} INFO - 🤪 Started process (PID=370) to work on /airflow/dags/update_dwh_daily.py
[2022-12-05T10:51:28.718+0000] {processor.py:756} INFO - 🤪 Processing file /airflow/dags/update_dwh_daily.py for tasks to queue
[2022-12-05T10:51:28.720+0000] {logging_mixin.py:137} INFO - 🤪 [2022-12-05T10:51:28.720+0000] {dagbag.py:537} INFO - 🤪 Filling up the DagBag from /airflow/dags/update_dwh_daily.py
[2022-12-05T10:51:28.750+0000] {processor.py:766} INFO - 🤪 DAG(s) dict_keys(['update_dwh_daily']) retrieved from /airflow/dags/update_dwh_daily.py
[2022-12-05T10:51:28.782+0000] {logging_mixin.py:137} INFO - 🤪 [2022-12-05T10:51:28.781+0000] {dag.py:2585} INFO - 🤪 Sync 1 DAGs
[2022-12-05T10:51:28.811+0000] {logging_mixin.py:137} INFO - 🤪 [2022-12-05T10:51:28.811+0000] {dag.py:3336} INFO - 🤪 Setting next_dagrun for update_dwh_daily to 2022-12-03T19:30:00+00:00, run_after=2022-12-04T19:30:00+00:00
[2022-12-05T10:51:28.841+0000] {processor.py:176} INFO - 🤪 Processing /airflow/dags/update_dwh_daily.py took 0.129 seconds
[2022-12-05T10:51:59.178+0000] {processor.py:154} INFO - 🤪 Started process (PID=373) to work on /airflow/dags/update_dwh_daily.py
[2022-12-05T10:51:59.179+0000] {processor.py:756} INFO - 🤪 Processing file /airflow/dags/update_dwh_daily.py for tasks to queue
[2022-12-05T10:51:59.181+0000] {logging_mixin.py:137} INFO - 🤪 [2022-12-05T10:51:59.181+0000] {dagbag.py:537} INFO - 🤪 Filling up the DagBag from /airflow/dags/update_dwh_daily.py
[2022-12-05T10:51:59.205+0000] {processor.py:766} INFO - 🤪 DAG(s) dict_keys(['update_dwh_daily']) retrieved from /airflow/dags/update_dwh_daily.py
[2022-12-05T10:51:59.233+0000] {logging_mixin.py:137} INFO - 🤪 [2022-12-05T10:51:59.232+0000] {dag.py:2585} INFO - 🤪 Sync 1 DAGs
[2022-12-05T10:51:59.260+0000] {logging_mixin.py:137} INFO - 🤪 [2022-12-05T10:51:59.260+0000] {dag.py:3336} INFO - 🤪 Setting next_dagrun for update_dwh_daily to 2022-12-03T19:30:00+00:00, run_after=2022-12-04T19:30:00+00:00
[2022-12-05T10:51:59.279+0000] {processor.py:176} INFO - 🤪 Processing /airflow/dags/update_dwh_daily.py took 0.105 seconds
[2022-12-05T10:52:29.659+0000] {processor.py:154} INFO - 🤪 Started process (PID=376) to work on /airflow/dags/update_dwh_daily.py
[2022-12-05T10:52:29.662+0000] {processor.py:756} INFO - 🤪 Processing file /airflow/dags/update_dwh_daily.py for tasks to queue
[2022-12-05T10:52:29.664+0000] {logging_mixin.py:137} INFO - 🤪 [2022-12-05T10:52:29.663+0000] {dagbag.py:537} INFO - 🤪 Filling up the DagBag from /airflow/dags/update_dwh_daily.py
[2022-12-05T10:52:29.686+0000] {processor.py:766} INFO - 🤪 DAG(s) dict_keys(['update_dwh_daily']) retrieved from /airflow/dags/update_dwh_daily.py
[2022-12-05T10:52:29.713+0000] {logging_mixin.py:137} INFO - 🤪 [2022-12-05T10:52:29.713+0000] {dag.py:2585} INFO - 🤪 Sync 1 DAGs
[2022-12-05T10:52:29.737+0000] {logging_mixin.py:137} INFO - 🤪 [2022-12-05T10:52:29.736+0000] {dag.py:3336} INFO - 🤪 Setting next_dagrun for update_dwh_daily to 2022-12-03T19:30:00+00:00, run_after=2022-12-04T19:30:00+00:00
[2022-12-05T10:52:29.757+0000] {processor.py:176} INFO - 🤪 Processing /airflow/dags/update_dwh_daily.py took 0.101 seconds
[2022-12-05T10:53:00.114+0000] {processor.py:154} INFO - 🤪 Started process (PID=379) to work on /airflow/dags/update_dwh_daily.py
[2022-12-05T10:53:00.115+0000] {processor.py:756} INFO - 🤪 Processing file /airflow/dags/update_dwh_daily.py for tasks to queue
[2022-12-05T10:53:00.116+0000] {logging_mixin.py:137} INFO - 🤪 [2022-12-05T10:53:00.116+0000] {dagbag.py:537} INFO - 🤪 Filling up the DagBag from /airflow/dags/update_dwh_daily.py
[2022-12-05T10:53:00.137+0000] {processor.py:766} INFO - 🤪 DAG(s) dict_keys(['update_dwh_daily']) retrieved from /airflow/dags/update_dwh_daily.py
[2022-12-05T10:53:00.171+0000] {logging_mixin.py:137} INFO - 🤪 [2022-12-05T10:53:00.171+0000] {dag.py:2585} INFO - 🤪 Sync 1 DAGs
[2022-12-05T10:53:00.198+0000] {logging_mixin.py:137} INFO - 🤪 [2022-12-05T10:53:00.197+0000] {dag.py:3336} INFO - 🤪 Setting next_dagrun for update_dwh_daily to 2022-12-03T19:30:00+00:00, run_after=2022-12-04T19:30:00+00:00
[2022-12-05T10:53:00.226+0000] {processor.py:176} INFO - 🤪 Processing /airflow/dags/update_dwh_daily.py took 0.116 seconds
[2022-12-05T10:53:30.585+0000] {processor.py:154} INFO - 🤪 Started process (PID=382) to work on /airflow/dags/update_dwh_daily.py
[2022-12-05T10:53:30.587+0000] {processor.py:756} INFO - 🤪 Processing file /airflow/dags/update_dwh_daily.py for tasks to queue
[2022-12-05T10:53:30.588+0000] {logging_mixin.py:137} INFO - 🤪 [2022-12-05T10:53:30.588+0000] {dagbag.py:537} INFO - 🤪 Filling up the DagBag from /airflow/dags/update_dwh_daily.py
[2022-12-05T10:53:30.609+0000] {processor.py:766} INFO - 🤪 DAG(s) dict_keys(['update_dwh_daily']) retrieved from /airflow/dags/update_dwh_daily.py
[2022-12-05T10:53:30.635+0000] {logging_mixin.py:137} INFO - 🤪 [2022-12-05T10:53:30.634+0000] {dag.py:2585} INFO - 🤪 Sync 1 DAGs
[2022-12-05T10:53:30.659+0000] {logging_mixin.py:137} INFO - 🤪 [2022-12-05T10:53:30.658+0000] {dag.py:3336} INFO - 🤪 Setting next_dagrun for update_dwh_daily to 2022-12-03T19:30:00+00:00, run_after=2022-12-04T19:30:00+00:00
[2022-12-05T10:53:30.685+0000] {processor.py:176} INFO - 🤪 Processing /airflow/dags/update_dwh_daily.py took 0.103 seconds
[2022-12-05T10:54:01.067+0000] {processor.py:154} INFO - 🤪 Started process (PID=385) to work on /airflow/dags/update_dwh_daily.py
[2022-12-05T10:54:01.069+0000] {processor.py:756} INFO - 🤪 Processing file /airflow/dags/update_dwh_daily.py for tasks to queue
[2022-12-05T10:54:01.070+0000] {logging_mixin.py:137} INFO - 🤪 [2022-12-05T10:54:01.070+0000] {dagbag.py:537} INFO - 🤪 Filling up the DagBag from /airflow/dags/update_dwh_daily.py
[2022-12-05T10:54:01.092+0000] {processor.py:766} INFO - 🤪 DAG(s) dict_keys(['update_dwh_daily']) retrieved from /airflow/dags/update_dwh_daily.py
[2022-12-05T10:54:01.119+0000] {logging_mixin.py:137} INFO - 🤪 [2022-12-05T10:54:01.119+0000] {dag.py:2585} INFO - 🤪 Sync 1 DAGs
[2022-12-05T10:54:01.143+0000] {logging_mixin.py:137} INFO - 🤪 [2022-12-05T10:54:01.143+0000] {dag.py:3336} INFO - 🤪 Setting next_dagrun for update_dwh_daily to 2022-12-03T19:30:00+00:00, run_after=2022-12-04T19:30:00+00:00
[2022-12-05T10:54:01.170+0000] {processor.py:176} INFO - 🤪 Processing /airflow/dags/update_dwh_daily.py took 0.106 seconds
[2022-12-05T10:54:31.531+0000] {processor.py:154} INFO - 🤪 Started process (PID=388) to work on /airflow/dags/update_dwh_daily.py
[2022-12-05T10:54:31.532+0000] {processor.py:756} INFO - 🤪 Processing file /airflow/dags/update_dwh_daily.py for tasks to queue
[2022-12-05T10:54:31.534+0000] {logging_mixin.py:137} INFO - 🤪 [2022-12-05T10:54:31.534+0000] {dagbag.py:537} INFO - 🤪 Filling up the DagBag from /airflow/dags/update_dwh_daily.py
[2022-12-05T10:54:31.557+0000] {processor.py:766} INFO - 🤪 DAG(s) dict_keys(['update_dwh_daily']) retrieved from /airflow/dags/update_dwh_daily.py
[2022-12-05T10:54:31.584+0000] {logging_mixin.py:137} INFO - 🤪 [2022-12-05T10:54:31.584+0000] {dag.py:2585} INFO - 🤪 Sync 1 DAGs
[2022-12-05T10:54:31.609+0000] {logging_mixin.py:137} INFO - 🤪 [2022-12-05T10:54:31.609+0000] {dag.py:3336} INFO - 🤪 Setting next_dagrun for update_dwh_daily to 2022-12-03T19:30:00+00:00, run_after=2022-12-04T19:30:00+00:00
[2022-12-05T10:54:31.629+0000] {processor.py:176} INFO - 🤪 Processing /airflow/dags/update_dwh_daily.py took 0.101 seconds
[2022-12-05T10:55:02.015+0000] {processor.py:154} INFO - 🤪 Started process (PID=391) to work on /airflow/dags/update_dwh_daily.py
[2022-12-05T10:55:02.022+0000] {processor.py:756} INFO - 🤪 Processing file /airflow/dags/update_dwh_daily.py for tasks to queue
[2022-12-05T10:55:02.023+0000] {logging_mixin.py:137} INFO - 🤪 [2022-12-05T10:55:02.023+0000] {dagbag.py:537} INFO - 🤪 Filling up the DagBag from /airflow/dags/update_dwh_daily.py
[2022-12-05T10:55:02.045+0000] {processor.py:766} INFO - 🤪 DAG(s) dict_keys(['update_dwh_daily']) retrieved from /airflow/dags/update_dwh_daily.py
[2022-12-05T10:55:02.071+0000] {logging_mixin.py:137} INFO - 🤪 [2022-12-05T10:55:02.071+0000] {dag.py:2585} INFO - 🤪 Sync 1 DAGs
[2022-12-05T10:55:02.096+0000] {logging_mixin.py:137} INFO - 🤪 [2022-12-05T10:55:02.096+0000] {dag.py:3336} INFO - 🤪 Setting next_dagrun for update_dwh_daily to 2022-12-03T19:30:00+00:00, run_after=2022-12-04T19:30:00+00:00
[2022-12-05T10:55:02.116+0000] {processor.py:176} INFO - 🤪 Processing /airflow/dags/update_dwh_daily.py took 0.104 seconds
[2022-12-05T10:55:32.497+0000] {processor.py:154} INFO - 🤪 Started process (PID=394) to work on /airflow/dags/update_dwh_daily.py
[2022-12-05T10:55:32.499+0000] {processor.py:756} INFO - 🤪 Processing file /airflow/dags/update_dwh_daily.py for tasks to queue
[2022-12-05T10:55:32.500+0000] {logging_mixin.py:137} INFO - 🤪 [2022-12-05T10:55:32.500+0000] {dagbag.py:537} INFO - 🤪 Filling up the DagBag from /airflow/dags/update_dwh_daily.py
[2022-12-05T10:55:32.521+0000] {processor.py:766} INFO - 🤪 DAG(s) dict_keys(['update_dwh_daily']) retrieved from /airflow/dags/update_dwh_daily.py
[2022-12-05T10:55:32.549+0000] {logging_mixin.py:137} INFO - 🤪 [2022-12-05T10:55:32.549+0000] {dag.py:2585} INFO - 🤪 Sync 1 DAGs
[2022-12-05T10:55:32.573+0000] {logging_mixin.py:137} INFO - 🤪 [2022-12-05T10:55:32.573+0000] {dag.py:3336} INFO - 🤪 Setting next_dagrun for update_dwh_daily to 2022-12-03T19:30:00+00:00, run_after=2022-12-04T19:30:00+00:00
[2022-12-05T10:55:32.599+0000] {processor.py:176} INFO - 🤪 Processing /airflow/dags/update_dwh_daily.py took 0.105 seconds
[2022-12-05T10:56:02.915+0000] {processor.py:154} INFO - 🤪 Started process (PID=397) to work on /airflow/dags/update_dwh_daily.py
[2022-12-05T10:56:02.917+0000] {processor.py:756} INFO - 🤪 Processing file /airflow/dags/update_dwh_daily.py for tasks to queue
[2022-12-05T10:56:02.919+0000] {logging_mixin.py:137} INFO - 🤪 [2022-12-05T10:56:02.919+0000] {dagbag.py:537} INFO - 🤪 Filling up the DagBag from /airflow/dags/update_dwh_daily.py
[2022-12-05T10:56:02.943+0000] {processor.py:766} INFO - 🤪 DAG(s) dict_keys(['update_dwh_daily']) retrieved from /airflow/dags/update_dwh_daily.py
[2022-12-05T10:56:02.973+0000] {logging_mixin.py:137} INFO - 🤪 [2022-12-05T10:56:02.972+0000] {dag.py:2585} INFO - 🤪 Sync 1 DAGs
[2022-12-05T10:56:02.996+0000] {logging_mixin.py:137} INFO - 🤪 [2022-12-05T10:56:02.996+0000] {dag.py:3336} INFO - 🤪 Setting next_dagrun for update_dwh_daily to 2022-12-03T19:30:00+00:00, run_after=2022-12-04T19:30:00+00:00
[2022-12-05T10:56:03.021+0000] {processor.py:176} INFO - 🤪 Processing /airflow/dags/update_dwh_daily.py took 0.110 seconds
[2022-12-05T10:56:33.462+0000] {processor.py:154} INFO - 🤪 Started process (PID=400) to work on /airflow/dags/update_dwh_daily.py
[2022-12-05T10:56:33.464+0000] {processor.py:756} INFO - 🤪 Processing file /airflow/dags/update_dwh_daily.py for tasks to queue
[2022-12-05T10:56:33.466+0000] {logging_mixin.py:137} INFO - 🤪 [2022-12-05T10:56:33.466+0000] {dagbag.py:537} INFO - 🤪 Filling up the DagBag from /airflow/dags/update_dwh_daily.py
[2022-12-05T10:56:33.492+0000] {processor.py:766} INFO - 🤪 DAG(s) dict_keys(['update_dwh_daily']) retrieved from /airflow/dags/update_dwh_daily.py
[2022-12-05T10:56:33.525+0000] {logging_mixin.py:137} INFO - 🤪 [2022-12-05T10:56:33.525+0000] {dag.py:2585} INFO - 🤪 Sync 1 DAGs
[2022-12-05T10:56:33.552+0000] {logging_mixin.py:137} INFO - 🤪 [2022-12-05T10:56:33.552+0000] {dag.py:3336} INFO - 🤪 Setting next_dagrun for update_dwh_daily to 2022-12-03T19:30:00+00:00, run_after=2022-12-04T19:30:00+00:00
[2022-12-05T10:56:33.578+0000] {processor.py:176} INFO - 🤪 Processing /airflow/dags/update_dwh_daily.py took 0.123 seconds
[2022-12-05T10:57:03.889+0000] {processor.py:154} INFO - 🤪 Started process (PID=403) to work on /airflow/dags/update_dwh_daily.py
[2022-12-05T10:57:03.891+0000] {processor.py:756} INFO - 🤪 Processing file /airflow/dags/update_dwh_daily.py for tasks to queue
[2022-12-05T10:57:03.892+0000] {logging_mixin.py:137} INFO - 🤪 [2022-12-05T10:57:03.892+0000] {dagbag.py:537} INFO - 🤪 Filling up the DagBag from /airflow/dags/update_dwh_daily.py
[2022-12-05T10:57:03.918+0000] {processor.py:766} INFO - 🤪 DAG(s) dict_keys(['update_dwh_daily']) retrieved from /airflow/dags/update_dwh_daily.py
[2022-12-05T10:57:03.945+0000] {logging_mixin.py:137} INFO - 🤪 [2022-12-05T10:57:03.945+0000] {dag.py:2585} INFO - 🤪 Sync 1 DAGs
[2022-12-05T10:57:03.972+0000] {logging_mixin.py:137} INFO - 🤪 [2022-12-05T10:57:03.972+0000] {dag.py:3336} INFO - 🤪 Setting next_dagrun for update_dwh_daily to 2022-12-03T19:30:00+00:00, run_after=2022-12-04T19:30:00+00:00
[2022-12-05T10:57:04.001+0000] {processor.py:176} INFO - 🤪 Processing /airflow/dags/update_dwh_daily.py took 0.116 seconds
[2022-12-05T10:57:34.385+0000] {processor.py:154} INFO - 🤪 Started process (PID=406) to work on /airflow/dags/update_dwh_daily.py
[2022-12-05T10:57:34.387+0000] {processor.py:756} INFO - 🤪 Processing file /airflow/dags/update_dwh_daily.py for tasks to queue
[2022-12-05T10:57:34.389+0000] {logging_mixin.py:137} INFO - 🤪 [2022-12-05T10:57:34.389+0000] {dagbag.py:537} INFO - 🤪 Filling up the DagBag from /airflow/dags/update_dwh_daily.py
[2022-12-05T10:57:34.413+0000] {processor.py:766} INFO - 🤪 DAG(s) dict_keys(['update_dwh_daily']) retrieved from /airflow/dags/update_dwh_daily.py
[2022-12-05T10:57:34.441+0000] {logging_mixin.py:137} INFO - 🤪 [2022-12-05T10:57:34.441+0000] {dag.py:2585} INFO - 🤪 Sync 1 DAGs
[2022-12-05T10:57:34.465+0000] {logging_mixin.py:137} INFO - 🤪 [2022-12-05T10:57:34.465+0000] {dag.py:3336} INFO - 🤪 Setting next_dagrun for update_dwh_daily to 2022-12-03T19:30:00+00:00, run_after=2022-12-04T19:30:00+00:00
[2022-12-05T10:57:34.487+0000] {processor.py:176} INFO - 🤪 Processing /airflow/dags/update_dwh_daily.py took 0.107 seconds
[2022-12-05T10:58:04.805+0000] {processor.py:154} INFO - 🤪 Started process (PID=409) to work on /airflow/dags/update_dwh_daily.py
[2022-12-05T10:58:04.807+0000] {processor.py:756} INFO - 🤪 Processing file /airflow/dags/update_dwh_daily.py for tasks to queue
[2022-12-05T10:58:04.809+0000] {logging_mixin.py:137} INFO - 🤪 [2022-12-05T10:58:04.808+0000] {dagbag.py:537} INFO - 🤪 Filling up the DagBag from /airflow/dags/update_dwh_daily.py
[2022-12-05T10:58:04.833+0000] {processor.py:766} INFO - 🤪 DAG(s) dict_keys(['update_dwh_daily']) retrieved from /airflow/dags/update_dwh_daily.py
[2022-12-05T10:58:04.860+0000] {logging_mixin.py:137} INFO - 🤪 [2022-12-05T10:58:04.859+0000] {dag.py:2585} INFO - 🤪 Sync 1 DAGs
[2022-12-05T10:58:04.884+0000] {logging_mixin.py:137} INFO - 🤪 [2022-12-05T10:58:04.884+0000] {dag.py:3336} INFO - 🤪 Setting next_dagrun for update_dwh_daily to 2022-12-03T19:30:00+00:00, run_after=2022-12-04T19:30:00+00:00
[2022-12-05T10:58:04.912+0000] {processor.py:176} INFO - 🤪 Processing /airflow/dags/update_dwh_daily.py took 0.111 seconds
[2022-12-05T10:58:35.348+0000] {processor.py:154} INFO - 🤪 Started process (PID=412) to work on /airflow/dags/update_dwh_daily.py
[2022-12-05T10:58:35.350+0000] {processor.py:756} INFO - 🤪 Processing file /airflow/dags/update_dwh_daily.py for tasks to queue
[2022-12-05T10:58:35.351+0000] {logging_mixin.py:137} INFO - 🤪 [2022-12-05T10:58:35.351+0000] {dagbag.py:537} INFO - 🤪 Filling up the DagBag from /airflow/dags/update_dwh_daily.py
[2022-12-05T10:58:35.375+0000] {processor.py:766} INFO - 🤪 DAG(s) dict_keys(['update_dwh_daily']) retrieved from /airflow/dags/update_dwh_daily.py
[2022-12-05T10:58:35.402+0000] {logging_mixin.py:137} INFO - 🤪 [2022-12-05T10:58:35.402+0000] {dag.py:2585} INFO - 🤪 Sync 1 DAGs
[2022-12-05T10:58:35.431+0000] {logging_mixin.py:137} INFO - 🤪 [2022-12-05T10:58:35.430+0000] {dag.py:3336} INFO - 🤪 Setting next_dagrun for update_dwh_daily to 2022-12-03T19:30:00+00:00, run_after=2022-12-04T19:30:00+00:00
[2022-12-05T10:58:35.460+0000] {processor.py:176} INFO - 🤪 Processing /airflow/dags/update_dwh_daily.py took 0.117 seconds
[2022-12-05T10:59:05.773+0000] {processor.py:154} INFO - 🤪 Started process (PID=415) to work on /airflow/dags/update_dwh_daily.py
[2022-12-05T10:59:05.775+0000] {processor.py:756} INFO - 🤪 Processing file /airflow/dags/update_dwh_daily.py for tasks to queue
[2022-12-05T10:59:05.777+0000] {logging_mixin.py:137} INFO - 🤪 [2022-12-05T10:59:05.777+0000] {dagbag.py:537} INFO - 🤪 Filling up the DagBag from /airflow/dags/update_dwh_daily.py
[2022-12-05T10:59:05.802+0000] {processor.py:766} INFO - 🤪 DAG(s) dict_keys(['update_dwh_daily']) retrieved from /airflow/dags/update_dwh_daily.py
[2022-12-05T10:59:05.829+0000] {logging_mixin.py:137} INFO - 🤪 [2022-12-05T10:59:05.829+0000] {dag.py:2585} INFO - 🤪 Sync 1 DAGs
[2022-12-05T10:59:05.859+0000] {logging_mixin.py:137} INFO - 🤪 [2022-12-05T10:59:05.859+0000] {dag.py:3336} INFO - 🤪 Setting next_dagrun for update_dwh_daily to 2022-12-03T19:30:00+00:00, run_after=2022-12-04T19:30:00+00:00
[2022-12-05T10:59:05.879+0000] {processor.py:176} INFO - 🤪 Processing /airflow/dags/update_dwh_daily.py took 0.110 seconds
[2022-12-05T10:59:36.315+0000] {processor.py:154} INFO - 🤪 Started process (PID=418) to work on /airflow/dags/update_dwh_daily.py
[2022-12-05T10:59:36.319+0000] {processor.py:756} INFO - 🤪 Processing file /airflow/dags/update_dwh_daily.py for tasks to queue
[2022-12-05T10:59:36.321+0000] {logging_mixin.py:137} INFO - 🤪 [2022-12-05T10:59:36.321+0000] {dagbag.py:537} INFO - 🤪 Filling up the DagBag from /airflow/dags/update_dwh_daily.py
[2022-12-05T10:59:36.346+0000] {processor.py:766} INFO - 🤪 DAG(s) dict_keys(['update_dwh_daily']) retrieved from /airflow/dags/update_dwh_daily.py
[2022-12-05T10:59:36.373+0000] {logging_mixin.py:137} INFO - 🤪 [2022-12-05T10:59:36.373+0000] {dag.py:2585} INFO - 🤪 Sync 1 DAGs
[2022-12-05T10:59:36.397+0000] {logging_mixin.py:137} INFO - 🤪 [2022-12-05T10:59:36.397+0000] {dag.py:3336} INFO - 🤪 Setting next_dagrun for update_dwh_daily to 2022-12-03T19:30:00+00:00, run_after=2022-12-04T19:30:00+00:00
[2022-12-05T10:59:36.418+0000] {processor.py:176} INFO - 🤪 Processing /airflow/dags/update_dwh_daily.py took 0.106 seconds
[2022-12-05T11:00:07.136+0000] {processor.py:154} INFO - 🤪 Started process (PID=421) to work on /airflow/dags/update_dwh_daily.py
[2022-12-05T11:00:07.144+0000] {processor.py:756} INFO - 🤪 Processing file /airflow/dags/update_dwh_daily.py for tasks to queue
[2022-12-05T11:00:07.145+0000] {logging_mixin.py:137} INFO - 🤪 [2022-12-05T11:00:07.145+0000] {dagbag.py:537} INFO - 🤪 Filling up the DagBag from /airflow/dags/update_dwh_daily.py
[2022-12-05T11:00:07.171+0000] {processor.py:766} INFO - 🤪 DAG(s) dict_keys(['update_dwh_daily']) retrieved from /airflow/dags/update_dwh_daily.py
[2022-12-05T11:00:07.201+0000] {logging_mixin.py:137} INFO - 🤪 [2022-12-05T11:00:07.201+0000] {dag.py:2585} INFO - 🤪 Sync 1 DAGs
[2022-12-05T11:00:07.227+0000] {logging_mixin.py:137} INFO - 🤪 [2022-12-05T11:00:07.226+0000] {dag.py:3336} INFO - 🤪 Setting next_dagrun for update_dwh_daily to 2022-12-03T19:30:00+00:00, run_after=2022-12-04T19:30:00+00:00
[2022-12-05T11:00:07.249+0000] {processor.py:176} INFO - 🤪 Processing /airflow/dags/update_dwh_daily.py took 0.118 seconds
[2022-12-05T11:00:43.315+0000] {processor.py:154} INFO - 🤪 Started process (PID=424) to work on /airflow/dags/update_dwh_daily.py
[2022-12-05T11:00:43.317+0000] {processor.py:756} INFO - 🤪 Processing file /airflow/dags/update_dwh_daily.py for tasks to queue
[2022-12-05T11:00:43.318+0000] {logging_mixin.py:137} INFO - 🤪 [2022-12-05T11:00:43.318+0000] {dagbag.py:537} INFO - 🤪 Filling up the DagBag from /airflow/dags/update_dwh_daily.py
[2022-12-05T11:00:43.344+0000] {processor.py:766} INFO - 🤪 DAG(s) dict_keys(['update_dwh_daily']) retrieved from /airflow/dags/update_dwh_daily.py
[2022-12-05T11:00:43.370+0000] {logging_mixin.py:137} INFO - 🤪 [2022-12-05T11:00:43.370+0000] {dag.py:2585} INFO - 🤪 Sync 1 DAGs
[2022-12-05T11:00:43.396+0000] {logging_mixin.py:137} INFO - 🤪 [2022-12-05T11:00:43.396+0000] {dag.py:3336} INFO - 🤪 Setting next_dagrun for update_dwh_daily to 2022-12-03T19:30:00+00:00, run_after=2022-12-04T19:30:00+00:00
[2022-12-05T11:00:43.422+0000] {processor.py:176} INFO - 🤪 Processing /airflow/dags/update_dwh_daily.py took 0.112 seconds
[2022-12-05T11:01:17.272+0000] {processor.py:154} INFO - 🤪 Started process (PID=427) to work on /airflow/dags/update_dwh_daily.py
[2022-12-05T11:01:17.274+0000] {processor.py:756} INFO - 🤪 Processing file /airflow/dags/update_dwh_daily.py for tasks to queue
[2022-12-05T11:01:17.275+0000] {logging_mixin.py:137} INFO - 🤪 [2022-12-05T11:01:17.275+0000] {dagbag.py:537} INFO - 🤪 Filling up the DagBag from /airflow/dags/update_dwh_daily.py
[2022-12-05T11:01:17.299+0000] {processor.py:766} INFO - 🤪 DAG(s) dict_keys(['update_dwh_daily']) retrieved from /airflow/dags/update_dwh_daily.py
[2022-12-05T11:01:17.327+0000] {logging_mixin.py:137} INFO - 🤪 [2022-12-05T11:01:17.327+0000] {dag.py:2585} INFO - 🤪 Sync 1 DAGs
[2022-12-05T11:01:17.351+0000] {logging_mixin.py:137} INFO - 🤪 [2022-12-05T11:01:17.351+0000] {dag.py:3336} INFO - 🤪 Setting next_dagrun for update_dwh_daily to 2022-12-03T19:30:00+00:00, run_after=2022-12-04T19:30:00+00:00
[2022-12-05T11:01:17.378+0000] {processor.py:176} INFO - 🤪 Processing /airflow/dags/update_dwh_daily.py took 0.110 seconds
[2022-12-05T11:01:48.439+0000] {processor.py:154} INFO - 🤪 Started process (PID=430) to work on /airflow/dags/update_dwh_daily.py
[2022-12-05T11:01:48.441+0000] {processor.py:756} INFO - 🤪 Processing file /airflow/dags/update_dwh_daily.py for tasks to queue
[2022-12-05T11:01:48.443+0000] {logging_mixin.py:137} INFO - 🤪 [2022-12-05T11:01:48.442+0000] {dagbag.py:537} INFO - 🤪 Filling up the DagBag from /airflow/dags/update_dwh_daily.py
[2022-12-05T11:01:48.466+0000] {processor.py:766} INFO - 🤪 DAG(s) dict_keys(['update_dwh_daily']) retrieved from /airflow/dags/update_dwh_daily.py
[2022-12-05T11:01:48.493+0000] {logging_mixin.py:137} INFO - 🤪 [2022-12-05T11:01:48.493+0000] {dag.py:2585} INFO - 🤪 Sync 1 DAGs
[2022-12-05T11:01:48.517+0000] {logging_mixin.py:137} INFO - 🤪 [2022-12-05T11:01:48.517+0000] {dag.py:3336} INFO - 🤪 Setting next_dagrun for update_dwh_daily to 2022-12-03T19:30:00+00:00, run_after=2022-12-04T19:30:00+00:00
[2022-12-05T11:01:48.543+0000] {processor.py:176} INFO - 🤪 Processing /airflow/dags/update_dwh_daily.py took 0.108 seconds
[2022-12-05T11:02:46.784+0000] {processor.py:154} INFO - 🤪 Started process (PID=433) to work on /airflow/dags/update_dwh_daily.py
[2022-12-05T11:02:46.786+0000] {processor.py:756} INFO - 🤪 Processing file /airflow/dags/update_dwh_daily.py for tasks to queue
[2022-12-05T11:02:46.788+0000] {logging_mixin.py:137} INFO - 🤪 [2022-12-05T11:02:46.788+0000] {dagbag.py:537} INFO - 🤪 Filling up the DagBag from /airflow/dags/update_dwh_daily.py
[2022-12-05T11:02:46.810+0000] {processor.py:766} INFO - 🤪 DAG(s) dict_keys(['update_dwh_daily']) retrieved from /airflow/dags/update_dwh_daily.py
[2022-12-05T11:02:46.839+0000] {logging_mixin.py:137} INFO - 🤪 [2022-12-05T11:02:46.838+0000] {dag.py:2585} INFO - 🤪 Sync 1 DAGs
[2022-12-05T11:02:46.864+0000] {logging_mixin.py:137} INFO - 🤪 [2022-12-05T11:02:46.863+0000] {dag.py:3336} INFO - 🤪 Setting next_dagrun for update_dwh_daily to 2022-12-03T19:30:00+00:00, run_after=2022-12-04T19:30:00+00:00
[2022-12-05T11:02:46.886+0000] {processor.py:176} INFO - 🤪 Processing /airflow/dags/update_dwh_daily.py took 0.106 seconds
