[2022-11-30T03:56:37.378+0000] {taskinstance.py:1165} INFO - 🤪 Dependencies all met for <TaskInstance: get_raw_data_from_sources.get_raw_data_from_postgres_sources scheduled__2022-11-28T19:00:00+00:00 [queued]>
[2022-11-30T03:56:37.387+0000] {taskinstance.py:1165} INFO - 🤪 Dependencies all met for <TaskInstance: get_raw_data_from_sources.get_raw_data_from_postgres_sources scheduled__2022-11-28T19:00:00+00:00 [queued]>
[2022-11-30T03:56:37.388+0000] {taskinstance.py:1362} INFO - 🤪 
--------------------------------------------------------------------------------
[2022-11-30T03:56:37.389+0000] {taskinstance.py:1363} INFO - 🤪 Starting attempt 4 of 4
[2022-11-30T03:56:37.389+0000] {taskinstance.py:1364} INFO - 🤪 
--------------------------------------------------------------------------------
[2022-11-30T03:56:37.406+0000] {taskinstance.py:1383} INFO - 🤪 Executing <Task(PythonOperator): get_raw_data_from_postgres_sources> on 2022-11-28 19:00:00+00:00
[2022-11-30T03:56:37.410+0000] {standard_task_runner.py:55} INFO - 🤪 Started process 137 to run task
[2022-11-30T03:56:37.421+0000] {standard_task_runner.py:82} INFO - 🤪 Running: ['airflow', 'tasks', 'run', 'get_raw_data_from_sources', 'get_raw_data_from_postgres_sources', 'scheduled__2022-11-28T19:00:00+00:00', '--job-id', '8', '--raw', '--subdir', 'DAGS_FOLDER/get_data_from_sources.py', '--cfg-path', '/tmp/tmpaowtwcg2']
[2022-11-30T03:56:37.424+0000] {standard_task_runner.py:83} INFO - 🤪 Job 8: Subtask get_raw_data_from_postgres_sources
[2022-11-30T03:56:37.523+0000] {task_command.py:376} INFO - 🤪 Running <TaskInstance: get_raw_data_from_sources.get_raw_data_from_postgres_sources scheduled__2022-11-28T19:00:00+00:00 [running]> on host 298e6b8d1257
[2022-11-30T03:56:37.590+0000] {taskinstance.py:1590} INFO - 🤪 Exporting the following env vars:
AIRFLOW_CTX_DAG_EMAIL=gp.data@galaxy.com.vn
AIRFLOW_CTX_DAG_OWNER=data_team
AIRFLOW_CTX_DAG_ID=get_raw_data_from_sources
AIRFLOW_CTX_TASK_ID=get_raw_data_from_postgres_sources
AIRFLOW_CTX_EXECUTION_DATE=2022-11-28T19:00:00+00:00
AIRFLOW_CTX_TRY_NUMBER=4
AIRFLOW_CTX_DAG_RUN_ID=scheduled__2022-11-28T19:00:00+00:00
[2022-11-30T03:56:37.594+0000] {taskinstance.py:1851} ERROR - 🤪 Task failed with exception
Traceback (most recent call last):
  File "/opt/bitnami/python/lib/python3.8/site-packages/airflow/operators/python.py", line 175, in execute
    return_value = self.execute_callable()
  File "/opt/bitnami/python/lib/python3.8/site-packages/airflow/operators/python.py", line 193, in execute_callable
    return self.python_callable(*self.op_args, **self.op_kwargs)
  File "/airflow/dags/controller/get_raw_data_from_postgres_source.py", line 8, in get_raw_data_from_postgres_source
    conn = psycopg2.connect(
  File "/opt/bitnami/python/lib/python3.8/site-packages/psycopg2/__init__.py", line 122, in connect
    conn = _connect(dsn, connection_factory=connection_factory, **kwasync)
psycopg2.OperationalError: connection to server at "localhost" (127.0.0.1), port 5433 failed: Connection refused
	Is the server running on that host and accepting TCP/IP connections?
connection to server at "localhost" (::1), port 5433 failed: Cannot assign requested address
	Is the server running on that host and accepting TCP/IP connections?

[2022-11-30T03:56:37.601+0000] {taskinstance.py:1401} INFO - 🤪 Marking task as FAILED. dag_id=get_raw_data_from_sources, task_id=get_raw_data_from_postgres_sources, execution_date=20221128T190000, start_date=20221130T035637, end_date=20221130T035637
[2022-11-30T03:56:37.612+0000] {standard_task_runner.py:100} ERROR - 🤪 Failed to execute job 8 for task get_raw_data_from_postgres_sources (connection to server at "localhost" (127.0.0.1), port 5433 failed: Connection refused
	Is the server running on that host and accepting TCP/IP connections?
connection to server at "localhost" (::1), port 5433 failed: Cannot assign requested address
	Is the server running on that host and accepting TCP/IP connections?
; 137)
[2022-11-30T03:56:37.634+0000] {local_task_job.py:159} INFO - 🤪 Task exited with return code 1
[2022-11-30T03:56:37.651+0000] {taskinstance.py:2623} INFO - 🤪 0 downstream tasks scheduled from follow-on schedule check
