[2022-12-07T16:09:25.708+0000] {taskinstance.py:1165} INFO - 🤪 Dependencies all met for <TaskInstance: get_raw_data_from_sources.get_raw_data_from_mysql_sources scheduled__2022-12-05T19:00:00+00:00 [queued]>
[2022-12-07T16:09:25.718+0000] {taskinstance.py:1165} INFO - 🤪 Dependencies all met for <TaskInstance: get_raw_data_from_sources.get_raw_data_from_mysql_sources scheduled__2022-12-05T19:00:00+00:00 [queued]>
[2022-12-07T16:09:25.720+0000] {taskinstance.py:1362} INFO - 🤪 
--------------------------------------------------------------------------------
[2022-12-07T16:09:25.721+0000] {taskinstance.py:1363} INFO - 🤪 Starting attempt 2 of 4
[2022-12-07T16:09:25.722+0000] {taskinstance.py:1364} INFO - 🤪 
--------------------------------------------------------------------------------
[2022-12-07T16:09:25.758+0000] {taskinstance.py:1383} INFO - 🤪 Executing <Task(PythonOperator): get_raw_data_from_mysql_sources> on 2022-12-05 19:00:00+00:00
[2022-12-07T16:09:25.765+0000] {standard_task_runner.py:55} INFO - 🤪 Started process 105 to run task
[2022-12-07T16:09:25.772+0000] {standard_task_runner.py:82} INFO - 🤪 Running: ['airflow', 'tasks', 'run', 'get_raw_data_from_sources', 'get_raw_data_from_mysql_sources', 'scheduled__2022-12-05T19:00:00+00:00', '--job-id', '5', '--raw', '--subdir', 'DAGS_FOLDER/ingest_dwh_daily.py', '--cfg-path', '/tmp/tmp6a3xeq2c']
[2022-12-07T16:09:25.776+0000] {standard_task_runner.py:83} INFO - 🤪 Job 5: Subtask get_raw_data_from_mysql_sources
[2022-12-07T16:09:25.882+0000] {task_command.py:376} INFO - 🤪 Running <TaskInstance: get_raw_data_from_sources.get_raw_data_from_mysql_sources scheduled__2022-12-05T19:00:00+00:00 [running]> on host db3df0a6f633
[2022-12-07T16:09:25.977+0000] {taskinstance.py:1590} INFO - 🤪 Exporting the following env vars:
AIRFLOW_CTX_DAG_EMAIL=gp.data@galaxy.com.vn
AIRFLOW_CTX_DAG_OWNER=data_team
AIRFLOW_CTX_DAG_ID=get_raw_data_from_sources
AIRFLOW_CTX_TASK_ID=get_raw_data_from_mysql_sources
AIRFLOW_CTX_EXECUTION_DATE=2022-12-05T19:00:00+00:00
AIRFLOW_CTX_TRY_NUMBER=2
AIRFLOW_CTX_DAG_RUN_ID=scheduled__2022-12-05T19:00:00+00:00
[2022-12-07T16:09:25.983+0000] {taskinstance.py:1851} ERROR - 🤪 Task failed with exception
Traceback (most recent call last):
  File "/opt/bitnami/python/lib/python3.8/site-packages/airflow/operators/python.py", line 175, in execute
    return_value = self.execute_callable()
  File "/opt/bitnami/python/lib/python3.8/site-packages/airflow/operators/python.py", line 193, in execute_callable
    return self.python_callable(*self.op_args, **self.op_kwargs)
  File "/airflow/dags/processing/ingest_mysql_source.py", line 16, in ingest_mysql_source
    for index, table in enumerate(MysqlStatements.list_tables):
AttributeError: type object 'MysqlStatements' has no attribute 'list_tables'
[2022-12-07T16:09:25.995+0000] {taskinstance.py:1401} INFO - 🤪 Marking task as UP_FOR_RETRY. dag_id=get_raw_data_from_sources, task_id=get_raw_data_from_mysql_sources, execution_date=20221205T190000, start_date=20221207T160925, end_date=20221207T160925
[2022-12-07T16:09:26.011+0000] {standard_task_runner.py:100} ERROR - 🤪 Failed to execute job 5 for task get_raw_data_from_mysql_sources (type object 'MysqlStatements' has no attribute 'list_tables'; 105)
[2022-12-07T16:09:26.051+0000] {local_task_job.py:159} INFO - 🤪 Task exited with return code 1
[2022-12-07T16:09:26.081+0000] {taskinstance.py:2623} INFO - 🤪 0 downstream tasks scheduled from follow-on schedule check
