[2022-12-08T08:18:36.953+0000] {taskinstance.py:1165} INFO - 🤪 Dependencies all met for <TaskInstance: get_raw_data_from_sources.get_raw_data_from_mysql_sources manual__2022-12-08T04:31:43.436571+00:00 [queued]>
[2022-12-08T08:18:36.961+0000] {taskinstance.py:1165} INFO - 🤪 Dependencies all met for <TaskInstance: get_raw_data_from_sources.get_raw_data_from_mysql_sources manual__2022-12-08T04:31:43.436571+00:00 [queued]>
[2022-12-08T08:18:36.962+0000] {taskinstance.py:1362} INFO - 🤪 
--------------------------------------------------------------------------------
[2022-12-08T08:18:36.963+0000] {taskinstance.py:1363} INFO - 🤪 Starting attempt 3 of 6
[2022-12-08T08:18:36.964+0000] {taskinstance.py:1364} INFO - 🤪 
--------------------------------------------------------------------------------
[2022-12-08T08:18:36.978+0000] {taskinstance.py:1383} INFO - 🤪 Executing <Task(PythonOperator): get_raw_data_from_mysql_sources> on 2022-12-08 04:31:43.436571+00:00
[2022-12-08T08:18:36.982+0000] {standard_task_runner.py:55} INFO - 🤪 Started process 1634 to run task
[2022-12-08T08:18:36.986+0000] {standard_task_runner.py:82} INFO - 🤪 Running: ['airflow', 'tasks', 'run', 'get_raw_data_from_sources', 'get_raw_data_from_mysql_sources', 'manual__2022-12-08T04:31:43.436571+00:00', '--job-id', '20', '--raw', '--subdir', 'DAGS_FOLDER/ingest_dwh_daily.py', '--cfg-path', '/tmp/tmpdr_gyks6']
[2022-12-08T08:18:36.988+0000] {standard_task_runner.py:83} INFO - 🤪 Job 20: Subtask get_raw_data_from_mysql_sources
[2022-12-08T08:18:37.037+0000] {task_command.py:376} INFO - 🤪 Running <TaskInstance: get_raw_data_from_sources.get_raw_data_from_mysql_sources manual__2022-12-08T04:31:43.436571+00:00 [running]> on host a249d6482057
[2022-12-08T08:18:37.093+0000] {taskinstance.py:1590} INFO - 🤪 Exporting the following env vars:
AIRFLOW_CTX_DAG_EMAIL=gp.data@galaxy.com.vn
AIRFLOW_CTX_DAG_OWNER=data_team
AIRFLOW_CTX_DAG_ID=get_raw_data_from_sources
AIRFLOW_CTX_TASK_ID=get_raw_data_from_mysql_sources
AIRFLOW_CTX_EXECUTION_DATE=2022-12-08T04:31:43.436571+00:00
AIRFLOW_CTX_TRY_NUMBER=3
AIRFLOW_CTX_DAG_RUN_ID=manual__2022-12-08T04:31:43.436571+00:00
[2022-12-08T08:18:37.099+0000] {logging_mixin.py:137} INFO - 🤪 Start getting data from source Mysql - Table: users
[2022-12-08T08:18:37.107+0000] {logging_mixin.py:137} INFO - 🤪 Found 100 records need to be inserted
[2022-12-08T08:18:37.108+0000] {logging_mixin.py:137} INFO - 🤪 Start ingesting data from source Mysql to DW - Table: users
[2022-12-08T08:18:37.121+0000] {logging_mixin.py:137} INFO - 🤪 the dataframe is inserted
[2022-12-08T08:18:37.122+0000] {logging_mixin.py:137} INFO - 🤪 Finished ingesting data from source to DW - Table: users
[2022-12-08T08:18:37.123+0000] {logging_mixin.py:137} INFO - 🤪 Start getting data from source Mysql - Table: orders
[2022-12-08T08:18:37.127+0000] {logging_mixin.py:137} INFO - 🤪 Found 100 records need to be inserted
[2022-12-08T08:18:37.128+0000] {logging_mixin.py:137} INFO - 🤪 Start ingesting data from source Mysql to DW - Table: orders
[2022-12-08T08:18:37.137+0000] {logging_mixin.py:137} INFO - 🤪 the dataframe is inserted
[2022-12-08T08:18:37.139+0000] {logging_mixin.py:137} INFO - 🤪 Finished ingesting data from source to DW - Table: orders
[2022-12-08T08:18:37.140+0000] {logging_mixin.py:137} INFO - 🤪 Start getting data from source Mysql - Table: transactions
[2022-12-08T08:18:37.145+0000] {logging_mixin.py:137} INFO - 🤪 Found 100 records need to be inserted
[2022-12-08T08:18:37.146+0000] {logging_mixin.py:137} INFO - 🤪 Start ingesting data from source Mysql to DW - Table: transactions
[2022-12-08T08:18:37.161+0000] {logging_mixin.py:137} INFO - 🤪 the dataframe is inserted
[2022-12-08T08:18:37.163+0000] {logging_mixin.py:137} INFO - 🤪 Finished ingesting data from source to DW - Table: transactions
[2022-12-08T08:18:37.164+0000] {logging_mixin.py:137} INFO - 🤪 Start getting data from source Mysql - Table: menus
[2022-12-08T08:18:37.171+0000] {logging_mixin.py:137} INFO - 🤪 Found 100 records need to be inserted
[2022-12-08T08:18:37.173+0000] {logging_mixin.py:137} INFO - 🤪 Start ingesting data from source Mysql to DW - Table: menus
[2022-12-08T08:18:37.185+0000] {logging_mixin.py:137} INFO - 🤪 Error: duplicate key value violates unique constraint "menus_pkey"
DETAIL:  Key (item_id)=(1) already exists.
[2022-12-08T08:18:37.187+0000] {logging_mixin.py:137} INFO - 🤪 Finished ingesting data from source to DW - Table: menus
[2022-12-08T08:18:37.189+0000] {python.py:177} INFO - 🤪 Done. Returned value was: None
[2022-12-08T08:18:37.202+0000] {taskinstance.py:1401} INFO - 🤪 Marking task as SUCCESS. dag_id=get_raw_data_from_sources, task_id=get_raw_data_from_mysql_sources, execution_date=20221208T043143, start_date=20221208T081836, end_date=20221208T081837
[2022-12-08T08:18:37.241+0000] {local_task_job.py:159} INFO - 🤪 Task exited with return code 0
[2022-12-08T08:18:37.258+0000] {taskinstance.py:2623} INFO - 🤪 0 downstream tasks scheduled from follow-on schedule check
